150
186
179
127
154
366
135
117
127
145
309
214
105
114
126
150
397
326
112
119
207
203
344
142
119
145
463
237
427
424
310
420
211
621
206
1210
1131
175
207
315
787
157
194
787
935
213
267
276
139
146
385
284
653
392
218
297
283
291
263
153
146
935
175
183
394
384
364
148
168
380
204
131
155
163
246
400
258
273
142
262
193
407
216
151
263
259
437
310
368
252
370
203
189
448
240
238
295
289
935
233
242
256
680
800
987
462
308
251
393
264
285
202
211
218
239
251
262
346
219
234
181
411
577
242
212
675
709
624
734
246
341
411
438
703
527
595
270
302
787
786
784
442
364
353
508
271
229
521
791
835
244
447
455
851
199
207
538
334
279
216
225
166
176
187
252
142
302
344
175
367
618
172
619
611
593
851
884
188
171
201
664
632
615
710
637
652
394
235
215
543
743
180
125
149
174
183
280
305
498
625
362
287
133
142
177
185
221
164
511
153
153
230
249
252
203
418
420
193
204
159
174
192
279
486
379
401
150
168
177
189
202
211
218
226
282
278
107
386
120
130
534
145
155
165
351
453
415
324
231
273
378
167
147
155
348
292
304
245
398
214
927
246
147
160
199
148
130
125
234
218
218
284
294
116
296
235
208
198
308
273
188
177
255
356
334
286
272
349
329
418
415
226
290
1278
169
211
169
177
184
198
197
350
411
362
309
421
957
221
233
233
1429
228
169
187
206
243
165
164
177
191
986
1522
161
211
197
184
216
235
159
215
228
164
174
184
192
225
238
142
144
404
404
268
491
190
474
218
452
374
150
274
267
278
1245
265
283
247
1290
151
161
191
205
214
200
291
157
152
141
217
609
212
159
185
1210
1177
1381
1492
252
443
294
655
687
503
717
494
239
273
486
497
296
1047
1043
1590
268
1219
1549
446
528
536
794
823
819
1135
297
288
384
573
375
532
397
721
732
354
327
440
406
406
694
221
268
277
284
302
315
359
576
344
298
229
226
302
727
444
443
613
612
612
701
295
222
183
209
216
405
523
314
338
338
424
165
181
208
227
258
469
407
489
349
663
740
733
415
446
505
644
250
264
215
224
692
390
607
220
232
385
600
309
266
285
255
244
251
260
271
883
261
391
566
814
586
644
819
243
254
264
272
279
341
925
258
266
275
288
607
599
368
377
867
961
240
280
275
236
245
344
748
179
357
609
244
605
298
789
573
587
810
293
301
311
367
564
273
251
288
297
928
556
565
339
368
266
232
248
300
414
926
184
382
262
157
330
337
148
166
176
151
572
568
494
190
588
608
214
617
637
292
274
772
516
576
1065
236
245
570
535
183
196
212
222
239
248
317
500
335
1140
650
646
181
206
288
703
617
352
378
953
599
215
194
219
360
397
283
209
347
400
390
246
1186
314
777
721
274
281
1236
1323
1305
1104
559
1183
346
325
335
347
357
367
1161
609
988
304
277
1403
297
316
594
334
346
368
827
580
253
261
298
309
317
329
338
363
257
334
480
490
484
460
484
422
178
201
202
228
475
312
392
411
272
270
418
363
993
625
1007
953
642
510
659
380
376
666
296
311
322
334
359
480
491
492
554
985
221
213
279
376
395
403
321
329
365
874
1027
434
644
351
163
377
391
226
247
417
403
435
622
375
182
194
201
197
213
220
232
381
380
393
432
450
871
780
202
211
218
231
244
553
588
813
764
882
288
209
566
310
279
706
219
788
525
594
529
332
430
235
278
350
366
284
218
322
302
264
271
282
365
332
341
573
357
355
260
245
352
629
645
250
225
232
240
632
576
206
299
212
220
375
367
618
148
144
202
199
218
237
245
267
286
148
234
301
440
427
319
230
200
193
227
217
180
98
143
184
327
216
491
208
230
229
227
199
249
325
326
157
165
206
489
485
500
519
545
313
490
547
247
288
315
385
499
199
209
638
411
454
526
421
416
426
351
573
523
218
196
196
196
199
231
247
255
283
292
341
338
340
326
271
266
243
345
214
243
242
259
259
243
194
690
276
268
208
474
210
230
275
232
279
272
272
316
259
348
316
251
540
554
631
631
581
226
223
250
197
334
203
228
663
707
446
643
585
386
464
221
135
143
149
198
210
222
222
219
246
245
276
165
245
172
419
401
430
422
451
185
891
213
199
208
875
825
548
546
517
259
564
979
309
712
519
268
259
254
201
304
739
750
310
525
617
283
577
288
276
233
323
298
535
166
173
202
230
141
107
308
308
265
295
327
165
158
182
172
165
358
144
432
355
354
385
254
285
203
451
717
445
437
223
211
1122
380
179
189
196
209
229
218
272
205
201
172
205
165
172
244
252
164
182
259
120
127
136
155
163
178
190
209
298
132
318
408
207
230
302
400
401
316
599
296
688
316
234
289
298
363
748
746
760
470
570
610
347
347
296
321
218
226
258
523
671
282
401
1591
288
463
467
467
280
563
283
1677
579
1363
1706
1448
1409
305
370
521
828
1535
1711
752
801
782
709
849
845
853
382
417
359
374
387
282
352
349
348
338
345
399
1544
241
425
665
746
688
713
704
398
1650
1207
1921
780
495
1333
283
299
355
492
500
821
247
228
245
225
249
253
476
768
278
293
313
274
427
683
854
901
1569
218
228
236
245
415
429
661
434
238
230
216
235
422
446
769
1289
453
572
391
382
451
1871
1248
450
882
845
266
273
342
1502
382
435
524
335
724
743
662
762
279
294
308
323
330
342
246
309
317
326
364
390
620
752
610
650
635
324
332
344
352
418
1676
776
742
438
479
272
272
334
342
394
679
1019
688
413
498
309
290
299
312
461
254
672
754
461
355
466
360
255
426
252
264
273
432
356
437
200
199
238
254
263
310
178
196
597
428
717
247
142
173
183
243
212
236
490
347
281
359
182
650
520
642
277
426
538
613
572
601
627
726
1269
810
273
271
689
371
568
509
808
376
287
303
327
335
780
612
693
689
706
644
653
318
325
332
350
360
367
390
398
425
459
1474
732
466
1356
351
419
335
343
357
369
513
643
526
506
1638
312
365
439
467
1653
386
387
383
393
403
813
839
776
938
820
1311
823
368
376
387
398
497
867
329
401
618
617
533
873
1686
504
476
394
387
356
355
355
542
848
660
851
1003
965
566
501
435
445
985
1025
1027
638
913
544
672
673
931
1197
1193
1149
442
449
456
526
339
356
363
405
445
443
443
459
472
482
357
365
505
795
784
782
789
788
709
775
698
700
701
598
705
309
309
241
249
342
513
752
544
590
467
466
566
603
215
223
300
394
969
970
971
971
978
969
1004
907
907
936
1123
879
400
436
411
418
583
293
300
308
396
488
646
832
729
669
848
517
849
541
873
786
720
902
329
355
362
399
410
270
280
293
300
307
315
330
361
369
377
370
389
401
400
305
312
327
780
398
431
1095
517
516
367
738
1024
428
360
338
352
350
293
367
848
356
338
352
329
354
539
557
565
548
581
368
344
277
268
268
291
286
304
315
322
400
435
469
675
647
855
641
364
315
324
319
345
456
1137
653
256
258
765
1056
506
274
319
244
254
263
281
278
828
829
307
471
462
476
475
476
227
239
273
293
327
336
361
748
756
401
262
434
681
674
690
540
549
558
565
727
450
257
293
300
309
406
495
451
1044
860
793
394
292
310
381
1046
1119
368
280
289
323
335
716
1038
683
710
747
240
272
271
377
1014
756
495
830
793
765
794
495
809
823
467
257
460
253
474
246
208
360
483
354
407
391
848
379
351
382
843
879
232
242
458
323
209
749
491
226
769
399
374
796
363
786
830
533
878
258
276
688
378
345
491
605
859
602
404
607
285
295
350
376
887
738
328
324
324
336
357
1216
1017
966
950
485
995
429
1136
645
318
389
362
362
361
397
428
394
453
484
1069
872
770
861
1166
1153
1160
1140
799
762
1020
1200
653
279
612
247
274
308
1120
329
337
374
386
392
402
415
423
431
440
457
466
477
486
857
517
1030
984
864
1039
929
864
1051
626
954
954
383
582
592
760
224
233
244
252
260
288
272
283
375
460
317
408
422
445
441
440
453
474
476
487
787
767
233
267
221
233
246
263
275
306
320
335
425
412
412
431
614
512
510
391
391
390
386
385
410
444
271
288
296
900
921
839
717
716
584
633
421
360
404
347
349
303
323
339
335
351
359
374
466
893
965
1194
463
497
366
367
483
548
1032
1042
1172
570
597
730
357
1014
368
405
1124
1014
609
802
357
364
374
387
415
1114
837
1072
460
361
332
343
349
358
350
315
315
359
497
614
521
522
564
571
632
231
366
332
351
358
304
267
294
269
588
733
502
423
424
581
480
545
540
548
560
568
584
593
288
324
338
351
395
491
518
556
386
335
351
351
525
514
454
454
443
360
398
407
435
443
450
1003
563
589
610
668
846
847
848
862
416
442
576
793
580
549
587
550
328
334
347
355
420
461
490
622
887
586
583
578
636
487
282
360
387
297
558
670
219
1191
857
616
1270
1014
1220
1026
917
274
288
298
311
319
330
339
491
479
486
442
874
355
423
913
666
1103
813
1422
922
984
501
334
386
405
421
992
989
990
1324
1429
942
990
940
612
538
596
598
626
634
433
447
463
1520
863
1430
1446
1436
1441
1113
881
1115
1578
1470
677
1089
700
1277
1225
409
416
426
448
457
564
693
665
674
524
593
1305
1314
1307
421
316
423
400
675
676
1287
928
1302
1297
369
377
398
409
522
622
928
913
498
266
320
330
349
458
1543
1416
605
1074
987
1459
1082
1072
989
1017
997
257
277
290
298
321
338
371
447
467
1138
1027
243
262
314
333
925
926
613
619
617
367
447
272
294
304
314
977
534
545
388
1663
502
352
286
231
240
303
296
271
346
319
399
755
274
1751
896
484
1010
906
905
637
363
311
1105
720
1230
725
725
1128
737
735
387
378
389
418
470
735
726
378
394
450
1530
326
334
342
393
392
409
418
467
327
348
543
520
1405
311
319
231
244
303
311
323
332
572
574
553
905
1116
1099
1106
1054
623
455
509
544
317
338
337
353
356
1970
1975
432
616
361
365
327
341
350
404
1237
1529
497
599
619
445
257
297
305
321
528
698
562
443
820
833
843
838
829
436
475
533
1950
293
258
2264
304
315
1550
724
344
302
488
600
771
464
518
920
939
637
358
367
360
495
671
818
870
437
453
329
337
353
436
338
624
1480
436
2034
349
352
1638
393
345
354
373
373
452
424
423
1572
2214
2100
1334
539
526
537
373
444
608
616
870
882
891
817
827
578
318
351
399
409
418
428
456
456
575
538
576
574
568
651
681
969
686
868
939
1012
432
451
547
642
641
773
375
388
862
934
961
546
978
325
373
407
441
449
511
546
650
1078
1816
1048
1036
889
956
999
356
383
400
408
416
441
489
1705
1942
2116
1926
878
1126
1032
1963
1905
639
407
279
320
328
335
341
356
372
472
1933
649
972
926
613
614
2145
384
412
275
361
370
691
340
418
332
348
818
511
971
816
805
580
539
344
353
361
370
391
409
410
414
409
2170
2062
1196
480
517
517
533
470
1781
1931
2106
2656
2026
951
1004
1016
354
392
462
402
409
422
432
439
464
489
497
535
1077
1059
1059
1075
844
826
903
542
596
596
920
2178
982
964
498
399
410
421
434
442
577
674
658
669
695
703
699
405
415
702
2383
1046
1143
2161
2403
611
683
448
683
1174
1137
762
938
443
451
515
890
2448
1223
2429
1113
728
984
1177
1376
2400
504
493
1072
964
583
2187
1273
407
445
460
467
477
489
506
504
540
552
586
600
701
718
711
721
635
2157
2438
2356
1853
1036
1023
696
499
514
578
601
756
602
678
677
774
696
423
429
443
470
496
506
606
1884
816
639
640
635
658
833
834
844
853
468
476
493
509
519
582
2022
2327
2011
2100
1437
631
642
651
512
520
543
1253
797
1109
1214
1085
467
567
586
629
2127
2134
2537
1836
1039
665
464
472
483
500
517
678
679
736
743
748
755
499
568
1410
1478
1122
965
1134
1006
442
475
482
492
506
746
747
588
1166
526
668
764
636
769
640
640
641
456
496
515
525
1555
744
1092
1256
1601
1239
1251
1329
377
450
458
475
485
493
523
759
1127
1087
1141
661
777
787
791
448
448
472
487
495
503
631
1184
1312
1308
1081
760
678
1178
1525
1637
1632
602
443
467
475
490
502
517
525
537
622
657
1209
1134
719
777
788
812
811
824
437
451
527
549
555
565
572
615
651
684
767
768
1175
650
1191
791
793
793
792
791
788
751
703
552
651
1239
1231
790
684
721
802
1195
1202
810
1481
1198
1184
1198
461
484
477
477
430
661
670
538
536
551
559
568
584
595
705
678
1130
725
1175
811
454
770
597
655
1247
1256
1251
1268
1342
1346
1371
1197
1206
692
841
1573
621
490
499
510
521
502
411
489
488
487
436
485
955
1073
1217
1614
1230
1623
682
694
712
737
417
474
491
527
536
544
554
649
1817
375
406
415
428
436
457
465
486
496
503
631
1212
1241
1313
1229
1236
1219
679
1224
1223
716
909
908
917
623
357
366
375
390
399
404
417
425
440
454
478
487
531
1192
1200
605
1101
1088
542
617
399
477
499
537
1735
1714
1055
1271
1259
591
713
1067
1067
1079
1746
1635
1698
1690
425
509
540
929
929
930
931
1030
1051
1033
973
973
580
580
1083
659
532
546
559
569
1281
388
394
407
416
424
432
440
447
455
463
490
522
531
264
273
288
347
356
364
379
400
412
423
448
457
508
509
520
528
538
436
512
718
724
377
715
590
570
932
1264
937
570
920
937
1228
992
1171
778
787
832
1208
1172
1443
1209
802
1210
528
524
614
849
1036
1253
1032
744
1683
1522
1216
1113
960
465
489
498
508
526
524
547
563
649
665
1884
1878
1160
962
597
611
1625
799
1085
1485
555
583
601
1086
1124
1020
1086
1105
1877
1137
2009
1107
780
782
860
866
1017
404
456
464
515
525
533
543
572
585
595
644
669
665
1042
394
416
425
444
456
454
475
482
491
557
648
741
1540
2030
1095
433
446
461
727
730
971
1014
1102
658
674
690
689
689
670
668
739
362
370
408
415
427
446
466
474
482
501
509
541
573
619
640
1818
1465
1039
994
1374
455
538
589
432
443
396
426
1541
1426
655
448
523
479
480
481
479
460
466
473
481
713
1164
911
1592
594
441
447
466
473
581
410
419
426
445
475
482
1070
926
1213
577
590
588
705
757
385
466
455
1645
349
376
398
1657
1653
407
485
563
1198
1631
1584
1844
618
1766
1321
1321
1019
388
409
551
465
1034
870
898
1034
1145
1299
765
767
464
675
574
586
685
773
1154
789
802
727
812
726
732
812
805
799
358
365
419
425
434
444
463
592
609
670
1143
772
996
995
692
1052
848
586
417
515
690
1659
1667
456
401
423
440
454
684
549
563
555
625
575
603
321
370
390
384
391
406
414
463
474
485
503
543
592
1190
1796
1766
1467
1848
1311
1195
1203
1829
396
1758
410
1411
1435
1831
1408
1445
676
684
681
669
503
522
579
258
268
606
608
1103
1055
1116
337
404
427
437
449
455
462
484
484
981
807
611
533
308
746
1206
775
1217
1228
1227
1212
1268
488
524
516
1251
797
1012
1009
605
1021
1219
1612
618
618
487
495
844
403
401
1206
976
1219
675
812
359
369
383
392
422
1693
1406
974
704
883
876
882
1390
899
1007
890
890
904
1015
598
432
439
1012
796
457
502
538
901
915
1466
814
841
1505
386
401
427
461
470
485
495
623
1759
627
638
393
404
439
441
453
464
477
486
585
683
555
644
656
379
391
400
420
450
460
492
500
519
529
556
593
610
1182
1177
999
1118
1229
1206
1201
1017
437
457
467
480
490
511
569
1012
1261
1012
1293
1025
1014
1293
1305
866
856
858
861
878
878
879
892
1773
1429
1664
1470
1350
696
543
553
561
584
604
455
513
522
542
615
612
654
780
389
432
442
458
468
479
522
595
765
1400
1194
1205
1216
1194
1212
790
1214
803
388
405
1051
726
660
728
736
509
1091
1272
1128
1122
721
1264
1275
1264
1147
611
492
488
487
510
527
549
985
955
1082
952
1247
1073
1131
1181
1352
987
1057
1115
1066
1449
1208
1160
1099
641
768
610
423
439
448
480
489
497
504
512
521
529
569
540
547
555
562
568
576
583
593
604
670
687
841
1361
1019
1558
562
473
464
472
1239
1294
556
453
452
450
442
437
405
1031
1011
1020
618
610
1056
595
602
602
619
667
672
677
346
368
387
347
379
372
366
371
412
419
548
626
519
642
644
630
1012
1087
715
1011
1751
1023
1030
447
477
484
507
683
1097
675
675
688
702
703
1834
1725
594
662
1904
1060
568
555
579
584
583
1207
1138
1573
1221
1863
1665
470
523
506
525
509
691
691
691
679
698
688
689
705
706
699
374
438
452
460
470
472
481
500
508
516
524
538
545
561
567
573
580
587
594
618
786
1306
779
1111
1174
430
440
460
565
612
1061
1074
1110
671
733
808
555
1155
958
1152
1160
573
744
699
855
508
527
408
416
429
555
1513
477
583
746
1013
1116
646
1737
1848
1868
1864
1784
559
557
582
580
580
724
817
1249
1276
1178
1186
1268
1267
1310
856
599
606
615
689
738
1937
1738
1675
1983
2028
1060
1080
1146
1146
1173
1175
884
594
578
586
597
596
610
617
626
657
671
682
716
745
903
1597
1593
1487
2133
2069
1488
2255
1897
1052
1330
1229
1897
1219
1500
1508
1236
1349
1425
759
471
485
492
585
1692
1697
1233
862
863
864
864
863
928
924
888
943
1022
1042
1050
794
843
348
357
366
377
387
396
405
421
430
1120
844
1202
1289
1296
578
585
601
609
1668
1232
984
653
999
353
368
367
365
379
395
647
646
1251
854
725
675
1100
691
510
489
1129
1177
1158
1060
1068
1182
975
1269
1179
1136
1093
621
579
634
1272
1109
1196
1122
619
620
622
623
735
888
894
891
677
477
484
503
501
499
521
520
521
551
602
611
585
611
674
2028
2059
595
593
568
1579
1760
1566
2051
1766
2061
2067
2123
2073
1886
2068
1880
1877
2115
2065
1162
669
701
746
471
489
496
503
509
517
524
572
613
410
469
467
449
413
449
437
437
433
433
469
520
528
533
701
702
383
391
406
415
424
446
454
525
584
606
583
735
590
606
606
684
403
472
495
724
332
344
356
361
379
386
399
397
417
429
437
450
773
774
617
885
901
886
898
985
554
554
447
454
524
610
585
545
1157
1165
1176
1848
1869
1980
424
646
663
662
1153
656
675
443
451
470
484
502
510
531
547
613
2031
2155
2041
2169
2012
2150
1030
1950
963
1191
2148
2202
1189
1025
1213
418
418
454
466
517
535
1275
2238
1284
2263
2116
2261
1279
2238
1277
799
789
623
844
847
681
1223
796
1330
815
1376
1434
1237
833
840
1443
1415
848
779
811
495
524
607
618
625
634
679
778
960
1686
968
977
967
961
973
998
1000
1000
983
961
931
931
1453
798
807
618
585
595
743
1184
1241
1634
1059
1090
1062
1632
1768
513
522
1296
1417
1224
1808
656
750
1122
1111
752
699
774
1160
786
448
454
463
470
480
548
560
571
584
603
784
1100
1209
1181
1202
1219
397
410
434
441
450
477
496
506
596
670
690
1265
1291
1187
1179
1344
1487
1345
1184
582
706
438
509
549
1510
423
432
440
448
455
467
475
430
451
858
871
870
881
887
893
466
474
483
513
521
531
539
548
562
574
582
1709
1157
1157
1015
1764
1044
1054
1427
906
939
952
1430
1451
1074
1438
1060
973
1487
1090
1307
1446
534
553
567
580
773
1652
1791
1305
1056
1510
998
1067
1003
1008
1009
1391
1899
1547
1031
1120
874
1630
761
536
507
504
505
978
1740
1175
1184
1164
665
611
637
637
636
633
668
840
1027
906
915
844
568
714
597
613
431
626
634
436
445
1112
441
484
1417
634
581
599
663
1910
1431
796
1989
802
482
1859
749
714
749
708
1160
1158
992
964
846
967
1184
851
1187
1249
1189
1116
939
1569
1582
1145
1142
969
962
1227
1277
1139
934
1117
1313
1074
1327
1342
1613
1183
984
555
529
568
656
562
555
601
630
631
559
909
1162
536
566
574
583
593
601
609
621
629
637
645
654
676
800
817
818
866
1043
1074
1040
1147
1180
1067
1063
1162
1053
1063
1050
420
425
431
436
441
448
453
477
488
493
498
509
520
566
572
579
616
633
648
671
665
689
697
706
735
793
829
867
480
488
495
756
1300
922
537
564
632
732
498
518
502
517
526
529
546
536
566
565
576
890
889
1032
676
689
722
700
497
535
526
528
546
558
607
618
632
643
656
668
685
907
914
911
920
1054
1054
1595
1048
864
1512
1248
1226
843
845
852
561
610
693
770
777
827
1427
1429
1737
1375
1703
1713
1369
1413
1459
694
733
681
702
1375
700
723
648
650
667
664
679
1465
1511
1365
1486
1538
1538
485
505
520
533
570
579
590
609
640
647
688
722
713
707
761
800
796
795
787
488
535
543
556
563
658
827
1366
1583
1012
757
790
780
840
1374
1373
1404
1346
482
489
498
513
529
538
547
556
570
863
1863
1431
1522
1563
1540
1426
1483
1471
540
1006
1012
994
1013
1020
746
866
869
765
761
783
990
984
1974
918
1313
847
705
530
674
563
561
568
562
762
1314
1764
1850
945
2104
932
1855
1285
1914
1470
1303
795
881
1370
1361
652
663
1403
743
767
904
904
778
774
1492
776
1500
1485
1430
2165
1892
1984
1830
1893
726
737
753
760
767
782
790
578
630
640
676
683
690
696
706
943
1447
1459
1490
1471
1502
1511
1502
1495
1501
1499
985
992
882
541
552
563
571
608
615
630
627
645
701
713
722
733
937
961
996
1732
1573
556
570
583
591
636
636
664
1424
1628
1659
1596
1447
1443
881
929
735
909
1010
1003
1065
1030
1051
1016
1047
978
796
841
419
516
469
468
455
451
450
582
574
576
574
611
635
753
885
1145
1114
1128
1464
1350
1469
1169
1184
833
909
523
465
625
679
886
670
1345
1368
482
788
668
788
799
806
817
556
564
571
580
590
1326
657
690
698
706
470
597
563
441
552
457
610
618
456
580
622
643
507
581
594
588
588
526
525
523
520
596
652
1361
1368
1381
1389
803
1540
831
1473
1485
837
846
838
1509
823
902
907
912
918
783
367
423
431
454
462
485
492
520
535
551
562
584
873
1477
1450
1458
2251
1489
1474
1493
450
459
467
613
2282
1510
813
1201
2176
549
746
586
619
450
448
443
442
437
1644
1112
1228
937
1548
501
509
523
562
510
520
2490
866
1632
1479
1438
936
1302
1528
1684
1719
1735
1566
1140
1122
1723
572
580
588
639
669
720
1770
2527
1917
1275
1064
1197
2560
1295
1292
1196
2754
3028
2694
490
489
502
517
526
535
601
607
614
625
632
640
660
683
694
710
718
726
737
794
417
505
513
523
547
704
2570
1350
1265
897
641
788
2954
1417
1876
1384
1536
959
938
495
527
670
798
800
908
744
1095
1049
3137
1509
2962
1055
1494
1519
525
532
551
565
577
598
737
1129
1569
551
1018
993
828
885
909
908
927
1671
1770
1687
1103
1177
1221
1189
1791
1759
1813
1757
1229
1789
1235
1407
1372
849
865
898
1498
1825
1849
1650
1467
1304
1278
1774
995
1592
3421
3411
3542
710
727
751
767
826
834
844
878
885
894
902
910
938
950
961
970
978
995
1029
1714
1690
3302
1529
1538
1555
1027
2000
2188
2058
2084
2819
2349
1114
1105
1126
1122
1115
1126
1774
738
844
880
879
898
966
1058
1717
1724
3295
1526
2910
2183
1512
2920
1775
1748
1775
1531
1528
1527
1610
1546
1069
1085
1220
1220
1148
591
760
775
793
830
839
872
869
887
1027
1041
588
599
638
1169
1540
1239
1045
1279
1286
863
914
684
481
534
554
567
575
607
626
633
639
1140
924
1504
1230
1405
1239
1249
1179
1426
463
499
510
517
589
610
619
639
648
725
773
794
1122
1129
749
1440
1742
2850
1707
2864
2332
3074
634
694
785
976
2293
628
638
647
656
870
1615
825
854
884
866
1719
850
1722
873
867
822
1683
1684
1763
895
948
1771
1697
645
652
662
669
679
689
698
707
721
731
744
758
791
800
847
923
2359
2605
2300
2440
2438
3389
2365
1526
646
638
637
636
700
692
694
1759
1767
1553
1615
1633
1093
1159
1166
1173
880
903
934
978
986
973
996
1003
1010
1016
1022
1075
718
825
509
524
594
688
699
696
713
723
732
740
751
827
976
957
956
890
937
1466
1548
1438
1531
1579
1494
1507
1492
1542
700
698
581
587
595
651
830
860
1163
907
903
922
1734
1744
1714
1621
1714
1633
1370
966
1215
959
795
2334
916
880
903
2457
2453
1341
1344
1354
1366
1516
1525
1514
1524
674
730
665
978
734
718
848
822
818
819
819
819
808
793
790
1027
1032
1612
897
852
701
778
611
618
663
640
632
709
708
707
688
686
569
631
642
641
878
877
1502
1510
735
798
1602
1577
1579
1554
1517
1525
1593
1751
1571
488
619
630
637
651
660
672
679
687
959
968
770
953
967
965
962
419
535
544
562
570
585
594
756
771
784
999
2587
1376
1360
832
807
834
2664
1643
448
455
481
484
497
527
525
560
559
580
587
599
609
748
761
780
2419
919
757
518
1249
1259
1256
1273
1280
1115
1438
1455
1479
691
2786
2130
1310
2511
631
615
630
688
730
896
731
693
742
758
758
1535
1521
1522
1537
907
743
548
555
567
579
587
594
602
624
633
750
912
920
821
1382
1382
1389
1379
1547
1546
817
1729
1776
1784
1792
1772
1812
567
573
742
771
780
1505
1495
1006
1463
1463
621
1463
1596
1605
1598
2790
2448
3000
833
841
1338
1665
2665
2506
1098
1108
1783
1265
1619
1735
1750
1277
491
574
602
612
608
608
632
640
651
780
857
865
1521
2938
1521
1536
527
538
548
558
684
708
431
439
523
529
536
554
563
911
839
921
914
911
929
694
2822
2829
1465
1449
1058
1065
536
513
536
543
559
576
584
593
601
608
724
921
759
928
931
897
1037
1428
1436
1492
1507
1502
1528
1539
1545
1534
1562
1570
1545
979
1008
992
3073
1487
1350
794
1357
1357
587
597
607
617
658
640
663
663
648
775
800
813
847
493
502
572
584
597
605
631
642
655
681
1483
1545
3117
3167
1498
1590
456
550
559
567
582
610
730
1358
1366
1394
1417
1425
721
731
810
853
2424
3084
3329
1645
1653
3259
477
486
497
554
603
726
508
457
896
890
901
738
749
748
737
742
1781
1620
1633
1328
1550
3476
1478
664
664
547
558
635
918
685
1652
1336
1512
1508
1279
1508
1322
1521
1535
553
607
552
594
534
573
680
674
693
702
836
3435
2813
701
679
630
673
708
632
709
628
706
692
392
433
438
445
452
459
540
551
558
582
629
655
701
786
2871
918
1445
890
1063
1247
788
368
376
383
487
495
3592
1228
1225
1225
1244
1261
1272
1279
1287
1361
1369
790
1040
574
691
714
327
419
449
444
450
439
1228
1235
1263
1247
727
700
706
711
892
571
784
896
3214
803
1183
1239
566
3799
451
467
598
433
450
457
463
475
792
1102
786
756
788
786
806
649
1218
1373
1372
1369
484
490
503
510
553
548
581
569
604
622
791
980
1194
737
952
951
603
615
614
4098
628
1025
1008
1126
1127
961
747
1252
1229
1170
1261
758
767
4194
2957
2799
2819
1397
1397
1174
446
509
523
523
536
545
552
588
603
624
648
648
660
627
654
643
642
721
729
738
751
767
779
802
815
821
829
836
843
927
438
504
556
565
580
4361
1204
1230
905
930
938
691
739
468
477
490
1151
504
920
760
785
926
944
752
846
1211
685
819
1270
1277
936
1291
940
941
1299
1309
1260
420
434
441
449
478
485
494
507
522
635
664
1130
913
1137
2924
3207
3092
3107
2778
815
791
805
472
481
489
533
600
601
697
600
613
629
756
754
1295
1306
791
800
789
1298
1336
790
801
579
579
589
622
3158
1236
1153
1180
1260
1260
1363
729
467
475
481
495
596
610
608
617
606
592
663
660
677
656
656
3511
1368
1380
1215
1279
444
450
457
515
570
672
693
3035
3624
3570
1180
1253
1140
451
457
474
481
489
497
512
414
386
381
418
425
448
455
463
579
1346
1147
2699
754
724
761
748
801
762
770
765
789
796
863
895
865
897
597
630
3449
347
354
383
407
417
458
515
3924
1009
3481
599
3528
3673
3376
662
519
797
803
398
459
890
1021
3722
1021
678
1377
677
1388
1142
3368
1400
3921
1398
408
511
495
511
504
498
435
432
497
792
1246
482
809
4054
821
611
3956
516
507
522
540
627
2905
4954
3574
615
672
639
654
635
646
661
679
685
408
428
427
462
471
522
611
630
672
3228
706
826
699
1428
1297
1198
1447
1298
1242
1248
812
1233
1255
801
1419
1366
1359
1291
1336
1439
1518
1174
1212
1209
1202
2077
1317
2848
2900
1001
1223
1232
827
1227
1137
1226
1140
654
634
646
667
782
761
792
846
849
531
595
536
536
612
625
624
655
651
643
662
677
729
829
433
461
472
502
502
749
798
1242
1257
1230
1178
1206
1216
1210
1245
1262
1271
650
638
664
642
652
650
689
696
846
1098
391
400
3038
3174
3110
832
686
743
739
609
1100
895
1104
1222
1230
731
665
1192
1023
4635
1034
713
661
3547
606
608
596
723
734
641
472
473
504
502
501
526
525
537
544
556
576
686
685
717
717
711
783
1405
4715
1158
1366
946
944
1200
1205
1239
1436
875
1421
839
706
760
781
1433
1374
1477
1454
1187
2129
2734
1461
3049
1474
1455
1481
1476
1009
1534
1494
1554
1439
822
794
793
847
847
847
862
876
980
1555
1578
2830
1591
725
737
748
755
2117
4978
4114
3782
2861
5179
5185
905
927
637
654
662
670
682
690
697
706
732
791
798
811
821
836
937
956
628
611
693
645
752
807
874
889
906
1313
1303
1327
1289
1340
1292
999
757
989
998
1012
1011
1366
3329
4477
5687
5260
1392
1385
2636
950
963
961
974
489
496
505
523
538
548
559
575
588
601
610
623
634
644
653
662
676
682
688
799
808
816
822
831
837
843
850
950
528
516
528
541
561
558
644
684
862
891
3973
1474
4491
1436
2011
1230
4507
1430
1017
1024
748
3697
3525
580
598
596
596
641
649
660
685
709
592
602
1459
1102
2335
1313
1543
1476
1489
1522
1540
917
1204
1214
1214
1265
1284
1295
1636
1257
1309
543
562
570
578
593
593
614
733
812
858
881
1516
1643
1522
1770
1653
1726
1738
1727
1762
1792
1811
3630
2485
1520
1551
3792
2041
2300
3662
2851
3820
4113
2314
4789
2315
2693
991
783
782
837
861
1205
1197
1735
2032
2029
2039
4254
3073
2375
2290
3878
1719
3514
2287
708
784
783
784
786
813
992
819
1004
1023
1003
903
915
973
992
4131
2966
1867
1911
1884
1885
1354
1366
1378
1487
1498
1389
1394
1442
1391
1400
1408
897
903
913
946
1178
1215
1230
921
1231
1322
1237
1231
1241
1246
1269
1267
1266
1287
1294
1290
990
1243
1503
1271
1275
1007
1007
827
1038
1049
1048
1115
1016
870
869
859
865
847
894
902
915
1023
1034
1052
1102
1142
1138
1135
1128
1136
1568
1368
1381
1382
1386
1579
1582
1594
1595
1596
948
735
767
773
1160
975
997
1026
1237
1258
1437
1973
1716
1913
1306
1990
1389
1386
1385
1396
1841
1973
1757
1757
1863
1924
1932
1940
1931
1940
1931
1876
1948
1253
1247
1223
1896
1515
1521
1999
1901
1308
2281
1785
1130
914
909
900
1303
712
709
727
2421
2327
2516
2420
1463
1231
1006
790
767
776
784
749
749
762
773
788
798
1356
1084
1981
1015
1057
1074
1082
1077
1414
1113
1400
1404
1406
1408
1409
1416
1401
1401
1408
1408
1270
606
614
622
653
660
671
681
696
710
750
1034
1067
1437
2203
1467
1459
1533
2068
2119
2194
2185
2183
2179
2175
2173
2538
2257
2172
2267
2579
2274
1037
1064
1087
1106
1106
1103
1264
1270
1275
1362
1366
1362
1388
1383
1381
1393
739
739
737
736
736
737
733
725
721
715
715
793
822
878
2686
2495
929
934
912
2576
2653
2583
2653
2760
797
797
813
626
729
724
749
749
749
768
785
796
809
817
966
839
908
923
987
985
847
950
858
1170
1181
2894
1186
1909
1918
2838
2827
2773
2851
962
625
910
943
987
1050
1175
1435
1925
1938
1951
1448
1457
852
1029
809
818
825
836
874
800
810
818
831
840
848
1235
1235
1238
1726
2797
1755
2959
1718
3086
1261
2985
2993
2849
2985
3011
2847
1753
1713
1797
1764
1730
1326
890
898
1833
911
908
960
1005
931
1007
946
1003
1023
955
986
986
1388
1916
1902
1925
1893
2092
1076
1098
1067
1046
1092
1121
1189
1238
988
1036
1038
1859
1917
1093
940
1937
1955
2012
1961
1906
1965
1919
1934
818
827
879
917
911
898
926
921
970
1277
961
958
1842
1262
2103
1245
1404
1209
1383
1392
1407
1415
1425
1434
1443
1451
745
933
935
937
973
983
993
1082
1106
2181
2464
2052
1419
1327
1318
1325
1416
1423
1999
2010
1168
1199
1308
709
876
889
898
907
916
927
1426
2155
2200
2217
2633
2054
2034
2197
1425
1424
1435
1543
1462
1559
2448
2466
2537
2050
1877
1886
2045
2054
2036
2044
2072
2082
1191
716
732
758
759
780
781
810
819
800
845
854
848
928
938
948
963
976
1034
1034
1035
1027
1064
1255
667
737
746
777
788
798
815
837
849
1156
2620
2640
2631
2160
2635
2329
2194
2186
2219
1829
2357
1621
1624
1639
1667
1020
1037
1160
678
678
692
725
734
2570
1701
1368
1000
875
882
942
972
1892
871
1854
952
946
953
948
972
946
973
985
1107
1108
1327
1336
557
620
647
635
648
660
671
679
712
722
736
743
750
1293
2711
2305
2224
2217
2225
2224
2333
2341
2721
2166
2174
2717
2714
2355
2732
2205
2220
2221
2761
1217
2233
2234
2224
2252
1096
2080
712
1432
1454
1444
1458
1464
1534
1467
1481
1487
1475
2774
2776
2165
2401
2158
2142
2134
2169
2031
1064
1098
1106
1101
1086
886
898
971
993
775
790
789
811
810
822
829
840
849
864
876
884
894
1859
1871
1886
1912
1908
1909
1143
1061
1150
581
590
637
633
633
629
627
626
674
701
710
720
747
758
790
798
2053
834
2049
946
2046
2042
2499
2504
2499
2091
1156
1033
649
655
668
676
688
713
827
2395
2105
1834
1862
1757
1769
1880
1897
1872
1758
1404
1405
1859
2434
1920
1815
1882
1784
1424
1364
1434
1453
1435
895
884
1929
1626
1512
1898
1197
859
866
873
867
853
853
764
774
780
789
820
830
892
1652
1660
1692
1673
1576
1714
1815
1669
1667
1883
1881
1731
1599
983
1220
1215
1240
1275
1285
1315
1316
554
560
572
578
872
872
678
662
658
635
678
676
690
700
706
715
725
733
740
749
761
1616
1615
1635
794
788
786
1615
782
1030
909
1804
811
1673
913
1940
944
975
907
863
918
941
891
889
917
890
917
1895
911
1065
974
981
978
979
1113
1339
1429
2019
1448
2207
996
2067
1945
576
571
563
559
947
952
960
961
1178
1522
1354
1461
1461
1513
1189
1268
861
617
618
720
738
1031
1032
863
802
794
811
818
826
833
841
849
871
723
711
756
784
1273
1258
826
835
1307
1287
1289
802
817
815
830
762
653
671
670
671
671
710
710
710
709
710
745
755
768
778
787
802
812
821
956
1309
1138
1344
728
663
659
668
691
678
758
695
718
719
766
765
764
946
1223
1248
873
879
911
993
1000
1231
1279
1245
996
1452
1641
1641
833
881
906
1667
1254
1681
1393
1401
1700
1698
1696
1414
1415
833
833
870
878
886
894
2131
2052
2075
1804
1369
1009
1274
949
1313
1285
1318
1155
1413
1512
1047
876
732
898
682
828
813
837
699
837
900
913
923
844
1006
1038
902
694
712
760
863
885
872
766
832
868
850
878
792
843
746
897
772
945
812
909
827
819
927
938
789
992
967
1075
1078
1066
1100
1101
1103
1115
801
740
793
808
805
822
818
879
849
849
897
906
995
1033
1052
1145
2019
2390
2462
2416
2202
1100
410
420
433
445
461
469
479
500
512
754
614
1052
2133
2104
1871
1057
731
741
733
733
780
780
734
814
806
818
758
796
921
694
620
740
640
786
654
715
711
866
935
862
960
960
973
991
998
1200
2445
2644
612
619
630
1774
1157
1471
2773
2692
1911
2317
1762
1777
2660
1779
1197
1161
1202
1935
1212
1131
890
889
735
750
776
1736
1510
1506
1554
1757
1423
738
739
708
707
733
752
728
740
821
2159
1657
1745
2173
1671
1672
1055
960
1759
2060
1756
1680
1777
1767
1702
1798
2880
1708
2290
2547
2555
688
659
698
1632
1647
1661
1694
1686
1694
1620
1680
1681
748
758
802
812
852
934
664
663
648
718
690
739
1532
927
1542
1566
905
937
924
967
980
985
1449
935
997
913
1027
1292
1005
1004
951
562
558
555
563
640
630
628
723
736
751
851
935
2033
1173
1265
1274
1119
966
624
638
651
712
754
1373
1720
1137
1128
1693
1515
2106
1431
1734
1177
663
692
1047
1039
1050
1051
1063
2124
1670
1682
1795
2136
2245
1669
1237
1118
1169
1160
1136
1137
1255
1841
1259
1697
1282
1300
1751
1861
1714
1051
1061
1101
2215
1103
1805
1788
1253
1949
1705
1589
1399
1480
1441
1424
1491
977
988
995
1007
1008
963
1845
1335
2307
571
597
1647
1253
1773
1880
1214
1847
1623
1433
1122
1702
686
688
729
728
727
712
833
842
830
842
842
815
876
969
890
973
894
1032
1087
903
981
991
1102
1010
1010
1073
1084
1044
1068
1077
1088
1076
1130
1139
1153
1104
1089
1132
1093
1993
1461
2300
2193
1476
1417
2351
2620
1470
1412
1366
1400
1477
1401
2688
2349
2786
1498
2328
883
860
890
1155
890
1154
1163
1336
1064
1187
1898
880
1939
1882
1940
784
723
798
658
672
673
667
1208
1120
1157
824
1160
1176
1810
1136
1184
1138
1252
1250
1161
1442
1224
1855
1039
1032
1011
1044
1310
1320
1333
1323
1325
894
903
914
891
826
934
951
981
998
1019
1018
1020
2068
2198
1678
2069
1684
1687
1580
1582
1600
1599
1607
699
709
1765
1917
1883
756
759
1139
1082
779
786
1161
1275
1284
1693
2067
836
844
852
885
876
890
890
935
923
923
921
967
968
966
975
990
990
1859
1883
1867
1884
2286
1381
1050
2089
2059
2136
2333
2072
1235
1309
1067
1075
1094
1107
1150
2041
2245
2249
688
688
683
764
762
749
753
833
1916
858
868
887
896
909
922
941
953
960
969
976
986
1001
1009
1020
1037
2087
1674
2525
1223
1683
2512
2379
2390
1140
2542
2532
1716
1087
1101
1111
1124
2448
2576
2439
1837
2077
1155
1304
2523
1292
2235
1003
983
1131
930
844
860
946
957
1536
1871
2314
1965
1977
1970
1110
2255
2350
1208
1173
1385
2025
1269
1049
2386
1937
1208
1068
820
773
772
786
799
818
827
838
948
930
921
920
936
946
987
1076
1149
1605
2157
1131
1127
1134
1126
1207
901
1733
1888
1986
1925
2115
1634
1743
945
957
981
1026
760
774
799
786
