287
158
161
253
167
163
174
315
204
170
237
240
182
183
183
184
294
166
189
236
199
213
186
182
182
269
211
205
220
222
267
387
350
255
287
260
257
253
364
300
321
380
285
312
305
294
289
296
280
413
284
305
302
399
267
291
323
289
254
254
384
312
288
273
347
212
189
210
213
188
169
191
188
158
178
169
236
263
366
347
177
201
422
195
297
212
456
213
285
394
243
229
265
285
283
226
234
219
256
240
287
329
255
272
272
356
271
266
359
355
263
276
282
301
275
374
281
275
345
358
278
323
282
335
385
291
368
339
313
302
334
301
588
585
265
283
301
553
306
270
295
562
558
281
299
402
402
256
345
343
273
268
248
248
388
275
240
382
408
231
232
481
224
292
230
228
361
360
298
255
270
342
255
224
241
300
297
244
240
239
495
517
241
249
246
342
234
258
358
231
234
289
238
272
295
241
254
254
210
219
266
210
385
291
327
212
223
243
251
287
208
216
309
240
212
219
178
194
206
378
231
232
190
197
381
440
274
197
307
230
199
198
213
208
207
235
194
310
196
193
183
228
277
183
197
282
216
192
260
575
352
185
379
203
216
276
237
295
229
221
234
283
292
301
301
287
294
249
230
238
338
276
376
316
279
224
232
267
232
261
234
212
233
232
252
262
224
231
254
328
209
332
241
183
246
181
227
181
262
178
361
177
185
193
173
354
194
361
207
277
178
281
218
245
198
228
301
283
389
209
265
317
269
263
254
241
202
268
262
216
229
321
322
295
231
221
242
313
297
289
264
246
256
218
214
284
243
279
359
376
269
366
270
270
226
224
223
315
379
233
248
234
234
249
233
338
274
189
208
229
336
216
206
206
419
348
193
227
384
219
302
217
444
409
213
201
228
211
247
209
214
294
302
330
254
222
232
380
233
231
295
198
280
177
192
187
225
203
197
200
300
351
305
207
260
234
209
241
215
305
340
277
237
378
240
252
280
299
232
240
254
246
247
259
296
253
254
270
266
294
427
472
333
343
437
473
301
284
236
285
421
303
223
247
234
312
271
292
219
216
254
277
237
253
262
376
365
223
216
215
304
217
215
398
255
362
200
170
197
210
322
156
165
177
188
185
187
250
278
176
194
195
352
244
261
206
221
355
221
249
223
210
248
228
222
217
229
273
260
229
351
265
268
313
301
279
315
311
363
365
405
299
285
274
263
270
283
258
268
276
329
271
323
346
396
288
315
378
253
269
290
326
419
262
306
287
268
320
288
290
358
275
226
294
452
228
209
478
242
230
285
217
270
236
219
291
336
209
275
203
201
203
205
214
207
283
194
237
206
311
450
274
208
203
315
202
340
335
208
245
239
368
203
216
228
319
282
350
405
255
253
333
213
220
233
258
311
251
262
247
355
237
235
294
213
213
276
212
269
193
202
274
315
237
217
183
205
185
199
196
313
412
406
175
175
280
324
184
196
187
230
184
363
200
190
192
205
244
268
289
273
217
308
356
210
249
211
210
188
212
196
279
261
272
182
195
196
189
198
204
182
169
209
210
325
275
300
187
204
297
310
208
172
248
172
252
300
233
286
280
373
207
431
225
288
426
238
235
264
301
359
221
224
231
247
222
274
308
267
293
286
286
221
325
211
263
232
232
230
380
227
265
299
293
464
326
246
226
330
238
230
216
303
183
276
221
177
403
204
345
179
177
215
191
246
186
178
174
184
222
371
211
319
347
305
305
378
215
256
213
192
242
260
272
202
201
206
203
374
227
244
256
293
267
274
216
242
249
329
306
352
243
257
226
243
276
306
259
308
287
241
246
238
278
256
252
256
242
410
250
242
274
411
449
257
243
452
270
235
325
204
227
208
206
242
212
211
434
370
447
217
206
203
212
229
356
183
192
282
185
233
212
168
468
190
265
304
213
195
189
295
442
265
245
303
411
237
227
271
220
204
299
229
314
253
264
218
270
265
233
349
288
281
247
254
265
277
259
256
296
309
264
245
389
254
272
254
256
251
334
276
391
437
280
264
342
263
272
232
250
259
277
278
296
443
239
245
234
402
227
224
473
192
202
416
316
356
233
367
200
247
215
204
205
243
242
257
336
167
175
192
200
246
376
183
171
327
248
180
169
182
294
2177
2924
496
3596
262
248
278
319
230
2221
241
226
225
328
369
234
265
2668
259
10300
1011
1035
1620
309
302
476
282
302
360
1401
8612
2767
2802
371
313
312
302
266
408
369
364
289
301
343
457
318
272
363
261
269
281
280
476
310
373
300
283
282
278
508
275
366
235
293
245
230
323
259
455
414
484
467
247
312
516
514
270
277
581
571
373
354
360
299
231
528
198
209
218
285
284
275
280
295
552
326
312
305
326
536
193
200
206
255
373
264
484
223
230
211
424
356
339
351
352
246
350
270
266
277
353
405
387
351
404
298
280
396
554
417
503
443
305
368
364
383
340
375
335
324
341
462
337
408
391
412
439
479
560
365
376
577
379
540
379
414
389
553
421
374
445
364
417
415
339
363
523
385
397
382
354
309
318
339
324
316
323
331
472
317
536
333
290
341
321
289
355
434
313
534
367
326
349
318
321
286
268
356
412
741
295
701
458
282
316
328
801
509
787
769
751
331
332
347
329
403
321
320
319
319
626
426
328
323
330
337
851
319
325
428
397
314
438
316
336
334
437
312
343
304
353
768
914
383
396
327
316
352
636
955
346
334
318
329
284
612
305
295
379
299
304
400
402
330
358
383
621
325
372
369
455
524
386
339
512
321
396
654
368
321
360
359
333
363
329
442
440
395
356
425
418
421
394
415
401
623
709
498
744
393
795
717
367
397
427
308
654
694
316
417
423
343
374
289
395
292
489
257
273
282
292
311
489
284
322
511
491
405
577
306
302
383
361
452
303
496
483
408
291
248
251
325
587
432
342
415
263
268
365
249
254
405
256
396
267
411
332
297
327
292
261
258
316
404
332
363
318
308
347
358
424
497
419
573
317
261
279
275
338
567
249
284
266
266
460
297
267
258
371
261
249
307
378
282
282
299
267
286
281
245
280
227
221
183
178
203
423
184
301
164
308
155
172
271
269
187
165
178
455
455
373
469
203
183
460
237
217
243
383
205
462
402
254
183
239
205
212
207
282
547
490
235
312
207
213
221
213
210
200
319
309
240
211
303
251
263
307
245
319
237
372
366
233
225
240
240
241
243
247
375
274
404
301
379
310
305
415
406
407
334
327
361
353
381
557
553
490
366
571
413
390
391
378
411
384
403
411
441
446
411
412
437
444
621
423
653
589
471
374
432
427
456
551
724
688
678
713
503
693
611
494
493
696
576
454
480
512
425
411
391
440
457
723
448
629
610
443
432
608
549
436
440
393
436
408
567
675
764
370
370
491
384
596
498
518
423
768
349
788
345
444
277
400
433
379
423
810
389
296
400
303
602
299
643
316
532
346
403
633
419
359
285
375
540
322
357
354
295
275
306
737
370
349
219
321
294
283
258
301
242
713
326
345
276
160
191
180
266
246
450
219
246
241
420
246
177
431
343
274
298
203
215
382
181
673
620
244
228
525
208
216
225
232
256
301
492
213
224
450
449
473
342
300
166
196
352
238
236
296
162
181
251
145
152
345
171
158
337
404
220
178
170
212
242
356
308
280
288
367
190
309
340
356
401
307
196
388
340
210
213
212
224
285
257
292
318
263
456
318
290
436
255
430
283
316
486
378
295
279
405
279
388
308
358
299
433
489
285
256
309
300
274
250
267
250
256
469
281
373
261
249
248
261
269
277
366
175
190
242
241
223
199
272
278
342
437
457
506
209
187
419
185
143
166
165
177
238
231
412
141
235
403
174
451
503
203
200
155
195
176
170
178
169
401
240
251
182
172
179
333
190
217
195
236
235
188
292
210
206
196
218
210
379
193
194
195
194
228
230
201
209
347
305
217
410
286
262
306
237
303
350
351
434
429
271
275
320
255
268
412
242
291
418
279
250
315
331
294
310
279
241
259
260
395
483
378
304
266
329
318
281
278
348
239
252
333
232
288
236
485
310
314
298
336
373
402
346
285
267
254
241
275
488
241
394
414
485
300
263
276
348
343
216
445
229
306
387
234
226
234
335
283
370
286
479
281
236
226
291
247
355
362
273
258
398
233
274
281
292
257
255
271
226
290
230
248
265
323
322
549
186
368
257
210
222
301
317
320
255
269
267
300
360
312
532
326
334
484
354
370
498
450
284
250
299
192
207
262
489
241
232
271
449
449
280
224
232
228
377
377
271
100
114
114
195
303
332
302
295
278
277
192
216
403
166
218
165
222
272
226
224
289
183
194
194
283
182
202
257
183
191
280
258
310
253
221
375
316
240
236
400
230
246
223
265
367
414
232
335
236
430
245
306
404
345
261
260
240
326
268
269
329
332
339
298
289
307
451
445
332
293
336
430
315
373
302
301
273
307
327
430
339
276
286
293
444
274
372
268
276
342
464
260
269
426
269
293
340
333
242
256
312
328
248
307
274
324
341
249
526
392
248
247
538
536
277
288
317
262
355
230
255
268
246
247
319
271
239
237
255
252
234
234
249
338
267
242
224
214
225
223
283
248
237
295
277
229
248
207
213
257
266
356
207
361
263
437
207
223
410
218
411
236
243
217
225
221
236
207
221
341
198
208
220
266
222
229
373
347
264
225
216
216
215
216
350
382
289
257
304
258
262
374
317
327
396
293
310
273
294
294
328
267
378
275
265
274
264
266
274
259
295
342
279
294
296
250
382
318
271
342
350
275
464
413
413
281
425
318
303
390
366
361
290
361
341
414
193
208
265
224
235
298
224
427
222
220
217
325
332
352
225
265
292
246
388
196
240
397
200
195
178
160
267
414
475
186
202
166
173
178
369
153
179
233
164
176
317
180
196
202
223
224
346
182
373
276
173
164
312
174
192
302
252
189
196
187
310
414
320
216
277
195
250
240
216
209
199
205
216
210
241
232
215
283
193
241
256
199
208
312
204
211
223
344
221
229
316
350
239
266
444
469
240
257
275
343
486
270
254
485
510
251
262
261
345
284
280
467
503
581
301
495
289
315
293
469
359
402
443
425
492
508
338
326
364
298
360
401
347
292
325
433
362
256
282
425
436
301
312
329
246
304
421
302
320
294
515
288
273
250
251
271
316
288
368
253
505
186
322
448
269
216
226
289
216
215
489
286
293
201
231
228
230
259
254
219
229
204
216
324
280
276
547
201
475
245
255
215
248
368
626
207
207
201
227
241
273
313
219
277
237
411
224
171
197
196
196
223
220
242
240
281
219
352
325
276
312
274
357
167
193
201
228
251
247
214
209
230
214
245
224
359
250
290
327
287
250
260
246
291
252
287
322
343
325
279
306
365
441
456
312
346
472
377
422
371
297
305
316
341
327
410
307
343
354
352
406
402
358
435
399
293
276
270
301
368
377
304
312
412
412
273
291
302
309
483
321
504
485
216
229
413
424
263
295
444
476
217
228
277
250
222
257
283
262
249
353
387
232
263
234
505
289
237
218
217
406
206
288
192
201
221
243
191
201
262
330
338
196
192
203
203
325
201
299
213
284
227
206
220
235
315
341
227
436
211
244
228
229
254
250
226
238
354
361
249
462
241
420
250
336
235
389
277
312
300
235
246
275
352
258
245
331
271
459
232
260
272
284
270
504
258
302
232
231
269
247
237
232
395
395
410
303
230
230
292
572
244
363
240
264
377
241
289
253
264
542
644
344
315
383
271
346
644
290
282
391
316
290
331
314
304
355
351
274
309
317
299
280
476
475
410
266
334
291
279
262
231
578
271
269
296
263
535
651
637
241
250
576
313
245
236
226
400
422
301
232
265
414
277
236
269
255
385
244
454
421
228
546
279
567
535
403
315
231
227
256
387
244
238
258
398
651
241
309
250
295
316
272
255
233
338
423
323
304
272
259
287
248
306
318
410
398
198
205
301
411
271
226
245
253
261
274
296
303
350
499
193
203
210
218
227
344
342
405
178
208
306
222
317
240
364
295
195
473
295
276
269
167
183
254
328
227
267
274
224
297
365
381
197
184
174
253
203
203
175
235
193
190
317
252
179
169
177
275
271
199
198
187
222
269
185
200
196
184
192
220
183
263
301
192
300
238
261
216
208
310
213
375
373
365
253
228
236
309
340
299
362
474
466
337
495
328
336
312
396
358
350
352
316
330
345
351
421
419
333
364
359
342
370
444
406
608
392
552
422
524
468
548
567
602
602
363
374
391
456
435
458
502
481
499
442
397
466
334
344
353
541
483
482
348
580
434
3932
4937
8562
5779
7554
9914
8393
619
1046
673
476
6709
4682
8975
6732
6390
5778
10563
542
727
5476
465
490
467
550
534
3230
9296
580
1419
552
6933
3355
7490
9566
7502
9074
1315
8699
5469
8761
555
7083
7665
4209
9164
608
602
845
365
383
397
406
5957
5965
8173
7672
8882
4872
626
445
453
469
481
502
552
559
631
628
626
334
316
346
362
361
377
326
334
357
354
7105
7212
575
657
4139
1868
3444
791
658
684
493
517
3668
4354
627
536
232
343
351
293
284
343
296
264
259
257
355
322
335
386
392
592
446
328
327
386
399
387
389
401
459
458
480
478
478
496
505
520
532
1704
9729
1661
11041
8090
8143
3634
697
3293
301
304
735
411
352
353
772
398
397
395
342
853
349
342
421
388
408
437
383
422
418
418
421
591
669
953
1065
488
851
526
1076
915
913
547
441
421
396
387
373
421
395
449
457
496
399
406
422
430
441
449
456
471
480
501
523
565
544
728
394
270
289
296
302
310
316
322
329
338
346
353
408
415
495
446
619
611
610
626
529
305
542
347
367
366
366
519
319
293
292
305
333
326
322
344
420
542
633
621
650
578
654
337
349
360
441
640
487
622
365
358
695
721
374
384
638
638
639
702
726
419
341
747
775
473
482
436
698
621
752
763
623
708
846
441
448
788
732
652
586
843
633
754
777
608
566
793
455
467
392
399
407
415
336
368
397
394
404
446
254
264
281
380
387
406
774
309
288
277
277
317
397
383
363
393
366
411
424
274
277
287
296
338
331
370
584
879
884
900
898
749
687
755
895
309
318
325
334
335
331
507
420
211
221
297
436
340
321
309
338
351
350
321
337
344
318
334
394
400
406
413
696
193
221
228
242
253
259
322
270
281
290
378
386
838
452
887
359
461
821
520
869
998
443
562
200
212
266
252
252
244
245
320
716
573
368
467
299
323
298
321
310
379
492
826
418
448
448
693
396
385
507
454
257
320
268
301
288
323
334
1162
266
274
319
337
344
484
480
199
377
353
227
240
247
255
271
267
283
347
297
406
168
179
191
213
230
238
351
384
380
262
269
403
385
406
401
436
408
336
293
264
258
408
391
337
356
330
369
400
382
390
172
182
193
278
288
221
243
251
431
289
298
1419
1479
432
335
266
357
1519
396
1529
426
251
276
1461
385
1479
434
359
220
197
221
358
183
217
271
370
169
188
197
206
213
150
447
476
493
466
213
1695
1704
150
210
194
184
180
208
334
481
476
340
332
283
255
294
283
239
494
280
507
565
507
1305
1080
294
311
185
183
182
182
494
451
390
498
264
263
255
1847
1728
1830
1079
260
718
277
276
215
1658
1793
194
170
183
201
260
269
358
184
196
205
423
167
167
182
212
144
152
175
175
189
200
242
319
434
1220
1871
340
203
226
204
253
279
1273
1125
2039
845
440
201
236
2061
171
185
237
232
411
205
264
322
1461
202
219
2164
1378
134
141
168
194
364
123
163
229
376
282
270
251
147
154
190
752
286
1091
143
302
263
244
278
413
235
221
176
169
447
200
323
145
450
460
209
251
1184
470
470
175
545
274
151
137
215
161
870
383
303
176
168
379
170
149
260
157
125
179
130
171
164
405
255
407
409
929
313
357
357
955
142
149
157
245
214
381
218
149
161
252
365
391
449
418
147
1099
218
405
135
162
171
143
118
137
144
141
296
1095
768
124
149
181
327
764
362
387
433
314
199
848
166
152
354
165
181
176
211
142
150
165
172
182
190
198
160
125
290
167
149
156
266
971
240
333
119
130
1023
215
149
161
232
210
620
981
321
377
200
208
175
177
221
294
179
178
171
164
540
910
157
165
177
184
761
652
283
215
160
243
809
807
1071
534
125
134
144
155
237
189
183
349
92
100
105
114
121
136
151
228
164
129
170
236
196
132
204
362
374
366
191
189
186
191
348
334
188
223
193
390
474
344
176
177
242
196
278
344
210
224
227
347
200
185
114
113
147
227
203
139
196
150
469
242
139
474
123
142
379
328
270
153
126
140
469
157
165
330
161
302
286
303
146
134
135
155
173
121
160
268
115
151
285
293
114
102
217
145
185
246
289
300
273
155
105
112
119
126
134
184
225
213
244
250
207
473
136
106
120
135
297
311
237
272
263
272
346
203
144
137
115
152
152
99
120
127
135
198
145
202
172
117
134
145
297
192
295
226
149
176
321
145
295
345
334
177
141
151
157
152
170
153
152
179
322
273
228
239
349
338
359
95
109
126
128
103
99
156
133
175
220
216
234
129
128
214
214
255
122
175
376
327
218
178
140
138
152
180
95
105
112
119
132
191
174
338
251
302
333
315
214
167
293
145
162
170
147
263
192
164
160
121
119
161
120
338
228
303
223
309
142
121
147
207
198
207
210
237
213
300
318
223
147
111
123
203
214
297
135
141
160
347
208
365
165
223
185
154
162
121
146
159
534
543
532
130
183
84
101
232
101
165
328
171
121
111
308
117
109
121
142
286
321
448
480
476
181
125
376
191
309
117
128
283
333
122
431
163
196
196
342
197
122
109
264
458
332
436
129
226
276
366
99
298
197
129
154
106
188
85
105
119
118
137
158
79
97
122
333
202
74
86
112
259
287
327
156
272
346
365
113
191
179
144
163
261
127
139
246
252
93
101
144
132
131
52
58
174
428
379
406
122
115
114
168
132
238
192
229
309
97
113
105
112
182
235
122
149
103
289
88
106
113
124
317
383
330
363
120
357
217
99
193
190
152
159
95
103
257
169
76
88
120
77
288
134
400
264
421
284
139
133
103
112
197
172
187
270
108
142
294
415
324
173
357
180
168
287
148
96
124
131
362
142
95
256
74
74
106
316
127
76
84
225
93
78
118
124
116
99
143
151
286
207
147
130
129
165
430
121
362
120
141
176
185
239
420
143
139
262
259
80
78
77
130
136
298
316
337
201
353
234
119
110
154
165
245
238
120
103
153
141
103
101
95
90
220
102
140
138
142
223
105
114
155
207
94
117
156
162
209
270
139
112
99
194
226
236
104
112
128
176
238
140
262
199
104
112
120
127
135
142
116
133
139
145
164
162
296
189
195
200
277
166
172
192
201
199
247
146
152
142
148
305
116
275
288
146
133
147
159
158
173
82
79
100
73
77
85
90
58
64
74
82
196
195
116
100
108
244
88
104
132
158
85
101
71
63
64
77
134
111
203
209
98
153
129
109
103
228
200
100
111
103
94
115
128
291
102
100
99
125
320
318
132
188
207
298
79
88
99
253
265
64
71
65
74
102
135
101
80
134
368
126
236
165
167
257
405
297
148
230
158
100
243
99
95
249
263
141
436
187
317
329
456
310
412
73
124
85
117
118
102
153
201
123
90
139
72
294
91
98
180
100
323
142
219
77
79
87
141
187
128
83
77
142
98
201
150
185
151
79
106
105
76
210
368
63
385
235
68
108
64
67
75
70
108
114
147
125
177
257
113
109
125
286
112
138
110
137
229
223
149
206
193
113
321
107
347
104
396
246
173
168
204
210
155
144
137
145
254
278
365
134
144
166
164
78
206
348
259
243
202
53
59
150
84
253
79
102
110
119
114
190
170
190
268
77
91
101
363
119
140
237
93
93
105
113
432
103
73
95
109
115
147
171
135
285
103
98
104
111
138
105
91
174
111
80
114
139
145
174
193
198
102
80
104
137
133
209
182
103
122
152
164
264
119
129
177
6386
6182
8238
303
247
5445
161
172
7276
1170
6426
7289
271
922
2887
5032
5416
5534
6066
275
6817
338
6357
5575
5166
7380
6595
8380
258
4307
276
285
406
7065
4931
8511
2256
7312
3218
2775
8413
5949
5448
5842
6624
2571
5503
5586
430
8497
5335
350
364
376
4333
4486
3003
1690
5010
5771
1444
2044
5634
7456
4828
5375
5596
6329
7593
350
360
369
377
458
5776
6255
6077
6647
6215
5428
5211
6222
238
265
258
296
262
298
292
326
388
2633
3150
6235
502
386
603
402
423
414
422
430
445
623
472
466
487
483
502
520
707
537
5915
4020
729
6455
645
6379
8184
4799
8930
3558
7963
281
331
748
278
310
319
285
319
344
323
356
352
352
378
330
340
3238
4252
4258
494
588
870
437
445
457
465
473
482
585
2117
6979
725
637
627
628
627
524
578
807
6164
612
590
607
609
620
621
614
6647
471
4980
812
2901
4105
4112
6105
2916
3834
2913
6715
4777
6971
8528
6930
1033
6692
1004
6964
6326
3600
1050
7636
6661
7632
548
541
553
554
550
548
578
593
594
648
2714
586
5065
5095
540
471
468
476
488
496
505
537
5296
2897
614
615
626
7127
719
728
818
1076
2486
7145
6982
846
708
706
715
726
739
687
682
683
752
1221
922
687
731
719
714
832
757
721
754
516
575
496
529
1331
565
6561
592
709
611
566
624
708
706
693
7160
727
733
872
548
587
628
648
725
741
493
514
445
444
511
527
521
1458
5443
842
896
865
1419
649
290
314
287
310
299
346
354
386
420
428
441
449
579
587
614
606
605
604
590
605
571
594
915
590
573
580
612
652
570
539
579
587
342
350
357
365
377
386
393
645
453
687
360
367
375
411
790
850
968
926
911
920
815
843
543
559
642
991
987
876
1006
989
869
839
1014
1010
988
867
904
880
908
1061
888
1036
1032
1049
903
7756
712
407
392
439
410
406
454
472
478
484
490
498
509
516
522
932
617
1051
1057
1045
1043
585
407
377
413
410
427
439
450
462
468
805
540
599
349
819
713
474
488
510
443
666
436
546
429
418
419
432
444
458
462
450
520
463
491
492
493
510
1124
389
397
411
410
426
442
454
453
464
472
487
486
497
505
511
524
547
563
573
566
1133
408
414
407
407
448
444
441
469
476
604
623
921
933
915
939
948
511
544
573
598
496
880
822
531
586
549
565
561
577
569
633
597
562
551
459
558
558
560
573
676
1016
951
654
407
415
443
617
370
425
385
366
407
391
428
417
415
395
438
412
402
463
477
444
461
971
808
680
605
623
789
788
715
642
655
365
412
418
425
433
444
451
459
468
477
502
531
558
589
372
384
525
650
1104
731
908
729
762
757
661
651
692
472
524
343
1009
522
510
495
579
590
694
452
614
619
564
487
445
566
362
530
453
539
539
499
499
544
1070
1011
573
438
438
413
424
413
461
416
445
462
457
496
505
397
404
413
457
458
449
505
1422
464
499
512
480
472
277
305
303
331
358
413
413
413
448
478
399
279
316
341
352
556
450
527
540
516
512
518
595
543
543
590
1945
1842
1942
355
363
371
387
401
461
1108
1929
1117
830
645
889
1117
669
631
927
917
1924
744
438
1851
2046
290
321
535
853
1962
2052
580
625
321
825
815
703
818
1225
445
1286
1237
2117
1254
1257
1258
480
475
834
745
1273
973
447
975
975
442
717
1009
697
694
655
789
534
502
441
450
420
441
452
379
390
406
423
434
459
830
796
813
838
403
416
488
549
2611
2422
1612
414
410
517
513
2590
1181
2614
1166
1195
2570
907
1184
839
411
421
431
443
466
474
481
711
605
2727
727
731
679
680
682
683
746
747
704
429
429
449
477
486
531
559
589
2715
2620
2810
2809
2774
1005
382
425
433
443
1023
1470
1130
1127
1475
545
359
366
386
394
408
1271
1477
1444
689
570
524
1454
913
300
298
353
324
307
327
311
470
588
265
450
1597
1285
1411
344
310
317
324
333
345
353
361
371
557
495
502
510
572
1467
1537
1531
1656
2806
2737
1312
429
473
1684
1318
1832
446
427
436
3151
441
3136
594
1428
1395
1497
1662
481
479
479
460
443
436
433
436
372
583
572
562
555
549
541
663
679
675
684
685
684
583
613
1575
3127
3000
1656
3058
1284
394
810
1189
3504
790
3483
1216
2579
650
488
487
965
1055
989
833
690
528
527
522
522
514
2586
3284
854
822
1403
555
574
3581
1060
1859
919
414
493
525
524
525
519
638
606
576
519
509
510
524
463
825
825
3871
2961
3901
572
560
567
576
583
543
551
565
581
856
675
832
849
2267
2434
2448
1560
2266
1751
1347
2259
1757
2238
1324
1987
1536
1527
2584
2534
1836
2358
553
591
603
619
643
642
743
900
425
505
542
554
1539
902
1519
1102
935
937
662
847
1294
2136
952
685
866
872
382
390
543
667
1921
1918
2453
1774
1348
1360
888
783
792
857
862
1326
1145
1488
1780
4422
4334
1481
1509
4441
801
456
1526
889
792
1245
766
877
778
590
1749
2070
1242
1612
1626
1728
583
591
599
729
676
725
733
625
638
2125
2869
4402
2184
3061
4333
924
1393
1418
1418
520
519
519
542
554
589
601
608
616
632
650
646
663
670
678
700
696
711
732
729
760
769
1260
1309
1316
1417
555
579
585
593
670
754
760
801
822
842
3598
2590
2216
1341
577
585
594
622
1410
4827
1304
2278
1351
1308
1292
1288
723
773
512
519
527
543
559
566
573
579
586
700
899
2219
2159
4952
2329
4975
478
536
572
739
630
526
614
493
504
517
537
501
507
514
848
1243
725
1254
657
5171
2379
4822
2373
4933
1269
1269
1269
1257
904
906
487
566
491
462
546
510
588
623
631
639
646
706
722
877
788
862
886
890
1971
2197
2549
2523
1181
739
500
521
532
530
545
567
574
581
628
735
905
904
765
779
792
927
798
2235
2145
2209
1263
1407
1429
1362
5153
1476
2740
2822
2298
1506
2253
2268
1409
587
597
651
660
669
692
705
713
721
733
752
760
603
601
587
617
842
2020
2060
2377
3892
994
982
988
779
1967
1307
1012
1444
1287
1009
2171
726
1464
1296
927
451
516
538
564
583
591
2049
599
607
626
640
648
657
900
336
342
429
440
446
484
490
508
513
629
671
2098
2209
1321
1319
1308
2293
930
935
1186
599
635
645
644
654
664
404
520
577
1258
1321
1329
1337
720
1253
517
1136
580
604
604
615
621
772
371
464
453
1186
469
490
499
693
1030
1106
703
388
397
396
540
556
552
543
542
558
562
2671
537
1134
1120
1227
1237
2589
1307
2630
2472
2264
564
405
415
436
432
487
454
503
503
514
538
550
599
2140
349
360
361
397
405
446
446
447
445
514
592
2033
1356
1375
1337
1374
672
686
772
686
693
1082
1095
1095
1092
805
354
362
374
382
400
443
450
458
487
555
1688
2288
1776
2263
1099
2491
623
652
658
731
742
591
470
597
414
428
426
440
519
588
669
670
593
682
751
1654
1171
1544
1303
1556
1667
1676
1676
1317
1866
1876
984
1339
1000
879
807
889
1222
1902
1007
1607
1032
1027
1042
1626
789
1030
1935
1643
926
438
448
457
473
1866
1047
580
439
447
796
888
901
929
531
1006
911
914
2031
1728
1723
2155
451
445
471
470
500
493
514
521
555
571
566
591
661
618
675
676
689
678
688
680
673
482
482
513
523
540
562
603
1035
1046
1431
1449
1460
2199
1227
1247
1069
1054
2051
1474
1142
1142
1167
1162
1172
1186
490
480
487
482
506
507
500
495
553
561
572
588
643
998
1004
935
1172
862
952
1202
1116
791
812
834
281
288
301
308
323
351
543
363
765
690
379
448
456
465
474
484
521
531
543
557
557
644
586
1006
1154
604
662
616
659
666
689
690
691
683
648
648
661
668
680
1127
691
895
1143
717
718
720
764
802
940
940
834
497
506
1018
1025
518
437
390
398
406
414
430
429
430
414
413
466
468
468
489
489
499
587
1008
1016
1097
546
569
570
1180
1057
671
686
1229
1027
796
1038
1122
1041
1051
822
658
836
648
1356
1543
1153
1561
1560
1384
1554
867
1098
720
919
1112
678
679
1090
714
2840
2547
686
2870
2762
556
563
551
525
533
541
531
563
562
575
1177
647
671
679
1180
766
858
892
893
780
713
1476
2987
1373
1316
2989
1240
804
921
1434
654
674
714
702
618
596
536
691
688
695
782
783
546
620
667
695
697
688
687
837
829
2192
812
855
865
849
1810
869
848
978
3068
2864
985
1408
573
799
617
2991
3026
617
624
804
768
780
878
788
2736
3161
3130
3175
636
619
510
631
514
684
534
526
527
527
600
617
604
592
624
595
628
614
591
761
592
686
638
702
947
937
2548
1026
965
864
738
652
641
646
723
1751
886
961
903
966
976
1912
900
930
2588
992
806
2877
1100
1930
2624
1950
2231
882
1992
972
702
707
597
2210
545
552
670
575
568
596
591
591
649
617
617
669
714
3044
2489
644
650
676
737
690
738
756
755
753
766
1108
1872
1288
1081
1111
1099
1093
1117
1117
1072
1233
1115
1198
1130
565
580
2136
613
612
697
1072
559
542
557
553
547
505
498
482
579
592
598
606
614
648
1142
1309
1128
1059
2493
964
987
657
696
729
727
727
734
729
576
633
649
612
1035
1110
1076
797
649
727
419
418
433
440
519
517
386
394
403
412
437
446
454
800
1201
1214
807
1058
985
647
659
680
759
460
532
497
526
405
423
449
457
468
498
501
484
516
496
590
516
593
590
539
573
544
542
606
902
1307
1222
1201
888
694
508
449
454
450
469
480
497
492
511
522
534
542
554
562
569
576
605
607
1263
1274
1432
1265
1028
1027
665
801
771
649
1088
1085
665
726
734
733
745
574
583
585
582
601
1233
939
1114
1168
1125
1243
1249
782
1343
903
888
862
927
933
706
701
706
583
591
598
635
632
652
659
667
673
769
1488
987
1692
1846
1943
1880
1005
998
1858
1102
1056
1011
1056
1026
1885
1920
1883
1895
1929
979
990
985
876
966
930
1115
1419
1559
1289
1282
1302
1422
797
798
732
746
756
730
737
808
2042
1805
1616
1595
1323
1362
1363
1309
1353
1814
1823
1356
2071
1834
635
654
664
803
1538
1546
1214
1219
1205
811
816
856
590
600
616
624
638
645
675
712
703
702
701
1764
1609
1096
1786
1371
1354
1367
1115
1042
910
1071
725
762
811
821
811
787
881
805
878
818
632
1024
598
608
671
670
667
660
540
545
556
574
581
571
578
594
601
624
645
644
643
868
1699
1173
743
798
1171
808
1167
827
837
813
1747
1791
1723
576
588
588
598
615
611
619
632
669
676
724
743
793
835
633
883
873
931
938
961
1814
1016
1316
501
634
577
572
638
572
601
601
627
651
659
671
689
697
704
793
809
560
567
574
866
874
859
860
879
879
879
688
626
537
1804
1815
1694
1624
1812
1737
919
911
561
1255
767
584
592
573
574
828
690
723
722
721
719
705
804
891
891
899
893
910
896
504
517
528
537
633
647
662
680
1663
1809
1929
1860
1937
1752
1932
1999
1113
1333
1334
1328
666
673
768
767
788
785
785
784
804
819
882
884
485
560
558
643
780
788
1317
1287
1275
1475
635
437
453
477
497
569
392
401
433
439
455
461
471
643
1434
1365
1257
1607
1574
1392
1279
962
1113
1263
1273
1119
1131
1256
1129
1137
491
549
609
799
810
629
1471
1525
1053
1257
1264
462
466
471
478
485
491
1090
1199
1048
1264
1275
1119
841
1126
1136
1686
413
456
465
474
1084
1260
800
809
638
392
393
414
415
410
472
1596
1119
683
709
707
708
578
1247
1204
1565
1206
1201
1207
1270
1293
845
1258
1275
860
362
368
422
427
433
440
452
460
467
474
492
501
510
517
529
535
667
1233
1236
1364
1353
1421
1420
1383
1133
1614
1359
845
854
1269
1458
1008
781
1775
1329
1341
1309
1034
1341
1320
1308
1359
1810
1514
957
632
610
965
1677
1338
1334
1344
1382
638
636
645
644
726
500
500
513
536
550
547
559
567
573
580
635
645
646
766
1265
1604
1584
1614
1798
1515
1481
1104
877
1076
1075
899
1078
1077
1094
1315
1570
986
1099
941
1511
919
933
939
1517
1368
959
952
951
1794
1394
1395
968
1568
609
619
629
643
665
682
690
753
795
1382
1564
1844
961
963
745
755
779
788
1363
774
855
946
952
629
637
661
656
656
679
691
698
1669
1540
1562
1686
1563
1563
1468
1702
1240
840
526
526
526
519
537
524
524
558
565
576
583
593
601
607
615
625
633
639
685
680
667
674
682
701
721
729
765
746
745
837
837
888
612
638
647
789
887
780
545
557
566
573
581
609
632
652
1426
1758
1628
1650
1656
1662
1652
1876
1587
1779
1663
1677
1805
1677
1684
1878
1307
1327
797
877
521
484
1360
745
618
577
549
540
539
1385
1384
1746
2125
2006
1984
1891
1902
1288
1284
1415
1362
1312
719
718
751
706
796
701
759
836
785
818
836
1338
1533
963
922
919
931
677
692
581
510
526
543
574
579
589
596
610
620
622
634
641
652
660
672
682
692
1508
1434
1293
1260
1266
853
1296
1282
1297
867
847
840
849
891
892
577
541
565
565
582
605
635
660
668
676
768
799
1161
1421
1288
1411
1254
1430
1446
1213
817
767
812
485
494
503
513
532
525
542
551
563
565
598
588
621
1164
1135
1134
1123
1217
1154
1178
757
896
905
694
710
704
756
453
459
465
477
1333
1333
1348
1437
1349
1565
1303
1302
1351
1359
1181
1179
1363
1122
1163
1172
808
819
583
589
595
583
590
584
580
577
576
574
575
622
628
634
640
663
703
710
716
722
731
743
760
772
789
804
1463
1704
1698
1711
1716
725
830
1218
1482
1161
764
754
761
766
771
608
618
626
758
1409
1762
947
954
1142
1362
977
1246
1154
1600
1317
939
801
818
680
1143
459
1128
477
490
489
527
506
513
648
1124
1136
1144
1176
1223
756
1106
762
641
649
668
676
711
690
698
706
723
721
722
739
796
866
868
492
994
1173
816
845
1147
949
709
705
701
701
705
701
749
744
751
767
1207
1262
920
876
884
879
692
1107
1242
1253
1027
968
974
795
814
826
1070
942
659
649
663
675
683
655
662
739
753
704
703
1671
1565
1536
1521
1561
972
635
647
641
642
722
714
734
648
650
717
644
698
718
709
731
721
753
772
757
796
814
800
869
630
643
648
661
665
671
678
684
779
741
1698
1763
1718
1714
1758
1196
1205
1211
835
808
808
908
908
779
1725
1377
1336
1473
1335
1826
1376
1500
716
631
711
634
633
623
621
615
733
751
758
766
781
806
636
637
587
595
584
612
647
707
651
662
644
639
800
818
492
483
490
544
543
533
561
628
572
586
620
639
866
795
758
746
683
1113
1535
1325
1547
1553
1417
1416
1142
1041
1293
1000
1006
569
1198
1196
758
765
1221
610
609
627
727
949
945
1253
1620
436
450
461
492
498
505
517
542
552
594
1242
1189
1246
503
512
518
535
580
642
761
741
738
753
792
790
798
1234
1251
1249
896
1275
1264
1274
1008
1286
1323
1322
1389
621
633
726
1212
1244
1246
1245
719
794
781
782
935
941
948
954
960
438
447
483
533
501
514
555
523
529
568
547
580
595
659
599
650
650
625
644
690
645
694
649
719
740
764
790
798
1877
1904
1891
1916
1903
468
475
484
777
754
1344
1261
891
900
906
932
933
681
721
742
514
946
1238
1846
1753
1824
1620
973
1241
1305
1305
907
907
946
705
726
1055
1100
468
465
1079
997
1084
1436
1100
1143
1096
1102
1159
1149
1550
1587
803
784
1067
1183
1191
1489
523
523
525
562
897
562
562
573
565
739
860
791
905
905
902
1505
1275
2063
1520
1298
1436
935
1454
933
626
656
671
2173
2118
1782
1347
1713
972
972
969
975
982
992
994
748
758
766
2263
986
2297
1899
1018
1925
2276
1335
1924
1580
1562
1572
2294
1030
1028
1027
1580
1454
1483
788
796
804
811
819
841
1504
1435
1496
1497
935
944
951
961
966
640
640
634
632
725
709
716
753
764
872
903
920
974
2083
2538
2424
2124
1679
2145
2169
1734
1455
1660
1532
2122
1680
1691
1822
2361
1493
1078
1598
1577
1652
554
562
611
642
649
669
680
691
702
718
717
733
752
748
775
783
1586
1713
1641
2452
2393
1641
1605
885
871
949
1113
1110
1104
1136
1178
654
643
631
681
678
648
703
712
845
879
2721
2170
2581
2841
2086
2292
2469
2302
2307
1305
1015
1076
1082
1135
1147
1170
1184
1194
1202
1214
558
571
587
598
610
621
630
638
646
654
661
2404
2043
1914
1519
2178
2399
2611
1233
1288
1268
1283
2210
1544
1283
1538
1529
1550
1531
1543
1094
1184
1161
938
1259
1263
1265
1262
1270
1267
1275
1135
856
905
1021
610
459
625
461
516
525
520
607
520
564
522
520
518
508
658
654
653
637
601
593
593
592
704
715
1097
1602
1601
754
1026
874
848
1968
973
1622
1038
799
837
882
848
855
871
877
1617
1376
1319
1665
1665
1467
563
563
564
564
585
918
933
858
743
727
625
719
621
721
726
1486
840
1515
853
1580
1334
1375
1591
1596
1389
1013
1201
1205
1026
582
600
1422
1412
1413
1535
952
1432
1380
1614
962
1565
1628
1668
1699
1869
1491
1599
1403
987
687
1388
1462
1363
1219
799
1223
1218
1454
1230
1238
874
881
630
