180
198
304
182
177
174
207
228
232
293
230
238
222
260
247
310
217
203
233
231
245
203
204
236
319
220
233
295
200
215
332
210
210
237
206
259
213
199
186
261
144
167
141
148
138
150
249
278
150
301
183
147
154
166
307
164
152
177
167
155
183
209
231
183
225
174
172
189
210
177
235
170
258
194
197
204
215
202
202
279
197
222
192
272
266
217
238
231
280
199
197
236
367
275
201
199
220
267
336
193
212
204
267
194
202
214
260
303
205
271
170
212
197
186
176
252
180
214
302
319
190
179
167
232
170
202
190
266
242
191
194
301
202
189
208
192
260
191
321
190
199
183
227
312
170
195
253
239
178
295
189
299
186
193
200
146
225
358
172
309
190
155
162
172
263
192
233
152
182
174
153
141
171
190
268
179
240
179
170
186
322
332
259
201
199
234
266
233
200
219
204
298
272
212
226
251
219
211
223
261
221
218
203
193
200
240
320
356
271
211
198
324
305
206
287
196
334
196
197
199
413
192
405
390
200
201
277
278
234
268
228
230
192
202
371
270
204
252
249
213
390
207
215
295
354
315
219
211
221
273
250
332
316
279
238
366
314
325
238
251
219
218
218
278
245
215
267
231
183
184
285
186
216
300
274
267
249
228
306
225
201
216
231
202
308
196
211
196
259
413
242
187
208
215
189
235
215
205
165
141
227
212
193
322
137
136
160
158
144
154
133
340
268
170
153
290
289
305
231
173
176
213
202
290
397
208
194
215
345
198
326
261
225
197
359
233
226
242
202
208
298
227
327
300
191
284
187
201
377
224
195
197
185
326
208
196
298
277
351
196
209
353
378
353
358
202
245
233
206
224
270
198
230
168
215
409
202
232
136
338
202
193
437
210
333
451
231
303
232
290
214
228
229
325
154
161
254
179
177
199
207
218
176
401
172
360
377
265
263
209
258
276
378
225
210
228
250
221
302
244
219
214
225
212
414
212
261
346
267
266
249
248
239
248
257
268
409
386
240
306
303
356
412
254
460
233
240
286
216
423
271
294
248
191
191
366
210
180
237
264
288
207
452
202
222
239
183
195
150
392
155
330
419
189
330
164
164
216
204
214
196
321
470
171
261
278
317
209
439
256
204
209
227
248
256
186
307
199
240
231
186
194
184
237
204
154
164
176
274
174
243
204
334
182
258
179
315
313
225
206
290
204
188
234
296
246
242
238
205
212
351
229
367
272
254
250
323
271
280
277
253
504
254
195
201
208
230
381
250
198
253
260
514
315
368
535
232
218
299
197
157
232
264
348
166
215
239
352
259
259
259
381
202
382
195
177
163
232
203
178
193
258
235
137
98
110
103
237
203
334
237
261
166
279
191
231
268
260
226
278
268
255
232
304
5602
383
216
1882
687
684
230
292
226
224
244
228
274
286
227
355
284
249
267
230
262
304
250
260
266
446
399
258
288
310
390
223
388
254
254
228
377
216
225
293
241
373
233
395
204
231
242
243
474
235
308
411
252
247
207
204
202
244
405
258
243
514
197
299
329
387
407
236
395
237
241
335
301
247
228
249
247
283
421
225
225
278
245
219
227
233
276
281
325
232
533
421
199
250
156
248
336
379
331
271
242
272
309
253
252
290
193
345
228
237
408
260
394
223
231
283
232
285
316
252
309
324
390
295
373
268
256
292
445
295
357
286
279
296
306
344
337
366
273
283
345
402
305
382
306
341
317
331
488
459
324
332
353
280
355
387
278
279
433
315
524
502
306
505
324
462
288
460
369
404
454
360
317
308
325
269
278
314
443
608
245
269
403
328
268
316
314
257
434
248
244
334
246
605
616
236
465
437
609
327
495
259
618
263
320
317
465
384
281
289
456
287
285
284
388
250
259
296
296
602
286
416
267
284
216
229
375
276
273
273
408
279
322
517
204
402
203
212
230
274
244
209
457
232
278
376
298
263
560
221
247
265
240
217
349
270
322
462
362
314
250
233
253
343
295
213
625
559
225
262
274
264
387
275
361
432
247
217
318
252
284
356
237
310
297
240
263
241
378
228
250
227
233
258
388
397
246
253
294
250
262
431
292
237
381
352
384
279
323
318
231
418
267
570
560
229
224
209
569
221
302
215
221
258
241
307
294
310
238
353
387
263
370
269
263
226
224
569
359
386
392
264
280
293
243
246
245
236
258
280
244
269
262
396
394
404
250
292
395
297
308
254
270
302
307
397
290
412
280
365
281
545
388
265
272
241
240
326
493
244
281
269
255
390
288
292
326
267
337
292
416
415
437
345
262
312
237
417
281
281
263
233
372
265
555
241
244
240
265
624
282
278
372
567
600
476
468
463
321
475
321
288
308
249
322
404
485
420
303
431
275
352
342
285
292
368
258
287
297
310
466
259
278
289
472
365
631
599
268
298
481
273
289
356
395
2030
397
1828
512
534
2256
323
2070
343
361
347
326
525
426
373
658
689
688
377
387
427
373
380
450
698
942
405
569
403
1973
2288
1445
1194
2032
649
649
417
416
408
480
529
425
648
376
430
613
474
485
747
576
306
318
328
278
291
301
318
335
345
536
494
295
419
516
522
429
373
288
751
336
396
636
628
280
303
311
686
368
584
282
295
324
269
280
684
303
311
319
250
265
379
288
402
300
758
279
287
339
313
290
770
513
259
592
578
330
287
248
249
891
409
424
335
286
300
786
403
454
485
302
505
361
315
476
476
491
419
314
355
327
302
479
497
498
498
322
372
503
414
571
516
476
389
902
339
470
300
308
360
268
434
411
292
441
343
496
290
443
307
297
715
312
283
281
344
304
328
378
306
456
723
465
521
345
421
304
336
321
354
519
284
284
324
382
390
337
500
832
302
285
359
304
256
288
321
242
225
254
226
360
211
206
227
365
499
230
273
377
263
420
452
200
239
247
199
509
199
227
257
230
292
268
359
488
524
998
1025
408
1036
305
1004
291
416
309
290
327
422
338
1096
383
220
232
248
312
263
286
338
327
379
915
207
300
315
244
264
275
248
394
316
343
362
168
1106
1147
278
301
194
208
1184
968
388
336
208
217
227
478
453
419
222
963
219
240
233
492
527
572
238
807
264
262
257
232
687
220
221
273
816
759
275
317
202
215
273
274
267
306
728
862
277
276
278
256
413
254
709
624
598
349
349
305
444
460
479
465
330
343
314
445
451
359
295
303
708
343
352
412
280
341
294
289
364
347
402
444
547
505
419
593
389
277
321
413
399
294
469
452
382
475
358
314
485
234
224
239
298
335
315
214
230
269
582
282
583
306
306
288
278
285
339
395
493
634
395
308
349
251
514
399
476
363
255
219
338
588
657
288
224
309
220
235
216
318
739
221
219
246
409
705
299
213
253
381
719
565
205
192
427
207
354
264
219
216
207
198
232
226
216
355
355
220
232
216
223
367
403
347
405
215
511
233
280
222
228
194
262
367
250
295
422
224
347
206
214
334
225
253
246
243
235
245
243
366
382
368
487
479
304
529
518
507
279
304
318
326
363
396
251
252
253
280
292
318
413
311
225
238
296
347
335
292
459
280
380
228
243
308
437
277
377
354
475
493
267
260
220
263
289
408
214
202
209
402
208
394
254
230
269
197
404
250
190
201
201
215
227
240
443
193
271
225
414
210
310
296
520
421
196
197
219
198
204
334
246
204
382
540
413
199
223
248
299
225
226
276
261
368
215
218
211
229
369
248
240
349
276
250
257
208
208
237
233
260
228
242
242
410
410
207
232
300
181
246
211
218
224
370
455
378
205
397
194
295
218
350
263
247
213
234
290
274
308
222
235
319
257
231
260
242
210
384
488
334
437
229
224
213
277
284
279
276
217
212
208
325
192
251
184
254
385
222
230
239
416
291
407
214
190
197
197
189
267
189
236
227
305
279
308
338
273
467
227
382
282
217
229
332
372
225
364
460
440
308
266
318
361
363
413
311
293
280
460
282
416
315
289
412
279
301
419
299
299
337
454
448
325
388
322
283
298
340
341
278
285
310
427
248
437
450
237
252
261
277
287
230
326
351
489
248
282
199
225
454
391
316
302
235
255
195
195
462
449
265
198
198
227
478
271
261
498
579
547
495
187
210
193
204
263
301
293
360
284
199
469
251
558
221
177
195
217
212
220
242
168
186
363
218
236
178
185
221
223
350
343
171
173
174
453
216
367
284
182
181
198
196
212
375
390
221
246
223
233
353
394
558
229
230
474
265
524
252
411
288
294
406
250
266
265
299
268
288
544
401
253
264
276
324
238
251
285
583
394
316
426
417
544
297
280
274
275
275
421
331
393
250
237
390
253
245
583
591
575
344
449
288
391
261
268
278
407
294
278
481
544
400
234
256
328
610
446
304
251
296
287
390
239
248
265
543
429
413
612
323
236
627
300
391
400
255
553
296
264
251
259
254
308
225
263
383
528
396
378
230
246
254
316
373
304
296
297
434
248
260
247
307
252
242
346
213
209
205
219
254
251
211
224
566
335
547
326
540
258
233
265
235
260
247
280
549
434
401
248
284
293
442
242
314
334
477
267
385
299
298
550
281
252
259
270
231
308
271
298
294
443
365
249
276
243
532
551
253
369
212
230
275
203
225
433
231
206
456
286
212
305
407
358
408
228
222
291
277
446
236
268
239
347
382
273
524
255
239
250
219
307
422
430
383
301
401
310
3601
4834
5433
5434
536
5209
300
4600
3559
330
2723
644
927
4019
505
312
4033
1851
1179
4043
3610
354
407
440
460
400
660
328
5808
354
411
409
5577
406
916
5142
4697
453
376
359
349
379
397
376
406
341
289
390
438
325
382
337
479
2952
1359
392
324
365
4122
1675
2624
606
459
2534
331
321
330
336
349
369
409
309
333
327
333
354
489
499
687
603
1796
4376
736
661
330
342
353
365
376
383
423
310
397
436
711
826
374
851
646
693
320
350
331
327
356
623
661
758
461
770
472
654
364
382
395
308
383
478
594
851
386
393
447
293
300
340
332
353
366
387
435
220
231
257
289
324
620
577
386
371
814
614
394
333
262
263
824
262
267
306
372
600
283
285
269
761
367
287
298
307
341
624
287
280
287
626
381
347
344
659
557
635
391
401
515
340
645
405
397
444
447
389
380
400
621
635
675
643
645
696
687
596
673
362
414
724
723
782
817
615
417
470
478
528
435
367
374
481
634
621
435
408
481
697
710
529
398
724
724
550
356
366
366
339
430
491
616
461
537
653
306
333
343
357
366
386
413
791
821
592
303
839
778
303
399
521
381
296
313
323
271
307
305
305
304
336
414
350
257
766
493
840
761
352
260
273
307
315
361
359
909
987
917
831
758
844
1002
430
379
430
901
356
478
479
729
413
422
473
509
477
415
346
405
404
498
336
644
398
389
402
375
678
829
501
476
461
397
468
429
918
424
399
412
430
385
379
339
356
441
418
447
474
488
488
713
848
1184
913
729
1182
586
587
377
362
389
331
383
384
436
430
440
531
1251
1293
1054
1101
1143
1191
1307
566
641
642
947
779
353
415
381
462
460
552
503
656
427
365
409
788
798
844
859
597
582
584
925
1261
405
416
1101
568
461
579
580
594
255
264
275
501
376
300
322
331
339
347
356
618
610
634
215
287
465
452
1149
1141
483
468
379
301
310
320
462
711
448
583
474
536
478
478
544
1015
1013
419
412
451
374
374
375
384
374
383
536
387
389
314
326
338
349
551
527
850
850
815
970
704
519
817
327
338
347
361
383
373
850
264
275
291
298
337
365
491
366
506
605
457
383
1273
743
541
351
798
1309
757
875
580
935
883
682
681
353
586
624
548
1028
568
1030
492
645
381
352
360
501
514
650
677
296
321
320
298
297
319
348
349
359
376
375
375
414
626
586
508
354
328
279
314
313
337
336
557
742
688
293
289
280
487
642
627
2703
382
397
252
277
285
275
298
594
2410
376
325
367
611
370
312
308
265
264
622
655
268
255
256
370
638
653
719
625
268
300
649
563
658
726
385
258
397
862
465
427
567
188
201
272
215
241
229
241
260
268
277
310
367
340
352
351
619
613
453
656
162
169
168
182
162
169
176
432
432
388
262
270
278
460
327
321
328
335
359
384
459
770
561
788
796
792
574
600
248
245
567
560
716
997
363
309
813
378
607
1040
1029
822
1017
652
1122
649
454
638
770
658
1055
700
697
814
1107
892
620
628
387
308
307
352
367
377
755
280
302
299
344
684
383
442
393
436
434
822
286
283
293
322
331
343
447
457
284
283
269
280
301
312
320
1301
720
759
731
1358
348
672
283
289
297
315
336
751
969
772
338
802
421
449
440
840
897
597
309
309
309
308
310
309
309
309
354
354
354
369
376
384
259
268
289
769
583
420
427
314
343
354
362
439
236
243
281
297
681
924
485
377
806
244
255
265
269
282
282
825
1124
257
273
359
288
365
762
762
775
754
454
638
875
482
495
782
781
452
367
774
435
401
669
552
265
283
291
301
312
730
515
387
388
534
252
267
275
281
289
317
366
870
905
322
261
260
257
299
608
863
547
427
575
455
178
197
209
217
231
668
379
434
431
642
295
236
249
256
276
228
234
731
378
400
706
842
537
1493
392
618
1349
628
625
426
499
447
447
514
438
444
486
675
525
686
773
905
259
357
362
360
372
423
350
734
349
397
358
365
711
1791
234
271
305
291
309
315
341
399
417
469
252
393
328
424
593
292
414
655
269
397
370
865
335
899
257
300
474
450
445
472
473
1911
301
299
307
389
1119
1781
973
660
703
738
353
363
363
330
674
744
1222
2058
1020
1993
793
700
660
351
359
411
397
481
433
1046
1168
494
478
1287
958
693
734
870
272
268
275
298
337
1057
354
384
416
424
563
971
1139
1119
1162
1009
674
586
495
1162
678
679
276
284
292
347
367
1205
419
309
317
1100
1187
462
1353
561
1122
1257
505
563
568
275
347
1210
470
493
567
573
533
446
694
718
713
727
307
304
319
325
337
505
690
696
361
295
308
360
302
301
630
625
728
529
291
376
729
469
749
363
254
303
348
357
291
517
746
1003
879
886
801
578
980
986
496
503
695
530
548
279
301
317
339
340
340
367
393
409
912
862
1043
1092
1050
1038
328
843
764
763
940
986
1114
1053
1056
1107
1133
516
554
563
401
414
452
260
310
340
338
359
512
558
260
266
381
775
862
746
752
511
782
736
677
813
689
683
593
557
260
366
560
549
606
606
834
377
670
749
781
640
562
745
740
371
802
830
792
297
296
842
320
334
341
350
849
914
301
344
363
372
382
314
321
748
780
366
366
323
336
681
352
365
373
382
712
393
279
293
296
297
330
316
348
361
372
383
414
271
290
281
291
292
311
326
334
331
349
358
474
490
921
923
970
570
441
896
942
956
800
578
455
456
530
352
359
365
372
383
385
395
404
411
419
441
470
1142
1060
374
382
1149
1146
417
440
1149
1126
1123
850
825
570
744
632
639
389
1049
1086
1094
1062
803
814
498
529
840
693
1140
1135
1073
781
783
779
447
447
463
490
499
507
520
549
845
629
625
952
1115
903
985
430
442
467
484
577
601
797
563
571
580
589
391
405
413
442
450
458
502
511
520
542
569
901
1135
1131
458
365
372
381
436
446
460
469
930
634
285
314
373
397
398
394
394
420
669
610
608
1097
1314
1204
1253
606
393
339
374
390
401
661
668
668
671
625
628
639
683
691
697
997
982
1029
1079
553
565
563
578
585
690
597
390
472
542
901
711
961
748
634
759
1147
748
644
635
478
488
575
1076
1066
1107
1151
1159
1170
1179
1187
1195
1215
1207
652
633
641
655
655
668
758
1425
1408
1455
1039
1096
1116
1097
1128
1136
1143
676
511
552
1115
1530
1220
691
679
690
422
435
444
493
509
520
654
1486
1534
762
662
1575
1616
496
485
499
503
424
451
437
445
473
505
501
520
534
705
689
1681
679
343
352
362
369
381
388
407
425
1659
433
445
674
610
657
1698
1751
402
1575
665
430
487
1608
396
458
409
401
394
402
409
1130
1139
1794
519
1242
1167
1162
1161
474
510
902
914
1020
1081
945
586
596
595
381
420
464
472
530
675
1074
1412
1083
381
381
547
636
1174
561
1104
585
642
590
599
663
669
387
423
439
448
466
473
513
1509
1249
1266
1276
1517
1243
573
651
658
703
381
389
404
412
477
511
464
542
1496
1493
1113
697
699
1465
1517
973
1142
995
1475
439
446
477
465
464
484
543
382
381
442
453
461
471
485
628
619
701
646
650
401
410
505
546
567
575
1406
1031
1281
1604
483
957
649
685
354
376
386
395
403
469
1339
1544
1119
1065
1121
950
1137
1143
1035
1356
1355
1037
1160
1400
353
1092
304
369
391
402
410
992
424
640
1077
1085
582
664
726
486
980
1009
1006
1049
1042
448
1028
364
1061
646
976
316
394
658
394
932
397
947
955
405
973
324
917
486
561
481
479
583
579
495
512
602
600
997
374
530
404
427
568
496
334
330
353
378
378
401
394
413
408
995
288
302
311
322
329
336
344
351
357
370
382
409
407
406
431
431
1160
1165
658
564
766
1274
1013
557
950
648
949
576
606
614
253
246
287
287
298
308
326
325
340
426
428
620
638
795
492
636
643
850
392
409
402
420
773
911
1068
1111
1110
1109
918
929
602
895
466
473
485
485
497
513
534
606
781
821
902
560
575
789
805
325
332
512
568
586
400
386
395
414
677
670
447
575
860
677
508
536
510
505
495
492
555
554
555
580
828
837
693
835
540
844
548
548
386
383
408
405
420
437
443
478
438
711
727
612
478
371
360
415
357
358
357
414
412
415
491
504
668
769
680
464
465
532
485
476
538
517
536
522
543
543
580
581
582
602
602
758
853
514
460
812
516
516
516
454
289
297
310
334
383
345
386
359
387
403
413
974
447
458
458
495
495
494
490
526
516
517
550
687
666
836
971
972
972
985
987
977
995
971
864
796
804
728
703
340
624
494
528
371
784
670
787
395
1038
908
820
1029
542
539
540
943
896
720
548
967
493
640
643
655
935
1002
769
1083
427
370
379
762
414
509
631
629
600
434
442
448
479
485
491
506
791
555
1118
899
834
1147
459
476
464
589
547
521
592
488
487
438
454
448
493
776
1180
956
410
425
439
431
460
440
532
681
681
624
487
413
419
430
436
444
451
463
468
580
716
1333
734
895
412
426
437
445
452
464
511
792
526
407
397
395
393
380
394
451
449
448
448
448
448
481
489
326
1459
1456
329
1485
644
636
686
1225
1248
1230
1373
669
736
689
695
739
603
508
537
304
305
310
312
266
265
263
462
452
338
845
445
500
659
665
512
926
497
946
455
474
493
618
526
281
277
506
984
1625
525
692
514
527
550
551
1049
463
477
536
422
1012
334
326
466
510
617
617
495
520
437
1034
732
552
528
809
654
674
401
449
440
588
778
1071
884
737
1221
817
1187
1285
1271
831
1140
1169
1292
1299
702
879
802
894
394
408
422
500
532
588
597
612
620
682
799
865
663
675
687
700
710
720
722
744
753
761
769
792
865
996
327
334
1186
878
761
691
654
846
866
382
416
430
569
813
836
596
720
816
1287
1144
1092
1094
1145
1096
777
811
460
469
479
492
491
1085
449
1147
1039
886
718
1128
721
585
597
1408
1162
1077
627
743
596
568
821
1103
1005
1099
808
1235
1030
1137
1244
1221
1239
989
1349
1268
1200
996
976
1211
1207
1285
1282
1233
623
619
722
1460
1449
1390
1468
783
1521
743
477
554
622
1553
1380
1358
318
327
378
387
398
433
422
433
461
518
533
551
548
1122
1196
1287
1447
1551
379
391
298
313
332
350
359
367
375
382
410
402
418
426
447
456
453
476
490
569
591
700
1638
329
337
351
366
364
378
391
400
409
823
874
801
842
1755
838
804
818
807
892
901
493
489
490
512
556
581
1453
370
422
1712
1573
1677
451
528
1509
1761
462
1701
1771
1519
1045
1732
1616
1627
1021
1680
1052
976
1563
969
690
874
594
424
432
1080
828
1094
1090
977
979
1001
612
614
533
520
530
571
1209
607
1142
1196
919
605
1897
933
791
1259
1267
535
713
713
714
615
508
488
507
1180
1337
1188
698
622
614
420
427
508
516
1028
1189
784
647
1278
471
530
560
1298
1268
1229
1106
548
550
488
509
640
559
580
588
716
716
954
1020
1035
569
547
554
582
572
580
597
745
684
712
734
773
1125
1126
944
1091
1149
953
1537
1020
1229
1021
854
1014
1051
626
660
779
538
544
553
575
582
639
638
637
635
666
675
684
693
761
807
544
544
563
498
570
659
692
1265
680
655
695
750
947
949
392
400
408
632
642
652
1192
1322
907
1224
907
1350
1306
1354
1206
1357
1176
945
1006
1019
423
1469
432
1430
843
803
1337
1403
1275
1379
1341
1345
770
1254
876
1440
789
825
1260
917
799
1144
1328
1301
938
885
420
427
433
441
453
489
498
509
518
543
552
559
570
892
1406
1434
1037
1408
1201
1259
1344
1337
788
892
324
1327
1294
649
665
1364
466
482
478
512
506
506
666
1362
709
722
618
385
394
413
611
613
587
1188
427
408
393
410
417
376
390
401
400
410
993
1024
815
596
749
758
814
809
481
512
530
778
829
929
520
527
943
471
477
527
462
515
505
547
482
541
885
563
496
507
515
524
323
383
383
383
379
427
437
446
453
458
494
493
492
513
521
528
538
543
559
568
996
938
999
927
1001
977
1014
998
852
318
325
331
400
414
426
451
475
568
625
645
670
798
305
339
346
355
365
372
383
382
1174
951
1214
954
766
775
493
316
345
343
343
342
648
756
798
1225
653
812
682
781
695
688
683
622
808
811
619
759
676
683
1014
1002
544
568
1092
1121
525
443
606
1114
724
1128
739
743
384
384
398
406
420
1535
420
442
1148
1141
531
647
655
549
557
671
513
521
538
1167
1153
1115
871
922
1121
1127
941
1208
554
772
686
796
498
506
1488
977
1830
1244
1238
1876
1047
989
989
934
606
653
787
577
610
1754
1644
1417
1005
1168
1580
990
821
808
589
571
623
625
612
612
531
531
544
552
596
570
571
789
1974
1066
1824
1503
1502
1648
1644
773
844
349
378
372
372
372
399
841
835
844
857
545
542
539
536
1085
537
516
514
514
509
503
500
499
617
1236
638
632
642
786
744
448
456
330
340
366
369
370
1058
889
391
571
403
410
418
436
444
453
1176
1181
894
485
492
500
508
515
526
536
545
1113
1098
562
581
610
622
983
890
890
906
906
918
813
819
1159
687
1183
666
791
939
1022
592
601
1046
688
1051
1051
990
1083
1236
917
1089
1217
564
561
566
574
1273
1234
812
677
583
1012
1019
1031
1018
1064
1045
912
553
604
610
629
1194
834
1060
1109
841
1099
1109
776
724
1107
869
868
633
497
570
543
540
538
520
613
763
744
613
570
793
610
549
621
550
468
355
322
437
443
459
465
471
479
396
403
354
353
539
548
796
710
736
741
748
720
784
771
705
846
829
716
704
852
716
836
319
321
532
769
780
788
795
786
776
316
326
331
337
436
448
436
428
423
422
419
414
411
413
414
415
665
682
522
441
514
515
365
375
383
384
372
405
414
526
490
450
452
818
818
334
377
354
355
385
397
405
416
418
426
430
438
305
315
333
398
340
374
381
401
400
1065
873
473
881
901
495
912
905
968
459
514
353
350
383
457
535
456
446
473
530
664
677
610
681
1242
621
1000
853
707
1244
849
1237
1246
561
816
958
1008
961
946
938
947
962
1108
1151
520
495
530
541
539
553
670
619
1047
1042
634
1197
1012
1237
1242
536
496
530
571
491
591
588
590
512
554
561
567
591
643
1269
479
535
516
510
510
608
571
711
575
675
733
585
474
508
410
497
488
510
526
515
709
717
669
660
668
758
935
1110
1328
1117
1238
1232
384
449
457
425
423
437
436
477
478
471
500
498
528
538
528
531
559
557
567
669
1491
1536
1065
1145
1442
1504
1431
441
565
1101
1503
1453
1105
1363
1120
1445
1460
1086
1606
912
1116
792
725
799
809
808
802
800
538
608
656
981
1075
307
318
336
343
624
613
454
575
576
574
1134
1146
1143
869
1070
1152
1082
304
1063
1080
1072
1083
884
503
486
666
706
593
605
675
669
665
1157
669
568
380
388
389
980
1271
611
806
820
946
1020
1020
958
1084
1090
1040
844
485
859
1032
848
1045
856
908
470
475
487
532
541
548
548
558
559
584
481
498
525
575
604
485
498
509
384
396
506
392
369
369
370
372
365
373
382
375
374
479
490
469
524
552
559
1032
1002
1010
375
393
494
532
524
502
491
348
356
411
409
435
567
492
499
840
678
700
718
392
370
387
391
391
423
414
414
1145
1066
972
927
926
1115
1234
1195
901
1226
1026
1020
1131
1130
1057
727
1092
776
722
736
742
751
879
886
780
781
467
475
484
492
559
630
1071
959
1715
538
472
525
659
807
1062
971
691
706
1846
562
562
546
559
527
541
549
711
680
737
513
522
541
605
603
1630
2069
671
1638
770
2020
866
1529
2077
774
2076
1982
2089
1308
1300
985
1296
1342
757
1275
1495
1519
1707
1313
2088
1726
844
1355
1262
1357
1252
869
777
1390
877
2127
868
813
873
656
741
1143
802
1197
1336
1342
1358
1191
710
761
637
484
488
550
564
564
594
606
654
631
634
692
656
656
700
694
701
681
693
674
704
750
740
762
756
787
784
820
816
658
484
1308
1625
870
1511
1277
1629
1515
652
855
851
521
538
552
567
575
655
677
751
382
414
400
384
412
404
450
456
1413
1408
745
750
599
594
589
586
587
587
861
1080
671
668
880
686
656
1149
1077
1211
1218
1206
1199
1147
652
1150
1239
660
660
648
971
1336
1442
1370
1234
1411
651
1462
711
722
1045
1108
734
1519
1498
1488
1453
687
700
712
724
743
750
756
771
923
832
824
824
839
1405
1279
1279
1290
1299
1280
1287
964
570
567
583
618
604
623
624
785
694
695
696
793
794
805
800
795
762
776
765
767
764
764
918
1446
1728
1752
962
967
406
396
1638
420
393
586
1368
1387
1381
915
916
1388
539
1110
537
546
846
761
678
674
674
674
673
646
588
586
562
561
1632
1636
1792
579
563
563
564
564
566
1681
1020
1151
1115
1145
1627
819
999
985
551
540
328
371
1495
1061
809
1078
1083
653
931
836
1098
817
982
961
979
753
750
1153
552
1168
1000
436
448
456
509
517
525
533
543
1153
928
1024
1033
918
890
998
743
1166
580
1178
1056
1012
1011
758
602
983
594
493
514
534
524
531
541
541
557
564
572
579
649
663
471
477
1021
1017
492
1332
1149
1133
1134
1338
1156
1210
1073
533
666
1040
1512
925
921
945
1424
567
574
582
1135
647
653
729
735
1058
706
1599
692
751
700
725
723
887
1526
605
611
658
671
679
1647
1559
1110
751
1455
939
1290
773
1294
1411
664
653
648
665
676
660
1547
1141
1564
1614
695
774
306
334
333
328
345
369
508
508
508
495
507
507
502
502
439
554
626
627
617
603
657
667
667
677
686
704
713
720
728
737
749
759
767
788
887
897
897
919
911
918
860
341
1082
1110
1094
1120
480
850
767
776
873
871
466
483
472
466
495
495
517
518
568
747
582
760
742
927
1295
619
633
399
411
410
425
427
445
454
1058
508
499
524
537
1016
684
951
621
622
631
894
1162
1162
1209
1173
1211
568
992
1010
809
860
1193
603
1272
1052
1255
1412
1383
1426
634
902
915
915
878
1084
604
602
622
1469
599
599
618
629
1264
1266
1265
678
1283
1293
1287
1296
1288
1516
1549
645
640
634
624
624
732
1038
1570
845
828
755
776
796
710
719
671
668
721
696
888
708
1651
893
612
536
587
598
615
629
629
643
557
1454
1255
1469
1399
1038
1482
1436
1048
433
451
470
464
483
477
504
471
515
525
535
563
613
633
648
706
800
1423
1387
1746
367
374
381
388
395
403
425
584
662
1453
1448
1445
1374
1680
1729
1447
1735
1735
502
509
518
527
536
544
553
586
593
335
347
417
425
436
444
451
460
469
567
1278
1689
1311
1309
1328
1318
1711
1778
868
555
658
1075
1061
500
648
592
593
589
592
593
440
436
475
775
958
1299
1295
1304
1252
596
388
396
410
419
438
448
462
470
478
1141
1148
570
709
650
1338
818
1302
1275
671
671
432
459
475
486
503
499
508
595
778
949
818
627
664
569
615
1326
1130
1428
1407
1460
1419
1274
1503
465
485
485
593
1434
530
1437
1423
1515
1460
1198
1499
1474
629
1482
1459
1470
1242
1474
1399
1545
1550
1374
1391
1591
1401
1508
1559
610
618
609
711
878
891
685
725
1277
1334
1331
1582
1738
1672
1360
771
1360
1238
776
1079
1537
1599
1484
1202
677
977
678
674
618
617
642
649
645
646
644
651
711
467
493
461
497
497
493
567
578
585
593
601
648
646
676
676
676
1333
1326
1133
1144
370
383
408
416
425
433
446
454
516
511
508
522
597
690
896
997
881
896
905
908
920
922
911
1219
388
396
429
415
429
449
449
470
479
1732
1710
875
530
507
518
589
731
417
427
1892
1168
1194
1881
821
881
879
839
882
841
746
753
856
520
541
577
467
680
559
543
543
543
1227
1892
800
759
1973
827
706
1049
1923
1906
1209
1264
1247
733
836
730
1268
1279
854
863
1932
2008
877
742
759
547
560
568
583
614
606
613
620
641
2064
1338
1310
1346
583
583
583
597
1416
2056
2159
1311
1265
1245
1246
739
660
673
692
780
1258
1222
1202
798
791
799
1001
1342
1341
1019
469
478
485
512
521
536
544
568
560
568
604
611
619
629
635
640
732
755
756
771
772
821
908
481
538
857
1347
1569
1327
1572
1479
1590
1014
517
566
572
600
607
624
705
652
663
665
678
685
691
701
707
717
728
746
848
1549
1404
969
1032
1008
1039
816
484
491
494
496
577
585
599
606
617
632
647
1552
1111
500
509
518
526
665
1174
1188
817
824
1606
1339
1603
626
638
1680
1632
1641
627
1292
1778
948
1203
695
660
669
680
701
708
716
723
734
864
1825
1114
1177
871
847
1363
1451
1359
1371
1482
1377
1205
1204
1480
1501
1480
1495
1485
1392
1490
1516
1891
1548
1217
1090
1224
1039
504
500
543
520
568
560
580
750
613
625
626
647
680
689
699
765
711
770
803
799
801
1038
1234
1116
1248
1245
1334
1257
1259
1141
1339
1129
460
636
663
877
1066
1079
937
1099
1087
1596
868
1491
930
914
923
904
886
901
1119
915
513
575
1018
1134
1050
1144
1565
1299
902
638
800
823
1452
811
823
830
838
907
1063
500
509
849
891
1029
479
1621
766
1353
1538
1511
594
931
919
1614
804
1127
966
933
612
621
1153
983
1558
1876
1185
1106
803
1190
830
669
457
435
444
465
459
465
445
456
1480
1878
868
1818
1345
877
1282
645
1526
1164
1535
1748
1208
1533
1360
741
1231
1608
1301
740
752
758
798
798
1862
724
738
1990
742
1864
839
1428
780
793
817
781
1673
833
1278
1412
1356
836
1667
868
1370
814
859
1056
1555
1566
1563
489
507
527
526
630
636
1888
818
780
779
1600
765
825
797
856
768
683
682
1880
1876
1605
859
873
868
1498
894
779
843
745
1522
1982
1913
2076
2037
2036
2063
1205
2010
2131
1197
1671
562
595
581
574
565
601
599
597
579
633
575
582
550
639
901
900
914
905
714
678
688
1035
1042
737
732
727
1114
776
852
938
812
1243
730
835
1423
755
1073
733
667
678
1093
969
943
892
1031
813
807
833
957
909
953
1190
715
918
1182
1031
1164
1157
697
705
532
541
551
558
567
573
580
598
605
613
620
630
654
661
670
678
684
691
697
705
712
720
728
734
740
749
778
792
781
780
776
799
811
824
819
1107
1101
659
726
834
1099
519
598
586
608
614
907
1108
1139
734
976
982
1020
960
717
600
445
396
443
419
435
505
478
649
641
636
656
684
1354
1319
1298
1359
1366
1339
1309
1365
1312
1393
1350
1189
1373
1355
1386
1119
696
412
420
428
614
440
484
486
482
484
571
521
574
586
878
589
615
634
806
454
461
470
707
708
655
552
1200
722
976
1298
691
758
1012
1087
1200
1217
1220
1238
485
475
358
348
348
920
517
581
1306
809
1324
848
855
846
854
874
865
1113
883
854
856
865
501
511
476
505
527
491
507
1398
1416
1436
1341
1211
764
1229
1108
739
738
544
571
582
564
549
739
538
684
720
702
716
757
522
527
532
617
1064
895
895
849
822
906
1226
1219
1245
1242
1247
625
736
747
746
757
792
1389
1345
1001
1261
1539
1247
1294
1254
1290
1297
1281
1319
1283
1582
1321
1046
1045
1124
1035
1136
1129
1113
1146
1313
939
822
856
749
1069
941
1083
792
796
639
646
662
639
683
690
702
701
725
717
769
770
604
571
573
669
670
682
694
704
724
724
742
741
751
804
809
944
592
1126
1244
631
833
838
729
448
459
466
475
481
490
496
542
549
561
570
586
587
587
646
646
626
632
620
626
620
618
692
700
686
686
697
536
535
534
535
534
527
452
458
464
470
478
484
489
493
498
503
512
519
525
533
557
770
1519
1482
1541
1123
1544
1121
1121
1122
1278
1254
1283
663
687
730
441
451
482
484
486
503
512
514
530
541
555
552
559
567
556
578
585
591
824
830
1316
917
911
927
831
1314
708
695
857
869
859
952
863
665
426
441
439
558
1128
1354
1100
1125
1146
1130
1130
1308
611
599
605
612
621
1169
694
658
710
1167
1227
1237
1467
1257
983
1385
1200
1249
1405
617
710
715
741
657
723
694
999
1199
679
1589
734
688
727
636
676
1624
1694
1229
1706
1035
626
627
597
607
692
693
732
913
735
1296
1351
1013
1027
928
1036
1033
1039
1517
1137
944
686
1146
1515
1522
1151
776
1453
1470
597
591
613
658
669
675
681
686
693
748
754
763
753
628
621
1031
1019
947
1035
1030
512
506
505
589
610
692
747
775
1619
1794
1830
1630
1810
1794
1808
397
448
474
480
477
475
458
465
458
456
537
554
550
581
580
609
521
615
1063
1071
887
886
898
593
344
415
423
460
567
866
876
709
364
394
370
398
412
382
417
390
386
422
326
641
588
522
525
526
531
530
733
586
370
370
371
371
372
503
516
472
500
643
667
537
648
653
1330
1279
1271
641
1321
1302
1280
1285
1279
1333
1313
1331
423
434
434
443
444
451
457
466
468
479
661
1283
1291
1300
1307
1315
1323
612
614
616
602
603
601
604
603
707
490
518
528
535
542
549
557
686
1676
1671
1420
1426
941
1331
1340
1381
1388
491
505
505
547
555
574
583
989
1169
1212
1225
1251
681
688
785
805
553
620
679
748
1445
1748
1016
877
895
1446
1755
1460
1203
1741
756
760
720
716
1725
1819
1882
1820
1876
1863
1881
1707
1893
1874
1878
1818
1283
1829
748
1314
1306
1830
470
470
491
501
1820
1747
858
864
522
729
636
613
650
470
482
510
509
519
526
538
1882
547
556
675
654
399
540
589
621
494
404
404
422
539
510
544
482
547
454
546
1039
1046
769
770
1138
482
498
588
1675
1077
1208
812
991
364
377
378
389
396
403
411
423
472
472
468
455
495
505
1796
1844
2077
1309
818
2088
1591
1868
1604
1850
1580
987
504
512
610
742
1172
746
729
767
578
594
675
1723
1993
980
2031
867
853
2279
868
1392
867
1021
1022
1034
2070
1348
1454
916
909
1059
925
1814
2165
1298
2083
2116
2405
2142
894
1941
1484
881
891
911
910
833
799
747
574
583
591
655
613
674
673
668
661
670
765
745
752
2286
2513
1359
498
504
547
558
564
576
583
595
609
631
641
665
675
686
696
703
857
1614
1331
1468
1365
1565
1470
1469
1461
1637
983
817
477
498
509
521
536
549
562
579
637
979
2624
896
825
997
2366
992
1004
1015
1018
1562
1025
1301
1758
772
825
501
517
526
2543
1211
978
714
760
1000
1067
656
667
695
2676
1160
1228
477
490
489
519
544
557
576
588
620
1136
1158
1154
1153
1210
1041
1092
1037
1162
1173
1520
1520
2690
1280
1374
1515
2708
1530
576
640
668
1270
1555
1564
559
532
539
573
596
597
1246
2766
1247
650
645
536
1104
600
509
512
504
583
410
410
430
432
450
458
476
502
557
562
585
590
476
466
794
1233
884
812
666
1263
1540
1254
1288
1399
3057
1393
1305
1306
1284
1334
417
452
460
469
478
487
498
512
514
525
559
575
595
596
628
635
646
697
663
662
838
825
442
478
494
509
517
535
547
558
787
1348
1248
1387
1735
1016
1053
1039
1368
1772
1047
1077
1802
1785
1090
1418
1107
1123
1095
1094
2513
853
1023
966
1024
1040
1036
999
1033
1087
1048
1112
1127
1133
783
823
2368
929
1062
940
1178
898
900
893
617
708
1440
1422
1063
1802
1770
1185
1229
1921
1224
1338
1372
1497
924
931
1033
1159
835
861
873
897
817
831
593
610
605
624
2799
2874
905
2701
936
942
604
598
616
627
647
644
656
663
1590
1529
1625
1543
1531
2914
1628
1599
1660
1549
1499
1474
1473
986
874
2947
841
1446
1477
1251
706
751
2439
1488
1669
1322
1231
1565
2140
3010
696
1423
1341
923
1361
1109
871
878
1244
576
570
684
693
708
714
733
746
753
918
912
1162
1206
905
837
891
1221
1217
1213
1211
1211
498
504
527
540
550
557
621
687
624
654
655
686
688
724
723
674
715
756
769
758
770
760
786
905
515
511
527
461
468
493
493
487
509
582
599
561
574
599
608
614
622
627
632
648
661
669
861
938
1141
1150
875
490
495
508
514
524
531
560
561
572
900
1834
1690
1874
1719
1875
1723
1881
1828
1345
854
1007
658
714
727
739
