195
213
262
320
321
383
213
248
235
272
425
225
218
355
414
509
425
245
237
245
238
238
237
247
309
308
245
233
303
535
247
317
446
472
575
440
201
267
421
576
244
208
226
392
376
332
239
265
299
298
311
230
208
201
465
210
158
242
241
201
188
350
372
274
236
254
389
362
285
265
458
344
347
247
309
534
683
252
220
139
140
123
145
128
151
141
716
333
528
535
491
314
682
462
169
836
188
705
794
739
869
506
528
640
233
145
131
660
362
362
330
472
143
165
181
579
532
164
153
165
426
173
158
166
387
507
435
208
473
162
171
416
652
261
262
293
167
175
196
501
141
277
268
233
434
104
124
131
144
191
384
409
425
263
112
121
128
143
409
383
317
263
88
96
111
123
137
144
187
168
294
303
330
329
96
104
112
120
173
163
136
151
229
211
252
175
119
140
128
135
141
206
178
189
189
264
169
164
337
380
124
114
121
131
138
285
126
181
179
198
98
141
138
139
133
113
83
95
170
147
141
90
128
203
286
280
298
152
289
119
210
122
157
264
253
177
160
158
166
322
115
302
277
284
275
282
185
157
133
400
92
145
88
186
203
201
233
65
116
116
239
135
367
369
124
164
459
382
202
86
99
378
102
126
150
127
455
233
303
290
290
484
485
151
447
314
381
551
157
565
456
204
249
536
393
146
155
455
246
367
205
125
148
170
171
117
154
127
122
122
115
142
71
77
94
152
202
224
215
222
239
66
76
91
99
196
150
317
122
123
175
172
307
244
296
295
353
133
399
412
92
103
111
153
95
101
106
114
73
78
166
164
147
253
185
185
393
398
137
119
114
102
155
145
82
143
163
86
51
347
39
388
474
493
388
144
263
153
263
416
407
127
135
423
456
113
301
455
462
480
165
483
311
78
147
164
103
307
141
77
85
105
335
327
533
380
121
68
81
99
110
119
340
358
65
73
121
92
410
429
194
70
106
290
86
103
310
446
169
96
95
74
86
224
102
242
262
234
102
85
98
76
89
83
54
68
89
100
134
61
82
141
81
136
131
117
128
217
229
239
125
106
119
222
108
83
101
79
70
43
54
54
63
305
275
44
149
67
158
95
80
234
356
175
313
109
269
150
219
249
247
71
149
156
369
150
152
69
121
204
170
197
436
426
115
239
323
203
178
190
119
341
119
114
103
110
118
144
268
278
85
81
65
52
57
134
134
80
57
109
99
136
150
82
62
68
74
202
110
99
175
97
113
168
92
100
73
191
70
68
58
99
74
62
63
75
90
139
108
128
166
172
135
164
209
122
123
230
226
260
77
173
89
180
219
79
87
230
74
277
93
72
72
76
156
207
189
308
174
118
239
86
99
106
84
192
138
81
128
89
113
183
61
217
270
247
130
44
310
55
69
58
48
129
129
118
217
69
55
63
73
79
179
90
339
112
106
247
102
92
85
83
144
93
313
298
322
142
106
73
161
139
76
207
290
288
60
115
61
112
114
171
235
94
92
282
286
1393
1953
118
230
1668
1416
2016
206
761
463
1689
199
2001
208
210
2018
10238
90
101
332
185
187
151
151
1205
1211
920
223
155
386
441
125
98
119
107
106
131
100
100
278
475
143
185
145
1562
118
114
114
115
113
10384
6250
1896
514
1827
2657
200
192
200
220
211
266
126
3583
147
168
6450
456
223
223
221
145
179
361
147
252
236
2975
212
195
9025
213
221
259
549
340
185
553
6575
378
915
377
2809
1955
1478
581
903
1609
602
2940
223
224
221
630
421
229
408
416
246
288
339
352
309
308
437
145
424
312
333
440
327
419
284
202
267
398
197
205
370
492
519
519
245
220
175
182
196
205
234
224
240
521
243
243
501
497
215
228
235
291
519
462
533
577
449
594
582
283
298
251
259
269
275
281
213
226
250
513
265
208
216
225
256
252
260
316
285
261
255
443
440
456
580
599
595
606
198
204
220
233
241
263
274
283
291
299
334
623
227
491
507
465
523
483
308
205
258
350
524
279
344
323
181
232
242
611
311
345
197
211
221
633
145
153
168
209
662
702
163
496
154
171
207
266
264
254
264
264
260
260
562
490
171
183
199
220
227
234
748
338
229
282
292
192
706
764
168
267
267
300
148
148
249
130
196
262
299
249
255
237
238
321
755
317
262
286
308
162
169
190
464
161
169
156
313
137
421
308
478
530
482
228
385
301
207
871
196
212
212
255
170
203
272
156
173
182
191
234
494
184
151
155
153
399
398
388
189
188
378
446
446
456
467
623
472
272
297
156
174
408
304
420
442
280
136
176
253
398
226
183
293
223
267
224
235
1282
332
482
566
1220
444
418
1313
544
499
547
188
187
308
524
1370
1281
1369
604
517
624
1326
829
269
279
294
1414
325
340
347
355
364
374
385
524
482
701
1458
1455
288
504
219
232
247
1450
351
324
429
524
977
213
223
217
242
243
255
263
302
1462
913
574
617
648
835
767
672
552
251
247
261
267
279
305
512
314
615
621
562
208
228
235
230
457
593
456
411
258
240
279
316
315
277
247
282
260
244
237
215
199
205
174
205
211
207
213
199
208
215
310
298
557
201
209
258
392
316
391
474
480
479
533
447
461
427
286
458
242
277
394
346
399
399
412
391
504
418
330
570
250
566
382
243
184
191
199
208
296
229
246
268
283
211
220
338
339
184
160
160
211
754
275
217
468
815
839
295
219
232
305
403
447
878
891
901
354
915
979
305
301
640
1027
319
298
373
1030
488
632
310
627
236
365
324
371
957
638
665
459
684
221
372
422
1020
443
196
469
728
706
404
455
428
481
967
175
166
383
990
384
599
994
530
130
123
271
343
318
354
204
1132
738
292
252
220
504
261
524
196
540
594
221
302
614
156
458
580
1190
172
190
422
433
241
518
462
469
450
222
405
177
184
198
198
366
235
675
582
656
595
198
172
185
197
197
209
1307
229
235
241
238
379
157
149
145
152
176
182
237
398
1189
217
1099
217
217
217
237
249
249
268
317
461
164
207
1160
162
162
176
176
219
195
219
242
230
242
286
267
302
189
185
180
1178
390
1302
215
1175
316
427
290
504
227
224
513
233
1229
904
627
621
388
1306
307
252
1240
271
280
306
306
304
328
667
667
567
1234
467
585
478
436
867
253
271
277
283
292
302
308
322
353
358
739
650
375
414
257
248
258
303
509
516
812
394
404
409
539
531
395
362
368
310
221
240
247
312
365
543
331
613
226
194
203
212
224
289
166
367
114
126
140
136
154
162
172
181
187
280
334
310
342
307
619
619
152
152
178
352
290
296
163
284
293
370
251
148
161
314
399
219
511
350
457
633
564
176
200
170
274
504
455
203
239
245
268
782
760
424
790
535
537
811
754
856
618
752
938
567
399
804
799
807
570
552
612
784
592
545
356
362
304
327
332
343
357
364
375
567
625
364
605
339
308
326
325
326
340
350
541
255
667
378
377
222
257
211
219
240
251
260
270
285
677
587
625
621
377
374
381
719
272
316
345
175
183
203
237
249
255
286
295
412
333
193
633
640
675
675
638
648
288
329
175
615
190
200
210
220
693
721
702
773
311
450
456
463
213
213
602
230
292
625
412
468
443
446
453
190
227
521
936
309
257
283
264
571
996
1009
950
622
528
261
281
292
287
277
1040
557
1014
804
595
743
573
712
362
608
658
1127
1085
358
655
766
479
421
802
732
248
256
264
285
307
317
332
340
350
356
366
375
382
389
412
264
283
686
563
813
364
372
518
492
478
461
479
458
230
240
248
268
279
314
373
498
510
356
352
239
237
254
262
268
653
757
342
378
432
453
435
283
316
335
410
377
437
308
316
307
221
271
239
240
248
336
279
271
362
240
623
621
453
840
394
298
425
426
339
266
232
269
254
239
251
260
724
468
978
268
240
395
337
311
976
514
420
430
848
1030
292
998
368
1021
649
470
979
447
424
387
268
277
288
316
333
374
338
300
277
324
326
431
480
454
454
467
442
453
308
317
890
416
872
918
893
902
818
638
607
906
889
898
1093
980
966
356
364
880
1119
894
901
993
852
791
849
924
799
507
1003
524
893
556
1027
463
730
1037
454
507
955
464
1067
474
946
282
985
689
597
585
609
783
958
672
624
423
325
740
353
351
348
372
416
680
749
361
380
405
367
367
861
1124
404
412
851
750
736
315
1055
1095
1079
775
315
476
416
399
421
372
381
417
367
441
747
446
444
894
512
250
776
362
390
379
411
410
445
477
484
1236
1160
314
322
341
340
358
357
371
996
1006
1226
1255
503
597
1282
622
227
722
640
246
254
266
283
289
351
469
401
373
381
396
396
408
422
960
984
481
662
597
236
237
247
843
458
332
605
485
285
287
362
369
377
485
916
914
930
855
932
250
245
300
300
312
289
323
330
338
355
355
286
374
494
519
343
394
552
389
383
363
370
386
551
980
922
892
1078
405
432
355
347
392
363
362
298
263
270
282
289
316
337
370
354
382
369
377
384
400
408
488
168
181
189
202
298
512
481
449
456
511
503
503
585
538
538
556
393
419
189
197
204
214
215
234
245
473
405
483
374
324
280
665
671
367
677
499
749
767
853
754
820
899
774
782
377
287
295
316
366
918
948
940
905
344
913
964
358
650
303
299
973
861
391
322
322
292
315
325
432
706
679
268
293
412
249
228
235
243
251
263
279
285
292
304
452
442
536
516
777
747
797
744
779
966
506
808
191
446
813
821
923
1005
663
408
857
366
352
358
297
641
715
419
395
388
394
375
375
219
226
836
234
249
267
272
342
618
456
433
416
412
371
283
741
752
468
624
482
521
679
516
834
639
697
326
288
296
292
282
271
271
335
358
354
375
188
191
225
232
246
254
347
396
145
393
174
174
172
230
230
230
232
224
224
224
221
269
542
512
949
298
169
767
1000
233
442
864
1065
1035
1075
164
172
180
189
212
225
991
1009
1024
789
829
998
1018
1025
1150
534
541
481
993
1115
228
771
229
236
249
1027
466
478
219
229
254
715
278
326
795
1086
491
634
1112
1122
1251
1120
542
555
419
247
261
250
544
392
434
306
307
333
844
940
893
764
870
349
259
678
439
359
333
284
296
310
312
323
1274
1037
555
951
268
291
308
317
325
364
780
700
934
715
1351
931
418
434
1035
590
598
1031
645
567
581
575
308
317
328
345
580
1072
897
587
614
471
473
484
480
1156
546
897
1110
549
566
553
492
278
448
472
467
1000
468
741
332
342
352
360
367
410
416
428
553
552
567
552
523
529
235
253
238
256
254
294
295
342
335
298
361
353
365
473
381
780
551
866
842
437
455
669
378
635
383
377
728
643
647
656
654
396
405
587
722
625
669
707
642
421
722
597
412
402
412
386
438
410
419
428
399
409
426
459
332
350
359
371
391
404
291
314
321
329
337
365
399
401
263
292
299
311
323
338
338
410
462
720
380
229
245
241
235
263
675
681
876
724
878
321
377
745
476
516
440
770
529
306
307
307
343
299
305
282
300
317
457
509
902
468
445
924
918
929
318
336
355
352
347
401
943
609
707
660
747
755
383
927
1024
468
789
307
281
282
290
278
368
229
241
277
292
341
347
973
721
978
232
297
497
452
517
525
226
267
277
335
544
907
537
507
539
562
573
613
584
287
302
314
335
403
395
394
713
1079
738
746
636
1142
529
512
958
545
643
690
1079
679
336
365
375
434
534
789
529
1086
1093
998
1301
1236
869
903
382
401
436
1086
1065
1354
587
558
564
482
815
751
420
371
820
563
953
947
342
473
934
990
1016
758
798
805
624
853
1131
1098
1141
1008
1135
670
1016
347
400
420
436
454
464
528
998
1049
1097
1012
691
668
756
1070
299
376
397
389
421
431
472
523
1181
1038
312
336
335
506
440
393
263
207
242
250
829
276
312
280
288
522
905
498
810
521
984
543
230
270
285
300
335
381
557
353
908
917
986
784
323
302
976
904
805
1213
964
1276
1351
317
337
348
362
388
410
341
489
1430
781
1230
755
1239
777
810
788
825
824
912
546
361
385
376
392
382
1046
1116
1004
1232
1273
1121
1143
1036
1133
1141
1174
487
370
389
403
410
423
430
443
622
643
646
1105
927
1283
1102
1154
1188
948
747
757
1375
1427
1321
666
1267
661
662
432
480
489
485
466
668
579
548
418
432
862
1257
1130
696
1090
864
617
543
539
556
364
371
387
395
403
430
440
524
818
1042
452
363
370
433
264
318
346
357
386
393
599
596
850
611
1040
592
609
1043
630
990
648
380
566
476
504
516
530
552
552
576
967
1103
963
962
1071
902
1096
1096
875
356
364
375
388
414
426
435
441
478
475
470
469
467
626
566
601
945
600
670
595
1171
1121
828
706
913
615
643
356
380
396
405
418
424
437
445
519
546
567
1179
1227
1032
490
856
295
452
470
485
569
569
327
409
281
319
506
392
425
271
293
193
198
218
263
271
283
303
498
798
791
791
699
895
1015
354
344
224
345
231
241
241
257
292
354
355
352
356
307
759
281
300
779
508
678
693
672
684
522
248
223
257
270
276
711
322
961
972
805
713
385
383
394
400
217
224
232
244
264
302
724
383
249
429
434
435
591
351
273
282
306
359
400
855
892
1043
780
787
769
877
641
744
321
304
915
752
318
447
1124
1068
765
754
846
896
855
1082
767
750
342
364
370
382
389
397
442
443
1108
925
705
509
766
746
358
388
399
427
1072
1048
336
358
364
372
389
466
987
645
1134
849
485
357
365
372
380
408
1130
1135
1293
487
855
751
485
338
874
854
305
311
331
340
350
359
577
529
466
472
585
886
278
286
299
310
317
328
337
353
417
439
757
290
303
316
328
296
271
302
313
321
374
395
840
853
581
940
585
876
870
876
964
899
497
505
400
296
306
1209
779
570
578
381
410
815
506
261
284
260
296
303
310
333
845
1365
1363
1180
943
1287
765
1273
945
321
467
470
1228
1223
355
1203
305
298
1343
427
706
718
892
540
1384
543
552
898
573
472
357
348
365
387
349
1353
812
978
593
1341
1008
538
530
567
567
681
702
300
305
310
1262
317
329
338
353
361
371
462
718
740
1467
1245
698
729
304
302
299
295
343
349
376
385
422
475
489
516
516
515
532
260
258
311
344
336
369
439
470
565
276
274
304
378
770
265
273
444
508
828
534
719
492
729
843
285
296
302
308
317
325
332
359
413
890
306
313
323
333
339
571
540
620
528
319
327
347
397
424
492
1036
688
942
1060
700
538
448
549
385
401
430
948
830
1004
700
698
693
928
677
1022
1014
585
732
703
611
1213
876
559
523
862
458
419
321
366
330
379
479
559
535
698
767
774
513
478
477
560
557
271
334
333
364
384
393
405
415
968
913
501
508
629
492
635
478
692
686
656
1151
342
351
360
378
372
1176
1191
1170
502
464
458
1156
899
1248
899
1106
896
356
373
390
552
1220
536
868
535
531
470
440
313
331
340
352
385
396
404
423
432
442
449
457
462
505
297
283
313
283
335
352
364
363
1208
1251
430
466
890
1365
1345
543
890
900
939
871
883
559
324
321
321
347
357
458
393
1128
903
566
466
552
1144
645
547
568
995
1010
1021
568
845
342
360
969
451
624
878
634
831
1054
1125
809
564
962
1117
436
1165
980
565
964
1061
1063
811
538
536
987
544
985
455
324
338
348
361
360
452
471
770
527
533
542
430
602
609
611
619
850
919
698
287
361
367
374
381
391
472
810
872
372
427
826
833
293
320
311
293
293
292
340
617
500
767
528
384
407
895
1075
900
839
1097
971
1033
600
676
335
349
360
523
770
854
917
534
553
622
627
778
357
374
382
388
434
1005
849
1032
914
907
914
309
316
325
344
351
358
365
373
381
396
410
410
421
436
463
530
1298
251
290
314
324
884
936
908
895
544
871
586
386
397
903
414
424
432
438
455
463
967
980
1057
1053
939
302
308
336
343
350
359
368
375
943
474
682
682
637
947
948
690
700
976
977
977
434
443
471
505
519
517
514
515
391
1189
1200
1117
804
934
805
767
876
813
881
1083
1262
570
607
401
469
896
1310
1057
1064
1271
494
501
1251
1094
991
1262
1265
1091
773
919
858
588
595
900
401
419
470
480
473
463
498
516
516
577
889
438
450
581
747
1099
678
690
640
1272
1032
713
399
406
422
432
449
457
480
492
492
504
569
655
588
379
372
392
404
412
422
430
439
447
455
465
1106
1112
996
1126
1286
509
333
347
381
394
415
421
429
436
738
746
759
681
583
690
502
280
296
307
326
307
319
342
360
367
1036
736
815
597
433
480
312
319
354
967
975
1191
967
967
963
971
1163
990
582
584
440
345
615
614
614
1144
557
559
476
572
462
464
837
389
384
454
371
438
368
397
407
956
687
643
700
1159
1120
926
904
977
976
1142
991
380
456
418
442
420
596
497
555
1179
1020
1018
797
550
546
597
606
448
481
1326
1251
586
1050
1173
1192
1190
511
533
372
388
384
392
376
1386
422
417
456
451
451
810
808
312
327
337
371
371
387
423
398
440
432
392
478
483
614
651
653
590
587
588
603
1189
1203
603
833
616
626
277
327
342
332
344
361
362
374
383
397
585
486
948
1009
519
561
517
515
543
368
356
478
457
1010
722
1240
675
744
639
1251
1279
1088
601
1321
1394
1408
459
470
730
550
560
531
445
360
442
449
424
490
388
451
373
343
380
555
1065
612
1090
1088
641
1116
968
977
1121
1014
1022
1161
1240
979
1039
1154
1034
1043
1051
366
389
398
410
420
448
431
480
578
355
371
392
447
533
568
631
694
638
633
1068
364
375
650
1253
1014
1005
788
453
402
370
383
299
384
606
798
805
811
1358
1403
839
357
750
1379
1388
971
933
404
406
402
399
543
440
626
927
935
913
959
953
551
545
575
575
656
657
673
671
1517
1557
508
362
368
376
417
439
471
519
539
536
544
557
589
595
604
973
1486
1115
1419
1676
372
634
389
620
1697
1454
1698
413
414
511
439
552
1297
774
1253
1656
1094
1177
1221
1185
937
816
808
909
920
1271
723
282
288
597
302
309
333
345
354
363
1065
1061
939
1226
478
429
1455
1498
474
580
583
1457
1018
1446
1197
1248
827
1374
1067
1217
846
1407
513
525
461
854
1585
776
824
541
535
573
550
601
889
1620
1612
903
892
806
935
382
1162
917
1308
948
1096
1101
971
1411
683
1302
1069
1392
434
1320
444
790
464
472
513
487
618
732
393
441
1003
965
457
479
479
541
518
1002
1003
454
1281
490
485
1489
1469
1133
511
522
1276
484
736
1153
1144
1538
1314
753
546
846
558
868
815
813
813
1256
530
522
552
551
528
524
533
522
593
602
614
615
633
583
745
1318
968
927
1267
970
1285
586
641
650
650
584
598
519
515
781
553
726
797
804
799
438
456
502
528
1428
1036
542
925
933
945
564
571
579
594
610
618
630
393
600
1140
649
939
1586
734
916
452
459
467
475
499
511
524
534
558
567
578
607
717
435
442
1110
1145
1138
860
895
1273
931
965
1321
1304
884
878
552
604
624
1337
621
629
625
755
929
382
592
828
950
704
956
1082
967
705
486
496
506
523
534
542
552
559
612
620
648
660
669
951
867
950
958
1287
1396
1254
787
803
929
933
932
497
507
515
1168
1289
1305
1304
610
1199
691
689
706
679
494
503
519
546
541
549
577
1035
972
1212
1005
1113
715
775
724
457
466
491
533
551
1012
1158
1291
1385
1343
1279
1289
1321
1336
615
673
1321
615
706
626
666
665
682
719
585
596
1241
1018
1215
1225
795
1002
902
910
1023
978
659
410
386
386
384
391
406
404
464
497
512
508
514
527
547
719
1062
595
620
632
640
735
289
309
294
310
324
369
379
373
373
372
414
414
406
468
473
480
491
499
507
576
1041
1042
840
648
671
1156
1176
473
436
393
509
506
581
586
506
488
1039
1065
661
659
752
754
754
711
706
704
703
440
454
354
1333
1318
1345
1126
1320
819
377
824
607
548
627
485
520
565
935
1031
956
555
1060
1042
463
458
457
470
488
464
1000
683
684
1335
1280
1095
476
488
531
602
610
822
978
978
978
496
505
431
489
502
449
507
463
445
550
557
580
592
599
631
344
351
366
362
431
438
449
460
531
541
554
568
1110
1118
1196
1210
1207
737
746
1061
1144
1228
805
849
842
850
695
342
1401
934
943
947
1317
894
538
666
699
624
398
469
486
486
497
519
509
647
1480
774
808
809
561
968
433
452
383
452
1043
1021
693
704
1542
485
1082
496
511
420
434
626
762
770
1075
530
551
578
469
826
1522
1000
1678
1842
1720
525
520
1195
1179
1657
1216
1191
1175
1543
1187
1445
579
658
1059
1088
1088
1102
1036
1284
1144
1314
1191
1128
1035
1501
1225
1284
1801
1287
738
388
384
391
403
426
421
480
514
521
543
542
539
568
576
655
795
794
762
745
751
760
796
643
639
658
665
673
688
703
704
739
775
787
1320
1414
1290
333
349
366
363
371
404
1334
1270
749
1477
1350
1367
1496
1285
1355
1581
1274
629
696
709
716
728
728
945
598
1307
638
1408
594
592
593
590
590
588
586
1036
1048
1048
639
1062
1060
1541
1058
1461
1605
1008
1175
732
848
923
1101
995
916
405
413
423
432
443
456
464
473
481
491
502
515
524
533
541
858
951
1078
1089
1083
1071
1083
1102
1123
1191
1191
778
1073
717
1038
1061
862
936
1095
1079
667
711
680
679
684
737
737
738
642
736
965
896
976
1398
724
421
962
903
974
1046
934
582
477
1065
480
455
597
486
1074
1001
485
495
504
1121
644
1099
1295
672
678
548
686
645
739
727
707
720
750
723
551
558
580
578
596
595
608
798
468
747
486
496
502
511
517
523
542
569
608
667
783
776
844
768
560
664
616
415
488
536
491
486
470
545
514
566
508
503
612
580
513
632
603
559
627
555
443
480
494
512
504
527
526
525
523
522
567
567
567
568
568
656
706
787
695
936
737
638
597
597
725
501
490
527
523
546
558
607
685
908
877
801
846
529
596
836
835
849
1110
1130
855
1143
1173
1124
1107
1156
1114
1121
852
592
411
530
529
529
529
528
525
524
490
441
712
668
1043
1043
1057
1070
1078
689
607
509
1164
1142
1138
616
659
656
1212
597
773
888
464
483
492
500
544
554
482
495
684
685
687
859
866
867
1182
876
789
884
806
1044
748
482
488
494
639
1264
1337
1272
1064
1378
1293
1370
1101
1374
1385
908
1022
1133
632
646
661
682
710
482
518
532
610
1093
1077
1086
1096
415
421
434
441
449
459
468
504
508
514
525
531
538
545
740
708
676
703
861
623
488
495
558
613
459
467
578
481
490
499
506
771
629
1105
1106
1487
1523
1493
1500
1505
629
1136
1144
1153
1145
520
513
524
625
654
780
780
593
471
505
514
512
506
516
517
530
537
666
631
640
654
665
677
689
701
570
574
594
604
974
975
982
989
1004
1004
1121
1166
1255
564
574
581
636
675
1261
1253
1251
1217
1301
1288
1298
1306
505
536
544
669
723
749
758
803
1629
1559
729
711
1670
1661
1611
1565
1510
1392
1284
1577
1402
1582
964
1397
1317
1330
498
508
533
578
586
601
610
629
638
711
1512
1504
869
865
899
1454
1411
879
1013
885
1688
1031
892
782
989
991
709
1724
1261
1353
1004
870
841
1288
901
474
1159
634
516
509
538
518
545
1607
535
554
952
1159
473
472
472
491
502
521
580
1777
1553
1519
1697
1405
1284
1753
1793
906
923
438
449
466
481
493
502
978
938
577
623
660
606
1333
1430
1432
1292
920
1079
1080
1081
1367
1327
1316
1357
1330
716
715
684
692
438
463
472
507
516
546
556
567
575
588
597
605
667
470
1400
1596
1388
1396
1538
1537
1539
1431
868
514
522
535
768
778
566
650
797
814
813
677
827
777
1363
1358
1371
830
363
396
404
419
429
448
467
515
528
552
581
599
610
625
634
642
655
678
725
733
465
667
1422
1423
1434
1455
1468
1428
1042
689
499
508
517
526
546
549
560
574
585
599
609
683
1495
1485
1567
1472
1609
1509
777
668
716
943
1107
1305
1361
457
1226
452
484
639
1487
1251
580
518
580
521
520
544
550
592
621
634
643
652
661
678
688
697
714
744
753
764
783
793
810
1716
1753
1747
1212
1739
990
992
417
438
452
467
479
496
512
1389
1409
1378
1260
1082
1239
1279
1294
1284
919
930
930
923
970
934
1486
1362
1479
1473
1361
1513
785
1735
1202
1218
1215
1211
1226
1233
1217
1234
1596
793
805
813
829
835
849
856
1986
2003
497
473
526
536
545
554
563
572
581
589
604
1138
2031
1160
1021
643
656
695
703
712
721
1214
2101
2024
1055
818
746
755
1214
2032
1554
1079
1957
1545
947
900
899
912
982
925
986
971
901
924
823
850
508
510
1090
1079
875
1070
787
1093
567
576
587
594
604
613
2243
625
634
755
778
789
799
808
931
1093
946
923
959
1157
865
867
1239
864
1225
1028
914
526
528
530
592
586
586
616
616
629
638
649
682
693
702
715
724
733
742
750
758
766
774
788
2395
803
813
823
834
856
956
1056
2537
961
954
1073
968
1448
687
943
1418
1423
891
2054
1010
764
1113
1113
1154
1040
1679
783
804
804
800
820
798
891
929
845
955
1058
1604
2086
1244
863
863
869
677
683
767
833
1292
1250
784
784
1287
1283
1299
1295
936
945
930
926
1308
905
848
848
848
894
742
742
955
908
872
1413
1438
1364
1375
1433
1403
664
620
666
675
640
711
708
708
708
736
736
765
764
817
831
832
853
849
514
568
581
589
607
615
889
1170
932
948
1077
1105
1118
1162
960
974
972
825
1360
1368
1364
1379
1160
1175
1036
932
1034
1027
725
573
581
594
606
623
839
1318
862
743
863
747
770
866
874
772
465
473
591
589
590
588
532
539
583
582
674
452
704
748
840
1261
817
815
814
828
828
1357
1357
1401
505
715
693
776
917
1407
1581
1452
1447
1447
1429
1252
1452
1462
508
521
533
542
569
565
585
778
916
1079
1088
640
564
634
519
519
410
538
580
604
536
462
513
479
525
539
462
560
576
519
528
947
1531
876
877
1534
1552
1507
369
421
437
445
462
474
485
583
1246
1255
1267
1267
880
1405
1413
824
825
888
899
905
905
916
925
790
721
1010
711
999
846
843
1254
1275
564
588
600
593
611
641
458
509
524
530
536
543
550
560
566
626
1128
1206
1290
1209
1136
1295
1213
1140
1301
1142
1301
1105
1181
1399
809
955
949
965
419
527
2084
732
604
435
503
510
519
526
532
540
1418
1416
1223
571
586
595
1475
1236
496
1208
1350
1252
1488
1228
1184
565
536
1176
528
434
459
440
724
724
737
752
965
770
1104
779
613
747
809
724
731
832
2230
1303
1502
2262
2545
2249
1518
1378
1234
1219
1382
1238
1212
1331
1214
1247
1246
1174
1544
968
2604
2079
2323
1388
1463
919
1441
695
704
711
717
726
735
755
763
773
781
798
791
471
483
456
509
509
509
509
620
587
581
590
568
577
688
688
677
682
692
697
680
701
697
702
702
742
745
746
746
806
816
824
839
851
2802
2493
400
2339
2508
2276
972
984
1001
2331
450
469
582
587
597
982
998
1009
1019
676
810
745
769
1279
1297
985
1216
2477
1014
2559
2000
1228
1244
1403
1348
1365
2034
1042
2550
743
2658
2650
2163
2167
2611
2215
2606
586
608
607
624
625
638
645
655
662
677
1563
2809
1554
1488
1594
1367
1559
1436
2233
2147
1844
1569
1967
1451
788
797
813
823
847
1460
1451
1449
1450
1409
1132
1113
1394
1405
1351
1403
1485
1729
1582
1739
1772
931
924
902
861
870
911
847
860
867
875
586
726
752
789
799
808
878
886
892
612
623
1082
1082
959
991
1080
581
598
610
684
691
742
1093
967
1145
973
1840
1237
1445
1744
1244
1877
2023
1920
1793
1498
1796
553
566
580
581
593
692
735
772
802
899
1379
1380
1389
1014
1254
1195
1197
1202
1279
594
605
617
625
632
642
647
654
664
671
775
800
818
832
954
1283
2161
1655
1669
2214
2185
2195
1673
1833
1681
1370
1354
586
593
2105
2102
2203
2006
2042
2121
2115
2080
2121
1640
2090
2119
2221
1722
1362
1213
1215
759
778
794
929
1203
465
465
492
505
505
523
674
1197
1203
787
775
712
1538
1759
1121
1211
1336
932
1060
1230
1265
1242
851
851
845
1060
1065
610
717
717
764
1288
1283
877
894
556
576
583
590
598
607
622
906
960
455
462
675
693
1741
470
1790
1802
1920
1878
1945
961
1030
1947
978
1811
717
694
692
534
533
533
524
523
1891
1275
1114
1284
1116
956
1126
1904
2034
1873
2034
2011
1815
1947
1701
1965
1917
1093
1108
1025
1950
1152
1126
1867
1877
2094
1722
2008
1911
562
570
575
584
594
606
612
643
651
658
677
687
696
2035
1981
1791
2060
2086
965
970
743
575
609
608
601
601
602
600
644
704
2226
2222
2085
2038
2119
2049
2231
1071
1085
1093
1322
728
725
791
572
552
578
529
573
512
519
609
574
612
587
578
730
1790
1809
1783
1798
1620
1261
1284
836
858
490
648
649
708
635
1860
1689
1686
1878
1883
856
864
858
547
554
561
687
857
887
1642
1647
1816
1279
984
718
715
721
736
740
787
755
798
940
655
678
690
661
884
958
820
1088
1565
1596
1089
1566
560
558
573
589
603
626
627
642
665
675
684
685
700
717
725
732
782
545
564
576
569
747
586
768
684
521
698
540
453
1529
427
1351
1154
388
1154
1154
1168
1163
1156
1184
1189
840
815
791
671
666
709
715
600
411
344
629
530
430
1045
511
334
340
375
381
395
452
736
758
754
900
696
1605
942
1408
1224
1257
985
1648
913
934
914
1432
1270
1645
1669
881
1264
1649
1647
1366
1382
972
993
990
996
1002
1339
858
1678
869
875
935
946
771
1162
686
721
508
517
394
514
534
535
553
554
552
593
585
580
581
617
702
972
1591
792
1048
1054
1017
1566
1357
1508
1753
1574
1745
1763
1684
1392
1735
1736
1692
1644
1703
1497
883
889
888
730
738
759
783
849
794
821
836
825
840
852
861
893
676
760
696
1246
728
1446
1277
527
1295
1281
1388
1294
1308
1296
1289
1301
1290
1415
1301
1943
775
995
1001
607
618
631
785
1706
1702
859
1835
1979
1808
1504
1255
1351
1408
1184
592
1168
1190
672
593
606
605
630
636
654
679
690
1140
728
819
838
1850
1847
839
1007
1775
668
680
677
675
686
561
561
559
556
577
589
597
604
610
617
625
1327
1909
1560
1193
1365
966
471
471
468
467
508
509
510
505
533
545
551
558
566
577
585
592
1304
677
1210
1965
1323
1424
1477
1581
2095
1674
1663
1074
1090
442
526
535
495
495
491
499
491
501
495
495
472
479
498
506
466
499
469
461
460
1928
581
588
586
586
2052
2046
740
762
1797
1439
2068
716
749
737
372
334
334
330
333
403
401
418
418
429
1186
1580
766
963
1422
1726
578
584
575
525
551
576
515
548
527
575
557
575
555
579
605
606
590
633
646
638
2034
1546
857
419
419
422
514
1065
1100
1116
954
531
607
1934
1728
2558
993
1008
1004
1138
2405
1161
992
969
1176
2333
1167
1175
1017
1061
1209
1705
841
656
717
1231
1600
922
1206
1069
1449
1050
877
883
1212
1116
1107
1246
787
593
594
591
598
591
1198
2082
1018
1861
1314
1570
1049
1316
1130
903
918
927
1079
720
1082
2078
2054
981
693
693
696
697
734
734
734
730
737
733
653
705
1988
2565
638
644
661
673
688
728
745
741
740
725
725
1728
728
724
1004
1339
983
1010
986
794
1003
1760
1325
2129
1019
2156
2023
2069
1603
2662
1035
1029
2141
1370
1610
1071
2707
1803
2285
992
999
602
613
603
602
596
704
699
694
680
674
719
733
773
1089
1029
1047
813
814
1052
1060
842
854
848
682
784
875
664
676
697
711
718
737
587
586
584
583
612
637
643
650
673
687
703
714
734
360
465
485
494
501
519
520
534
541
548
563
572
580
596
603
612
1175
854
979
953
944
1010
991
1007
1165
1200
1162
1002
1238
1246
1021
947
947
753
805
845
570
693
1253
936
532
537
532
536
658
532
539
574
611
568
692
716
827
618
656
673
673
671
667
698
842
838
874
871
871
599
609
608
599
598
1608
1334
1572
1587
1580
1593
1578
707
909
697
708
684
805
811
1338
1430
781
1347
800
798
1453
1474
1391
1337
1292
989
668
635
601
629
639
639
672
673
772
674
684
692
777
825
827
829
837
1406
957
955
859
963
868
1194
1554
1523
1539
643
638
638
739
883
735
879
878
1274
694
672
673
668
652
646
646
618
595
589
648
649
647
546
551
579
589
603
616
639
650
659
671
680
501
509
515
526
538
548
554
603
661
706
746
803
892
1870
1537
1102
1681
1102
1625
1652
1135
970
1183
1190
1674
1576
1869
1931
1651
1608
1934
1704
1852
1597
1666
1847
1599
1758
1553
1565
1555
1725
1722
2006
1547
2022
1258
1100
1152
1223
1311
1325
1330
1340
1041
1035
1071
760
547
589
586
517
605
581
591
591
602
542
1131
532
970
659
646
1962
1028
970
1015
1850
1164
983
1173
970
676
687
688
730
794
795
796
783
781
761
846
837
861
861
950
470
477
507
561
587
586
1540
1537
1536
855
1467
1559
872
896
902
773
796
1791
1804
974
1805
1124
1131
1007
1014
1308
965
1057
1052
1058
1293
1313
1066
855
854
863
1462
750
737
770
713
1725
1635
1715
1233
902
812
1147
709
1589
1551
851
825
1564
1571
862
879
1445
622
630
649
667
681
693
1188
1530
911
868
1718
860
1376
895
1216
1184
933
1587
1354
1350
1357
1556
1599
1444
1416
1385
1533
1451
1426
1449
827
868
958
967
1074
815
857
858
850
848
995
973
977
974
974
1292
1292
1437
1452
1604
676
745
680
681
712
770
869
860
859
857
929
929
927
924
921
910
973
1969
1915
1910
1902
1760
1989
2005
1665
1030
601
571
586
592
611
607
626
670
672
681
693
708
709
722
735
751
888
1013
1051
1073
1091
1111
1128
1671
1622
1601
1678
1902
1893
2141
1891
1693
2124
1671
1308
1307
1173
889
911
889
896
877
1008
1058
1070
873
830
774
761
702
699
670
685
660
676
638
636
580
502
511
518
528
534
546
551
562
609
583
600
756
974
972
971
971
969
993
993
1001
1386
1417
1397
1432
934
1218
1485
1485
1489
1527
1511
893
1249
1245
1246
1097
1258
657
502
508
517
516
676
688
700
712
731
924
925
890
937
1268
858
1067
1067
1077
1077
535
533
589
675
854
801
1510
1369
1112
1122
1363
1373
1325
1431
1340
1386
1426
1446
1468
1475
1488
1489
1539
572
580
635
669
1469
756
764
782
1516
1365
1601
408
512
523
426
509
526
524
485
621
635
644
665
667
443
450
459
471
570
907
1374
1767
761
827
827
822
438
471
486
492
511
519
527
550
685
754
1529
960
1380
1399
1693
1370
1457
998
1467
454
461
471
479
555
515
551
550
549
536
540
916
1433
1748
1440
1832
1916
1353
1361
1367
1866
1856
1943
498
566
572
577
587
608
674
708
958
1556
1878
1545
955
955
966
917
1475
1464
1695
1000
1155
1833
610
624
713
1331
1330
883
1189
976
1200
1200
1405
1202
596
589
598
612
619
634
642
651
660
668
685
696
851
1371
1401
1409
1417
872
1440
1435
867
620
687
700
717
775
808
1229
1222
1228
1235
1838
1845
1462
1454
1437
1450
1422
1469
1468
1466
1494
1464
639
643
689
699
707
725
734
743
881
766
1021
1734
1749
1749
1788
1774
1762
1781
921
709
739
738
734
962
1015
1480
1031
1412
969
1039
563
621
576
631
642
678
688
695
703
707
718
716
732
822
840
871
1601
1477
1621
1938
1934
1815
2038
1818
1810
1496
1517
1061
1522
1661
1614
1854
1543
1076
1625
1623
1086
1029
903
916
1006
914
1062
734
675
639
661
684
673
639
651
658
670
744
679
685
690
721
734
732
747
748
784
793
787
812
820
889
942
955
965
1162
968
975
535
604
611
626
636
643
666
674
683
707
702
710
802
877
916
2037
2049
1528
478
504
511
578
525
591
606
616
626
637
650
739
810
1475
1183
946
803
1517
1383
772
1545
1459
1500
1508
1522
545
556
642
754
1203
1212
980
983
854
1569
1647
807
873
1517
1510
1512
1533
2200
2218
951
2237
723
758
770
766
1011
1557
1564
1577
1587
1592
1603
1043
889
2418
2265
2416
2579
2417
2463
2182
2648
2580
2278
2424
1040
2270
2194
1809
2600
2280
1767
2291
1773
2614
1841
1781
1170
2509
1839
1736
1595
755
770
801
808
816
839
2072
2069
1228
2602
2431
2071
2583
2020
2580
2762
1943
1796
1658
1676
1130
1161
1035
1047
1056
1068
1077
1085
1093
1105
1115
1123
1130
527
541
581
589
751
748
763
799
793
793
791
790
824
834
842
920
998
1690
2272
2263
2274
2188
2146
1680
1294
907
918
930
941
951
957
967
975
991
1026
1047
1053
1125
719
709
675
1378
1379
1592
2099
1167
1075
1116
1148
1155
1263
1268
1274
1297
1293
1316
1297
1308
1300
1328
1349
1351
1360
1356
795
1011
1037
1096
766
792
825
659
659
1735
651
659
687
696
704
2145
1657
1636
2147
2060
1765
1035
921
627
634
648
668
680
691
701
1996
2005
742
1591
978
1768
998
1798
1391
1399
1825
1325
1654
1648
1823
1016
1817
1665
788
814
1707
1625
1428
1632
1652
1633
1576
1572
1674
720
737
756
764
771
787
799
2024
2014
2064
1797
1804
1818
1857
2117
982
1307
1721
1709
1857
1822
959
1025
712
720
744
788
785
794
826
834
934
968
1658
1033
1033
1033
846
422
503
511
522
530
562
575
581
577
599
613
626
635
643
650
663
700
721
721
721
722
826
807
806
834
830
830
937
474
486
518
515
529
541
553
551
563
576
584
594
602
677
752
1311
1282
1282
1317
1281
1291
1301
1326
1319
1330
1696
1333
1330
1366
1363
1364
1696
1194
1192
1198
802
910
391
389
388
406
425
1304
1311
831
910
545
534
544
553
577
589
608
616
626
636
644
652
662
670
1204
1528
1233
1211
1150
1161
1171
1184
1197
1180
1197
1178
1285
1206
1048
1144
770
794
1487
629
709
533
1447
707
714
1507
591
599
586
1410
1417
1392
1429
533
1338
809
705
1542
712
1540
698
705
690
1235
834
1380
1388
840
1168
844
1130
1132
863
869
988
1144
1526
749
1482
752
1436
1433
905
761
1228
1591
2355
2525
2627
2615
823
1601
968
753
1434
1233
1545
1631
1322
1308
1447
1651
