241
156
164
184
297
170
177
235
224
354
362
415
325
411
206
156
333
184
160
126
201
171
191
195
119
144
165
377
153
176
190
471
287
222
283
152
338
256
381
101
496
93
105
207
223
464
82
179
97
111
119
549
67
80
97
71
70
72
65
74
62
91
196
134
220
95
250
483
91
120
322
216
510
250
579
175
373
463
243
204
99
136
563
398
494
462
662
658
223
415
472
136
134
122
135
126
112
234
261
141
557
175
286
135
116
376
288
120
258
300
443
279
113
124
368
374
99
121
227
169
110
267
205
194
127
272
186
100
126
103
132
151
160
142
143
84
93
131
310
324
315
168
89
245
117
132
130
358
159
289
188
134
196
158
203
205
151
162
111
121
166
179
66
384
371
93
152
130
116
375
211
206
326
102
111
218
213
393
122
323
120
101
77
102
120
242
238
210
225
152
185
164
190
136
142
331
300
383
73
156
110
128
100
107
88
140
219
115
97
147
146
220
111
99
240
71
94
128
260
312
136
66
422
95
88
141
110
473
271
287
470
222
218
100
144
87
101
99
113
142
150
115
130
222
126
507
570
174
236
213
259
158
710
191
183
575
161
282
183
113
157
336
365
197
353
333
261
516
311
157
158
143
109
242
135
282
268
308
113
148
135
247
244
276
398
235
232
131
141
176
187
393
175
329
157
108
129
144
168
176
127
137
365
214
222
111
119
153
165
264
283
113
170
337
217
129
152
381
162
132
220
182
134
116
139
216
339
185
155
168
119
167
324
185
172
439
442
204
184
208
147
136
254
152
321
322
566
152
113
359
359
334
358
89
100
109
150
81
124
76
191
92
109
90
98
94
412
163
406
105
457
237
133
308
117
69
104
96
208
398
262
68
85
79
206
122
80
77
85
211
246
510
395
308
127
101
214
104
116
280
128
241
81
100
111
111
203
142
180
120
127
164
164
142
119
137
132
141
158
306
159
217
146
116
129
102
140
169
157
132
125
169
65
72
80
72
139
240
278
249
153
239
178
117
124
109
141
210
153
112
144
222
146
118
125
160
69
95
103
133
164
172
99
171
324
329
188
257
235
356
377
115
115
109
254
250
148
83
166
117
98
178
179
98
99
300
240
223
176
342
174
137
236
184
126
239
161
179
181
102
97
148
129
126
200
284
298
216
115
244
292
324
121
165
296
138
124
365
352
140
146
392
149
88
146
120
118
281
106
173
93
101
308
105
104
151
242
329
163
184
91
137
123
308
135
90
213
208
103
122
178
174
111
252
138
305
163
150
212
122
136
267
213
167
139
139
131
273
279
108
332
312
169
124
108
130
106
107
95
90
288
201
127
317
85
119
258
352
104
353
101
110
88
124
146
92
258
265
157
114
116
102
97
127
358
381
234
236
152
92
148
237
125
346
90
117
239
177
245
154
136
129
66
79
106
100
177
274
147
225
147
134
135
411
106
426
100
93
103
479
313
214
131
132
94
179
93
105
171
88
101
116
90
190
154
170
115
78
92
97
115
176
298
85
137
132
219
105
128
110
140
211
231
168
98
148
94
112
118
153
127
100
290
296
153
201
132
107
145
149
240
105
76
106
97
84
157
88
223
120
103
103
129
135
113
255
176
117
141
152
264
318
146
223
159
178
170
161
268
174
291
268
250
235
192
254
271
278
364
337
244
169
177
193
206
285
220
102
315
150
185
260
77
85
103
113
120
150
232
166
181
98
85
99
312
125
72
135
98
107
137
186
256
338
125
93
110
129
373
230
211
132
114
101
125
197
198
114
135
117
92
114
113
154
102
102
177
117
94
117
153
246
103
269
223
132
139
130
88
108
120
268
152
134
167
107
114
206
136
130
335
333
310
225
225
201
146
330
223
215
169
175
145
224
126
156
122
187
319
156
196
233
262
192
295
149
140
139
136
185
269
143
216
316
220
334
218
228
155
95
166
164
179
192
240
383
81
89
300
151
112
152
224
117
150
149
386
148
101
212
182
223
99
106
115
126
133
140
147
155
121
248
90
102
108
92
102
104
75
149
86
92
97
117
175
95
95
180
154
96
91
85
85
190
125
110
109
238
138
120
120
123
135
212
198
223
141
262
144
262
152
200
283
200
240
145
133
178
185
122
219
186
317
148
208
329
289
140
140
141
220
142
164
276
192
309
243
129
122
152
169
152
210
294
209
112
184
167
187
130
123
101
95
331
358
129
113
85
107
113
120
95
115
82
93
130
215
117
217
106
120
106
112
154
136
89
80
102
87
115
121
251
172
224
159
278
101
128
131
310
118
97
104
190
140
93
202
116
137
198
126
126
139
113
120
145
152
133
230
201
128
208
280
134
193
162
142
182
135
268
267
221
140
227
156
234
244
243
156
128
173
160
141
214
236
138
131
249
163
215
149
230
203
150
162
179
156
168
148
308
155
247
181
155
164
197
196
169
152
173
140
272
307
135
366
158
170
127
297
150
222
168
156
210
145
241
272
243
122
133
140
162
327
134
198
137
149
191
145
200
166
148
140
169
126
154
118
114
122
191
214
367
385
358
199
427
216
333
225
209
234
327
230
325
247
347
316
299
337
257
406
309
283
443
409
394
266
354
345
422
191
270
313
310
165
409
216
208
220
107
149
123
134
158
124
242
214
159
304
364
212
225
164
159
174
142
438
434
206
281
240
198
176
174
150
161
475
170
112
130
131
153
235
245
236
189
122
123
111
275
160
150
242
261
131
155
155
134
135
137
151
143
317
152
195
117
125
163
216
149
157
239
214
312
353
202
165
161
179
165
301
269
267
247
259
165
186
179
174
318
212
183
154
206
325
301
284
302
180
177
249
183
226
315
354
204
212
183
183
172
175
203
234
277
328
188
202
164
413
397
273
407
287
184
167
187
195
207
261
290
288
194
186
182
265
402
266
189
307
297
332
165
199
197
161
167
306
244
194
161
175
210
128
130
234
177
108
125
131
172
117
200
181
193
126
146
109
114
122
129
174
115
122
128
126
129
111
253
121
135
143
135
157
155
144
140
204
219
195
223
183
175
146
199
162
164
175
175
196
298
148
212
186
316
279
149
168
141
169
190
209
123
236
185
166
245
254
150
149
146
146
160
181
221
292
160
305
217
265
355
188
189
173
213
167
167
200
194
227
194
181
268
263
195
236
270
179
189
200
293
267
321
200
276
188
268
260
185
185
200
302
282
171
236
187
197
235
195
231
194
168
195
247
177
205
165
186
330
187
160
296
184
150
189
174
192
168
149
166
362
159
166
321
161
197
221
261
151
192
162
162
178
312
199
182
290
186
191
321
312
269
207
211
283
231
237
221
217
342
296
192
201
303
259
245
215
359
229
345
298
362
254
319
314
266
270
423
409
349
451
310
283
286
435
311
276
300
460
282
295
247
278
377
298
292
477
404
256
264
381
326
357
310
164
146
145
369
238
207
242
222
215
305
169
218
200
279
179
435
117
201
138
179
188
140
372
139
177
149
178
119
146
148
119
129
116
198
164
107
127
106
118
119
115
114
125
259
252
190
240
140
252
139
151
336
250
235
192
186
211
193
190
184
205
337
232
215
234
204
195
206
231
225
219
371
310
359
209
222
335
384
300
201
332
361
238
252
180
190
299
222
185
304
228
227
177
186
311
376
176
191
212
333
308
350
294
255
262
189
151
275
246
293
8651
228
3239
9716
8219
751
7617
1639
2051
5941
3664
2079
5874
7441
294
6187
288
234
235
286
270
269
269
9988
404
323
368
5858
9407
8840
415
381
356
422
352
6942
185
176
433
3339
181
253
185
236
191
352
214
9201
8873
10009
3099
243
333
366
383
384
370
326
366
367
424
467
7855
7845
433
3143
4535
8384
7849
8508
6735
480
5939
7439
484
9635
2134
7095
7696
452
265
284
282
282
313
304
311
316
334
328
436
7486
9170
10578
520
475
562
308
483
516
310
309
319
234
248
257
268
274
282
290
297
305
318
326
335
345
353
377
202
241
222
264
210
215
236
243
249
257
287
281
297
316
333
337
205
362
226
226
262
246
246
257
272
271
277
277
300
397
333
398
381
422
329
417
214
247
261
258
264
286
526
330
511
315
520
534
321
352
349
397
355
403
371
413
306
341
352
313
296
310
442
429
411
392
459
437
403
570
408
455
545
327
403
479
485
443
352
493
344
456
372
443
433
381
397
452
444
545
279
285
292
299
366
317
319
360
386
581
515
605
238
245
251
261
478
484
344
389
314
300
293
293
292
287
292
303
297
316
250
263
279
287
301
516
627
339
266
280
323
291
276
276
561
373
300
308
675
735
507
318
332
588
761
351
525
331
340
330
332
323
345
336
779
219
218
798
345
243
519
369
131
118
516
238
211
189
215
240
249
260
240
219
219
210
216
173
236
145
357
197
232
175
900
497
658
492
593
465
390
131
190
175
139
192
973
435
231
230
242
208
229
283
214
548
210
180
222
965
275
430
469
224
300
289
270
571
265
500
1056
208
248
268
268
245
253
300
276
282
298
285
325
291
347
247
266
278
301
388
1128
1107
301
221
193
207
241
255
266
277
284
308
1165
1186
385
273
308
1122
280
263
278
1207
344
244
1056
242
227
240
256
268
152
412
1096
426
258
255
285
1213
359
224
1178
270
226
332
391
451
1269
600
365
291
1307
1387
1340
554
262
255
367
292
342
303
267
1388
248
282
467
300
291
836
787
276
304
344
371
254
266
410
208
198
213
231
217
246
302
370
556
522
514
263
240
565
547
536
839
1707
548
606
437
1184
244
226
149
159
279
202
297
248
635
428
614
693
353
335
151
150
662
650
309
206
333
216
354
250
229
196
206
213
365
302
218
656
671
379
335
268
262
251
273
274
277
300
440
219
234
295
331
218
234
243
198
208
215
222
263
1787
257
1458
888
898
498
1688
562
517
545
861
1255
1173
599
678
960
891
843
222
213
262
468
556
351
232
242
300
351
343
365
595
522
2035
2045
272
241
1939
1967
218
381
378
1975
1991
2103
167
226
238
248
392
542
677
668
665
672
679
541
614
710
318
315
355
365
291
308
315
325
332
272
288
298
858
2210
760
1515
1608
883
414
755
780
721
390
288
312
340
333
815
767
1514
1679
1502
1709
855
1508
760
1424
1415
663
684
472
526
375
362
282
377
389
816
1611
537
879
505
506
610
613
468
498
305
987
326
343
342
359
358
373
768
449
577
394
495
539
594
289
288
288
321
321
319
342
349
637
839
440
821
830
1044
1074
618
625
840
1118
350
357
268
280
290
307
318
310
310
336
338
356
357
381
374
398
386
259
268
290
313
688
688
309
325
324
322
339
807
314
707
545
571
729
281
520
411
1068
592
1022
613
604
641
649
645
611
641
616
641
353
352
496
354
372
522
385
377
385
394
346
353
363
371
352
364
621
583
594
587
632
423
415
414
425
379
396
485
531
488
397
382
373
387
563
563
516
820
735
728
739
386
401
411
424
448
458
480
488
497
504
572
822
799
700
414
422
470
503
387
402
411
438
538
966
579
346
345
612
612
544
925
780
468
958
399
960
394
831
504
630
636
857
985
448
292
291
340
350
471
602
455
971
954
1030
483
475
328
348
438
483
503
796
771
600
817
569
977
860
575
406
351
346
344
404
403
403
392
389
923
971
828
983
914
302
294
344
381
358
403
411
425
449
292
362
357
365
540
1219
1205
400
340
340
768
627
380
518
432
484
497
618
500
512
277
433
1193
820
265
273
330
308
345
366
366
337
298
343
720
448
1276
1249
450
483
572
338
332
845
421
1350
340
335
347
309
346
1446
464
1451
1446
1437
559
469
476
474
497
476
476
477
852
482
764
342
369
362
371
388
456
468
779
785
1470
504
511
502
1492
1490
509
1487
556
535
1317
946
1555
1559
323
347
355
393
400
422
460
447
1389
1593
557
874
876
832
793
836
1407
1633
458
370
364
376
562
583
503
1136
1091
1048
920
926
1043
948
584
458
651
787
787
584
814
843
508
492
604
417
360
418
468
431
794
803
804
1027
824
866
247
260
274
310
288
1165
348
369
803
801
631
829
446
309
495
306
519
750
502
516
217
221
247
241
469
412
412
794
740
870
205
885
821
852
809
959
843
488
489
863
478
935
928
317
159
161
202
212
219
225
233
322
339
278
278
297
297
307
314
321
457
535
209
312
231
553
576
495
523
674
405
662
408
750
671
320
701
483
739
308
1067
658
275
334
783
840
716
567
794
335
722
895
700
348
517
728
641
730
854
693
256
267
279
279
323
314
314
326
308
316
838
349
392
357
372
462
433
1232
258
266
277
284
999
648
937
456
315
324
344
368
608
940
1065
1049
261
268
278
284
296
310
328
403
1066
551
575
638
545
1083
999
1004
761
1086
1116
652
660
561
537
460
363
392
596
381
312
322
344
354
362
368
375
395
417
423
441
454
378
477
748
808
548
567
551
360
365
375
387
401
428
472
488
537
766
698
901
706
707
369
375
403
412
419
463
501
875
459
890
900
408
409
405
401
414
384
406
441
373
468
456
516
511
534
566
573
664
484
473
481
329
471
500
366
528
645
643
931
876
934
926
897
667
368
485
1002
1075
883
582
908
617
509
846
776
1199
365
406
486
970
945
745
478
489
423
534
526
531
541
546
374
1182
1191
911
951
962
1090
943
606
636
902
299
351
364
416
423
555
569
925
559
708
1162
885
1006
299
374
383
399
412
420
428
460
639
638
517
587
341
362
377
387
401
409
478
502
1084
1091
1021
1091
1104
1115
1114
949
942
991
991
731
608
1191
925
993
1277
1281
930
912
979
964
556
447
454
430
462
1336
1084
1015
1325
822
484
858
876
483
626
432
430
426
550
964
347
396
1430
420
426
437
444
257
298
311
348
362
357
408
523
525
483
486
897
554
338
401
887
1198
527
459
411
444
1109
1249
620
1113
872
377
385
349
379
374
681
418
433
432
433
430
431
434
371
389
1123
1190
382
381
1141
1164
397
406
1215
1003
1076
1085
902
1366
625
483
459
394
319
358
366
1188
396
403
409
416
431
443
1127
600
490
309
317
341
419
926
646
528
1296
282
868
944
540
537
357
493
463
508
848
813
913
513
491
335
343
436
1061
1060
1071
1334
805
471
1268
335
344
357
371
379
387
394
405
874
632
1419
1397
1448
856
758
736
1456
1499
1466
1228
880
880
463
521
523
406
422
423
481
468
432
448
473
474
439
449
556
899
1053
1077
758
803
805
291
300
315
331
471
583
785
667
801
833
1038
841
828
593
391
401
409
418
452
467
506
599
265
584
498
560
560
582
581
565
746
615
468
544
551
377
385
391
399
1067
412
1067
872
863
897
817
547
659
661
669
675
511
363
824
1077
370
386
394
402
413
461
474
1132
463
1046
496
498
1082
1138
1054
471
507
500
513
543
640
719
793
571
454
492
508
409
426
424
424
495
505
832
852
733
452
458
897
384
405
414
421
432
442
454
477
487
855
712
870
831
568
553
560
894
558
550
556
329
335
343
334
656
661
670
366
378
378
387
415
422
429
437
445
472
693
702
692
494
1030
999
898
926
899
531
539
546
614
604
346
419
424
631
350
366
375
383
396
415
423
451
768
444
454
462
509
363
373
671
722
675
734
360
333
377
385
374
847
401
410
865
341
332
350
357
338
399
405
625
494
682
914
371
357
398
391
409
445
447
773
791
615
812
665
441
471
1012
873
885
343
349
356
371
381
387
393
422
444
450
547
554
656
492
794
786
620
553
559
883
944
709
702
947
953
958
485
395
386
373
422
423
390
559
330
433
525
1072
497
492
545
470
294
327
349
368
379
389
512
477
834
852
330
327
300
419
555
1150
639
386
910
849
635
268
267
632
654
448
637
482
467
532
421
280
852
426
960
1101
576
1078
1255
597
357
898
543
362
321
463
470
647
897
859
391
344
355
836
707
746
860
773
991
963
1002
1024
1282
1216
935
571
1232
982
390
403
415
424
430
1455
961
529
1119
1057
845
430
521
1133
1151
1093
1051
731
1120
1033
999
375
403
414
452
458
483
1117
839
712
621
630
638
518
371
403
382
390
405
430
415
455
308
362
378
385
374
382
404
411
459
556
625
655
644
866
880
707
713
879
1218
1111
1203
287
288
311
328
334
344
351
357
857
385
393
402
411
930
1266
707
769
695
1258
947
643
682
492
395
337
347
356
363
465
1129
1193
875
1120
536
646
444
467
359
370
356
364
359
395
394
317
324
331
339
347
355
361
376
437
525
1169
1151
1134
956
494
569
833
567
956
572
930
938
1207
509
430
488
807
856
947
1050
997
510
507
839
892
892
578
966
519
880
839
860
928
915
449
444
439
437
438
448
1010
553
776
1161
1130
424
401
447
446
445
443
460
470
468
487
511
562
584
1107
1051
1143
634
318
356
366
377
386
438
455
467
482
489
528
554
1218
1080
766
270
276
305
311
319
323
338
364
364
380
520
576
663
664
411
254
261
295
301
307
323
333
343
841
862
552
485
491
514
629
629
417
440
239
271
259
293
664
370
389
417
865
815
900
421
877
530
375
415
421
415
423
510
955
524
958
977
429
424
404
987
1090
536
761
1094
769
966
1041
743
1060
737
820
928
1125
1124
1144
1133
461
829
573
828
756
922
591
928
930
385
387
401
421
430
443
462
470
497
505
537
527
553
559
1110
982
1137
1139
1238
1109
1000
609
285
295
310
318
421
682
666
955
840
667
716
663
665
487
495
466
484
543
553
561
655
851
777
779
773
747
808
762
814
816
637
335
291
300
311
322
331
347
1055
465
394
404
414
422
430
437
445
456
465
1111
1022
960
743
817
826
760
504
598
1043
1252
1251
742
798
341
450
412
393
424
1564
1411
863
517
499
972
1589
402
699
944
487
395
403
411
419
430
441
486
501
1449
740
827
732
1036
719
1017
610
1022
1104
1101
578
1575
588
445
453
468
476
574
1723
1566
560
621
591
509
529
520
529
602
603
462
453
461
498
524
721
878
1833
1695
727
736
1411
1195
1596
1789
609
639
639
659
1745
1749
1292
1964
1337
1351
1141
1298
1224
1217
1355
545
589
597
621
662
1360
1349
546
560
594
666
497
507
514
613
580
577
879
887
622
1238
1238
1239
1434
925
1231
339
338
339
340
436
449
456
464
479
521
535
545
559
567
577
593
603
640
652
659
665
677
708
521
592
690
991
1003
485
975
641
523
597
704
701
707
614
725
722
586
591
542
650
651
1116
692
1166
1194
1115
1162
715
838
718
399
426
1115
1136
642
1147
640
1253
1071
1146
1056
1062
1160
1154
425
1090
616
531
576
576
562
1113
497
483
495
503
376
380
391
443
492
458
527
469
490
480
517
550
804
694
824
944
972
840
986
1073
812
995
822
1093
367
357
374
375
397
404
416
424
432
440
595
464
475
483
552
561
570
579
586
592
693
762
779
1110
402
407
411
398
421
427
436
442
438
486
520
983
974
1001
987
745
805
738
941
1007
1006
1000
1442
554
576
1511
1417
1538
1495
1490
1504
1164
1626
1558
939
525
524
549
595
634
719
1105
1174
1618
1266
1608
1202
1475
1745
1641
753
1135
1130
670
1152
637
996
628
640
648
1039
1013
294
297
395
401
408
414
433
439
445
483
461
521
579
614
624
636
636
648
656
665
673
253
226
250
249
245
249
675
289
348
381
363
373
808
647
408
452
419
573
545
563
549
461
566
568
567
932
918
343
345
684
1403
472
479
303
316
327
336
418
1470
624
704
718
422
359
1037
1000
1010
1025
765
1037
1066
360
367
387
783
797
792
914
904
663
965
1135
712
858
667
1765
1762
978
1405
874
1008
1402
867
1396
1393
1093
983
1275
1077
830
1082
1883
1739
1733
1348
1383
1384
1146
1138
1127
568
581
592
600
618
1433
1801
1826
1977
1813
1509
1077
1585
762
1082
444
459
467
484
494
502
510
524
536
544
640
648
665
686
748
368
440
440
436
474
1487
1559
775
775
774
806
802
802
560
602
739
709
736
744
865
1135
1069
811
333
434
437
433
452
466
477
486
494
507
515
462
683
1009
1019
592
2033
497
392
403
413
432
440
461
470
483
580
599
647
1668
528
1501
521
693
1614
987
1198
696
719
443
508
547
554
1801
1711
1031
1047
1725
631
621
618
649
314
349
366
377
385
403
411
425
434
441
580
647
1764
1180
1188
1834
301
308
386
320
344
353
387
400
1860
729
1259
756
745
1884
471
309
364
726
740
426
386
1295
952
628
780
821
655
861
872
882
1335
1012
1194
318
329
349
359
848
845
571
841
1269
882
832
823
1269
1302
1556
1561
853
1618
1486
792
905
1467
1410
967
935
867
553
564
432
440
495
1695
1383
1721
1414
938
1397
453
917
1306
561
992
910
1048
1048
1070
1101
1057
1035
1483
1033
1762
1888
384
413
421
467
482
507
529
615
321
352
352
385
393
403
412
424
440
439
454
464
471
1805
717
1847
1024
1813
1139
1141
1249
1106
748
1150
1182
1058
728
637
415
478
1670
1135
2558
1672
1888
677
640
711
709
727
726
744
533
1250
1122
811
643
776
794
660
1224
724
733
662
781
752
707
764
564
706
713
792
521
534
420
428
455
468
484
488
499
514
520
538
545
552
602
609
615
634
450
529
623
1329
616
517
573
912
1043
894
1263
1195
1314
1287
1292
514
527
537
544
555
576
573
660
1011
1149
1029
1185
1136
1110
1047
679
476
468
461
490
483
543
580
595
639
665
1556
1410
489
511
503
504
1274
760
991
999
991
959
530
539
545
577
743
714
722
765
361
402
404
383
383
553
504
500
575
584
523
709
629
354
536
514
496
1377
1380
1374
1120
468
357
364
364
387
393
419
537
648
719
728
742
743
745
605
804
806
970
921
821
925
1280
1089
827
775
573
790
425
395
415
365
394
377
411
421
437
443
461
515
563
462
334
361
362
374
387
447
1227
1232
769
775
1308
1339
1301
1272
524
360
379
1038
492
1050
1037
525
527
657
663
579
476
538
544
585
1019
706
579
718
803
733
922
1049
618
297
377
589
499
498
1014
926
976
475
423
1119
1239
1122
1143
1065
1227
1033
1062
1078
1128
1063
1042
1063
1082
1292
1323
386
392
400
407
1343
469
465
498
1109
1304
1292
1251
1322
554
1033
624
1291
1341
1134
1224
1357
1061
637
1033
594
555
556
1420
562
1348
552
328
359
371
381
388
410
423
436
455
462
500
675
853
640
646
657
530
537
543
549
557
563
571
579
226
213
237
248
260
273
262
282
282
300
308
304
310
332
333
405
518
579
611
640
387
426
433
440
456
454
471
471
934
606
984
515
736
548
542
534
554
575
754
586
543
630
1144
1580
602
728
1420
968
858
1354
1436
1013
808
1431
1448
698
985
1407
762
965
761
961
757
987
797
1007
793
563
697
702
496
495
506
524
544
453
479
471
440
458
475
481
445
516
509
518
520
530
1391
925
1531
819
872
821
914
681
717
1609
543
556
1595
1258
1371
698
1189
461
480
488
495
503
555
721
727
576
654
661
801
795
669
665
673
474
486
604
605
589
607
578
576
576
571
491
1088
1075
861
938
478
485
497
531
631
1887
1435
699
372
396
394
419
424
431
442
493
516
509
516
522
547
558
572
585
926
937
1467
1662
1565
442
442
427
397
460
467
481
483
523
554
633
672
599
1696
756
403
410
524
543
712
706
1529
1419
1343
674
1113
1126
656
1141
705
723
437
444
467
488
488
487
557
579
588
1206
1274
1307
1259
1234
1342
1334
1376
1400
1256
788
921
939
1266
867
789
939
942
960
1257
967
553
1182
290
297
378
387
395
429
1218
1184
1201
1183
1427
1178
503
489
488
482
507
514
562
570
592
591
604
1315
1316
1289
717
734
291
313
303
313
689
1376
335
545
373
770
707
622
834
1033
847
460
474
394
626
758
1338
755
900
790
791
896
910
827
847
884
1424
1412
1409
1402
1465
1452
740
741
682
819
1157
1179
1163
883
884
1454
370
854
386
377
406
1402
1606
386
403
418
496
449
460
447
506
451
486
487
483
505
505
938
537
538
538
537
539
1112
1526
1163
1144
928
848
739
851
941
1255
851
675
501
467
1718
1796
1229
1061
1801
440
440
451
555
518
518
516
538
537
573
1432
1128
1013
1236
988
1452
752
737
1258
640
1177
1930
1685
1618
1716
598
616
657
589
657
578
1658
1390
573
780
624
660
658
646
666
1982
605
625
625
624
643
1239
2179
843
1869
1517
2050
1850
786
2245
673
859
2122
1893
1900
1904
1371
866
578
584
615
593
617
618
613
613
665
662
661
661
659
724
2151
1934
1934
818
763
831
692
686
667
638
1349
2086
905
718
728
737
746
755
762
770
785
795
818
835
844
907
913
904
1437
1909
1226
1224
1197
1766
1463
1726
1453
1997
1451
572
641
658
667
707
760
777
786
794
815
844
844
845
845
848
890
899
908
984
1277
1308
611
619
672
681
697
707
886
935
967
1082
1036
764
776
1052
650
651
646
672
672
577
593
740
818
918
1456
1422
1387
1405
1402
1410
1450
1529
1473
1449
1535
1443
1540
1482
436
484
779
1374
1475
1527
1535
1490
1498
955
961
975
1095
733
1432
1445
811
900
741
749
1035
1036
1152
1162
1173
994
1341
1442
1453
1473
1480
1488
1504
887
634
681
1174
716
652
556
547
547
462
494
478
531
814
667
819
1045
1055
1206
1162
1191
1277
1169
1179
1227
1234
1190
530
631
705
841
818
646
1495
1383
1655
1626
1783
1785
1809
1515
1604
1459
473
484
492
500
512
520
535
556
564
571
584
591
598
612
620
651
660
679
733
796
1632
1631
1711
1718
811
1603
930
937
929
865
930
1447
1460
1474
623
607
606
605
595
564
588
582
572
572
1745
703
576
579
728
558
639
615
641
1041
635
800
1796
819
1752
2035
1953
2057
583
1161
595
587
1027
2076
678
2102
725
843
1197
1203
1183
901
378
408
419
486
496
504
516
523
531
540
547
556
566
1312
1403
1032
1386
1007
1398
1007
930
1414
1032
1024
1035
1282
729
2108
637
1640
1321
2115
1374
1774
1761
1773
1353
1792
1357
1802
1672
1366
1359
1487
1489
1035
1031
1153
890
1209
1416
1407
1001
689
520
539
546
602
597
605
1541
1567
1563
865
1305
714
645
644
768
1077
882
911
910
903
899
693
837
1114
999
1030
624
724
725
571
580
588
616
642
632
639
646
1179
789
1494
1438
980
922
615
642
649
620
515
535
535
537
560
578
597
605
644
654
669
919
1764
920
899
924
775
652
701
719
1908
1673
1795
1678
1348
1141
1873
1866
1818
1009
1877
626
668
651
642
683
644
700
684
712
696
687
777
697
767
782
760
752
760
820
851
882
1075
622
612
681
647
695
731
796
876
1150
1138
949
951
1412
952
514
548
555
583
589
605
605
626
634
647
739
916
1226
1236
1276
1135
801
808
815
838
839
615
675
706
1240
1078
778
773
1167
1233
1359
1361
715
581
589
595
603
1155
1532
1397
1411
1368
1365
1325
1384
1423
1446
957
540
959
1639
966
965
1643
1113
1633
1595
1629
887
904
891
1345
1375
929
757
868
874
932
885
912
410
456
481
490
498
513
525
540
586
606
613
622
629
636
655
664
672
680
740
1203
1442
789
945
1264
1448
1535
1476
1257
1263
1536
1569
1541
957
1562
1581
1336
1370
1585
1561
482
489
542
549
575
583
602
609
710
755
821
1749
1757
1490
1583
1600
1724
1616
1608
1377
1663
734
932
925
944
541
550
556
564
598
609
620
728
1826
1864
1876
1470
1897
1790
1831
896
895
939
732
762
683
807
959
865
866
1483
575
586
601
612
623
634
645
660
671
679
688
699
709
416
592
583
581
574
476
482
445
1214
1210
1029
1225
1219
1230
1737
1766
1385
1507
708
749
910
892
1642
1807
1660
1813
1657
1548
1559
1658
1663
1765
1582
530
519
533
517
510
520
521
558
566
593
745
587
595
811
1188
1180
654
1390
1352
1134
1698
721
722
722
722
721
720
718
760
761
761
761
779
805
874
817
944
639
670
691
1105
1105
912
522
532
574
586
586
597
610
628
612
624
631
638
648
654
676
525
585
999
996
1013
602
408
415
426
441
459
476
456
475
483
520
1615
1413
1434
1563
1529
1631
1396
1403
1590
716
716
803
735
745
755
457
466
478
506
504
500
501
470
477
536
597
689
2025
560
786
1168
1205
1153
1185
1165
684
822
498
470
509
516
526
524
569
568
1647
1769
2010
2015
2121
1648
2149
1230
679
1741
1286
693
1325
958
1346
1170
966
968
1761
1859
1045
987
1858
742
1060
1001
1953
1416
559
558
566
628
652
650
644
642
666
679
755
1377
1816
1811
1713
1954
1272
1255
1277
1076
1282
1075
1284
1271
1464
559
754
692
666
665
665
640
586
584
867
862
879
656
542
547
553
537
485
491
505
534
546
556
779
767
765
1148
729
488
622
643
1168
1287
1114
379
451
466
474
509
529
536
548
779
825
638
793
791
788
787
819
436
438
461
461
461
484
503
501
519
652
1163
1170
1179
1185
1175
1459
1434
462
454
471
472
510
518
525
708
1570
1481
1584
1431
1692
933
1355
1420
1320
934
864
957
1212
685
730
730
470
465
472
487
499
498
579
621
650
824
1761
1442
1562
1768
1216
1457
1603
1601
1464
1487
832
1314
829
936
908
847
645
671
674
833
839
437
445
457
480
497
1256
755
762
566
575
590
597
603
611
629
627
634
692
714
338
345
354
361
374
383
390
553
475
1437
993
936
1007
877
1013
1016
887
1461
1485
1028
1500
1409
1409
796
730
750
810
824
613
396
403
417
427
439
446
1482
1255
1251
1258
1596
1294
1344
1305
956
1392
940
1412
1443
811
641
662
554
1720
1599
667
1409
1748
1722
554
561
584
602
610
617
1120
677
1082
1090
872
1096
729
677
705
707
708
1158
1147
1149
814
1898
1648
1005
1815
2000
1899
1906
1949
1825
1824
852
1838
2023
1828
1947
1555
685
694
724
732
745
810
1053
1046
1207
1071
1082
1151
1176
1213
851
690
739
753
751
772
877
1257
1271
1512
1860
1525
2218
1359
1409
1983
2235
1421
1905
1820
1540
974
1447
1447
1968
1460
2136
745
753
761
770
780
792
793
812
1240
1241
1235
1171
1180
1497
1322
1297
1285
1274
1306
989
576
774
596
636
643
657
757
769
781
781
802
810
822
838
846
872
880
911
935
934
931
931
987
1319
1286
1319
1091
1086
1094
1089
1115
1115
1151
1167
1173
1184
1186
1197
1023
445
445
471
464
494
489
497
510
519
1468
1525
611
575
627
645
653
660
686
693
786
1462
1461
1619
1459
1429
1614
1197
1197
843
851
839
850
763
861
903
899
783
865
805
817
818
808
943
957
1104
1123
1219
569
787
512
674
472
484
496
505
514
524
533
542
557
1292
1316
1109
747
877
867
880
1426
1409
885
1456
898
900
1141
1044
1501
707
722
743
724
741
752
769
779
793
806
814
821
843
1759
1688
1662
1674
1747
1683
1755
1574
1623
1574
1002
1011
1193
1733
1704
1197
1206
1252
1458
1226
972
940
565
629
580
633
632
588
630
666
662
660
858
550
731
847
846
870
880
872
891
842
662
592
600
606
613
620
655
664
670
684
730
1306
900
1038
1435
1154
1038
1819
899
893
762
782
790
798
805
813
822
1775
1255
1227
1005
1273
1464
1191
951
1203
940
1644
886
873
1791
1782
1794
1001
1018
643
644
734
553
565
632
699
607
737
601
617
641
699
694
664
988
976
714
712
754
724
797
961
815
902
835
920
827
552
549
614
608
603
598
605
709
928
756
775
726
884
736
794
974
773
785
962
969
757
458
664
660
621
560
674
481
542
597
524
521
521
576
640
626
646
642
686
712
572
653
698
697
697
637
692
668
665
666
712
632
634
631
629
683
857
853
861
858
787
837
535
496
692
800
613
612
572
477
479
487
493
526
533
550
557
547
618
617
514
664
519
657
672
633
647
752
753
668
686
686
683
651
657
664
671
632
592
592
658
594
591
583
583
595
587
1262
1035
629
557
716
550
548
507
689
697
829
572
708
721
779
876
709
758
714
725
772
1369
1352
1309
641
1198
1317
630
603
633
756
726
1441
979
1060
1051
1522
1362
1481
1401
1355
639
655
645
645
1530
1519
1499
1303
1556
716
680
714
715
715
714
700
811
849
872
853
883
825
928
937
942
956
1419
1197
1164
1157
1237
1244
1326
1264
1177
1311
1319
1309
934
928
717
868
890
663
837
866
770
1022
912
942
950
952
949
1219
1233
1230
1140
1241
1243
961
960
966
505
506
576
565
591
579
566
548
680
676
684
668
697
700
652
652
732
764
761
806
866
808
836
871
801
836
836
944
878
1005
879
565
587
593
657
712
831
999
1148
914
1071
1067
1067
1062
966
1447
1452
1005
1004
1455
1106
530
705
1053
407
538
573
1127
1045
1296
1033
792
856
709
1434
1329
1338
744
607
424
432
437
461
482
602
578
595
600
597
519
514
501
499
835
1378
848
574
658
541
550
492
513
835
1342
1352
1354
1400
1397
1399
1402
1440
599
619
621
622
639
651
659
667
675
709
1126
1433
1295
1293
1534
1286
1233
1222
1295
1198
994
1137
773
787
799
806
819
447
458
471
478
508
601
790
1792
1787
1790
1804
1261
1799
1208
1214
1064
1071
401
408
530
1293
1336
1333
1321
1448
1321
1400
1829
1356
1322
945
1664
1538
1378
1482
1605
1365
1361
769
853
852
824
867
814
846
845
845
892
906
923
923
923
923
668
818
1130
1026
1142
620
631
780
786
480
1247
1102
837
869
1117
1298
1304
1279
890
1131
1309
1309
1312
962
1035
974
966
999
686
535
532
555
553
570
592
602
999
1419
1015
1114
1060
776
955
1499
1289
1353
1297
829
1370
1250
1055
858
868
790
778
606
582
617
629
684
1261
1970
1939
1979
1957
1985
2141
1178
1301
1300
2080
2155
1968
1962
2173
1999
2056
627
625
651
659
668
677
691
701
709
720
728
798
2163
1903
824
1224
1330
1332
1351
1286
2261
1297
2110
2118
2219
1337
1369
1409
1386
737
748
756
762
769
860
891
1310
1271
1863
1869
1382
1408
1831
1872
1232
1583
1242
1284
1301
573
568
611
610
606
627
626
642
663
657
672
686
693
858
850
850
817
850
850
851
850
849
850
878
846
846
846
847
847
978
484
554
644
643
588
569
541
1546
604
652
659
666
680
604
616
742
700
673
927
1620
1546
1615
1628
1594
1721
1423
1414
1202
843
882
499
494
500
521
514
523
595
603
689
1099
1097
1101
1114
731
984
726
734
1164
523
818
608
696
769
531
529
523
521
515
509
507
477
477
477
1402
1408
1402
1417
1345
1345
900
671
798
589
615
1136
864
862
798
879
883
594
1782
616
1785
601
603
605
645
636
918
920
918
926
923
924
926
945
871
767
777
783
466
476
486
497
552
577
593
618
618
632
652
666
679
700
782
1457
1450
1315
1493
1500
1322
1471
1710
1493
1224
1674
1672
1687
1836
1304
1634
1449
1634
411
449
426
456
459
477
480
489
504
520
546
569
612
780
1377
1384
1014
1136
988
1032
1338
1471
1354
977
669
663
679
690
738
746
767
777
750
446
533
541
559
566
574
641
720
1024
1030
1035
1041
1049
1054
624
650
726
1729
930
1706
1992
1781
1508
938
1199
1805
723
861
1716
1541
1688
1551
1837
1426
1010
1044
1836
1264
1877
1724
831
1046
1138
1915
843
838
856
852
855
744
646
658
674
1073
980
991
1098
1004
497
515
457
501
497
495
493
491
483
481
532
538
533
631
1600
1884
1508
1095
679
685
693
718
768
2072
1650
984
1125
1658
1223
1208
1495
1038
1500
938
957
788
776
784
809
808
804
826
835
846
857
870
886
795
791
604
581
550
620
616
615
610
610
680
694
696
793
1381
1531
1415
1349
1666
1565
1542
1553
1408
1582
1573
1586
1607
1596
1609
1597
1622
980
988
859
854
835
1136
944
872
750
837
836
837
854
881
900
803
824
1418
1380
1429
1395
1024
1039
1036
1054
1053
752
759
767
779
786
794
800
1764
1788
1758
1698
1722
1688
967
841
659
676
682
690
697
710
722
731
752
763
771
783
799
806
824
834
842
872
1847
1853
928
935
978
1916
1965
821
856
891
903
933
1265
1572
2017
1875
1280
1566
1232
1220
1237
1239
1302
858
838
830
842
833
835
896
926
936
943
951
959
980
995
1002
1009
1015
1032
2151
2221
726
726
711
724
662
741
666
780
780
793
807
816
826
834
845
858
867
918
1106
1172
1173
1175
1177
1769
1193
1075
1119
1129
1716
1775
1768
1782
1787
1468
1488
1479
1412
1040
1034
1041
1136
1036
765
777
783
797
898
934
966
1081
1063
1056
1066
1608
1729
1786
1657
1690
1664
1321
897
1360
1054
1642
1500
1570
1576
1639
1670
1647
1530
1613
1547
1556
1549
1565
888
893
637
985
1156
993
1621
1711
1812
626
644
638
696
695
695
718
729
986
1503
1666
1673
1065
1076
1591
610
618
485
493
491
461
455
458
375
551
558
641
586
587
630
630
630
630
630
625
588
630
618
598
622
882
579
1631
667
727
1665
1677
1670
1605
1730
1413
1400
1730
1729
1616
1412
1200
1704
1688
1788
1708
1716
1798
851
847
1820
868
1228
1160
357
410
428
426
433
443
455
462
475
481
492
498
505
810
1488
1914
1246
1261
1251
1510
1268
1520
1423
1429
1443
1803
1002
1303
1359
1785
1786
1016
1527
1811
1602
1549
1018
1019
1157
1159
631
449
877
1172
886
1226
955
916
916
1238
1612
1727
1724
1232
945
1246
543
545
1664
1681
1672
590
590
591
611
611
623
1686
635
644
674
685
1730
699
706
1123
1741
888
913
803
813
517
2090
520
1740
2314
1688
1983
2093
1989
1746
675
1710
1650
2094
694
589
597
1023
1418
1026
681
2393
816
1823
1821
1060
826
844
933
934
1952
1952
2008
1090
836
1412
1536
1114
1831
790
790
1742
896
1564
1896
1268
861
516
536
533
550
566
566
579
585
592
600
608
617
666
674
687
1401
875
1290
864
855
834
906
863
793
895
915
1440
910
907
927
868
946
908
814
823
800
794
792
824
847
873
841
876
882
892
886
887
941
1488
1672
2288
1659
1498
1039
2527
1047
1056
2397
1803
944
951
963
962
639
