175
139
138
153
134
140
258
286
132
315
124
120
158
109
188
148
170
134
397
198
318
232
299
341
280
374
160
160
161
214
309
226
173
138
200
227
155
291
322
223
482
423
280
199
195
160
172
165
318
303
138
522
328
206
155
202
153
273
230
200
159
215
395
165
567
261
149
153
173
237
254
142
139
194
172
431
427
370
149
155
212
240
292
424
154
164
172
388
132
209
198
262
132
146
345
104
102
102
97
349
284
303
108
109
191
129
111
108
149
165
240
199
98
112
149
139
312
330
161
166
410
100
218
176
182
162
149
424
189
354
441
156
225
361
208
234
274
221
299
231
175
190
313
185
171
151
392
431
376
195
174
128
159
328
216
261
197
358
375
273
120
143
142
144
356
130
123
202
185
366
164
205
222
264
177
285
161
153
154
300
119
152
168
414
400
278
272
146
132
320
235
169
192
256
262
166
250
160
161
161
213
255
188
179
165
114
125
141
157
315
310
185
344
374
117
125
180
400
160
161
255
141
138
115
122
131
141
107
146
254
110
195
133
117
171
134
208
230
157
154
297
152
150
300
173
407
158
147
168
164
272
300
255
286
375
204
175
167
252
298
160
226
156
174
156
226
185
217
290
285
196
206
198
156
162
317
384
249
149
170
150
236
332
271
216
407
289
340
153
162
384
198
375
110
122
134
338
184
117
175
184
113
122
109
194
176
182
133
115
132
241
331
123
343
211
165
124
137
137
156
97
132
130
320
132
183
246
141
118
125
195
154
457
408
375
196
163
276
227
336
303
172
187
253
176
167
185
199
255
371
167
221
362
194
168
205
362
306
250
238
308
355
121
119
213
199
316
148
153
145
136
116
412
193
182
372
129
216
163
250
150
160
161
340
140
402
120
306
332
403
148
157
170
211
155
224
161
128
114
166
275
140
121
110
177
168
169
215
272
184
115
465
164
154
413
127
144
176
413
414
171
276
349
153
160
172
206
172
142
152
147
238
205
219
301
350
184
158
391
256
267
201
306
230
215
424
233
288
169
187
167
219
247
227
228
110
151
125
173
189
269
205
309
320
208
202
191
140
149
122
102
266
108
350
171
227
234
313
275
197
287
105
106
132
121
122
134
134
189
309
121
111
138
128
126
151
196
186
135
201
157
145
119
120
146
130
128
165
158
171
184
222
153
143
143
144
223
250
142
148
163
127
217
129
136
252
258
136
366
158
229
254
275
215
154
179
256
202
164
169
323
166
225
300
212
192
379
221
272
338
379
198
232
304
365
211
249
218
241
376
255
230
323
301
325
199
266
220
227
212
330
198
358
397
211
158
198
234
241
149
131
128
158
244
152
146
155
296
128
147
322
404
133
199
176
140
379
173
193
165
153
287
249
172
171
158
288
188
190
269
180
474
220
213
420
200
209
226
270
288
249
379
412
247
246
406
331
366
260
257
290
298
374
345
213
257
279
285
308
303
370
279
350
431
441
243
256
318
481
365
264
414
156
192
155
281
395
452
269
268
391
174
183
307
276
188
196
246
233
330
357
244
246
252
220
259
226
229
257
227
422
229
393
228
329
365
232
225
224
221
278
321
233
353
312
330
281
248
384
351
198
206
216
409
283
211
246
359
422
171
326
125
143
134
130
176
118
115
132
159
157
157
477
124
119
132
217
216
186
273
168
378
475
354
124
322
139
357
179
470
116
225
144
166
195
205
200
180
120
145
91
103
119
328
324
100
116
506
172
140
250
141
228
214
210
277
177
177
351
518
351
388
166
596
497
155
163
179
191
138
145
314
130
129
372
232
240
157
189
216
486
155
223
407
336
332
332
445
186
181
347
177
184
232
387
269
226
363
155
193
227
244
376
415
134
147
138
154
155
166
188
241
208
216
191
162
391
149
185
198
405
497
156
402
483
502
388
303
197
137
163
175
185
192
203
211
132
150
148
351
201
114
146
260
245
220
123
121
168
421
390
118
516
177
187
393
512
150
139
183
177
158
136
110
118
100
195
192
88
109
75
134
171
207
195
132
113
253
353
230
117
155
407
218
276
164
392
185
306
471
146
145
432
308
390
214
150
389
353
180
116
171
220
299
339
329
260
156
134
384
160
150
172
148
157
175
391
212
133
161
286
158
348
310
185
192
150
181
337
313
321
302
413
447
168
235
483
419
147
302
328
244
236
102
186
186
129
158
364
177
188
196
234
80
241
284
107
118
118
130
140
366
366
163
161
173
164
187
197
123
131
144
150
363
167
286
308
288
123
318
160
159
202
171
170
220
195
165
167
163
160
156
157
208
151
381
140
117
133
144
199
161
270
191
425
284
152
124
335
151
235
213
194
144
161
321
315
194
293
151
149
165
173
411
150
260
343
152
174
375
193
246
165
373
213
171
280
271
181
160
228
213
282
164
173
276
292
144
464
150
137
326
283
385
342
384
137
140
262
192
356
195
305
257
231
273
273
246
182
151
209
291
316
352
299
173
158
152
156
199
138
167
138
163
154
133
213
127
137
124
340
432
150
139
454
255
337
147
213
216
258
143
413
159
351
179
147
194
397
314
3306
5332
477
4316
944
2709
2878
1161
201
223
1982
5585
982
1029
3324
286
478
269
357
307
248
280
443
387
219
228
277
255
256
240
220
191
172
170
168
187
494
361
2676
4089
4435
1366
186
199
208
368
532
498
382
348
5352
2780
4512
338
267
2498
6015
1953
2307
290
254
279
287
297
5883
308
571
562
532
628
544
541
240
247
273
358
386
328
204
222
248
236
270
366
341
228
672
366
193
203
202
245
216
207
304
292
644
276
205
203
322
337
305
693
219
658
472
526
196
205
222
252
502
513
722
214
663
690
700
224
195
160
264
266
267
696
134
170
453
181
587
539
424
594
546
324
321
303
283
327
216
466
368
212
560
644
614
642
234
256
237
246
482
477
476
599
277
416
458
376
217
233
279
297
304
552
542
543
248
417
453
273
514
180
207
190
808
220
228
236
247
287
177
185
194
203
211
374
339
244
411
188
522
198
205
212
228
374
242
197
199
229
213
166
175
197
464
465
619
173
214
189
308
422
176
175
200
270
398
414
298
663
261
775
410
675
766
552
436
201
209
223
231
265
739
296
269
364
376
146
211
135
176
176
236
178
244
251
259
271
294
308
314
228
762
719
186
265
369
387
773
781
216
200
258
915
167
163
185
410
964
221
280
792
820
216
335
232
842
281
252
258
265
219
415
197
660
385
257
255
215
570
577
265
264
233
244
276
272
300
272
223
370
217
214
229
533
183
200
195
383
178
239
235
506
192
218
177
179
261
284
340
332
332
355
332
346
564
361
354
342
312
366
267
445
202
208
121
220
361
413
340
281
379
225
402
199
183
172
355
180
277
184
214
164
169
262
285
293
205
166
232
258
151
138
385
237
253
395
210
221
471
129
148
156
163
192
158
134
166
205
432
467
141
104
204
165
355
397
500
96
103
112
102
167
186
224
222
164
102
122
116
354
360
318
376
314
114
156
312
278
329
399
178
304
144
167
174
155
288
296
265
140
296
128
134
114
136
217
297
289
227
146
154
179
335
201
266
321
91
120
233
132
142
154
163
172
181
271
277
99
111
352
359
396
465
228
144
132
158
156
281
458
391
396
416
356
367
193
348
424
144
354
252
283
165
177
193
256
130
164
190
176
225
141
151
482
210
191
123
124
136
138
379
218
182
452
146
156
158
228
208
207
208
201
204
248
162
158
246
195
317
164
147
380
301
227
116
124
130
137
205
177
198
340
405
171
202
181
197
394
326
191
209
153
166
274
257
113
135
134
147
154
162
400
213
116
124
132
198
448
88
84
224
95
301
127
174
138
185
163
128
404
174
171
183
112
218
267
132
145
200
321
316
164
126
165
155
208
286
235
203
123
119
139
250
149
193
156
118
91
99
210
121
110
168
123
112
119
125
231
168
262
124
115
136
290
297
285
254
124
134
167
158
181
162
110
100
169
301
293
281
324
131
266
342
79
103
93
113
123
282
202
200
169
162
169
292
298
362
85
83
267
122
95
272
414
112
314
296
157
178
182
246
152
138
229
134
134
131
134
157
140
187
105
204
194
236
397
126
158
146
159
174
174
371
98
150
111
128
158
158
304
458
241
277
400
165
103
127
139
256
405
375
451
274
249
313
183
160
180
161
171
284
125
156
163
130
114
292
165
177
143
100
98
122
129
148
154
396
99
190
109
129
165
99
183
169
168
103
326
164
101
183
307
163
89
88
190
92
171
234
168
164
238
192
420
165
95
184
149
110
400
109
235
164
191
310
277
210
294
512
200
263
341
272
281
170
164
411
84
549
514
512
376
168
137
396
436
206
206
238
215
84
241
121
386
229
603
614
393
328
444
97
115
230
133
96
273
306
278
127
138
196
126
222
171
293
306
111
119
138
225
380
158
156
241
123
297
151
108
126
125
123
180
183
258
201
110
122
134
151
186
186
291
281
115
127
129
129
159
277
115
163
100
163
207
302
124
110
127
125
124
161
159
158
164
357
180
123
289
418
169
171
181
196
268
146
192
185
176
250
165
187
434
354
173
159
116
438
139
285
111
123
145
160
514
287
294
537
201
333
105
122
173
412
371
213
134
156
275
251
410
91
114
322
207
165
238
333
147
129
124
222
105
111
292
120
131
146
144
164
90
280
474
465
105
115
147
324
138
144
155
154
355
467
82
89
98
113
358
521
137
147
188
196
137
152
179
179
178
155
162
136
132
150
156
114
125
135
150
160
184
126
179
140
110
107
107
107
101
139
140
135
126
212
87
102
120
134
228
142
101
141
232
115
137
91
250
269
93
74
122
155
139
125
77
268
82
281
243
96
110
116
92
103
163
162
161
95
251
250
124
83
90
87
67
218
194
76
83
95
137
146
278
131
74
84
105
398
92
219
227
71
89
96
104
113
260
83
321
235
353
139
149
130
107
205
227
282
195
125
346
102
166
249
99
173
99
229
223
249
104
95
97
171
295
118
62
69
92
413
149
159
108
115
104
133
145
145
104
259
173
173
106
112
125
124
270
96
117
191
153
218
184
150
248
118
113
108
84
99
119
133
112
152
158
147
237
113
108
135
296
145
118
132
164
62
65
173
161
171
312
187
99
120
169
244
147
104
115
89
408
383
165
239
111
359
289
344
362
4333
4543
4408
4366
4419
5135
5143
5108
301
1075
2181
2568
540
4611
1228
2809
267
2506
544
2028
1239
1005
700
1349
3595
2530
2020
1585
491
272
513
668
303
203
185
140
4498
4779
148
158
185
157
181
181
215
150
284
312
296
369
685
733
754
256
4347
664
528
125
178
153
180
146
184
183
183
183
182
177
176
4418
228
248
246
247
246
649
186
193
4465
4475
4470
4339
5341
3545
4616
541
4472
299
4507
4633
4627
582
563
237
273
278
265
4269
4261
3941
228
304
4288
6097
308
712
4748
722
319
315
320
4674
325
320
328
5014
3939
1847
339
820
2067
3907
821
1956
1445
789
497
250
256
272
279
292
299
310
316
323
361
421
202
226
233
272
281
274
294
300
881
3101
4036
2140
2799
3901
903
4831
4019
973
1577
365
386
399
180
179
202
210
218
611
450
308
331
268
280
288
571
476
635
635
354
382
639
656
651
644
234
235
236
249
250
679
348
682
377
277
420
364
443
472
312
332
281
286
647
660
649
648
620
615
648
644
637
625
658
580
688
642
745
506
756
539
707
695
683
426
337
322
322
323
321
314
352
354
358
353
342
333
667
659
285
294
265
263
222
253
244
233
358
359
337
351
346
343
313
584
183
188
193
200
225
233
239
245
250
259
263
268
274
280
286
295
301
306
383
439
474
345
140
264
234
160
281
308
642
259
364
633
634
544
397
323
353
181
167
215
206
204
562
651
665
268
255
246
573
599
235
236
264
275
298
298
300
320
273
287
290
289
314
307
281
320
318
237
249
258
266
285
319
350
654
660
673
258
869
349
272
279
290
242
231
231
296
267
261
491
940
263
873
339
404
185
170
185
185
513
524
398
342
1007
518
426
434
362
358
355
361
334
555
1061
360
1065
173
1085
210
235
1084
144
156
165
245
240
523
521
208
234
212
213
1032
319
265
1129
432
569
203
1121
220
218
219
296
1184
1092
352
351
333
282
303
465
350
329
338
358
633
596
1235
514
301
397
290
349
287
353
293
913
271
1314
243
272
255
299
307
350
261
366
234
232
257
405
265
270
383
995
289
223
249
245
251
264
295
448
1232
444
301
1346
185
185
207
202
224
231
236
280
328
410
1255
329
338
195
201
225
225
266
245
289
210
216
1432
1442
224
259
500
443
1171
523
446
447
556
376
252
676
1222
501
341
217
235
297
1501
346
1251
1453
1465
481
1270
1145
479
1270
390
504
1316
233
247
266
262
280
294
1350
239
1573
1534
1545
1511
341
376
196
228
349
434
583
586
585
491
364
225
226
239
257
601
248
265
207
227
659
1445
612
388
364
220
262
354
800
829
711
703
869
289
518
372
372
265
421
930
387
414
626
215
283
365
451
544
361
342
718
991
767
918
501
918
1643
641
375
1042
910
386
317
278
307
318
1964
326
338
1129
506
1164
1049
555
806
535
561
1098
324
325
322
302
314
325
316
1201
529
729
394
910
735
875
519
546
584
612
507
549
311
826
289
313
322
337
346
359
405
752
682
408
440
447
455
486
609
628
635
718
657
324
952
963
962
893
739
736
397
405
752
579
354
704
491
967
985
771
638
766
352
352
367
376
719
388
400
713
415
820
736
1043
1096
411
750
298
299
326
333
341
350
361
380
388
402
409
761
877
618
832
941
485
360
897
831
802
872
724
355
374
386
394
831
580
647
773
793
787
815
637
747
738
722
801
320
329
336
348
364
371
663
660
671
686
699
707
848
421
429
444
459
468
476
511
190
199
206
221
240
255
288
642
579
573
334
348
364
473
419
432
440
460
452
459
475
488
375
382
455
776
280
780
468
394
306
274
281
295
641
345
329
338
362
292
299
317
325
721
339
353
334
597
418
417
461
629
437
645
571
459
646
792
780
965
990
825
367
376
383
391
403
1006
990
998
673
611
463
464
405
456
999
721
446
939
683
677
900
934
691
465
327
338
358
368
376
384
396
441
448
460
468
477
489
500
520
527
971
1053
268
241
271
264
256
264
255
883
908
899
563
570
325
411
996
412
431
428
443
507
581
629
491
257
287
333
317
328
306
443
345
311
287
315
353
397
373
609
848
442
507
310
304
827
967
1052
830
790
797
853
861
850
851
403
402
440
417
411
449
996
302
339
350
566
549
568
779
830
804
1081
1096
1087
1106
463
794
449
812
898
453
462
915
491
531
509
431
452
460
467
518
393
360
380
461
493
481
516
581
482
311
328
330
361
381
396
404
507
578
457
420
359
311
332
340
332
358
368
384
381
343
357
382
533
484
520
520
511
547
296
327
333
341
355
364
371
384
394
429
454
497
593
1053
1175
1263
1042
1097
551
1110
1048
1123
1196
322
384
819
338
800
800
1237
1081
1107
1101
1088
395
403
410
475
205
224
233
484
482
450
783
556
807
807
472
668
459
577
390
388
376
601
602
602
422
880
897
881
336
344
354
296
917
917
875
890
496
595
508
854
607
855
888
688
906
324
409
461
478
830
1003
480
501
846
737
482
861
927
493
361
356
350
349
332
474
476
1008
613
885
386
416
694
691
470
612
664
649
725
607
677
730
695
735
407
426
434
450
658
334
393
393
393
396
397
396
394
653
664
545
546
532
227
252
288
294
306
318
341
348
355
366
371
378
387
392
397
404
433
440
446
473
515
630
641
646
789
255
263
752
829
752
688
527
587
587
598
612
622
430
472
279
290
310
310
310
309
540
337
809
451
457
464
468
565
469
515
803
438
453
736
328
335
384
878
604
467
364
866
911
741
511
544
757
665
773
783
777
805
779
790
850
900
608
411
605
662
831
736
723
439
363
357
355
371
383
781
674
906
726
333
328
369
364
352
476
395
410
406
397
405
837
213
223
247
274
307
317
343
343
354
362
369
402
431
400
405
420
414
440
435
453
224
239
215
231
231
232
252
252
268
266
278
721
834
318
336
352
882
835
497
887
1015
938
339
295
271
292
298
307
272
306
266
276
283
804
1094
1055
960
369
363
368
511
337
779
493
493
328
424
477
622
743
747
816
584
768
600
759
798
873
662
875
871
852
475
704
480
459
459
810
460
467
646
504
505
505
507
503
479
479
459
596
590
523
635
773
754
296
311
317
324
336
343
362
370
396
415
423
450
461
469
534
504
503
566
331
330
332
357
518
988
883
760
593
594
388
396
457
477
523
951
1002
1172
663
662
643
950
983
639
1009
1026
469
714
545
349
362
374
380
386
391
395
400
405
411
418
425
432
508
1066
1133
1057
1043
1056
508
612
1286
429
370
386
324
324
1039
1027
809
378
374
382
344
354
374
824
868
874
894
848
798
811
820
836
795
854
280
287
425
839
426
425
424
365
719
924
391
733
931
917
316
325
326
337
423
396
613
545
531
472
704
1015
602
672
296
312
343
349
355
369
375
382
388
394
400
1131
1120
1118
986
981
444
1007
448
1059
298
297
304
312
321
328
356
381
389
457
528
1054
780
774
435
245
233
247
247
345
456
360
366
342
364
386
382
488
647
500
687
474
481
739
811
266
338
908
646
727
657
574
582
944
717
691
681
598
762
521
332
328
332
983
758
1030
1029
745
464
385
1035
854
713
365
372
385
790
349
356
388
399
407
769
378
430
468
267
274
342
342
343
342
332
332
369
385
390
401
406
412
417
425
432
695
677
591
591
580
526
522
614
333
364
351
369
386
453
490
790
1086
718
587
703
1008
399
414
404
1128
687
799
718
429
684
681
456
602
610
403
409
385
392
409
469
616
459
419
556
758
766
750
1054
792
698
925
1065
849
867
857
877
947
467
388
413
501
329
314
315
399
755
840
752
417
505
849
771
423
472
575
473
570
414
266
274
346
403
497
498
471
403
483
1649
1520
283
331
345
356
372
389
406
428
320
355
331
324
329
362
429
589
575
593
604
863
614
519
546
607
618
1374
562
572
260
259
697
280
303
331
339
347
359
365
409
376
431
438
917
826
515
455
599
383
1676
459
1073
674
1385
495
1667
778
802
794
747
1795
406
491
536
761
831
763
762
805
829
790
1514
568
346
806
1467
1932
1870
2027
1050
968
720
1001
1623
623
614
847
1244
694
988
1027
1578
852
974
1050
827
1038
958
1067
907
1052
2020
1660
1163
1966
1467
1004
1561
1327
593
590
578
535
535
437
498
505
515
548
558
2048
2117
1214
1514
1090
1344
754
476
495
477
492
501
517
756
707
686
590
669
979
656
587
419
416
395
719
1177
979
1176
1330
1329
517
760
883
734
706
1059
1161
1080
477
1470
441
448
456
470
479
494
493
652
637
1023
1008
1022
1031
1049
1074
1137
1067
1083
1153
379
386
395
409
417
488
464
465
501
546
558
578
588
600
608
621
646
656
687
1672
1482
1290
1682
1499
1247
1274
985
302
368
368
382
392
401
478
476
1380
1191
1433
1473
1428
1375
1313
1364
1393
1379
1126
1296
876
835
842
595
544
597
1604
622
1770
1761
635
757
1673
1016
1024
1462
1302
1272
1041
1305
1150
895
846
717
893
835
906
839
528
608
610
1589
415
423
432
440
449
458
467
476
485
495
648
1066
865
877
884
959
831
970
968
967
897
814
1521
550
641
1534
830
1527
1680
627
633
581
645
673
681
752
1257
1031
1037
1666
960
527
471
566
560
593
562
590
484
618
626
491
617
631
602
525
532
542
1040
1037
771
779
813
397
450
450
404
404
468
419
426
435
435
494
494
494
512
511
520
526
532
537
701
714
748
678
673
723
729
688
618
417
464
461
463
442
442
465
455
461
476
470
483
558
573
585
500
515
1127
732
737
721
549
303
310
289
760
396
394
406
353
348
662
656
806
458
805
504
461
618
490
504
534
567
534
521
572
553
535
509
466
528
572
501
534
591
532
477
487
599
491
488
586
557
635
626
523
623
364
549
847
742
315
374
924
856
557
796
520
517
512
522
753
536
531
761
603
499
640
475
474
492
475
483
491
559
466
364
358
348
348
348
348
360
376
399
533
429
435
541
550
453
546
558
564
462
457
462
452
561
562
680
655
692
514
688
680
702
677
516
515
593
605
495
517
779
505
719
639
641
651
657
751
435
428
452
491
478
465
462
798
707
775
523
669
430
509
501
401
405
527
371
367
367
359
367
426
426
425
426
426
425
627
473
487
472
314
309
328
328
343
480
728
710
637
735
719
612
602
585
482
344
342
363
385
404
827
604
599
636
600
610
825
826
911
592
528
783
423
940
492
511
509
509
498
524
968
460
443
464
460
329
344
433
444
898
842
840
555
536
572
811
1011
1040
478
488
497
949
827
807
814
1053
1067
509
1052
480
407
492
484
468
438
536
452
473
481
488
463
852
289
297
314
872
347
363
553
902
900
585
581
749
544
627
1040
980
970
996
983
312
1069
458
473
473
550
566
1104
991
1003
970
398
1017
893
581
599
660
444
827
542
333
369
849
354
364
372
380
454
426
413
448
338
336
351
357
840
824
897
909
909
903
1124
1108
760
816
670
731
678
767
486
437
442
1027
1047
432
453
577
594
405
398
360
483
396
406
373
436
743
648
459
465
316
311
312
377
368
342
356
340
376
417
438
509
800
786
443
326
763
336
343
431
822
385
383
372
284
344
357
543
543
549
433
874
908
808
792
883
584
805
751
887
819
827
841
940
958
943
940
773
932
845
1032
848
916
617
592
814
806
633
706
782
1040
664
959
469
540
805
681
871
998
515
1014
477
408
428
531
546
552
475
495
477
493
492
494
487
557
987
397
324
725
404
674
407
406
453
464
471
1044
848
519
585
524
517
542
544
539
560
471
308
316
406
482
566
572
608
824
422
436
419
431
410
447
493
470
491
527
504
569
533
521
533
553
406
915
631
781
793
553
626
793
642
797
790
649
665
540
853
1067
1148
765
586
550
857
1176
409
398
404
420
440
441
409
411
411
435
416
472
480
558
559
551
1226
1185
1226
1197
552
559
529
557
540
587
538
568
569
546
571
549
574
1189
1051
1093
1063
1070
896
527
477
484
491
503
509
518
531
541
575
1147
1033
1364
1244
1305
598
629
581
704
304
311
335
343
354
979
542
1102
1101
418
441
458
466
473
481
492
506
877
958
880
974
684
662
549
559
590
598
605
629
639
648
655
673
709
537
517
567
558
526
598
531
551
548
576
440
458
458
470
651
515
348
355
362
370
389
448
490
496
1249
418
418
418
415
511
500
489
470
468
468
652
672
682
714
696
1062
1042
911
962
1139
656
641
695
1029
486
493
435
1009
875
614
937
932
868
924
955
944
1030
814
762
1097
1122
1128
1105
416
423
449
480
488
496
504
563
561
609
970
638
639
647
639
438
459
485
499
553
623
594
713
352
285
617
540
435
309
427
314
431
585
708
727
741
727
630
638
749
746
689
1027
768
810
324
386
460
945
926
590
443
495
480
479
468
523
616
1287
772
773
657
689
682
692
674
403
410
417
528
587
927
538
592
625
647
619
607
628
664
670
681
993
479
487
511
499
506
514
808
621
499
494
502
522
520
1153
1158
1130
1213
1197
1186
1225
1262
1296
1322
979
1331
1345
1231
426
427
452
462
572
492
535
536
538
563
616
602
613
685
349
397
403
421
432
439
502
1323
1006
1072
1083
635
737
1094
1100
649
1057
978
1196
664
636
415
422
1021
1228
1040
1228
648
570
588
698
656
711
659
734
749
500
307
321
329
339
351
350
362
410
418
429
1275
1149
1106
1127
1140
1134
1009
1004
756
730
346
352
381
1033
1029
1190
1161
1049
1186
1264
439
670
1283
1198
978
397
402
397
398
808
846
885
446
457
1270
1353
807
796
567
486
425
444
414
395
407
402
398
433
435
464
567
562
569
583
586
588
598
722
728
750
544
571
557
582
336
350
351
352
366
372
378
395
456
490
501
556
932
1004
697
377
379
382
392
399
353
361
415
452
465
575
873
984
889
1138
1045
1264
620
622
1145
389
379
375
375
718
513
964
955
1107
1120
697
605
603
557
1117
648
574
653
337
347
363
372
397
476
687
557
569
709
924
579
715
1221
728
678
753
418
426
477
416
406
418
434
430
447
634
989
1009
1004
587
660
599
1405
1066
1107
1460
1089
464
463
546
573
1163
1680
1526
1599
1526
1439
1569
1633
1118
685
672
1597
1865
1862
1192
1691
463
471
481
511
512
549
550
612
547
548
658
1370
1375
1766
1543
422
397
389
438
449
486
482
490
519
528
538
549
556
697
1744
1675
1263
1243
1458
1636
846
1794
1696
1198
802
1740
1312
690
1839
504
533
618
654
743
1230
1433
1299
1276
1668
1465
1319
1223
1351
1351
581
662
673
795
443
453
460
468
485
498
512
520
528
1434
1430
1739
1747
1431
1449
1522
1515
793
569
494
463
811
504
1601
503
666
641
1152
824
1009
1204
1175
1245
636
472
489
586
487
484
1085
1323
1220
1314
483
492
507
520
528
590
1611
1608
1613
1573
1392
1400
782
758
787
1539
630
575
583
597
614
632
529
506
494
501
489
506
556
557
587
603
613
633
642
934
943
1302
1190
1213
1231
1199
1236
1217
434
431
426
424
547
547
569
588
665
655
657
703
761
807
1003
1050
1343
973
912
1228
924
1096
1096
1494
1029
1167
1041
1047
1120
1139
954
1071
1253
1267
535
569
599
832
824
1485
1463
1351
432
446
469
488
513
544
561
568
1653
1569
956
996
696
1204
1193
1207
1197
1200
1197
1185
692
1300
1251
1304
917
417
444
453
521
539
626
684
1100
987
1425
717
1557
1456
592
600
608
631
643
657
763
892
885
815
810
806
1314
1339
790
797
653
718
735
750
788
1024
1666
1769
1753
1673
1667
1683
981
1041
1039
1755
1772
1761
2052
652
640
650
688
696
708
716
725
734
746
754
762
771
779
787
795
804
908
884
921
915
1302
1193
1519
1409
1553
1433
713
722
743
743
809
864
934
933
510
706
697
704
742
749
753
754
752
735
734
695
693
700
1666
1639
1865
1875
1864
1777
1872
1396
943
932
945
497
563
573
597
604
612
642
809
901
879
953
478
521
528
552
583
567
711
1349
1349
889
890
906
907
1038
1070
1005
1012
504
341
470
513
522
540
593
644
1719
1726
1712
1277
1284
1372
764
639
650
847
831
393
423
432
442
479
1724
1144
1152
1091
1718
956
1098
1166
1727
1742
1388
648
770
781
451
463
481
1194
487
499
469
464
513
1677
751
748
753
759
1222
1362
1370
1773
683
890
1051
1057
1788
1073
1071
1069
919
887
465
541
548
597
686
1007
982
872
985
1799
885
893
888
906
912
1071
543
445
463
494
502
514
525
1891
1887
636
636
636
632
625
668
664
494
505
558
1823
1191
1190
1978
1175
774
785
1056
1055
1057
1059
1059
1892
1003
1892
1947
1063
1919
1770
598
386
386
403
407
417
430
513
513
582
572
571
586
570
578
569
654
902
917
904
669
1881
2018
845
1210
1210
1210
1181
1180
1476
437
467
474
480
489
497
505
511
519
672
1877
1755
1883
1910
1199
1211
1211
2135
1155
1155
1141
953
579
648
1126
497
514
520
516
358
364
314
363
702
689
694
1117
1124
1393
836
1361
771
781
592
601
1102
1066
540
539
519
541
529
561
571
665
2060
976
1572
1152
1157
968
791
770
1283
1228
1223
802
791
818
969
982
420
429
439
452
452
428
471
606
1039
925
647
647
668
1014
872
1186
689
793
833
736
523
1142
1203
1160
1478
1226
1223
1223
1217
1188
1175
1031
936
737
642
656
804
1580
633
632
639
563
722
1037
865
957
965
753
650
662
657
681
699
1905
1272
1384
1393
624
636
645
655
668
736
736
752
532
595
592
593
587
614
652
694
904
913
919
1056
1044
891
762
490
498
507
514
540
547
563
570
583
586
602
639
639
1322
670
679
836
1587
1584
913
701
716
758
846
855
684
1234
1245
1233
1248
1243
791
802
988
989
507
562
582
588
594
600
606
614
620
625
630
637
645
653
660
702
711
744
1127
1122
1149
1141
1168
1175
1192
573
581
587
832
843
508
1349
1356
493
490
491
534
465
475
536
528
537
1269
1246
676
706
1293
971
1258
689
980
1086
932
1095
1290
831
1112
1240
952
770
725
1115
727
500
507
514
546
539
642
587
1154
1256
1256
1273
1254
1281
1274
1333
1189
502
514
523
536
542
555
624
702
1254
1096
713
1384
1208
1382
1293
1383
1236
506
534
543
612
687
647
730
1352
1193
1336
1169
1326
1350
1295
1590
626
605
605
602
488
528
529
522
533
523
537
634
633
607
600
625
601
676
686
1496
1142
1355
1442
1438
1475
859
823
1011
1008
880
490
496
506
514
520
526
533
543
549
555
561
569
582
592
599
605
614
639
656
725
698
823
836
1486
1672
1678
1676
1662
674
1704
978
964
989
977
1204
1213
902
922
928
648
657
677
695
517
595
601
616
622
628
634
640
656
825
896
723
733
741
848
852
749
745
739
687
708
1865
1857
1915
1615
1874
1813
1261
1056
1067
1072
1199
498
503
509
515
526
532
614
628
637
648
661
659
681
957
963
1335
1351
775
776
1356
741
598
692
726
731
1356
746
1353
594
596
593
601
596
763
1198
1260
1301
1324
1272
1321
1330
1338
793
478
524
532
545
553
573
588
604
620
633
692
702
711
724
732
739
746
754
761
768
836
1526
1007
1007
1597
1612
1577
1615
1486
1373
363
370
378
394
402
410
429
439
465
464
463
463
492
512
536
542
548
1242
1244
660
567
574
587
594
614
705
1954
1787
1966
1932
1865
1918
1698
1591
1635
1775
1252
1777
1693
1616
1558
1073
1081
1076
1096
820
818
815
815
833
831
823
888
907
907
951
964
1037
1089
1077
1080
718
1051
952
1084
955
1040
1125
970
1128
1230
1238
1272
1027
1023
1013
978
1143
675
691
1122
882
1151
575
575
591
591
603
612
623
632
916
922
929
1368
940
1069
841
778
962
774
775
709
1432
1441
701
886
892
829
828
940
991
1196
1712
1534
1251
1251
1149
979
714
900
1403
1110
709
715
668
705
717
738
712
656
667
662
705
682
668
1160
695
710
1185
1168
2123
1180
1204
1322
991
1206
1117
840
842
725
725
467
476
2216
765
538
547
555
563
578
588
595
606
720
728
850
852
892
811
818
824
916
670
865
849
2353
874
886
818
886
896
829
666
689
712
742
729
740
733
744
762
1021
707
717
716
727
558
567
587
579
636
628
628
627
621
656
620
666
681
714
693
701
734
748
740
740
777
776
789
796
804
811
826
834
1914
1841
1229
2395
626
648
622
643
681
773
694
693
720
715
760
771
980
1212
762
841
855
875
906
1185
1721
1176
1099
1197
1224
653
662
668
680
695
704
780
886
2234
2661
2775
2146
2551
1085
1110
1083
1930
1096
1250
2675
701
1297
2824
1501
2107
1437
1830
1509
1495
2208
1449
1439
2058
1503
2414
699
713
711
725
734
746
755
766
773
779
833
845
913
1396
938
938
1194
824
704
670
656
677
690
697
704
711
733
749
755
832
846
860
755
794
350
355
316
321
522
408
583
421
538
546
541
763
496
354
524
457
468
476
499
510
517
476
476
461
417
1342
1340
1131
1086
878
1230
1229
1045
741
1154
912
831
827
832
919
301
347
349
360
386
391
404
410
422
434
572
631
496
483
705
449
1234
1177
1183
1224
1206
491
679
568
693
692
691
544
553
896
849
580
449
463
626
876
770
1202
395
465
380
393
594
596
587
546
557
570
567
576
510
1160
1180
997
612
761
756
764
591
599
522
506
506
1402
1418
590
518
525
606
465
1140
1127
1127
1307
1442
1429
608
890
888
1027
1036
613
582
579
567
585
586
585
599
702
1119
1121
1125
566
585
611
534
549
557
562
570
577
587
587
599
836
845
852
896
863
903
872
858
967
876
926
888
884
892
905
1645
1637
373
379
387
396
406
412
418
428
1332
718
735
731
771
771
1360
771
1387
1145
1464
778
922
929
527
649
604
601
602
671
680
686
681
689
698
663
638
667
625
740
726
751
778
778
1601
811
1707
1711
1731
783
1602
1499
1392
1466
1609
1543
1534
865
1228
1391
1358
876
852
1452
1341
1365
866
842
850
511
511
517
524
530
535
570
575
672
1008
1372
1685
1150
1004
785
950
626
624
689
511
495
506
564
574
584
594
1035
648
608
1144
1134
1146
1141
1152
841
806
1186
1428
861
1746
872
610
716
580
564
576
568
577
593
570
552
562
570
583
598
598
1120
1149
1149
879
1173
1027
1179
897
1183
1291
1056
1188
681
710
1326
1305
1655
763
722
723
701
743
763
756
874
1163
1769
1749
1296
1302
1177
1274
1198
905
693
541
564
565
551
549
759
736
760
749
579
771
744
768
765
762
743
691
687
686
635
634
626
634
926
893
955
837
558
564
571
615
623
636
681
759
1223
1221
1233
1338
1259
1231
1257
1256
1268
1393
954
961
1020
964
989
948
955
951
1267
710
521
536
547
559
572
585
586
598
615
1343
881
889
474
641
807
1370
1364
916
916
927
934
937
935
1102
1222
731
536
536
546
1410
450
1436
1435
696
690
707
511
1007
890
463
462
475
479
501
1151
1111
1433
1419
1169
1098
1173
1484
1500
1470
1274
1468
1386
1423
1523
1397
1503
732
1458
1425
1533
1542
1469
1573
1559
611
624
635
655
676
683
1195
1576
733
746
621
701
751
753
760
428
451
459
467
520
528
616
623
647
645
660
668
684
1237
703
1258
1265
467
476
490
489
490
528
541
557
566
563
752
767
777
507
513
399
543
596
593
1397
1439
1026
1051
1057
967
1426
1445
1474
995
997
1478
1457
1065
1485
530
541
549
556
711
742
797
1114
1144
1048
1131
915
924
924
934
1169
1175
1188
758
968
959
1877
1866
2003
2028
1887
1864
1861
1847
1737
1893
1119
1892
1111
1893
1781
1906
1641
1527
1534
1896
1173
1652
1284
1270
541
578
586
626
626
923
689
698
706
715
724
733
744
760
769
778
786
797
805
813
822
829
839
848
875
248
273
274
264
289
801
491
898
624
394
328
328
396
405
399
390
384
382
379
369
368
707
584
502
500
497
498
491
489
488
480
1374
720
1692
710
736
626
557
1378
1705
844
925
936
928
1730
942
900
967
788
795
470
1637
1609
1615
1249
1298
1643
1591
1029
1013
904
1148
1582
1594
1602
1587
1117
1619
1139
1139
1922
1944
1804
1848
1876
1842
1846
680
686
694
706
719
730
749
768
788
782
789
990
958
685
646
663
666
669
697
711
729
739
748
758
768
781
788
795
881
929
1247
1291
1389
702
715
792
959
612
623
633
643
650
658
666
687
730
755
755
770
479
547
556
569
577
584
592
625
638
701
1056
1025
1034
1040
1047
1054
1060
1066
1083
1078
1093
1101
1106
1112
594
607
616
624
636
645
729
783
868
911
1089
1575
1687
1495
1542
1593
1715
1750
1584
1576
1539
1557
1594
1630
1574
975
1023
1056
1067
1489
1065
1445
799
704
654
653
845
1146
1147
1088
889
1535
1532
2514
1201
2665
2507
2504
1183
1069
1516
764
771
844
1031
964
2585
2601
2580
600
610
616
625
633
729
737
763
2112
2461
2798
2788
2602
2649
1020
1017
595
593
590
588
588
632
705
827
636
560
423
412
519
516
509
551
505
526
580
526
566
647
584
571
653
651
701
1012
1019
1187
1154
919
2840
1277
2299
1176
1209
1189
1202
1209
1205
1207
772
581
676
658
719
806
693
1033
1103
1027
1006
1784
1112
1150
1055
2800
1146
2846
1048
1172
1060
1146
1206
3143
1177
1184
1964
1971
1210
1227
558
546
470
477
534
543
550
574
589
1312
2604
1304
1163
790
1940
1898
1789
1704
2079
1962
2712
2646
1315
2633
2316
2668
1358
1222
1930
568
690
700
1985
2632
1963
1243
1941
1245
931
700
709
1990
2099
1831
2623
1963
934
2017
1911
1939
1948
2770
2091
2066
2665
1632
2887
2151
1374
2681
1394
2090
1655
1179
1006
2843
643
612
636
631
728
728
695
678
673
668
663
660
803
2594
2592
559
588
587
587
611
611
609
646
658
666
673
684
692
728
2063
2402
2164
2455
2452
2382
2379
2670
2390
2158
893
923
997
1003
1009
1033
804
487
496
456
462
570
624
648
701
766
992
1005
1706
1645
1328
1552
1350
1343
1351
1022
1032
1516
1008
1060
941
763
432
482
480
492
554
555
529
574
1123
1812
1077
1084
1605
1043
2031
1746
1746
2048
2044
2053
1602
1598
1429
973
1101
756
653
1831
1894
1951
1164
1163
1170
945
953
698
2002
2146
1856
1999
1366
769
695
852
861
659
570
599
600
598
621
631
638
649
659
667
675
776
1831
1620
1825
738
803
1210
1281
1216
1308
1318
795
677
707
728
757
679
1726
660
660
702
700
983
1549
918
1064
1403
1419
1329
1345
1414
1982
1968
1956
1439
943
734
630
597
597
608
618
645
804
811
736
763
1152
1139
1146
1666
1133
812
1148
1323
824
1352
1171
824
826
1270
551
511
579
542
498
534
598
583
528
640
574
586
538
598
543
564
688
551
683
682
707
715
722
731
738
746
772
779
788
851
1194
440
451
458
475
487
493
520
528
541
598
606
614
623
632
646
733
767
1738
1744
963
1404
1473
1423
1593
487
512
493
495
520
520
521
542
549
556
563
584
782
1185
1546
1554
1566
1121
1588
1599
1212
1407
1211
1211
1140
1384
1427
1050
1405
1614
1394
1661
1577
1674
1658
1082
1078
982
1083
1092
1088
1088
1089
1071
1116
745
804
443
464
481
488
501
512
527
1273
1251
1259
1255
1254
1732
1290
1282
1289
1295
900
897
