14
6
57
5
4
27
42
6
104
78
21
20
13
62
129
79
54
27
21
11
9
19
78
87
112
56
71
38
37
44
24
126
140
134
222
126
157
216
140
136
91
58
42
47
40
92
196
194
196
195
263
207
128
114
164
168
216
150
151
147
145
93
100
124
80
81
95
147
207
207
198
173
170
170
238
217
133
201
140
196
285
195
300
195
215
125
198
204
53
232
351
56
69
98
114
138
113
159
97
161
104
106
176
47
80
102
80
159
91
120
109
163
151
146
157
153
164
251
277
168
150
107
265
120
222
98
117
103
120
124
132
227
168
215
214
205
194
354
160
197
360
183
137
133
78
320
82
212
239
132
143
170
180
148
194
153
196
170
206
161
152
198
167
116
151
109
111
117
264
109
103
99
91
134
98
131
190
162
166
191
185
184
230
231
210
196
239
180
138
152
266
291
300
145
167
143
183
129
150
161
89
120
72
156
75
208
92
85
106
178
171
186
160
168
262
185
226
228
262
238
252
249
262
290
218
188
188
288
399
219
232
173
248
168
261
419
150
190
135
142
93
126
113
236
204
110
107
118
256
124
121
148
175
207
180
147
162
197
172
139
243
178
152
254
185
134
103
122
139
102
77
115
287
101
283
131
369
112
103
111
126
147
389
51
62
69
94
142
85
95
105
229
300
138
212
372
390
370
192
356
199
220
218
177
190
291
385
320
349
148
450
152
169
154
170
150
357
371
363
113
205
201
123
135
214
120
375
92
157
375
103
344
145
108
172
110
100
100
119
72
65
256
146
151
104
114
186
111
108
119
118
116
112
275
241
103
221
321
269
216
286
281
231
240
451
485
222
176
311
211
249
299
271
237
207
331
175
217
321
232
216
192
242
392
372
191
135
119
243
209
156
467
149
139
120
172
511
115
281
156
464
177
107
184
163
331
162
184
478
294
176
161
341
340
327
181
196
157
150
202
148
151
259
173
320
351
239
200
213
224
171
278
229
228
143
162
206
90
217
142
431
392
381
418
177
554
325
236
202
376
513
420
236
319
332
239
245
329
273
208
205
310
216
153
259
101
166
90
173
353
108
107
104
119
105
115
109
115
399
115
110
94
132
179
599
128
295
310
234
540
138
347
271
297
647
180
280
212
206
221
213
157
235
178
163
204
174
254
198
231
220
254
235
510
302
308
285
244
463
342
569
494
502
510
309
590
647
456
311
663
1660
322
302
297
477
450
530
252
254
358
509
227
251
368
352
245
255
264
239
286
203
350
565
203
218
464
263
186
295
173
254
226
297
1475
182
650
460
196
206
167
178
187
168
213
186
674
373
170
194
339
226
331
179
395
173
181
368
160
355
198
297
227
140
209
179
207
151
349
368
198
317
242
398
184
193
217
342
284
182
179
472
185
316
281
348
198
215
206
197
188
188
513
451
383
510
144
153
185
194
216
226
97
148
168
186
208
268
421
98
107
211
409
430
177
118
152
113
504
105
260
137
151
158
308
196
185
450
442
406
179
170
187
172
278
300
168
176
217
192
222
274
257
266
209
232
212
174
227
759
248
225
182
366
203
173
182
206
216
187
300
219
751
189
356
214
382
290
410
186
563
233
770
328
184
185
336
563
558
194
188
223
323
320
511
240
318
626
328
251
380
387
237
315
258
397
311
349
286
228
419
356
341
332
253
474
248
285
267
265
336
362
396
225
191
207
276
261
257
211
558
558
364
397
382
254
367
633
630
532
227
261
685
293
592
180
242
321
219
195
556
552
575
587
608
251
181
188
221
162
170
196
513
210
223
203
287
490
539
188
471
261
450
206
206
335
269
257
256
368
506
312
744
188
696
461
207
311
220
239
342
185
236
222
313
466
504
527
174
346
209
515
209
256
238
560
868
493
501
206
190
280
542
906
849
856
333
242
866
890
349
250
253
528
481
893
335
308
196
247
703
554
288
217
244
563
256
532
260
550
825
402
413
261
234
561
784
516
283
236
259
368
394
240
397
385
329
326
306
247
258
268
584
301
327
262
194
242
260
276
357
186
172
267
815
211
163
195
159
174
441
597
167
621
198
172
291
288
268
194
207
193
244
158
166
392
193
531
169
258
463
287
262
303
471
200
229
1023
1016
279
1017
493
215
268
256
293
517
975
805
854
307
259
195
277
196
196
262
400
372
389
248
722
529
520
528
540
458
465
272
285
522
201
382
372
346
373
578
468
468
265
291
300
215
631
738
578
835
865
617
318
226
376
367
235
243
255
273
272
221
173
409
381
146
185
155
162
285
345
182
474
561
650
641
747
614
162
183
360
153
163
194
133
170
145
154
241
239
207
177
173
287
365
513
371
386
212
677
657
298
611
432
238
250
614
414
241
595
300
292
284
331
404
333
239
247
334
437
427
427
329
206
353
378
360
290
327
593
243
236
247
224
586
237
620
282
493
307
254
259
258
640
572
332
649
255
255
643
476
446
325
592
287
479
238
220
370
342
178
222
546
168
323
299
205
311
398
210
468
479
518
233
230
230
364
338
484
239
258
656
241
257
311
507
287
511
544
222
199
746
330
182
216
202
321
191
192
183
641
224
222
388
185
196
196
224
373
136
412
203
192
144
153
192
529
280
549
433
277
258
257
418
499
204
603
188
196
213
762
757
194
214
234
261
241
342
252
311
715
213
235
232
282
548
245
246
453
312
606
509
432
458
585
477
316
316
521
223
223
249
224
223
420
412
233
242
219
121
215
194
625
508
209
246
261
195
217
542
120
146
527
163
90
92
119
87
691
124
96
481
661
296
124
119
139
676
770
345
131
963
720
373
180
192
187
208
959
347
336
154
188
166
408
974
123
1067
105
479
707
234
291
170
619
207
754
201
177
361
413
1039
382
189
409
177
179
162
238
178
359
162
282
171
637
190
175
212
387
568
174
173
173
359
253
264
292
271
581
467
108
134
154
226
165
192
230
241
256
587
424
132
140
313
421
435
443
251
185
249
470
467
305
464
223
198
176
189
176
188
216
149
162
195
530
482
536
240
219
194
237
188
184
176
191
156
168
182
197
124
148
324
243
373
280
283
404
419
282
171
172
268
148
230
238
426
393
272
231
381
173
145
366
160
146
423
195
173
263
117
248
415
426
138
366
193
179
167
274
152
546
210
132
436
403
430
204
215
195
55
71
319
397
360
236
130
191
447
148
193
201
924
251
207
117
392
186
115
123
343
137
147
185
307
521
169
96
104
116
124
140
149
157
343
192
224
978
1013
143
151
160
196
1071
723
943
182
145
168
150
162
1015
2483
4744
2151
4013
5510
4565
4848
262
2146
350
3230
3580
228
259
245
271
992
408
203
212
221
258
308
307
189
1172
406
350
195
207
218
259
198
207
217
367
374
342
323
318
2317
2889
5226
2979
248
250
296
416
4120
3045
3533
308
316
4907
583
1174
650
449
554
559
948
452
268
351
521
1124
351
386
212
219
640
375
437
249
259
287
414
332
243
320
1363
401
1333
541
540
716
468
257
270
290
303
1416
206
245
560
597
259
281
293
309
318
333
388
699
606
181
230
379
387
363
352
375
1029
411
641
417
1014
655
1309
773
685
792
814
816
724
832
410
697
375
455
997
965
970
1239
1151
713
329
340
375
393
447
443
320
332
332
351
360
859
557
558
725
762
415
744
627
532
358
423
777
786
984
775
996
586
244
254
264
475
310
305
251
327
746
304
364
500
765
763
770
758
756
309
331
194
204
214
227
250
261
209
234
480
277
208
217
225
238
248
267
223
805
827
806
841
426
426
463
465
313
224
830
316
262
851
288
296
315
322
875
1088
262
271
288
297
309
426
1073
1078
1139
1134
645
613
620
287
304
330
340
635
576
369
648
360
293
303
633
633
624
631
683
340
272
249
248
279
271
334
341
347
620
267
307
248
222
645
303
313
335
277
181
192
190
221
242
255
294
599
211
204
238
210
404
425
419
572
270
351
200
224
232
379
370
654
665
690
1478
463
379
452
448
457
312
323
1460
628
635
473
1088
1131
679
710
449
362
1109
1608
314
432
661
564
885
368
289
373
397
361
805
738
366
1262
494
705
677
643
724
866
917
364
228
238
262
270
325
441
360
394
365
340
336
343
531
440
699
402
1015
714
717
206
340
319
462
519
291
291
245
248
485
416
409
606
177
623
779
266
209
281
209
227
220
239
263
264
282
279
776
511
846
565
466
680
281
647
676
251
265
238
240
306
319
320
494
936
828
413
430
787
759
290
337
320
300
488
262
286
301
309
329
331
355
353
793
685
810
719
880
271
291
311
323
330
337
362
833
279
377
336
1330
313
315
311
1176
539
547
1365
575
1393
558
261
280
337
356
368
582
400
326
949
848
453
1369
246
258
319
328
346
258
251
268
241
386
429
462
449
461
482
230
247
271
688
687
680
354
337
233
242
309
821
443
426
847
293
265
281
389
685
406
701
710
260
279
298
353
750
747
807
714
692
468
867
736
426
402
407
591
699
598
365
659
893
416
732
706
753
651
587
669
698
277
285
288
330
340
349
234
256
264
273
287
299
308
317
504
512
671
200
207
252
270
924
669
288
302
681
899
550
560
424
336
250
367
281
523
523
571
292
292
469
425
437
856
720
689
292
302
339
362
473
633
477
387
382
391
389
730
813
822
653
836
788
796
790
355
337
394
382
409
340
486
455
434
972
428
859
299
358
321
566
348
1071
451
346
5667
265
340
1102
1062
363
491
592
303
300
267
338
827
921
705
713
663
982
653
1114
381
371
460
338
350
566
686
427
408
407
437
435
404
412
456
899
729
820
829
837
895
867
356
434
509
816
823
547
494
569
586
551
6120
529
578
354
390
379
395
411
448
900
283
307
367
379
917
912
545
647
462
300
497
921
515
574
610
446
266
255
290
290
301
316
498
511
508
318
307
347
350
335
422
430
258
463
1292
407
861
706
866
935
890
547
812
367
805
328
726
319
312
277
286
299
310
455
333
301
336
334
331
367
361
461
470
491
497
1509
647
657
462
261
329
345
398
508
487
1525
1669
311
312
327
338
1023
1023
1034
1022
334
408
753
726
687
689
357
393
437
527
379
1199
870
300
870
1715
1743
302
313
847
332
907
1722
1717
783
1865
865
840
1646
229
288
285
286
286
312
323
333
921
356
242
266
270
294
293
315
545
544
542
546
531
545
534
387
399
743
740
358
468
308
868
534
876
892
874
562
416
753
284
314
329
382
277
641
739
812
721
438
832
605
664
664
333
349
448
773
427
335
398
614
2311
328
1860
504
1629
461
512
325
328
380
2002
380
377
374
425
336
384
409
391
532
547
976
1006
600
588
587
300
319
327
335
343
362
370
378
441
475
515
759
550
552
761
1642
1557
786
811
661
646
597
490
364
370
379
387
396
1690
772
1691
624
595
592
1372
1599
1981
1656
1804
452
594
981
1725
942
578
466
500
520
1594
1563
2074
446
992
907
1021
483
496
995
993
991
1017
1003
1021
466
474
490
504
731
723
611
880
943
485
493
503
593
570
364
374
383
455
495
515
535
785
671
749
653
617
454
689
461
667
667
1402
1408
598
445
443
459
1311
765
645
659
757
692
768
813
389
398
453
451
467
483
504
512
1516
1576
1102
291
316
397
441
466
468
571
1563
1432
1137
624
667
797
806
816
571
587
275
288
587
585
583
603
530
1189
1203
509
424
1146
1199
1150
748
757
759
791
498
264
270
278
307
315
484
1112
1638
1592
502
389
341
1124
1095
1137
618
427
1723
1661
595
728
806
572
1270
1161
886
916
911
481
502
510
388
738
361
378
621
876
886
848
862
430
438
882
679
868
683
423
434
442
455
540
540
495
422
431
382
392
399
418
425
433
633
640
1839
412
428
437
460
520
540
624
574
584
626
637
1686
510
1834
406
432
445
461
471
479
489
497
517
527
562
1677
1920
378
392
390
404
535
565
377
385
392
639
551
729
572
661
386
411
412
402
1018
476
503
1024
1393
2017
723
934
2062
1944
2047
1961
1522
530
637
668
675
499
316
336
380
476
624
988
984
984
1101
1114
607
979
1063
417
1209
1205
1065
1078
958
973
346
358
368
378
389
397
445
454
464
472
482
388
402
417
488
1045
1129
1149
1151
1119
1151
1161
1043
712
381
418
381
432
443
907
915
603
675
690
513
938
458
343
340
362
370
460
984
656
653
477
943
950
945
415
364
363
633
880
589
600
605
611
621
462
471
487
512
697
1034
976
986
1023
755
657
776
681
672
1064
1155
1163
891
991
569
1092
1006
605
434
443
451
412
433
441
457
466
314
320
327
338
355
368
395
403
415
438
447
460
469
479
646
658
700
706
712
395
402
444
512
570
553
739
1014
1023
759
928
741
737
762
762
735
736
389
671
969
1217
1156
765
1024
813
948
384
418
385
386
447
751
1110
841
601
603
610
668
621
1160
502
304
311
319
362
343
393
356
406
460
516
1350
646
464
472
538
474
455
266
297
303
311
334
342
374
393
400
407
607
455
515
393
516
502
523
973
972
876
927
404
519
1007
862
942
338
379
364
396
477
479
565
573
503
514
556
463
434
426
420
847
1057
806
823
828
522
456
457
461
463
462
810
871
870
324
1093
335
436
443
474
493
506
519
569
855
278
286
339
352
360
368
381
391
410
419
432
601
676
683
689
488
299
311
388
564
896
526
557
466
603
605
1144
664
581
690
598
693
455
1183
999
1000
331
1209
1001
955
995
966
1009
932
956
371
384
893
732
742
723
852
784
401
409
528
897
533
892
866
1010
1328
1075
950
874
893
868
1136
1134
1173
1114
1109
1076
1074
1173
407
414
446
445
445
474
488
505
505
520
551
622
693
1251
1032
818
887
914
426
434
446
476
483
513
571
968
452
736
701
662
626
738
731
715
409
469
478
495
503
510
644
965
981
973
664
995
668
776
367
380
387
397
549
686
668
928
662
754
871
392
398
410
435
444
460
477
490
509
524
744
1457
1456
1476
383
391
400
411
457
505
516
546
563
612
402
424
1151
955
1156
1177
1159
1184
406
481
517
1298
813
1310
691
692
625
1215
622
1117
553
1034
1111
570
563
671
679
663
387
492
485
518
731
535
547
559
1344
352
376
375
386
392
438
444
451
459
470
1449
1189
1176
1328
1308
1376
1336
752
758
617
654
587
352
394
623
1073
1080
1100
1250
1089
1108
1313
1270
535
1021
1030
1464
518
501
341
386
410
422
431
451
460
537
464
630
1078
1087
596
380
432
446
460
490
581
678
660
593
737
743
357
364
370
377
386
393
404
455
559
1231
1140
1140
1254
1437
682
641
1095
1069
1211
1132
411
420
435
447
466
473
529
1134
1181
1191
1202
1130
1118
1115
1217
1143
1579
322
389
421
431
440
472
483
554
1389
1394
534
549
662
694
666
900
560
620
375
386
417
505
571
741
707
729
674
734
682
795
487
625
706
939
1373
394
501
724
349
372
434
403
404
383
409
400
400
614
623
693
1456
967
445
483
479
397
436
462
1046
1083
1101
1013
1088
385
397
406
415
429
437
488
498
509
817
861
579
1630
1121
1067
1052
1047
1211
483
503
518
577
1074
1086
949
949
834
461
445
395
368
404
389
608
604
546
394
424
347
383
391
400
410
663
504
626
634
636
691
489
1757
739
900
1063
1043
750
1781
764
1774
351
386
415
424
441
448
476
484
658
551
584
618
625
645
683
349
357
395
418
425
434
443
526
538
1834
1804
1130
1111
1112
716
1144
670
812
1856
491
381
463
563
1891
458
628
581
923
949
693
586
1030
1096
963
1088
1027
1046
1112
1060
1045
446
435
486
441
1188
2096
1214
987
1197
1934
1137
436
522
2305
1259
2318
341
365
381
392
409
423
430
438
458
465
472
501
570
564
572
681
733
504
761
773
2046
337
493
685
684
690
1053
1202
1316
1069
1381
550
424
523
2401
885
1238
619
1014
599
632
417
425
444
456
458
1773
1038
1056
351
359
418
418
437
455
464
477
484
587
1063
514
413
470
514
384
409
676
564
1124
1138
2331
955
326
417
650
640
510
549
549
543
546
561
406
419
427
434
502
1159
1143
997
1066
1078
1077
1216
1074
1202
1180
2593
2253
1170
1327
351
363
382
389
397
429
437
1018
455
464
2424
634
728
734
761
522
543
551
558
569
550
330
380
401
502
2144
697
336
346
374
457
1006
992
637
638
580
295
538
532
560
403
430
942
355
883
1041
1036
941
489
904
890
882
592
341
341
339
380
381
377
377
404
414
1030
780
2419
1036
1013
359
399
341
325
373
423
376
414
412
500
467
495
516
526
309
317
334
362
1071
806
962
1094
2373
573
1116
2556
2456
458
339
366
286
318
317
369
426
2611
2607
2079
476
577
585
596
581
602
410
538
541
382
385
266
355
334
310
411
377
377
579
601
821
909
2315
2683
621
432
862
894
751
906
901
899
997
895
375
392
437
2799
366
380
383
2943
493
878
427
413
909
867
838
299
311
320
329
341
385
423
434
281
324
347
640
794
578
513
573
875
645
628
2148
637
414
484
676
647
1075
954
388
388
635
602
640
650
2689
999
876
1002
551
542
429
478
2298
658
656
663
2889
2869
497
498
490
430
537
536
833
613
615
950
942
940
337
440
454
469
572
594
581
514
411
409
362
408
363
316
635
636
3114
714
712
999
529
571
592
640
326
376
393
424
434
507
1132
1103
547
1058
926
971
667
649
924
713
3721
1128
1109
498
371
406
423
431
505
1122
1122
1119
488
508
651
376
388
396
410
564
477
369
376
384
393
408
575
562
472
443
345
359
370
385
292
365
558
552
304
248
257
312
256
553
967
955
536
286
300
309
418
1009
901
297
914
936
1019
812
938
933
983
557
3542
269
309
322
332
345
358
400
433
504
1140
504
1050
3263
308
323
334
956
2827
487
949
2580
746
896
894
325
341
366
368
507
2894
450
891
508
466
312
347
355
365
377
445
537
2648
628
550
558
849
312
308
317
894
345
353
350
408
282
308
433
712
848
814
569
3566
587
830
574
2713
2781
843
840
311
281
326
352
363
595
502
874
297
305
315
478
429
696
386
416
424
840
842
505
497
507
811
367
826
307
952
385
386
399
310
319
596
702
1018
258
313
311
355
365
829
879
1135
306
675
1131
433
644
711
953
1100
1097
1212
1035
309
338
388
387
386
434
481
695
537
581
604
721
295
303
317
329
338
353
383
429
315
462
3239
642
4136
344
382
323
351
451
759
596
762
601
408
722
345
312
311
311
311
369
796
656
666
356
373
381
797
849
816
321
362
376
383
396
405
473
490
497
423
436
517
875
794
874
899
595
602
325
344
354
361
377
394
408
416
427
439
473
349
898
362
375
820
841
522
276
288
296
308
338
355
357
614
219
233
241
249
267
279
470
378
829
977
899
474
406
510
868
508
945
852
366
334
918
836
1024
992
337
333
342
464
443
4274
3917
3949
3946
846
378
447
816
3760
863
948
314
331
377
372
385
406
439
460
491
819
227
235
245
311
320
328
342
793
521
562
4777
4080
952
377
396
418
957
530
970
443
232
432
614
347
243
335
564
576
751
359
690
563
570
661
658
698
722
638
633
277
335
812
808
324
423
410
1073
842
883
852
813
772
326
340
347
392
658
344
292
331
318
341
349
433
877
919
231
258
278
302
334
119
409
189
197
374
229
105
368
145
153
150
150
168
176
183
200
187
903
951
915
741
411
548
756
515
666
560
664
302
704
652
308
863
592
761
772
4139
403
4134
391
425
425
709
758
4737
4239
4247
643
787
4973
628
4228
324
395
404
456
473
485
493
263
360
371
522
274
464
269
295
348
567
535
534
503
560
263
275
360
611
971
806
850
996
319
852
1396
890
901
876
977
952
896
903
368
292
302
476
497
347
348
473
808
825
846
726
752
435
4931
408
373
361
400
388
678
575
666
467
382
498
572
528
525
552
553
549
557
562
542
377
383
395
352
359
389
395
344
356
355
372
399
384
765
487
481
451
443
300
441
313
305
466
381
365
291
292
289
776
1023
876
941
1023
1012
447
459
443
450
460
438
345
363
360
374
372
394
558
902
485
833
927
939
983
268
323
319
347
357
498
895
989
899
962
446
795
289
410
549
548
566
1039
555
1055
869
1057
4472
304
351
382
382
400
4934
5753
4953
274
821
416
429
5741
328
457
5069
281
298
306
339
348
363
4243
804
847
275
340
388
282
468
476
483
923
1006
456
643
424
772
368
794
304
378
5237
1057
4796
292
302
427
452
4464
274
285
4891
295
313
454
5327
285
302
342
4210
478
480
819
828
836
826
5869
245
246
279
864
413
909
813
922
337
802
508
495
267
275
287
304
5102
5127
4744
920
4496
985
4707
714
776
752
318
199
200
391
771
235
247
246
4122
424
423
354
802
685
404
427
409
424
433
429
837
392
420
287
278
279
296
296
315
331
341
368
380
865
231
263
280
290
313
331
339
374
158
203
210
217
239
830
535
426
734
697
1072
573
997
424
392
393
380
409
414
385
320
362
703
361
702
869
1193
879
314
326
338
340
317
348
271
288
308
317
335
369
416
700
390
254
270
289
259
255
220
259
257
282
283
321
449
407
658
669
288
251
368
319
403
450
518
481
482
475
475
318
326
4556
6995
527
457
418
3607
4005
408
421
5346
6558
802
6321
5481
6972
6757
783
5763
6990
805
7002
803
4990
799
5390
4965
9048
7007
6998
5714
5251
7138
5133
4196
337
367
375
879
878
879
552
778
6923
5227
550
550
569
511
554
430
858
384
488
806
817
462
314
324
332
594
892
2100
529
813
3968
817
577
808
831
850
848
924
604
568
626
632
831
878
879
777
826
600
664
573
598
592
591
622
5061
1037
1083
4533
1034
1109
1107
1040
4907
929
4553
974
336
477
419
491
492
580
919
4972
4520
5376
1027
560
590
603
615
624
644
298
616
959
564
693
584
615
622
4137
447
566
778
780
781
782
783
785
787
790
791
659
524
487
624
601
661
1115
814
1096
371
380
388
400
423
434
448
888
895
888
894
878
898
911
914
334
346
356
365
381
392
401
434
448
447
467
476
487
915
501
551
189
196
204
232
221
253
252
266
274
282
291
300
308
317
325
335
343
366
366
418
438
452
462
496
943
956
956
559
620
461
486
1059
478
360
463
475
482
347
347
360
1071
512
393
432
553
619
627
634
641
394
426
727
1272
401
395
393
383
438
437
1260
1304
497
1219
479
488
497
505
513
522
535
546
556
568
576
757
854
539
643
540
508
670
415
438
419
416
425
706
706
614
608
608
873
898
450
459
515
897
624
2820
627
607
682
529
529
566
487
486
502
529
539
667
552
425
435
402
417
620
5174
468
386
333
342
394
308
290
324
326
352
366
615
949
629
526
591
625
6300
937
959
395
409
438
551
607
598
1042
727
734
762
735
1115
749
1042
1064
1064
714
785
1144
719
1140
635
717
595
639
1042
1038
6359
3898
687
693
466
585
4722
2355
5552
786
1191
1175
1206
1202
1193
1066
1077
1105
610
515
6676
973
431
463
446
460
487
662
1034
6225
1037
1037
1033
1032
1049
6951
4605
510
519
526
601
3262
684
1134
1167
5145
5329
4864
5994
1427
670
678
2964
5879
6285
6343
4184
4840
1976
4147
6979
1111
1104
1071
1115
1076
4530
848
716
716
692
702
549
4264
562
7095
576
593
609
625
639
669
1148
1156
1118
691
640
596
616
615
649
659
439
558
579
590
601
643
913
1198
1215
1158
1219
1211
1206
1205
469
498
510
501
521
538
671
740
793
709
1241
697
691
701
827
473
489
612
1434
1220
1370
1367
1389
758
620
790
498
568
784
865
1260
750
1060
878
877
878
886
884
397
404
412
421
429
447
444
504
504
504
578
588
596
604
327
356
355
370
405
415
423
440
455
2147
1309
1304
2305
792
822
825
828
2396
1231
534
693
633
631
757
764
771
778
785
405
417
429
437
445
453
473
481
489
497
512
563
697
2921
681
688
790
804
813
825
832
837
841
846
850
5831
1517
455
467
482
491
488
528
606
686
1093
1169
5309
7783
654
1173
1450
4970
749
610
603
571
1109
6466
7745
8044
1189
6113
645
7066
4544
4019
1990
2071
4617
660
674
679
679
679
679
679
675
676
1135
4291
3216
5182
6176
4113
4026
4968
6037
610
580
607
580
575
608
586
599
546
540
534
676
685
696
708
825
853
1900
7279
1277
1852
1830
1147
816
840
818
837
856
850
412
505
511
568
581
582
591
593
612
611
627
639
648
691
779
835
3576
4928
6349
753
747
886
897
5154
498
488
527
527
680
728
6529
1532
1534
1353
4523
3678
6564
1356
3690
5590
1550
1552
1539
1059
1372
931
982
916
792
762
772
857
1000
997
546
566
663
691
951
2239
2238
1112
3259
919
2389
5112
1113
2160
2230
952
6169
5244
1082
1237
1514
3953
1089
2332
2356
1063
1243
3880
1113
824
666
2757
2534
1440
5793
1521
2432
6221
1060
1602
1622
3652
1697
2934
2734
892
903
1633
1531
1531
1553
1551
1575
988
1090
792
800
807
3620
2969
1081
1622
1096
3385
1857
1852
651
659
670
678
685
714
709
716
739
909
929
1076
1077
1011
1018
1026
937
891
947
1141
813
740
729
732
731
717
709
699
691
594
1103
998
1496
1756
1916
663
655
711
718
923
678
697
750
1231
1114
1048
1556
1137
1556
1609
1571
1603
892
922
1095
1561
1650
1659
1653
1654
1562
1573
1574
1576
1324
1831
1786
1371
1373
1611
1698
1715
1813
1826
648
659
667
685
686
699
802
2032
2017
2039
1526
1533
758
785
854
812
813
862
829
849
872
851
891
675
722
736
761
669
862
2014
1122
1123
820
681
845
745
1019
1019
2149
1842
1884
1884
1867
1754
1749
1772
1951
1801
1759
696
729
1914
1826
1111
1119
2191
998
1919
1104
1852
1956
1850
2021
1906
2117
2118
2077
1974
1988
2139
2154
2107
728
1885
1987
2063
1911
2011
2131
1660
2523
2177
1648
1976
2140
1120
2036
674
674
699
639
739
747
704
712
719
744
759
785
785
785
785
804
822
864
876
884
891
910
1044
1065
1116
1124
755
770
825
833
751
777
847
870
949
546
678
677
677
775
788
797
827
2358
1433
2244
1682
2093
850
622
598
582
576
609
603
630
601
633
474
474
589
608
667
926
968
865
1701
1716
2287
1717
1709
1706
1725
763
791
598
593
617
639
660
593
620
617
608
618
618
658
1211
1220
1205
1815
1209
1160
1841
1994
2053
1634
2063
1730
2107
2097
1907
2073
2110
2391
2396
2396
2362
2398
2346
2367
2546
2558
1903
2781
2690
2572
2693
2687
2578
2697
1900
1926
810
816
824
836
844
855
864
873
944
964
993
686
734
742
753
785
794
803
1690
1852
1064
1255
906
927
941
961
1563
1563
1679
849
659
666
673
684
697
704
712
735
541
549
565
574
583
691
698
712
1067
948
871
929
1087
1089
924
1109
906
459
606
612
621
627
634
641
654
676
693
705
714
746
886
935
506
1036
1810
1882
1779
1033
934
1595
1096
1170
1210
3194
3146
3141
2536
3013
830
3193
887
3059
3194
2554
2770
1840
1947
830
1480
1402
2365
3072
3107
2605
2383
964
1169
962
1181
737
751
3319
2619
2880
639
630
576
645
581
601
711
725
714
724
719
788
752
759
756
770
779
780
791
814
803
831
832
853
849
872
884
891
899
906
358
469
475
528
537
549
708
778
576
657
664
675
683
734
741
872
904
929
963
2641
2653
2332
1473
2671
1577
1024
809
1676
1703
1696
1681
887
1681
1733
1589
1705
1720
1757
2519
1733
1718
1748
914
1761
1786
950
779
892
1017
1023
546
554
567
578
768
1599
941
774
896
779
901
1823
1834
960
710
1796
998
1873
1756
1767
582
589
604
604
627
642
655
663
716
1852
1811
1121
959
948
1141
2344
1138
2645
2580
1613
1104
962
750
764
796
812
1004
1003
2732
1749
1175
1964
1016
1908
1868
2640
1007
1032
898
1109
1584
2915
952
930
1414
1422
758
793
859
859
893
886
886
883
921
919
936
949
963
2956
1666
3005
2200
2197
1680
2945
1406
1420
2351
3115
1932
1311
1287
1321
1328
1410
740
700
1053
727
773
799
968
808
774
1106
1363
717
737
1363
1416
779
778
793
913
864
491
579
587
594
622
629
660
652
663
654
683
718
857
907
852
801
1341
852
2808
985
1376
1197
1234
1210
1200
898
878
886
878
879
925
859
856
966
966
891
1007
569
586
602
640
651
651
664
842
1100
1097
1147
1146
1123
1129
1126
1338
1339
844
625
546
554
576
681
459
502
407
431
478
473
473
2087
2061
627
820
1525
2042
2141
1351
613
626
569
1327
2155
476
580
1581
1502
1498
1549
1566
1588
1583
1634
2240
1563
583
601
598
769
2324
1613
1601
1549
601
613
613
825
874
875
842
1595
1789
1707
2490
1738
1704
666
712
712
738
745
779
2508
1747
1592
2174
2433
2443
2442
1745
1035
1817
2385
1885
653
662
669
795
803
1896
1820
1554
1932
1733
1283
1781
1342
1798
1799
1819
1157
889
1778
1205
1619
999
1177
1824
917
805
786
778
778
840
859
858
858
903
904
887
424
445
454
462
474
482
598
872
915
930
1217
882
670
784
524
532
543
658
675
981
1042
1042
1053
700
758
784
808
822
834
834
869
876
899
932
951
963
1219
743
763
1073
443
1439
1224
598
628
779
804
480
489
498
507
529
924
1489
1474
1459
944
916
916
553
564
572
681
689
699
723
761
515
511
545
552
566
2060
2278
1226
2184
738
755
797
1922
2210
1554
1553
2223
1351
1764
1380
791
1267
610
733
732
744
737
737
1308
1374
1788
1687
1117
1403
1340
1403
798
931
1716
1219
1358
1936
853
864
2928
2452
2339
877
793
801
810
832
842
851
858
871
880
824
2416
966
2264
2420
640
668
663
672
803
811
823
830
836
844
881
888
896
904
911
654
661
676
684
704
715
724
732
755
1068
1056
1162
1169
1078
1093
2456
2420
2271
2500
2486
1823
2436
2719
2718
2708
1858
3334
1862
2336
2384
2555
2737
1868
2499
2681
2536
1139
1146
725
743
736
754
766
759
814
764
816
789
839
817
823
843
811
905
902
882
881
932
957
1003
1046
1184
1335
1250
1249
1262
1428
1307
2506
2458
2720
2688
1175
1147
1194
757
766
774
787
794
818
829
957
1001
2783
1848
2574
2397
823
822
809
822
830
1208
1164
3065
1516
2798
1426
1422
1444
1425
3120
2651
1395
2427
1240
1153
1423
1596
868
878
896
905
917
924
937
944
1059
1098
1350
3209
2312
3210
1844
2735
3260
2426
3078
2773
2910
2423
3288
2453
1732
756
782
790
865
980
996
1005
1027
2554
1062
1930
1938
1201
570
590
646
671
679
715
731
735
758
758
773
784
800
796
812
825
1128
927
928
1103
907
1695
1975
1830
1050
1049
1048
1044
1045
1028
1035
1027
999
564
642
653
623
659
629
697
705
735
748
772
906
897
917
936
961
973
1220
1214
1221
1948
1136
1992
2012
2190
2183
2067
2079
2068
2218
2010
1205
771
846
886
1146
1143
1152
1157
1886
1938
2154
1799
1812
1800
2036
2238
1144
2053
1418
1134
2303
1133
2422
2262
910
1093
702
702
794
866
833
828
743
1894
1197
1909
1274
1218
2144
1209
2183
1069
1081
1083
1157
893
839
821
704
704
717
837
980
2479
2544
2553
1497
971
969
947
2543
2666
981
747
735
590
598
751
1150
1149
1155
939
939
1043
1043
1042
1039
1040
1056
1051
1080
1114
1121
1123
1124
1126
1141
1978
2503
1908
1648
1624
1676
1672
1695
1707
1097
1721
998
1074
1067
787
801
814
828
835
991
1014
1877
1894
1799
1888
1800
1896
1901
2034
2033
2006
1330
680
832
845
852
1055
1063
1252
1074
1062
1088
1074
1279
1057
1049
1571
1692
1586
1285
2370
1806
1813
1840
1932
1830
1955
1856
3297
3315
2284
2431
1446
1961
2314
1445
3328
2004
1466
1465
1481
1875
1877
1856
1835
1836
1838
1703
2006
1703
1695
1663
1696
1692
1571
1728
1098
898
909
898
910
948
947
941
932
966
965
977
983
989
1010
1005
1003
1174
1186
1207
847
860
867
886
897
913
1031
1770
1760
1760
1757
648
655
661
907
918
956
1014
2065
977
3202
1531
1515
3199
3281
3288
3267
633
629
629
663
670
681
689
703
998
591
653
614
449
603
484
627
610
519
630
484
647
671
655
708
750
750
730
755
524
711
798
1048
727
689
725
1177
1183
1717
1638
1739
632
657
899
626
635
651
665
585
606
616
627
638
647
654
667
678
687
548
563
572
590
597
608
616
626
633
651
661
671
682
517
586
594
719
768
800
1603
1597
1797
1048
692
702
714
1590
1611
1531
895
1594
1595
1592
566
573
569
595
669
675
682
886
1548
1465
901
595
625
659
667
674
697
696
710
935
1622
1613
1238
1252
1800
542
557
573
600
624
634
644
728
771
773
773
773
767
849
988
1494
1000
1506
1464
849
1007
543
558
567
576
584
677
747
889
698
1406
1250
783
916
912
886
556
607
619
627
638
2557
890
892
751
651
549
562
574
625
642
715
776
715
706
592
922
872
1448
1443
1467
1479
1654
2275
2011
2901
1677
2389
2909
1575
1470
1614
1635
1100
1647
1104
1633
1047
1646
1707
1680
1137
741
923
731
727
718
710
2629
2895
2408
1634
1627
2075
2703
1598
1629
1647
1665
1606
3184
2692
3162
857
904
1186
860
3022
3027
3384
3012
3421
1868
1911
1234
1263
1270
1282
1281
1293
1406
1418
922
1049
1059
1072
1457
1755
1783
1814
1803
1242
1834
1257
1272
1288
1285
1332
1333
1349
1367
1041
1052
1177
1174
1173
1274
864
1005
1043
1007
1330
3844
2946
2964
1948
1945
2150
3825
2901
3842
1996
2916
3026
3227
3677
2783
3931
648
657
667
674
687
695
708
715
814
843
863
890
900
910
928
956
964
974
983
1001
1011
1021
1034
1046
1058
1077
1091
1430
1235
1578
4036
2153
3173
3199
2921
3577
3650
3859
532
542
571
583
609
619
1369
1536
2784
3405
1594
1361
1598
1593
1363
1007
4138
3137
3316
4150
4145
3741
1649
1297
1536
1635
1659
1659
961
1115
1177
1208
963
970
423
422
493
3533
546
556
566
579
591
3282
3170
3320
3432
3421
3242
3405
1218
1756
1024
1236
1244
746
818
481
2971
3582
2968
3862
782
795
805
1908
1916
630
1864
3680
1861
1076
3238
3521
4358
1930
542
1664
1381
1812
1637
642
653
653
570
579
587
599
608
615
644
663
612
1448
3931
668
627
635
643
654
529
530
543
552
596
604
615
629
639
647
673
690
550
552
548
571
587
841
806
572
623
685
769
548
546
556
555
557
558
578
857
857
1011
778
1050
1042
1036
1046
546
537
613
613
651
661
689
699
817
3497
3525
3510
3890
620
494
641
640
531
566
602
558
575
595
594
602
601
603
590
605
654
680
695
3606
3327
3940
1234
907
905
921
515
536
566
597
612
618
732
698
805
792
3720
911
803
2872
4533
845
688
979
981
1178
3631
3582
567
767
734
759
754
797
515
523
531
541
555
3987
3964
1441
846
894
683
1327
1446
403
453
524
475
609
577
882
939
899
891
946
934
1520
1521
1404
1617
974
974
952
343
353
430
3559
1651
1570
1281
1473
1603
1491
1409
1019
1467
917
918
931
1378
777
578
693
607
791
805
806
832
836
845
658
669
692
703
4772
4373
1303
3629
902
1559
1499
757
577
806
701
3499
3799
954
2382
980
1036
1139
3138
3695
1726
2378
4591
2422
1636
1639
1585
3446
2498
2849
1609
1614
1607
1679
2736
3618
1637
3626
3473
3349
1151
3649
2497
2908
3709
3935
3405
3811
651
710
3948
4132
4056
1278
3967
967
1391
975
685
728
749
758
766
774
782
949
1339
1351
1352
805
4347
4184
3448
4602
4607
4810
4595
1488
1496
532
541
637
659
680
694
707
706
719
771
769
785
800
875
887
966
1425
1455
1454
980
4347
3734
4289
4445
4135
3745
3627
1382
516
523
636
654
669
715
835
860
965
4498
4623
4718
4813
4620
4610
4331
539
551
574
701
655
880
3497
496
506
516
531
539
547
555
563
572
582
598
608
617
627
636
645
653
668
4884
295
296
315
314
328
341
359
385
424
432
454
469
483
885
894
499
587
595
602
613
622
643
652
667
677
688
697
709
735
775
540
540
312
422
1160
1349
1328
2668
1361
754
762
407
415
429
468
492
501
508
516
583
688
1774
1248
747
1356
453
470
396
2635
2809
3193
3227
1828
556
557
435
3449
3217
3216
4052
2789
4366
2529
2805
3470
2860
2820
935
1463
923
915
1556
3543
2674
2802
1015
2849
3011
899
4539
828
4223
3735
995
1149
828
842
3557
1824
602
619
627
639
654
662
888
1240
1237
965
1820
918
3246
1283
984
419
427
438
445
459
467
478
487
499
506
517
528
536
544
567
583
603
613
621
647
656
2250
674
716
726
836
474
501
515
522
530
578
619
1035
2257
4054
2094
1645
1824
2086
1131
614
629
669
731
340
351
352
366
380
396
404
422
441
576
849
906
931
546
555
564
573
585
593
708
1084
1118
1104
1113
1043
1110
1129
1137
1151
471
4020
905
4710
1257
1225
1245
1257
1233
1230
1251
1278
1233
524
533
551
1313
1309
467
463
487
482
502
502
525
1283
1296
1328
574
554
1066
1038
1069
679
413
421
1202
3344
1136
702
3509
1442
3023
1443
1322
1271
1121
3756
3371
2934
1253
1276
1268
1277
1322
1338
1303
538
579
1351
1291
1269
1359
1119
1521
816
824
767
991
739
669
3899
635
682
671
680
3655
4349
560
567
577
594
595
594
623
622
623
624
647
656
1410
698
512
538
550
568
579
610
619
636
3793
675
3856
5060
3602
929
3689
984
918
622
628
635
642
560
595
584
631
611
641
653
599
581
576
591
652
1091
1060
3942
5278
4575
1058
1114
1141
514
528
551
559
572
589
597
611
625
635
644
657
669
668
681
691
711
806
767
717
1227
869
899
3983
545
581
592
601
610
3901
4045
771
663
671
722
635
3716
3640
4049
4305
830
835
561
710
717
1083
1104
414
439
456
1110
4346
4397
925
844
935
1193
402
1136
3936
411
419
434
451
437
447
462
472
478
486
729
694
722
734
694
739
738
7068
460
472
552
717
786
2451
1150
1151
595
605
520
531
670
3302
2829
651
2811
689
805
380
403
488
496
492
493
489
492
477
476
443
426
2253
4556
538
548
571
579
597
605
613
623
640
448
402
457
360
375
392
408
416
433
606
645
706
708
686
622
637
326
359
434
459
589
4866
4476
627
3055
2641
1091
351
629
490
494
496
510
517
565
628
362
423
4809
1917
609
1021
600
612
625
599
596
603
414
414
450
462
480
2692
4625
2137
1933
5001
661
1304
7608
559
652
489
2169
512
447
403
612
299
370
589
591
419
285
555
335
544
434
624
592
590
277
295
304
665
660
684
684
604
625
474
495
876
683
674
705
737
700
689
698
651
853
761
651
716
759
603
969
672
839
396
520
601
512
428
781
780
790
771
348
397
415
486
792
394
333
528
552
554
523
515
338
292
291
755
556
850
858
5321
247
631
381
298
267
667
691
700
693
277
287
425
320
261
280
254
286
607
691
314
278
550
251
262
579
322
703
696
727
271
295
663
372
680
561
720
587
615
611
367
346
329
341
600
306
348
306
552
365
555
545
431
335
381
354
281
307
364
398
251
269
356
297
266
3288
337
213
315
5837
627
681
3333
580
254
263
281
351
5838
678
3277
646
273
288
384
758
333
334
274
309
640
639
311
4633
323
3483
562
552
299
284
329
342
585
358
273
296
296
166
181
179
222
230
339
3363
3582
3514
425
3410
1706
188
196
185
192
293
397
441
362
422
565
289
3204
3539
309
316
212
220
256
297
257
304
314
591
3707
575
2990
236
235
327
3250
299
286
268
513
235
235
250
517
299
4828
216
339
301
299
341
290
286
218
226
3697
3679
3906
211
369
212
231
216
302
277
295
404
3723
395
356
310
306
425
422
434
282
6785
4053
322
450
397
3299
3764
3624
3962
322
412
413
382
345
362
432
547
375
344
675
687
484
619
462
464
314
229
622
614
625
679
6660
281
545
491
484
455
622
2330
232
288
287
314
483
405
518
399
496
262
287
351
6852
4220
4189
3641
6871
671
531
678
485
464
356
252
259
285
440
441
450
348
272
310
493
677
413
528
536
345
346
361
293
308
3849
380
747
703
697
555
712
738
774
783
768
468
309
4610
318
358
504
875
433
4464
310
318
316
4020
345
392
4035
4001
3520
280
287
295
372
3562
780
710
426
437
478
534
4579
457
3584
4428
4116
4110
4095
4456
3092
3089
4634
322
330
318
700
765
473
309
374
762
733
3248
414
761
3253
1716
389
404
412
423
451
515
901
3815
774
819
3853
3877
4412
4426
4883
837
3826
941
834
790
369
376
393
479
488
520
563
827
2572
858
479
428
615
633
851
3276
483
448
460
713
2689
878
704
851
690
1405
2700
2356
2191
2234
2474
382
390
398
410
443
451
583
264
370
332
384
396
410
418
430
504
2226
2027
2294
906
696
711
2256
485
692
699
418
266
356
363
514
865
447
959
291
505
2926
592
604
875
2771
2030
2260
537
535
973
334
1026
1005
939
1025
978
954
953
286
291
300
308
515
413
899
847
2091
304
2604
2395
517
994
949
322
303
387
423
389
323
390
389
380
373
372
479
480
294
318
444
385
355
353
353
1512
1427
2484
1420
1513
2437
2173
837
846
552
551
319
793
338
346
353
360
368
384
393
402
494
578
602
601
617
619
622
622
686
485
785
273
285
725
422
497
474
512
514
529
1630
1513
1625
496
441
436
437
1486
652
649
658
621
631
661
522
1100
645
1198
384
380
499
393
504
497
426
1114
521
709
319
327
353
425
1304
425
422
752
644
657
616
443
431
366
374
384
318
329
345
344
359
367
398
407
416
571
612
483
479
280
333
281
299
306
323
322
357
342
358
397
392
418
429
441
448
500
550
223
230
237
1087
715
745
302
304
306
344
353
366
363
388
425
730
738
630
718
732
203
199
207
220
636
634
1250
1095
721
370
428
386
1023
1211
487
424
506
300
195
193
595
719
727
664
692
386
349
357
402
410
1231
583
633
578
697
310
381
356
927
461
473
316
398
479
325
482
491
339
339
301
420
538
317
378
324
297
296
295
296
288
284
253
251
245
271
383
383
374
560
580
468
595
572
549
559
599
620
504
545
508
574
467
307
308
306
360
439
468
281
412
419
345
496
397
430
506
514
521
321
343
360
368
376
387
414
460
466
423
776
688
721
709
728
370
501
448
432
365
375
383
790
364
704
632
364
374
402
286
312
349
367
379
387
396
410
418
216
215
236
252
264
272
283
291
305
312
464
882
438
238
230
239
273
282
354
548
928
553
486
334
330
1012
227
264
782
777
757
792
722
517
386
405
353
692
706
274
273
363
370
1151
297
297
248
248
266
275
269
288
764
383
779
374
391
403
352
351
741
365
648
717
280
278
369
549
702
496
277
308
316
323
795
392
409
291
213
240
235
282
302
571
1011
347
194
461
459
361
993
323
331
357
345
317
315
466
251
175
215
233
244
415
346
368
368
369
371
393
244
265
280
329
634
617
353
663
428
468
374
343
1231
1290
688
754
691
741
698
359
353
393
10721
1314
10937
10954
10954
585
3372
3370
6428
3378
2214
2214
2285
3692
3495
3658
7315
2196
3693
3407
3731
3758
2302
2534
2527
2531
2536
2545
3711
3277
2633
3493
1950
11085
718
576
575
676
728
755
1095
6643
6863
7984
7297
1008
1060
10562
9999
7905
1201
958
1073
955
1161
1626
1608
1123
1182
1631
964
10039
784
994
1613
648
647
7984
7092
7571
7552
7764
7266
10197
8254
10126
10118
4047
6803
1194
1075
1094
2653
8608
9990
975
943
896
10388
8363
10324
10073
7041
7136
10096
9736
10728
10064
7083
10293
6913
6951
5435
8456
8323
7773
7810
7449
8232
11042
1259
7807
1362
11095
1409
869
897
911
911
1008
4403
10481
4414
8530
4248
4425
10191
10313
4806
4818
4819
4459
10545
5375
10238
4855
10312
10234
11059
9716
10390
10448
8749
10783
678
767
898
908
932
946
2588
11588
11219
11430
4116
3111
11380
11618
3161
11244
2686
7530
11463
2646
3068
3151
11356
3084
2674
11442
3178
3237
11664
2700
11386
1196
1193
1217
1362
1788
1340
694
798
1640
7259
11444
7663
7675
8120
9304
1613
7791
965
717
726
736
748
756
766
775
787
795
803
811
818
830
839
848
856
865
873
900
912
962
934
934
934
955
972
972
986
993
1006
1014
1022
1034
1045
1058
7355
1786
11946
1401
1544
1543
1487
740
749
757
768
777
789
799
811
922
826
836
844
854
865
905
8402
7529
1872
1102
1105
1107
1123
1133
1136
921
933
952
964
976
987
1002
1011
1019
1110
10461
1349
1093
1355
1399
1403
1409
1410
1417
1421
1425
1430
1434
1439
1445
1451
1451
1458
1462
1466
1472
1478
1478
1486
1486
1496
1496
1505
1508
1609
619
630
2254
647
656
663
671
852
685
8873
2190
12019
2341
2035
7989
9632
6502
7850
2140
742
742
2298
924
904
904
797
879
911
912
914
915
938
921
921
2359
922
917
917
918
919
919
920
919
1769
923
923
923
923
925
925
925
924
2497
1289
1313
1301
2123
1257
1363
1109
1258
1258
1376
2486
1342
2506
1353
1289
1365
1347
1163
9137
1165
12292
1363
1183
8966
1318
1417
8638
1437
8194
1453
1397
6786
11273
1385
1385
1390
1447
10732
2262
1418
10190
9956
8216
12499
8356
1667
11334
8844
8257
8568
10763
1556
1564
2589
12506
6484
2572
2747
8464
12561
10402
12324
8399
1636
2645
8767
8767
9401
7014
1668
10145
1416
1412
2848
1294
2644
1425
990
1000
1004
999
1042
1053
1060
1111
1124
1133
2227
1304
1481
1250
1271
1051
1051
1320
2770
1314
1383
1345
1303
1272
1615
2393
2531
1270
2973
2963
10391
9532
10845
3081
1336
1441
10876
10790
1491
8854
9196
1496
1325
1694
1698
1696
1649
1606
1774
1847
1731
1682
1786
1733
3208
1810
1693
11199
13207
1682
2338
1811
1899
1481
3528
3428
2882
1953
3476
2642
9330
3278
1900
11269
9249
3003
1868
1901
7964
3509
10999
9632
9640
9257
2028
1976
2152
1995
1254
1396
1410
1433
1442
1433
1437
1468
1480
1503
1674
1655
1660
1658
1701
1707
1712
1720
1708
1713
1415
1575
1589
1603
9552
1698
1662
1670
1670
1669
1699
1681
1681
1688
2138
7133
3262
1682
1722
1748
1723
1749
1748
1748
1747
1746
1745
1744
1795
1791
1795
1793
1790
1794
2169
1579
1699
1716
1534
1435
1450
1484
1500
1525
1544
2250
2164
2292
2310
2272
2197
2276
2223
2233
2242
2296
2232
2314
2330
2351
1473
1473
1465
1576
1569
1589
1601
1637
1645
1693
1719
1757
1433
1285
1260
1327
1293
1292
1283
1281
2361
2342
2454
1772
2479
1581
1794
2370
1627
1615
1716
1739
1753
2287
1631
1632
1625
1646
1625
1634
1624
1631
1440
1629
1611
1634
1634
1634
1442
1471
1352
1360
1433
1458
1806
1665
1660
1785
1799
1790
1786
1671
1802
1801
1810
1819
1816
1819
1141
1339
1127
1174
1147
1164
1207
1426
1436
1447
1458
1463
1470
1821
2191
2134
1728
2162
2225
2184
2080
1753
2204
2250
2237
2253
2207
2246
2254
2250
2232
1785
1785
1784
1815
1825
1815
1694
1823
1815
1808
1836
1337
1338
1350
1363
1371
1379
1399
1430
1635
1697
1785
2994
2835
1818
1826
1834
2351
2336
2324
2320
2387
2385
2381
2409
2421
1781
936
1219
759
765
778
775
802
814
823
836
1261
1137
1105
1115
1437
1436
1427
1421
1431
1424
1423
1400
1422
1417
1403
1410
1396
1403
1409
1395
1403
1394
890
898
890
880
946
1406
1642
1662
2490
2506
2526
639
675
683
691
705
713
720
805
805
821
828
835
862
869
877
889
898
2778
2763
2791
2875
2935
2787
2809
2534
2177
2843
1982
1059
1334
1002
1511
1640
1612
1597
690
702
717
729
738
747
840
1003
1276
1555
1938
1763
1860
1864
1867
1871
980
578
580
579
570
671
661
673
672
692
737
719
711
720
741
749
2004
943
1057
1604
1490
1458
1500
1507
1595
1600
1605
1613
1620
1627
1665
1488
1492
1496
1505
1510
1518
1476
1480
1471
1476
1473
1636
1899
1797
1862
2011
2016
1651
1505
1509
1553
1515
1527
1527
1527
1568
1556
1547
921
949
802
1128
1112
720
1126
735
1130
737
1144
776
775
775
775
770
1154
1152
1701
1705
1180
1180
1178
1166
1334
1258
1010
1036
834
842
852
859
908
1811
1046
2162
1059
1057
1068
1073
1833
1061
1186
1085
1094
1092
1084
1012
1098
1017
983
1109
982
853
848
890
812
886
807
816
897
890
883
893
905
830
950
929
810
1062
981
1041
1041
1160
1722
1714
2046
911
910
1131
1015
1047
1177
933
1303
1302
1367
1191
1202
1202
1215
1380
3970
4002
1845
1851
4115
4128
4020
1860
4156
1416
1427
1398
4259
4331
4209
4162
4246
4147
1370
1412
1408
1416
1412
1448
1472
1217
1227
1209
1227
1243
1256
1238
1268
1242
1243
1338
3817
3716
4341
4256
4459
4351
1478
1434
1434
1446
1465
1458
1467
1482
1485
1507
1513
1511
1522
1521
1519
2558
4548
4394
3556
3929
4463
4418
3967
4138
