12
6
57
5
4
11
17
4
71
52
54
12
9
64
119
64
12
12
12
15
17
20
31
26
34
72
77
62
8
79
152
152
89
92
35
47
20
38
47
32
74
125
172
153
159
107
164
67
123
77
73
81
76
54
24
71
73
76
82
76
82
29
35
43
52
102
152
152
127
145
115
102
70
20
26
89
155
223
222
220
226
225
165
177
131
66
121
126
122
135
80
89
97
128
34
82
38
104
117
168
217
268
322
321
327
244
324
184
225
245
33
92
148
73
76
73
139
137
136
195
194
192
197
267
202
210
271
209
214
266
270
255
262
271
280
242
247
236
178
176
200
180
113
161
115
117
123
129
128
192
253
251
293
255
267
301
303
350
341
355
321
341
332
268
204
207
196
167
214
286
242
247
199
265
258
321
401
391
389
396
398
396
398
407
291
297
375
301
302
245
246
296
235
158
225
225
282
271
322
328
321
325
327
328
343
323
323
312
324
253
264
272
193
194
197
150
218
165
170
218
228
278
286
284
377
391
444
493
541
589
592
591
587
582
588
589
563
551
570
451
491
515
444
441
492
439
422
419
416
368
323
277
283
339
414
420
470
468
498
465
525
530
526
587
587
588
528
584
489
549
565
550
549
537
546
556
539
483
407
414
445
399
443
405
453
431
440
488
506
511
514
518
518
584
634
615
573
620
623
626
630
639
633
642
626
640
653
555
605
611
593
502
548
490
502
358
402
450
365
369
373
349
222
268
324
273
225
236
246
255
268
267
269
327
383
381
430
430
434
491
460
509
509
580
583
633
636
690
705
684
693
687
738
734
741
696
704
641
653
674
695
715
644
642
589
546
535
534
591
536
546
488
435
490
439
441
378
423
376
378
392
393
455
514
490
538
487
536
540
534
540
583
648
708
777
781
849
847
834
842
778
777
838
786
803
778
787
787
790
799
796
735
743
797
743
671
669
675
617
574
635
589
590
562
546
550
596
601
553
490
449
440
371
379
312
373
422
472
471
478
532
526
589
628
640
630
642
651
642
698
705
705
762
749
757
752
740
748
788
770
767
770
764
771
759
715
742
724
724
733
694
703
721
729
737
540
547
594
606
660
518
580
576
548
577
551
597
620
620
608
682
626
634
638
580
626
687
699
749
799
858
752
804
761
768
772
821
888
886
874
887
917
918
968
1028
1077
1130
1179
1198
1202
1201
1208
1177
1183
1217
1044
1091
1138
1226
1096
1117
1066
1096
1057
1114
1085
1073
1096
1081
1081
1064
1038
979
966
916
880
828
823
880
886
890
880
887
838
789
779
782
829
902
858
871
824
765
767
666
725
596
622
597
599
646
704
708
759
806
856
859
858
914
815
862
888
891
955
939
969
942
939
1005
994
998
994
1000
997
1057
1053
1062
1101
1104
1049
1107
1040
1101
1089
1078
1085
1095
1085
1088
1042
973
951
972
936
937
934
953
961
952
1003
1017
1024
1060
1026
1003
1011
958
967
903
959
950
1001
960
1004
1005
974
977
1027
999
909
961
917
963
984
992
1076
1080
1126
1171
1151
1200
1203
1156
1177
1176
1177
1239
1277
1263
1325
1374
1423
1427
1424
1420
1426
1425
1485
1489
1492
1496
1500
1547
1552
1601
1587
1552
1570
1567
1510
1516
1473
1465
1412
1420
1428
1478
1325
1382
1408
1374
1330
1332
1292
1299
1288
1223
1269
1276
1324
1316
1223
1274
1186
1218
1104
1128
1113
1065
1049
982
1029
936
943
944
922
930
949
920
899
860
820
762
749
718
670
674
738
742
807
860
847
865
883
898
906
948
907
912
862
822
856
936
934
1006
1005
1046
1106
1108
1111
1159
1167
1162
1170
1165
1163
1126
1139
1139
1187
1169
1181
1216
1266
1166
1222
1228
1286
1284
1333
1333
1393
1397
1445
1426
1432
1428
1472
1474
1474
1462
1517
1530
1530
1510
1498
1508
1543
1591
1582
1591
1572
1588
1594
1514
1542
1532
1467
1363
1416
1378
1354
1310
1335
1302
1289
1290
1277
1282
1326
1331
1322
1296
1306
1288
1342
1295
1342
1316
1330
1339
1289
1294
1299
1301
1346
1346
1348
1331
1343
1321
1288
1338
1407
1364
1313
1306
1313
1264
1256
1198
1200
1149
1197
1176
1225
1275
1229
1231
1292
1345
1301
1301
1305
1373
1355
1359
1399
1398
1506
1551
1506
1457
1509
1558
1622
1631
1628
1634
1610
1606
1619
1655
1651
1716
1777
1843
1911
1947
1972
1981
1985
2068
2021
1938
1984
1989
1885
1923
1946
1704
1721
1727
1749
1749
1773
1820
1866
1871
1722
1724
1680
1727
1741
1806
1815
1813
1820
1767
1744
1711
1707
1712
1710
1715
1711
1718
1715
1720
1667
1725
1575
1607
1635
1542
1581
1589
1531
1474
1480
1482
1491
1496
1431
1377
1392
1331
1392
1394
1343
1244
1251
1302
1145
1200
1220
1263
1098
1100
1101
1154
1198
1199
1202
1275
1289
1278
1326
1295
1276
1273
1295
1268
1174
1229
1181
1187
1200
1126
1139
1172
1176
1230
1280
1281
1358
1421
1426
1488
1487
1548
1595
1644
1648
1649
1637
1643
1653
1613
1579
1602
1519
1523
1531
1580
1573
1580
1603
1611
1615
1639
1655
1704
1754
1759
1749
1755
1751
1750
1751
1800
1844
1886
1838
1855
1836
1835
1840
1804
1812
1829
1836
1873
1924
1972
1951
1947
1945
1979
1988
1980
1987
1979
1986
1975
1983
1971
1986
1859
1915
1974
1867
1874
1836
1822
1779
1783
1690
1736
1521
1567
1614
1661
1681
1535
1570
1547
1559
1535
1528
1537
1517
1483
1487
1434
1393
1443
1471
1455
1431
1445
1431
1467
1518
1495
1396
1451
1406
1410
1413
1483
1545
1531
1545
1543
1607
1647
1631
1630
1580
1626
1633
1639
1642
1648
1601
1626
1602
1505
1561
1510
1514
1577
1578
1595
1640
1591
1577
1505
1554
1566
1567
1629
1635
1646
1697
1757
1811
1885
272
1790
1724
1778
1687
1863
1728
1690
1697
1700
1705
1761
1711
1757
1760
1775
1773
443
1778
1773
1772
1780
1773
1771
1756
1765
1811
1816
1859
1871
1862
1885
1866
1891
1837
629
1921
1889
1887
1906
1895
1884
1892
1911
1884
1667
1735
1792
1854
1847
1485
1948
1505
1510
1516
1564
1621
1973
1670
1693
1511
1442
1522
1754
1511
1382
1324
1407
1292
1420
1428
1364
1315
1316
1282
614
1197
1205
631
1247
1224
1241
1214
1310
1225
1393
1226
1165
1148
1099
1245
1099
1107
1102
1084
1057
1204
919
1316
810
1073
911
733
877
746
1343
753
671
692
1179
748
723
743
634
645
733
629
626
728
637
722
219
749
633
227
833
668
685
643
609
599
631
555
566
558
686
703
575
575
540
530
760
746
749
620
780
554
649
558
556
583
576
569
611
567
575
578
578
589
714
639
651
638
625
619
705
694
635
641
674
620
635
660
608
616
690
713
691
684
618
669
591
590
697
634
693
633
618
625
629
344
620
632
650
624
633
699
635
623
640
627
757
636
636
732
733
640
639
639
664
708
658
659
692
666
664
665
665
697
669
666
806
676
645
656
668
812
740
678
666
679
666
748
653
660
643
640
725
636
647
670
669
798
613
625
636
654
595
602
763
629
650
761
652
581
609
694
776
648
602
849
847
647
677
616
630
599
664
597
637
638
613
681
601
769
612
634
660
617
622
664
633
631
640
682
680
690
663
684
662
674
649
753
673
739
731
787
721
680
677
776
734
700
743
751
720
707
741
820
729
801
761
746
746
786
750
214
740
738
799
834
719
713
732
806
733
721
794
774
720
798
724
708
737
763
719
761
712
714
706
716
702
811
723
739
748
783
747
749
745
754
758
877
732
756
799
818
746
755
804
883
893
889
315
789
780
756
773
768
752
777
738
762
720
742
751
857
761
850
801
796
739
724
684
718
746
679
659
682
703
739
566
600
776
620
629
909
652
717
713
905
688
681
711
760
522
713
267
668
539
600
570
554
587
611
713
631
650
771
466
476
530
488
494
501
514
530
540
573
568
471
499
495
678
490
630
580
802
697
504
463
470
475
491
501
512
467
544
579
571
565
479
499
474
488
281
281
288
520
517
572
529
509
502
351
495
488
492
499
531
488
501
575
540
642
409
494
521
568
522
535
585
544
517
582
526
582
517
581
528
526
533
548
578
556
588
639
639
553
553
631
534
555
572
669
555
554
553
657
659
566
605
581
591
614
575
575
571
659
566
655
583
599
618
570
581
732
578
714
613
602
584
590
405
651
653
653
644
645
647
642
652
661
671
785
781
661
646
666
644
656
806
665
793
526
759
800
700
760
682
729
785
703
688
721
722
745
763
774
674
691
709
700
664
336
325
317
686
658
674
658
812
807
691
744
630
648
368
360
664
726
602
608
637
594
607
665
609
668
676
692
595
425
434
637
797
587
700
634
654
612
735
703
596
769
734
812
793
568
635
652
610
596
585
736
596
623
605
647
669
695
614
745
804
513
598
592
667
616
540
611
716
738
558
541
768
649
603
614
543
473
480
507
521
539
456
644
724
687
535
572
584
514
538
454
471
523
495
513
466
473
521
500
653
568
509
510
696
613
722
761
585
668
739
618
667
712
625
634
657
728
652
748
713
714
733
757
794
781
722
854
746
766
824
753
756
755
910
860
861
785
915
774
953
776
936
818
780
863
780
789
818
778
812
796
768
790
834
790
877
893
802
922
783
806
829
778
951
1028
785
787
891
791
789
879
838
908
810
917
839
911
851
853
861
979
965
855
853
854
934
892
932
930
918
889
879
963
943
882
901
955
902
900
963
917
920
977
880
919
961
1047
1026
908
838
800
825
995
929
905
1030
871
772
781
846
845
775
718
867
906
1093
1105
797
787
724
829
852
842
716
738
715
904
739
731
783
1165
819
724
744
791
690
834
892
877
745
820
783
708
699
692
715
728
703
712
684
703
697
702
816
700
762
870
734
855
761
826
822
714
796
754
873
738
765
778
733
683
707
743
751
813
777
727
924
700
680
690
705
843
730
688
690
718
912
734
712
774
731
954
705
926
721
808
805
745
732
693
818
913
711
723
739
760
931
988
710
845
748
853
740
724
859
724
850
829
753
786
820
766
749
760
807
898
846
326
810
323
809
857
772
933
827
765
787
756
863
408
816
779
780
777
917
809
970
802
957
850
806
799
915
814
815
1025
1003
809
890
846
854
984
837
814
857
855
833
802
973
795
786
767
815
761
750
776
508
749
953
819
768
824
933
768
768
828
812
1031
954
596
822
563
800
782
780
878
776
853
839
1077
852
1061
807
932
902
741
724
792
942
812
737
746
939
750
834
696
716
709
742
753
719
793
784
726
783
720
1086
1091
855
404
720
418
896
1055
735
703
755
758
1030
1087
883
856
1154
751
735
902
1070
783
892
890
904
783
538
768
768
860
903
1107
837
789
442
452
809
800
452
1120
806
950
849
827
838
934
920
976
986
1039
867
862
871
546
555
546
884
587
946
1089
600
893
647
943
990
1082
840
1094
1044
874
895
919
928
987
992
938
877
868
1052
898
866
875
893
1102
1162
1123
866
885
935
1116
1124
1121
786
989
808
1119
1142
889
799
808
838
982
858
970
815
828
1092
1166
1183
1108
800
1196
1228
762
801
741
764
783
936
1106
1065
1087
987
870
862
893
722
762
779
938
880
742
847
816
1017
962
708
718
783
719
720
840
1151
719
740
788
712
778
690
742
1015
690
1060
788
898
714
891
673
862
841
699
1215
726
817
994
771
761
680
669
830
707
1221
935
658
684
668
718
642
800
859
694
744
876
756
650
672
691
811
637
662
645
1285
646
648
718
672
898
800
671
672
805
843
1287
863
1018
728
699
671
684
676
701
739
869
1269
1160
859
890
5592
4899
986
4607
808
4620
4622
3593
1761
1504
4685
1477
5887
2493
831
2082
908
746
753
763
780
735
746
768
812
832
919
840
1376
924
743
743
741
766
777
787
834
1318
755
785
822
7168
1398
819
759
2828
999
6048
1338
993
777
755
779
779
826
840
1103
6209
931
1266
1228
684
719
897
760
789
801
827
813
1332
1368
5162
1124
1111
1087
720
734
1062
950
950
978
820
806
708
707
724
1035
737
1119
1094
858
730
1049
743
728
739
622
699
660
721
716
773
645
775
990
1004
965
923
1130
942
1309
755
687
746
794
805
667
804
686
672
704
788
1015
1037
1029
703
721
861
960
1034
930
1067
1016
726
679
687
704
712
741
939
967
675
773
781
701
712
721
729
747
745
474
469
655
682
738
691
704
892
513
736
828
750
650
515
730
898
764
716
712
565
559
529
535
656
676
676
687
726
737
790
1150
558
566
572
949
766
908
488
566
531
530
518
580
535
793
540
772
648
526
801
946
633
484
656
1104
452
473
683
492
502
678
667
940
795
634
642
502
533
970
537
552
601
1077
849
1056
757
564
791
881
624
580
555
543
1000
575
1032
577
1072
600
612
647
808
702
1226
792
874
552
588
766
1007
646
666
682
670
697
729
696
642
699
659
721
760
757
681
1230
619
622
813
1272
844
626
647
630
1019
747
666
1066
646
767
1146
995
627
1177
556
556
693
609
909
816
812
820
702
922
797
583
604
610
686
714
664
694
797
836
914
876
836
866
652
713
674
680
734
567
602
613
636
653
667
688
927
926
940
951
589
616
616
607
865
911
828
719
961
546
535
651
728
607
564
808
914
992
738
772
536
646
678
713
633
636
657
633
1017
561
704
706
545
545
545
563
510
547
706
908
904
811
518
547
540
590
1068
818
780
553
845
919
502
558
556
1163
539
538
568
570
611
659
752
671
947
1214
575
583
620
1281
785
839
624
669
976
1019
613
575
799
514
621
630
571
591
600
573
585
721
715
500
507
592
710
813
693
700
708
571
579
573
932
668
605
564
571
583
620
918
885
599
566
676
621
1302
535
566
1391
548
581
596
633
707
523
534
555
568
1369
669
915
546
563
579
619
802
1489
950
947
810
559
566
573
672
812
830
543
551
871
879
1163
840
676
525
549
559
569
667
883
646
809
552
605
487
499
511
668
679
858
666
538
825
697
809
638
630
873
508
523
513
546
553
562
569
432
547
514
701
540
507
442
458
525
1333
1237
1533
741
902
913
531
1190
1385
1412
590
842
900
1379
671
591
1298
593
616
546
555
875
552
559
710
686
653
585
559
520
513
507
458
577
611
696
793
642
915
908
847
477
484
627
455
465
490
598
572
629
648
738
555
851
1022
844
599
583
646
666
475
467
522
459
493
512
521
647
817
902
889
698
648
647
645
743
488
471
541
596
692
620
619
585
548
369
490
526
442
415
413
439
485
491
401
561
556
673
891
855
900
569
655
298
627
418
338
316
335
325
332
618
640
910
976
616
557
610
623
579
755
931
469
483
467
498
491
338
370
376
419
425
642
457
606
584
678
630
687
347
429
430
449
607
680
637
866
629
931
665
1003
667
1190
1187
353
397
409
402
424
444
445
447
489
888
522
511
516
671
677
920
673
369
334
345
346
401
513
986
1270
1062
381
822
835
955
1167
1165
1013
472
472
342
392
405
482
515
458
499
835
421
861
1114
341
354
354
415
424
529
709
532
819
1105
332
346
375
387
406
407
450
459
509
497
516
531
544
363
366
356
1323
399
457
903
899
851
565
324
319
1468
333
345
815
1504
831
747
466
516
833
495
1368
1445
525
325
334
343
405
469
462
543
514
827
576
957
645
1450
869
989
972
444
370
429
394
604
552
558
566
1195
1058
1126
934
782
884
916
763
930
877
906
463
544
742
645
1048
1116
885
371
379
415
351
339
353
366
383
529
824
849
882
534
254
339
371
466
417
1135
453
801
530
392
848
1210
288
260
306
297
969
345
333
362
277
807
815
463
477
531
584
378
320
1182
1190
324
335
343
351
1225
378
582
345
473
482
363
419
340
362
889
429
444
326
423
465
265
858
397
395
832
710
1174
428
363
453
454
1007
1021
943
714
412
414
612
405
407
766
419
378
342
968
1259
1105
1014
535
993
1001
1115
417
397
498
353
238
381
401
330
377
329
398
269
460
303
282
458
457
478
269
278
407
508
271
258
273
291
1060
543
386
488
410
347
561
1131
349
358
376
281
333
319
331
353
353
365
283
295
303
327
390
428
1242
688
851
981
843
285
316
296
320
202
211
550
231
264
373
427
425
962
967
835
1178
374
383
175
257
358
369
471
473
476
459
344
190
206
343
393
325
226
348
433
403
201
199
192
216
233
288
648
202
216
536
312
697
513
529
554
276
567
317
324
313
571
349
284
307
554
1039
351
576
361
212
244
284
327
328
307
1006
449
933
986
546
1155
239
291
300
556
404
460
459
5417
6181
4563
1196
1269
425
399
391
385
4315
4091
4797
4365
849
820
619
638
1948
1032
1127
2521
1450
1735
2021
3219
3253
1159
796
655
662
2153
2612
688
1462
708
1154
726
1809
1909
754
3369
1514
3998
587
620
613
632
681
1335
1201
2630
1233
1870
885
1964
2494
1282
615
626
635
937
937
964
745
1167
572
678
1123
1019
4447
1031
721
557
672
4700
5834
1058
5898
648
522
473
480
493
527
540
366
377
487
494
503
850
819
5604
2401
2215
6039
2231
602
1247
823
3505
5228
3629
551
541
534
534
534
533
533
517
515
517
929
4800
1848
1504
534
534
530
528
512
503
502
504
504
606
614
3645
5076
2776
5815
1919
459
459
449
554
523
519
516
523
496
671
731
930
931
1448
5893
1805
490
471
496
491
6380
3871
3236
3558
942
1149
2795
3266
1889
3863
1518
3709
5223
1441
768
777
535
587
765
549
2746
464
463
494
493
507
723
658
6053
3481
2572
549
3477
3978
1663
3975
1427
2625
841
905
695
3925
778
812
857
863
873
527
523
543
6215
1390
1511
3213
503
515
568
589
1524
684
797
812
1912
671
1600
3242
3046
4041
1033
3740
1090
463
472
482
492
552
575
584
597
606
662
1952
3491
5449
3965
2462
435
458
448
456
470
509
517
532
540
551
560
575
1051
1269
1206
3501
1818
1806
1184
1222
649
689
748
369
397
405
413
422
431
445
452
459
467
484
492
514
527
540
594
900
641
655
718
414
445
455
471
1253
3043
1887
882
879
1230
1256
1144
916
589
634
652
794
789
877
6795
1033
1333
1680
1326
1593
1702
1574
509
600
1350
715
1704
1980
2460
892
1711
934
876
931
620
633
641
648
656
1002
805
768
1334
1193
1208
1189
1290
1291
1278
1287
1294
1243
1331
1326
1325
1335
668
667
663
687
763
785
810
1431
1448
1425
1465
1440
1477
1476
1473
500
508
415
458
515
473
513
491
500
528
528
566
576
613
716
729
728
746
759
756
1592
1426
1527
1402
895
906
406
424
442
457
974
1312
1268
927
937
541
541
508
560
568
585
594
601
608
617
625
637
650
1308
748
939
1221
481
504
527
539
547
554
561
568
575
481
535
606
634
547
1014
1297
1001
1234
1344
838
940
1346
835
547
548
558
565
572
582
591
598
607
613
626
635
750
1346
1528
1680
1703
1570
687
713
1397
1060
1073
1270
1280
1289
1297
1306
1315
1323
1422
1337
615
609
634
648
658
675
684
692
729
739
752
762
802
811
821
830
842
851
860
869
1774
1501
1931
1300
1760
1972
1774
1656
854
920
583
491
612
655
639
655
689
697
708
716
848
783
960
1710
1650
1617
1280
462
485
473
469
487
473
438
500
563
559
552
578
564
532
544
553
547
609
770
1848
1798
1235
964
973
651
379
501
480
486
540
601
790
726
1315
816
1377
1783
1348
1344
1587
415
425
434
442
460
457
465
497
1907
1972
1868
495
626
500
801
407
398
392
436
424
424
423
458
467
530
530
530
737
741
851
474
507
1030
875
750
891
2121
757
1329
1979
1014
2138
1350
1293
1025
690
2097
2102
816
1891
2114
1740
495
502
511
526
537
575
1796
594
1071
599
703
1075
705
695
688
709
584
730
704
464
502
645
763
750
1374
639
651
678
685
410
418
425
523
467
460
494
476
477
517
517
634
670
654
667
688
688
700
688
361
371
431
468
486
477
485
509
523
543
572
630
2330
754
682
698
856
865
873
2280
664
723
734
741
771
670
700
686
711
451
450
349
359
366
422
432
439
448
461
476
494
532
649
2253
2354
2025
2543
632
608
629
611
610
582
2432
467
527
431
438
431
408
502
664
653
666
714
713
719
623
506
502
1086
690
683
1094
510
431
687
1063
1092
591
673
678
615
681
688
722
704
730
2814
1096
1242
1244
1106
1275
2705
2722
713
1174
733
639
638
649
656
2666
1147
2779
2768
2669
1250
1166
632
558
626
662
2490
2972
505
511
517
605
604
602
580
576
406
416
423
542
515
557
682
692
702
714
699
933
623
509
479
702
622
821
863
759
755
2316
2229
1083
1084
2242
2558
1076
423
438
446
454
464
480
494
504
513
530
538
549
558
564
681
901
797
846
1209
1141
1170
3282
1223
1150
3278
2393
1164
938
447
499
507
517
537
625
654
2410
2846
1198
1288
1173
2902
2563
2685
1233
1194
1231
2692
3389
2906
833
831
1347
2780
2753
2803
2150
1322
2716
3470
2898
2788
1328
1198
1000
1212
1213
1174
688
903
909
906
912
3260
1535
2880
3157
1256
3261
3032
1018
909
3400
2846
2935
3037
2994
1348
2982
1452
2174
579
618
627
671
684
693
744
1337
1548
1370
1446
1556
3048
1386
2998
3004
1687
944
1710
1680
1699
1088
1084
719
802
1760
1551
1479
1790
1773
1489
1690
1550
1130
1714
1679
1682
1145
1102
1620
3424
1121
3389
1671
1734
1617
1623
1677
2502
1189
3334
1048
964
975
983
723
778
805
813
837
847
855
863
873
883
894
902
909
609
775
786
2389
796
2451
971
1666
2327
1908
1781
2272
2050
2065
1139
1813
1469
1618
2136
2119
1570
1774
2124
1849
2045
1512
1167
605
708
720
727
736
743
774
782
1026
1836
1112
1511
1502
1080
1082
994
1136
1146
1900
1625
1611
1323
1332
1529
1537
1534
1698
1705
627
637
649
658
739
752
766
775
802
809
821
931
1771
917
1151
1176
1163
1181
861
756
746
1018
688
682
670
681
673
886
1698
1552
1690
1759
1725
1763
1766
1749
1564
1771
1771
1694
652
487
649
651
699
712
694
720
738
747
1633
1650
1633
921
1121
933
1577
930
1583
1597
1589
1589
1162
850
832
364
381
390
404
403
422
421
488
534
542
557
564
577
584
593
683
1239
1235
979
1245
1262
1260
1489
1069
1062
1259
1482
1704
1917
1744
1594
1617
1605
1126
1144
1149
716
726
740
885
763
886
874
748
926
901
941
966
987
1170
675
683
509
1122
1203
1205
1233
1231
1140
1241
1228
1150
1243
1887
1835
954
492
568
577
578
595
603
611
627
635
731
1802
870
980
988
1141
675
447
454
477
471
479
500
512
528
528
543
567
577
589
1224
1362
1644
658
1335
978
1269
1068
1074
1071
998
1011
1065
1100
1102
1024
968
1261
1268
1110
1177
671
680
688
696
709
731
711
725
731
746
741
764
776
783
938
822
817
816
829
841
2108
2104
1625
1344
1589
1624
840
854
573
530
539
546
555
564
594
603
599
598
604
601
603
612
644
640
660
659
669
683
682
680
732
748
1037
1053
1050
1041
1061
1044
1554
1589
1572
1274
1451
1285
1273
1267
1285
1293
846
653
677
925
839
809
742
1115
709
723
717
701
974
657
727
735
731
728
727
738
732
692
805
887
556
700
752
701
814
963
1015
1026
555
594
593
1116
993
1179
994
1117
661
1113
729
1149
1063
696
705
883
1884
1897
891
1905
661
439
438
437
548
522
522
445
719
690
672
435
367
638
437
457
465
474
719
487
492
783
717
744
766
805
525
766
596
693
692
692
835
848
855
848
843
782
649
769
846
833
834
689
709
628
578
609
583
742
1150
945
711
625
865
337
433
940
952
498
489
557
375
311
971
850
847
2213
1073
1072
654
641
1257
1237
2240
777
950
894
1245
855
868
879
1156
1005
437
1015
622
569
482
833
477
473
466
494
480
611
657
454
447
437
463
1022
1225
832
643
650
1113
734
769
519
770
1072
1487
1952
2062
501
497
457
512
474
481
546
583
676
1118
681
1161
700
662
1166
1175
588
1865
2118
996
813
1177
1783
1186
1199
1197
2151
767
1579
741
706
1146
1979
1153
1430
1290
1314
1323
1437
824
832
883
599
606
667
585
678
668
693
2401
2392
894
2181
776
777
2820
1186
1292
1550
1299
1295
907
1209
1568
1236
891
2474
1274
897
2822
1962
2297
2309
2495
2501
551
487
495
558
609
619
635
635
654
671
720
728
746
781
788
868
1393
2200
2465
1361
2564
839
2374
2330
2450
698
775
1037
1043
1043
1050
917
1007
1015
1593
1611
2487
2083
1559
1603
2518
3020
1130
1651
1610
1146
1089
1344
917
917
916
932
690
691
710
719
753
732
778
750
759
776
802
2081
1501
2764
1188
1187
968
1576
1531
1010
1011
1002
1031
1038
1231
775
783
794
810
892
959
2680
2713
2272
2280
1394
2564
2375
2590
1194
1564
2617
1511
2980
1541
1612
1569
1578
1092
1311
1308
1107
1099
840
836
873
886
901
1252
1253
1665
1660
1653
1666
1667
1691
1131
1735
2070
2569
2592
2807
1918
2484
1681
1677
2032
2945
2882
1688
757
867
878
924
937
945
962
969
979
987
1095
1120
1284
1746
1774
1775
1794
1318
1185
1212
1200
1211
1222
1217
1297
1882
1555
1755
2030
1967
1777
827
834
960
978
1063
1161
1189
1306
1667
1836
1277
1139
1131
1137
1128
1148
1139
1816
1109
1852
1108
1851
1897
1733
661
790
755
807
807
885
885
792
884
806
803
938
935
936
958
987
1001
1806
1815
1811
1927
2234
1922
1895
401
423
309
420
426
444
443
461
502
510
643
2185
2090
2098
1213
1235
545
559
567
580
588
594
603
609
681
736
742
751
758
766
773
781
789
795
806
834
841
848
861
867
873
901
908
916
926
1022
1315
1489
1505
338
337
337
379
386
429
1381
451
458
669
2160
1514
1562
2157
1505
1514
1568
2101
702
727
491
741
457
673
926
937
506
514
522
545
553
560
566
573
609
619
631
643
652
763
1851
2011
1903
992
1317
1323
852
899
498
575
540
503
536
522
443
587
476
499
517
491
487
524
523
510
1086
575
503
581
507
586
761
725
773
1267
595
1788
1184
746
1418
1427
1439
1417
1164
1449
723
2587
688
697
2507
693
598
434
433
744
487
470
467
486
506
552
558
564
571
578
586
606
612
619
627
635
643
650
658
709
759
1116
824
761
363
376
377
400
400
400
430
430
430
446
495
507
515
527
540
554
562
571
581
588
602
611
619
684
775
779
778
758
861
723
742
795
860
734
766
763
769
766
893
872
911
903
841
904
499
402
397
424
422
449
447
446
444
433
503
499
505
505
516
508
607
606
590
589
612
734
748
1020
1025
952
921
704
760
767
695
624
620
671
674
924
872
914
780
891
840
960
889
708
856
678
591
612
623
632
539
550
635
940
1008
706
914
909
1018
768
1175
1164
1161
1175
1066
945
439
448
592
467
554
597
624
632
607
627
609
609
624
614
617
617
522
615
830
815
957
835
890
836
868
837
860
855
874
873
892
891
803
903
909
814
733
562
592
599
1138
624
803
812
820
828
857
598
597
1154
648
1177
580
671
959
968
681
418
541
460
468
551
535
551
539
554
533
527
621
628
1096
1103
1172
1282
1170
1036
369
384
416
504
707
504
619
614
1023
1031
874
840
879
891
928
912
889
1011
979
1023
1015
1025
889
501
355
378
386
1063
1022
535
769
402
400
396
568
857
485
506
497
570
378
412
428
524
905
458
559
519
519
515
540
1219
1225
961
1023
440
565
1229
350
389
291
299
328
325
346
427
498
489
485
390
309
335
361
834
515
430
364
317
291
299
333
789
337
338
304
1135
322
355
351
441
1176
1175
330
1168
394
351
345
399
354
615
698
636
584
476
350
406
407
510
751
444
523
476
494
779
765
531
1258
618
437
587
469
651
445
450
553
884
715
317
324
340
433
614
356
458
478
428
401
443
705
312
288
295
485
395
424
720
743
704
745
440
411
408
455
460
466
323
369
404
395
411
752
734
755
301
330
339
417
297
299
309
344
398
394
725
570
306
318
336
541
526
519
326
320
339
834
645
521
555
563
669
574
704
320
329
355
345
438
440
332
339
389
366
301
330
406
284
286
584
386
550
340
305
402
360
325
432
555
340
370
360
592
526
545
362
417
522
584
529
337
688
354
430
662
497
359
532
415
423
495
811
732
428
444
396
443
489
446
373
373
357
371
371
381
391
641
413
476
872
438
585
555
846
474
480
415
639
403
415
723
471
742
458
484
413
554
449
462
645
769
440
894
755
481
431
466
448
437
470
662
659
397
608
455
429
644
634
659
569
406
441
404
388
508
380
414
364
363
362
441
375
339
412
721
568
541
755
500
385
676
563
500
464
420
288
269
345
346
357
589
407
390
486
531
397
383
654
349
399
831
604
416
378
598
528
538
614
812
851
502
346
485
360
367
507
391
545
432
318
398
360
340
395
365
371
379
365
406
419
411
384
369
346
342
476
497
311
402
379
476
347
340
498
673
527
573
711
404
404
386
397
410
772
760
347
354
520
755
805
516
513
362
352
354
383
473
836
529
530
563
387
373
386
508
386
387
401
527
527
410
412
383
696
400
426
669
417
521
472
471
461
466
634
542
684
596
495
453
757
425
470
771
452
469
440
420
444
675
428
424
401
413
655
473
628
478
426
468
558
463
380
427
403
596
577
347
363
430
762
633
424
491
408
608
421
365
352
607
402
433
401
438
435
631
471
720
408
348
355
382
390
413
426
512
707
601
314
322
322
421
313
323
506
576
377
398
364
354
421
421
549
394
410
456
401
379
568
426
412
617
382
390
502
423
424
375
377
364
407
703
440
551
662
384
643
687
429
404
461
417
413
439
504
407
567
407
436
517
412
405
406
446
612
727
626
736
602
420
472
591
463
439
419
437
439
573
486
461
666
642
378
405
401
383
406
424
501
476
472
485
338
346
360
480
516
498
316
330
624
517
372
352
620
288
396
324
638
708
345
397
346
369
560
332
385
501
366
305
351
361
546
358
321
487
669
380
311
340
491
466
590
682
410
359
337
671
504
341
365
403
391
363
667
423
477
349
501
487
389
391
486
353
488
415
415
376
602
503
392
614
386
455
389
386
438
547
536
375
389
423
531
408
440
372
404
499
400
402
510
393
528
504
531
391
379
601
601
399
406
508
396
390
542
574
545
427
436
409
521
579
423
563
415
618
544
391
411
418
429
549
539
492
468
411
445
516
470
562
451
424
635
390
402
402
452
383
393
380
403
415
387
647
379
414
331
355
357
345
398
419
399
396
371
390
563
475
577
413
345
367
377
385
596
670
418
436
427
385
421
668
728
365
366
362
544
520
413
551
551
362
411
534
524
439
451
439
408
339
367
390
403
561
370
369
377
376
432
423
394
499
504
402
560
415
594
642
562
417
544
429
449
525
426
446
445
532
480
393
447
432
595
414
473
549
403
419
405
415
612
427
500
616
470
553
552
438
464
463
439
614
612
581
465
497
564
446
454
476
547
452
451
478
628
508
529
706
473
518
716
507
494
494
492
499
513
481
475
489
615
453
513
584
552
471
688
466
449
493
476
513
726
503
596
619
658
695
535
545
599
584
671
651
758
599
613
622
582
753
556
750
590
626
733
601
577
500
513
520
547
549
572
679
657
588
760
529
527
711
552
550
501
539
547
548
508
519
701
668
505
527
567
510
592
577
586
593
563
681
802
813
642
818
624
627
607
610
642
603
637
600
582
597
715
669
569
666
709
626
730
566
544
572
741
567
638
507
780
503
492
512
545
523
502
798
687
687
578
538
555
651
565
663
579
562
563
564
640
623
567
630
873
643
684
861
574
675
590
660
586
592
632
670
594
594
714
605
596
525
649
684
520
679
704
761
726
771
520
604
548
709
530
541
577
551
623
499
578
567
776
555
554
776
543
841
594
546
565
528
566
556
552
571
582
561
555
640
623
533
544
482
498
579
478
489
588
623
465
701
697
462
463
669
459
454
471
471
483
663
526
487
488
683
494
494
612
526
567
572
497
494
523
542
758
554
588
557
685
484
468
644
531
543
469
490
488
555
484
636
486
511
488
524
575
605
505
598
527
483
479
520
613
502
618
506
541
524
518
552
597
615
502
516
611
501
525
539
496
512
521
539
498
498
505
561
508
518
558
510
625
546
653
501
509
519
551
632
486
498
492
643
527
616
504
519
672
685
654
625
582
640
523
526
655
485
504
511
502
642
651
537
498
484
564
560
575
585
543
551
517
505
514
541
495
514
570
428
437
466
511
606
435
643
497
451
647
450
463
617
445
454
485
456
444
485
470
683
613
642
491
490
472
441
437
463
481
438
451
573
465
452
451
526
542
543
463
537
427
448
464
618
437
677
561
430
409
424
454
570
432
407
456
412
420
624
443
532
437
534
422
417
441
430
415
417
401
402
530
407
484
430
565
608
459
448
376
374
385
394
484
433
442
451
367
375
392
534
366
386
387
382
444
433
467
509
470
411
455
441
503
435
534
408
416
510
394
516
430
464
419
462
497
438
432
442
460
477
521
601
596
605
486
482
545
502
503
498
486
466
499
508
515
491
491
523
512
566
500
495
475
659
494
654
546
470
551
520
501
469
664
501
490
491
665
482
495
495
552
594
574
510
521
496
584
518
530
498
559
612
443
600
455
463
516
501
644
538
539
540
565
566
684
638
705
580
657
708
607
616
726
674
688
718
673
802
791
711
711
487
11134
10989
10874
10734
605
10962
11004
10748
11158
553
10898
10903
10741
10910
681
670
10439
814
841
596
6658
10948
10733
675
584
10664
8116
5387
11186
587
9104
10879
6527
8095
10351
10373
10363
7757
8653
10373
8133
10391
10210
10611
10353
10221
6545
668
639
637
8582
10432
9204
10269
10272
10760
10265
10452
7378
7610
8189
9414
10024
11247
11365
10788
774
695
718
1613
8757
8466
4858
8478
10318
2952
6360
3925
9690
5199
5032
8492
9278
10342
5587
5836
4871
8517
6141
749
766
11340
10897
11289
10894
11470
840
878
830
864
893
705
716
742
751
771
819
838
920
11029
860
790
630
558
661
630
629
810
812
703
689
650
587
890
9273
10909
956
963
1012
728
746
1060
710
1036
654
677
678
675
676
680
7765
7806
691
693
695
779
11310
779
750
777
764
765
770
492
500
507
537
524
525
536
538
598
615
615
616
618
573
584
578
594
605
605
644
665
733
730
674
696
695
694
695
715
723
730
736
779
755
752
10747
877
807
7516
9597
8517
11149
8957
886
892
898
905
911
11175
8928
8924
9653
7490
11573
11504
1007
967
1000
9968
1367
3863
11550
1138
2062
817
561
677
537
479
493
491
710
618
711
739
733
726
719
750
633
786
794
818
820
814
815
827
834
846
853
867
920
9826
12114
878
892
907
894
908
916
928
927
940
977
1200
8484
1216
986
1574
1022
6844
9709
9353
1377
9838
8936
1469
9773
3991
8669
8952
1770
11193
653
675
689
700
8196
9017
745
11132
9459
765
783
791
814
823
852
861
870
1982
534
533
541
557
568
565
576
604
616
623
635
644
662
10032
1085
888
837
857
1470
1149
10277
9273
903
1344
1945
1196
1950
1078
955
8302
2188
8794
2135
675
1021
684
9685
1285
1745
1066
822
804
786
590
600
12098
745
767
749
761
781
575
593
801
2259
1653
1318
2146
2003
1681
641
1964
1385
9966
615
1218
1468
617
1404
612
636
635
2331
1626
1183
1262
670
11736
2137
1990
699
1411
2422
10113
10121
1287
725
733
755
757
770
2305
1341
10214
2565
2556
10201
10209
1802
2458
1666
1536
12530
1631
2334
1662
1391
1409
1553
1777
1606
1527
1324
1212
1048
895
11421
1428
926
1304
899
899
1436
913
916
919
1607
11011
781
2895
1620
1469
6904
1226
1269
1260
2428
12225
1603
10066
1644
1576
1590
962
2981
1364
2778
1566
1574
871
846
853
863
876
886
903
915
1395
1553
1363
1338
1508
946
1681
1670
1786
1510
858
860
855
805
895
888
899
968
968
980
996
1014
1035
1215
5438
1850
1818
1507
1600
1485
1463
1458
1571
1639
1545
1922
1559
1846
1715
1818
1592
850
861
874
882
1040
1045
1076
1143
1934
1763
1540
1337
1172
1307
1434
1944
2070
1679
1777
1721
2087
2094
2054
1703
2066
2038
2031
2039
2143
1777
1996
1756
1125
1033
1014
2146
2068
1760
1760
1921
1847
1822
1690
2058
2229
1720
1698
1938
1789
2014
1914
1650
1978
3365
1859
1690
1681
1642
1624
1617
1267
1314
1321
1415
1420
1340
1426
1441
1442
1707
1765
1536
1551
1649
1267
1086
1086
1103
1110
1179
1225
1219
936
958
995
1039
1004
992
991
984
970
1037
1137
1067
1061
1060
1053
1167
1316
1346
1648
1123
1304
1107
1091
1077
1029
972
1030
1022
1122
963
998
1429
1391
1155
1035
1973
1044
1056
1078
1071
832
825
833
857
875
903
902
915
927
962
971
979
988
1015
1081
1020
1035
1996
2009
2066
1048
1078
1101
1118
1145
1142
1175
1155
1148
868
868
896
904
914
945
945
1114
2040
2087
2077
2086
2076
1882
1820
1838
1398
1773
1764
1000
1009
1016
1101
1216
911
861
859
940
940
951
1017
1016
1157
1893
1868
2165
1842
1823
2181
1209
1390
1045
1082
1240
1195
1528
933
971
954
1064
951
937
932
939
934
930
938
966
974
1177
979
2137
2121
1019
1208
899
2251
802
908
861
960
866
965
870
985
903
883
1034
1072
951
1075
1074
799
797
810
854
819
824
835
864
2312
2247
2217
2232
876
888
2263
906
903
1199
1681
1328
1334
1002
1120
1107
1375
1106
2361
1128
1122
1067
1061
1096
1107
1107
1065
2356
1095
1108
1073
1063
1063
1126
1058
1205
1089
913
926
900
930
922
973
1257
1339
1065
1422
1402
1584
1263
1079
1130
1130
1139
849
857
865
883
970
895
971
982
988
1016
1102
1103
1139
1145
1497
823
860
889
927
881
890
908
2448
2291
2376
2443
1054
2470
779
2311
794
830
828
870
813
806
914
2490
867
868
721
752
748
744
770
798
836
843
2502
867
862
869
928
955
1033
2407
1541
1170
735
693
796
755
776
809
809
2455
1054
1072
1052
846
926
1034
896
908
907
1046
1159
1015
1161
1174
1174
1175
737
796
793
842
815
749
736
816
807
807
829
876
939
1174
1245
683
682
679
698
716
740
755
799
905
860
941
1057
1056
659
691
747
812
1023
957
1026
701
741
712
745
726
743
940
825
833
823
829
826
1393
846
857
718
756
747
810
883
1236
1242
1023
1004
896
735
736
708
2203
700
717
709
908
878
832
843
700
708
799
722
794
922
822
820
835
842
916
944
953
713
712
735
983
2868
2417
1197
1197
1237
927
1236
910
1234
914
912
866
874
932
761
770
997
2956
2627
2643
2640
2667
2933
1446
918
917
917
917
877
884
917
894
949
1849
2711
880
1266
1241
983
985
1189
1241
1237
913
953
926
968
895
2668
2945
2654
3000
2005
1221
1018
1192
928
975
976
1039
2318
905
895
994
1052
2577
2338
2213
1190
2232
3013
3036
1387
2291
1275
2347
1006
1040
1075
1042
1095
1060
1012
874
2312
882
882
999
985
1001
995
1254
1001
1007
1173
1190
1046
1039
1035
899
2472
2463
3122
2534
2462
3241
1400
1414
2120
1017
1024
1032
1041
1053
1053
1069
832
841
912
934
1005
1059
1076
998
999
1013
1026
915
2135
2254
1162
1790
1158
1401
1301
1183
996
1013
1091
1091
2955
2437
1142
1154
1022
721
750
793
819
819
856
1028
2660
2724
2759
1042
2459
2456
1379
1379
1455
1126
1466
808
822
821
837
1081
1412
1443
938
1098
1299
944
1956
2570
2038
840
1427
997
2513
1351
1349
1427
1041
2637
795
806
821
815
888
1993
846
2259
2114
752
827
784
784
2337
1770
1033
1243
1051
1785
1256
2144
2204
2187
2118
1037
1039
1001
801
799
1027
1135
1033
1307
1309
1326
2271
1817
1414
1856
1440
1430
2283
815
821
890
1017
1227
1226
2327
1407
1798
1926
953
1212
1202
956
820
875
727
771
852
1006
977
1094
1174
1187
1185
731
753
999
898
1138
1130
1130
1155
749
783
1238
920
763
750
771
832
712
751
1063
1048
1075
1141
1033
722
731
819
825
1136
1136
880
794
747
765
825
1199
782
721
729
752
788
753
1045
1058
1050
1071
956
867
1035
974
848
768
797
870
945
745
805
924
717
717
833
762
686
932
836
842
664
676
1004
1020
1018
805
711
804
795
672
910
779
837
816
692
814
640
629
995
646
660
668
675
681
709
726
767
748
602
601
757
739
833
748
680
679
681
697
847
865
615
654
670
722
728
506
502
511
953
934
580
577
579
550
608
599
755
648
909
1004
683
682
655
697
547
689
589
658
757
751
680
636
691
627
648
612
472
487
847
854
510
518
526
537
630
563
563
559
578
584
591
597
607
764
724
399
493
542
523
508
521
560
498
516
710
683
686
671
534
449
444
453
524
460
443
442
464
557
502
510
520
819
920
828
816
677
724
672
1160
720
677
672
654
651
668
611
479
476
507
513
572
662
498
496
497
766
773
769
583
533
552
556
585
585
600
698
651
692
651
615
627
645
723
944
922
728
663
732
513
661
671
499
840
628
540
540
722
546
581
588
597
610
633
624
630
856
806
652
663
663
686
688
611
753
751
550
549
601
548
548
706
602
625
621
621
621
821
623
667
750
546
666
569
616
708
663
746
732
754
645
642
611
602
598
787
616
635
598
718
711
714
701
849
849
600
869
800
798
615
739
748
662
653
662
895
769
601
792
665
643
642
776
758
767
665
642
772
715
856
854
671
877
826
635
811
654
855
786
793
670
669
723
697
704
796
770
806
803
856
804
868
896
703
752
853
861
802
741
879
732
790
818
875
903
750
740
757
787
883
883
805
965
881
900
739
752
892
888
786
795
880
728
807
748
748
817
771
720
961
785
910
819
871
909
968
982
942
842
821
820
726
730
736
744
759
941
848
912
840
908
923
905
708
726
701
794
776
753
736
984
772
849
893
889
896
844
741
799
840
690
690
761
803
908
835
924
858
662
668
711
779
755
709
757
788
641
845
661
724
691
691
688
699
748
758
557
626
695
578
606
601
795
789
624
623
671
690
733
718
668
677
702
686
434
432
425
643
650
754
488
487
502
517
608
525
543
536
872
555
644
643
676
672
679
377
486
398
383
399
485
495
454
498
587
480
497
521
528
670
634
619
575
494
512
533
575
745
596
616
681
631
639
340
358
357
375
506
386
393
497
504
413
433
425
426
515
440
459
466
492
627
486
497
510
518
527
541
538
545
567
559
571
570
576
669
769
710
618
618
619
618
618
647
389
485
505
461
500
544
449
456
456
548
556
474
513
505
505
524
619
607
649
649
665
579
584
574
582
588
602
458
454
452
465
477
486
498
505
515
531
558
573
594
551
572
569
558
591
581
711
597
472
580
590
509
556
609
543
632
661
542
682
661
560
567
522
548
598
538
529
529
497
495
521
521
593
520
541
619
626
638
556
582
748
701
537
695
646
561
566
549
549
551
567
649
586
756
741
713
728
583
683
588
588
576
586
565
740
606
710
606
602
601
597
613
588
567
602
584
697
585
604
612
694
597
617
624
507
506
506
698
573
529
748
598
630
551
559
673
633
631
647
616
734
731
672
627
656
652
713
593
741
633
758
608
651
706
637
721
693
655
696
743
650
658
681
652
666
801
741
683
708
708
668
785
857
677
695
754
751
707
706
705
744
810
726
795
786
745
10353
896
6559
8325
4902
878
6175
7902
6726
952
7279
6661
4993
7978
6263
6876
922
6780
6782
7014
8110
7320
6788
935
943
2792
4753
4260
4750
4184
5056
4212
6097
6097
5969
5067
1048
4072
6152
4086
2675
4464
4030
5676
5021
5037
4791
4352
6413
6076
4879
3066
4884
1058
5051
5362
4749
5446
4902
5315
5374
5089
5112
4680
5112
5398
5397
6503
6151
5579
8126
1144
1144
1223
10765
1186
1236
1236
10406
8360
10884
10881
1258
8815
11281
8670
10457
1177
11266
1168
11283
1415
1228
1257
1231
8638
8666
5141
8259
6029
6286
8623
8653
5321
6342
6044
6288
1195
999
1085
1303
1301
1101
1067
1017
1212
1208
1092
992
1016
980
932
885
914
949
970
1232
946
953
1180
911
888
880
1102
1033
925
1008
866
879
895
1125
8948
6539
933
979
6559
6547
5414
6602
1385
6143
1589
1495
1460
1530
1441
1553
1413
1324
1410
1106
1130
1121
6059
5787
1363
1217
837
834
851
860
912
920
928
939
947
954
962
971
978
985
6835
6593
1231
1219
1010
1023
1031
1038
1046
1053
1061
1072
1081
1089
1098
6589
3905
6025
3663
3359
3510
3619
5806
3526
3558
3688
6456
1162
1176
1191
1245
1257
1267
1285
1283
1304
5722
5953
6422
6346
806
798
811
828
886
844
855
864
901
889
959
910
1161
912
909
904
1002
1023
1013
1039
1062
1097
1133
1054
1060
1072
1071
1099
1089
1096
1104
1123
1122
1142
1141
1158
1169
1162
1185
1185
1196
1209
9378
5523
5977
8032
4029
2013
6176
1329
1252
1261
1269
1276
1283
1290
1375
5782
6569
7025
6666
1567
1482
777
1004
1103
6253
790
6836
7339
6276
789
584
593
601
592
793
629
624
827
1773
1764
1067
1063
845
853
869
877
903
951
1026
974
2336
997
1024
1032
1063
1077
1084
1095
1126
1134
1173
6811
6806
7005
6354
1165
1173
1237
1245
1242
1250
1267
1234
1292
1249
2424
2113
6891
1727
1284
2587
1323
1325
1313
1322
1319
1321
1268
949
753
750
700
764
777
7068
2766
1391
1400
6977
2543
6692
2789
757
910
2644
7277
6493
7190
7096
2531
1581
798
795
890
890
910
894
893
7529
6874
1760
2617
2611
1391
910
918
947
2890
2629
2884
1022
1040
1039
6835
7635
1043
2750
2987
2318
1139
1154
1153
6742
1197
1587
1192
1218
1231
1645
1178
1237
1191
2771
1227
1638
1263
1173
1231
1257
2752
1173
1185
2984
1687
1238
1040
1085
848
855
867
875
917
924
939
936
950
956
963
1067
1904
2729
1263
1865
6934
1719
1259
1281
4851
2586
1191
3222
1301
1284
1198
1193
897
813
854
913
927
7040
1662
7019
2181
1699
1290
1286
1303
1276
1300
1126
1035
3227
5056
1400
2962
7336
1323
1046
849
773
764
865
862
863
806
1046
1035
958
857
703
702
724
1003
1059
1059
1023
691
701
716
748
757
771
715
706
717
1041
1279
1474
1506
1420
1438
1080
1079
1089
1475
1094
994
1475
1472
1105
1120
915
940
815
827
852
877
832
840
1428
1524
1528
1542
1534
1535
1441
1501
1498
1514
1455
1536
1512
1550
1530
1470
1606
1616
1581
1495
1512
1607
1493
1584
1616
1614
1375
1449
977
915
935
943
1218
1211
974
995
986
963
946
967
872
871
891
962
875
885
913
1513
1540
1538
1455
1463
1615
1421
1636
835
954
942
951
965
965
989
1001
1009
1020
1030
1038
1045
1054
1060
1099
1106
1171
1975
1967
2004
1632
1358
2053
2005
1996
2020
1996
2051
2029
2005
2050
2042
1452
1798
1026
1106
1375
1420
1377
1445
1211
1223
1092
1089
1352
1011
1018
1026
1042
1045
1057
1893
1045
1004
1084
1092
1089
1090
1089
1457
1006
1007
1027
1026
1026
1044
1053
1063
1071
1159
1152
969
1039
1031
997
1046
1053
1538
1513
1550
1488
1505
1296
1174
1174
992
1112
1146
1156
1166
2040
1256
1247
1339
1350
1339
1064
1063
1204
1426
1035
1441
1098
2226
1116
1047
1057
986
970
953
1024
1025
1080
1095
1116
1309
2253
994
986
985
999
1007
1039
1021
1033
1108
973
980
988
1004
1003
1024
1035
1047
1055
1064
1077
1122
1198
1540
1054
1061
1068
1367
1109
1178
1170
996
996
995
976
1121
1117
1556
1600
1152
1147
1269
1207
1238
1637
1027
1351
1049
1048
1084
1221
1127
1119
1017
1004
1003
1062
1052
1078
1086
1093
1107
1106
1119
1199
1166
1632
1319
1109
1027
1178
1649
1654
1062
1174
1180
1182
1113
1078
1063
1133
1072
991
1035
1011
1013
1017
1040
1168
1057
1190
1086
1196
1197
1154
1122
1148
1204
1150
1268
1013
1009
1016
1038
1063
1038
1056
1052
1092
1155
1213
1261
1327
1004
998
1018
1024
1097
1158
1173
1272
1372
1133
895
944
868
890
902
928
982
981
1066
1146
1145
1239
947
1163
1172
1985
1837
1992
1047
891
891
887
904
886
949
950
950
961
971
983
991
1840
2066
1877
938
926
999
1111
1083
1110
1184
1190
2102
958
2264
1961
1966
984
979
994
2125
1175
1182
1184
950
968
961
1029
1021
997
1011
2023
801
797
821
837
871
880
889
1111
1073
1072
812
820
844
833
778
911
900
960
1059
840
933
1050
798
844
962
970
981
1262
1340
1910
1381
2123
1356
831
923
2018
1956
961
953
965
985
913
951
858
894
920
930
938
978
940
987
940
948
921
983
2293
903
910
977
1027
1033
1013
876
2173
1822
1719
907
2018
1908
1051
1041
990
1109
2024
1931
965
1983
1968
2416
2045
2233
913
926
1070
1054
1020
1060
1006
1096
1266
1971
966
2550
1091
1134
1132
1175
1116
2153
1050
1057
