12
6
57
6
4
10
17
4
67
13
6
20
63
53
6
53
51
6
12
11
33
38
10
26
87
82
26
15
78
123
57
113
103
14
75
82
10
11
58
59
104
107
61
64
41
24
30
30
38
33
37
25
32
55
60
123
200
216
240
245
226
225
151
128
70
60
46
58
59
57
117
115
174
174
185
189
239
181
229
190
179
228
183
190
135
144
81
90
99
20
37
44
95
70
70
115
113
168
232
236
232
239
194
145
196
147
147
104
40
46
94
99
101
99
123
132
131
132
117
135
75
106
90
101
107
72
89
121
123
183
227
215
228
209
203
208
267
324
278
285
294
232
186
234
236
299
292
281
231
225
171
157
173
100
152
156
164
110
74
55
117
190
186
194
187
245
249
248
296
308
364
394
390
399
334
282
268
316
364
411
353
363
368
321
331
296
277
303
350
404
397
405
429
380
332
325
285
291
273
276
276
259
259
259
199
170
190
133
182
233
258
258
254
262
300
301
363
356
362
425
473
480
471
481
447
446
396
451
291
353
295
341
344
331
308
310
254
318
322
260
251
228
228
274
325
327
331
330
334
333
333
342
295
301
294
300
303
296
251
238
228
208
214
233
104
162
215
150
162
166
171
177
178
181
172
177
165
165
214
206
251
243
249
318
306
306
362
415
426
477
433
417
420
410
416
427
437
434
503
564
575
575
535
595
550
598
655
588
595
599
584
508
561
515
453
453
502
546
574
573
589
603
537
477
466
459
464
441
408
357
411
295
306
297
312
307
312
292
300
313
299
310
258
317
265
329
285
356
354
345
332
366
367
431
435
486
487
482
488
487
535
527
540
514
519
563
613
679
683
692
691
682
634
632
626
576
578
516
567
565
626
639
682
687
630
640
588
634
635
682
693
644
720
730
822
830
834
792
743
679
687
675
738
786
787
781
826
816
826
815
752
810
805
745
716
652
704
575
628
633
652
657
584
545
543
531
532
457
456
377
373
354
364
339
356
362
368
333
279
288
325
324
291
336
381
396
395
444
394
386
395
391
388
394
390
455
515
575
571
582
579
654
663
661
683
681
678
731
792
832
832
842
915
907
865
871
916
872
922
818
867
873
758
778
795
767
737
742
765
811
813
815
846
856
794
774
676
742
720
782
785
751
761
818
835
857
904
961
901
847
862
844
851
857
797
781
795
785
736
743
736
738
739
786
858
857
863
866
849
851
880
829
785
789
797
781
759
766
772
781
789
663
735
763
602
626
675
544
553
582
486
435
393
383
391
325
340
346
394
318
326
355
408
425
428
430
441
442
460
413
389
347
393
395
387
394
394
388
393
366
381
395
356
356
356
403
452
519
520
523
522
581
632
634
680
680
681
691
685
692
733
733
803
808
855
860
907
977
991
952
900
884
886
888
877
886
866
871
863
869
820
865
827
897
885
898
902
954
1020
1088
1093
1167
1177
1188
1087
1143
1089
1028
1071
1080
1121
1063
1015
1072
1075
1030
1076
1126
1131
1184
1191
1147
1149
1085
1093
1101
1051
1055
1007
938
929
936
933
986
995
986
995
1056
1045
1050
1112
1161
1210
1209
1199
1211
1131
1196
1183
1188
1161
1143
1078
1012
1024
1003
968
938
945
964
889
941
948
954
888
845
840
838
846
786
783
680
738
791
690
687
638
644
643
660
654
638
645
622
628
634
649
629
674
679
626
623
711
714
705
645
713
730
675
635
634
586
587
650
698
698
635
697
689
680
686
692
643
655
670
691
652
707
768
767
818
867
935
913
911
911
968
977
975
974
1027
1026
1035
1036
1022
1033
1013
1033
1000
1027
1047
1096
1161
1220
1228
1317
1323
1345
1299
1302
1312
1309
1355
1307
1302
1365
1372
1303
1282
1299
1264
1271
1276
1285
1275
1215
1166
1213
1210
1180
1155
1223
1271
1318
1331
1387
1432
1497
1543
1554
1502
1442
1445
1435
1349
1404
1311
1318
1380
1385
1328
1330
1334
1384
1430
1376
1376
1379
1391
1444
1501
1570
1573
1636
1645
1603
1580
1558
1496
1437
1439
1408
1358
1365
1343
1337
1348
1330
1375
1330
1300
1298
1354
1294
1332
1333
1393
1394
1398
1402
1451
1497
1487
1495
1441
1493
1489
1487
1485
1469
1420
1318
1373
1322
1297
1223
1274
1163
1118
1114
1105
1115
1107
1112
1107
1113
1111
1164
1156
1098
1110
1110
1041
1097
1113
998
1003
1052
1008
1015
941
1000
883
891
821
833
765
751
758
723
733
749
754
762
766
735
745
748
810
858
861
923
877
883
874
917
855
864
824
814
867
807
854
867
875
778
829
832
893
893
897
900
860
914
961
959
956
962
934
940
945
955
970
936
943
951
971
1036
1085
1078
1083
1131
1135
1081
1147
1142
1150
1131
1136
1135
1193
1238
1241
1240
1245
1217
1223
1240
1278
1273
1281
1250
1257
1276
1255
1316
1371
1446
1450
1500
1504
1551
1597
1598
1632
1640
1619
1574
1581
1520
1523
1523
1569
1535
1531
1577
1574
1580
1446
1468
1522
1529
1588
1323
1390
1414
1449
1452
1457
1338
1346
1338
1346
1287
1261
1251
1311
1318
1364
1370
1375
1429
1489
1494
1551
1555
1601
1573
1511
1463
1522
1526
1538
1484
1492
1491
1426
1473
1470
1546
1559
1562
1538
1523
1477
1482
1536
1548
1549
1613
1685
1633
1671
1730
1780
1831
1901
1908
1915
1891
1835
1765
1768
1746
1726
1732
1638
1690
1629
1692
1630
1591
1601
1572
1579
1596
1583
1586
1536
1545
1492
1543
1537
1542
1610
1611
1665
1665
1667
1664
1669
1668
1670
1673
1737
1745
1754
1744
1755
1805
1794
1808
1734
1800
1743
1696
1712
1719
1720
1674
1625
1646
1588
1596
1589
1546
1556
1563
1477
1492
1559
1463
1481
1487
1422
1431
1476
1483
1465
1391
1375
1383
1365
1372
1357
1371
1304
1312
1311
1331
1271
1200
1199
1174
1052
1111
1163
989
1018
888
895
940
955
876
891
900
902
902
887
893
899
843
849
864
845
893
944
989
1070
1074
1065
1072
1121
1122
1122
1124
1082
1086
1021
1024
1023
974
976
985
987
1037
1086
1103
1123
1063
1055
1042
1109
1109
1101
1065
1113
1117
1115
1118
1106
1069
1086
1112
998
1009
1028
1033
1066
1082
1086
1049
1057
1058
1125
1125
1128
1192
1200
1261
1255
1255
1301
1314
1332
1280
1288
1339
1328
1374
1420
1481
1495
1450
1477
1500
1506
1453
1459
1491
1486
1494
1479
1485
1493
1499
1522
1570
1633
1634
1708
1758
1763
1766
1792
1796
1798
1802
1863
1862
1911
1915
1965
1862
1919
1826
1825
1755
1763
1838
1827
1777
1777
1780
1789
1778
1794
1777
1783
1789
1784
1789
1793
1783
1791
1741
1671
1694
1644
1652
1697
1762
1767
1706
1688
1700
1644
1700
1656
1661
1669
1729
1808
1888
1892
1938
1953
2004
2071
2081
2153
2209
2184
2165
2168
2170
2110
2158
2172
2151
2156
2162
2105
2111
2159
2097
2116
2097
2146
2146
2100
2169
2211
2166
2121
2060
2056
2119
2180
2237
2242
2309
2355
2356
2323
2326
2380
2383
2446
2450
2454
2365
2418
2322
2316
2365
2293
2243
2249
2243
2205
2202
2209
2219
2230
2171
2185
2135
2184
2142
2140
2140
2137
2143
2110
2126
2151
2049
2117
2117
2129
2138
2126
2190
2196
2194
2260
2251
2252
2298
2292
2355
2358
2347
2352
2411
2411
2471
2536
2485
2422
2422
2411
2424
2478
2489
2528
2519
2534
2536
2529
2469
2395
2353
2321
2327
2264
2266
2219
2201
2169
2181
2119
2066
2075
2100
2090
2098
2099
2044
2098
1968
1962
1994
2043
1970
1971
1938
1929
1989
2034
1986
1988
1976
1917
1876
1883
1874
1880
1887
1804
1873
1746
1689
1708
1699
1583
1635
1583
1588
1590
1557
1546
1553
1490
1499
1507
1507
1512
1428
1443
1447
1455
1507
1514
1490
1486
1491
1489
1445
1452
1471
1489
1457
1401
1460
1400
1405
1402
1401
1452
1511
1512
1582
1571
1539
1509
1513
1484
1502
1546
1483
1497
1547
1502
1489
1547
1514
1566
1581
1520
1517
1522
1587
1587
1573
1576
1516
1453
1451
1459
1492
1494
1540
1519
1490
1498
1485
1552
1536
1534
1597
1598
1595
1594
1581
1597
1570
1572
1593
1563
1570
1577
1551
1560
1595
1597
1566
1660
1649
1646
1646
1695
1766
1814
1861
1930
1935
1930
1926
1932
1874
1879
1881
1838
1844
1859
1914
1907
1951
1949
1997
2002
2004
2004
2072
2070
2064
2072
2050
2057
2064
2056
2102
2082
2090
2110
2048
2055
2075
2094
2100
2064
2121
2125
2174
2175
2222
2273
2289
2226
2228
2275
2275
2319
2396
2463
2529
2505
2511
2508
2514
2561
2573
2602
1964
2579
2031
1972
1984
1990
2551
2482
1669
2617
2017
2033
2499
2507
1705
2462
2603
2456
2437
2469
2393
2392
2392
2554
2321
2324
2255
2356
2137
2602
2149
2282
2087
2351
2030
1998
2060
2058
1988
2646
2650
2327
2091
2142
1961
2356
1883
1920
1894
1905
2022
2054
1979
2000
1964
1999
1928
1948
1936
1796
2018
2039
1878
2071
1707
1763
1825
1668
1912
2027
1674
1645
1622
1960
2124
1970
1647
1629
1610
1643
1564
1646
1692
1529
1479
1552
1713
1708
1431
1439
1530
1763
1530
1449
1655
1610
1406
1464
1436
1559
1422
1496
1484
1511
1425
1382
1477
1461
1347
1302
1570
1260
1348
1523
1220
1442
1392
1541
1290
1297
1194
1205
1317
1013
1015
1039
1601
1600
1600
962
981
1321
947
926
926
909
898
896
957
1091
923
924
1107
914
1102
924
984
930
906
929
985
919
911
911
916
935
934
1006
1016
944
938
1001
993
953
952
954
1046
956
946
1025
1039
959
1037
976
975
988
986
995
958
985
1032
1100
989
944
918
931
1003
918
926
869
907
928
1086
1100
871
1030
895
866
865
947
868
1038
826
834
863
903
887
894
840
894
980
931
852
853
834
876
837
836
833
856
818
830
814
921
802
810
918
896
911
816
814
823
817
830
825
854
819
829
873
889
777
794
779
843
791
782
758
786
780
770
915
814
904
877
816
760
779
768
813
770
814
777
774
795
769
855
774
793
825
828
805
791
804
827
822
834
830
909
886
847
835
893
828
895
849
930
835
908
874
870
948
887
904
989
956
889
917
896
891
923
995
889
871
852
854
847
898
1018
948
854
852
988
877
955
861
864
860
941
872
852
874
864
876
843
855
865
871
970
853
949
866
867
881
854
866
877
891
972
909
853
853
1002
873
938
847
860
868
876
845
860
899
942
853
861
936
954
933
952
864
950
863
852
857
858
866
870
896
940
870
883
958
897
883
891
995
899
936
892
922
956
902
911
923
928
962
930
922
1059
921
1062
921
987
1092
945
1020
1004
943
917
911
912
954
989
911
920
894
918
937
1010
887
988
905
1055
982
864
930
931
840
868
856
1049
850
850
950
856
852
899
851
843
773
814
753
771
794
987
776
948
766
860
763
771
732
741
751
821
936
950
779
774
747
738
800
957
739
752
712
725
737
810
714
721
755
749
722
714
722
798
731
800
744
752
733
727
802
746
746
794
730
753
811
804
733
741
722
765
749
780
747
800
844
801
796
802
817
799
797
781
812
786
802
788
806
829
859
825
874
854
850
805
818
847
825
796
780
853
779
828
852
798
790
918
806
821
766
868
822
784
788
803
887
821
802
860
799
918
829
815
839
840
861
811
815
857
818
834
822
884
821
888
819
832
855
857
877
830
829
893
828
872
853
874
852
892
843
845
863
870
817
829
842
857
853
903
830
850
954
959
938
855
855
856
846
852
881
864
869
929
851
864
855
881
874
868
856
861
875
919
868
889
880
867
847
884
967
870
907
899
887
859
865
948
871
867
875
899
859
999
910
878
926
894
868
899
859
872
829
853
815
823
830
864
961
937
787
803
809
925
821
828
946
839
849
981
770
812
791
770
780
835
753
819
778
790
862
765
792
809
819
773
767
787
767
766
748
749
761
729
741
748
856
844
717
698
706
716
824
742
749
763
840
964
674
683
691
705
719
743
729
739
768
754
753
786
817
798
947
922
818
845
879
669
684
699
692
699
749
712
840
739
761
755
792
704
698
696
730
703
730
712
714
756
728
791
730
786
736
725
781
731
736
758
742
772
753
758
807
759
773
773
780
778
783
782
774
819
830
785
790
803
782
767
767
769
768
767
767
801
769
820
773
788
776
883
797
791
787
794
786
793
780
911
853
784
853
811
821
864
855
834
847
830
851
829
836
843
843
890
886
865
863
869
853
882
941
920
904
897
925
907
955
928
951
918
925
948
956
922
923
924
924
927
1004
928
930
914
998
972
930
930
930
970
1008
1020
989
983
1018
981
922
1006
956
959
909
882
884
931
908
913
972
964
976
935
907
1074
972
1087
913
1100
921
968
818
845
853
859
874
922
1001
1018
1037
958
384
1064
798
847
891
904
860
868
877
945
800
798
812
831
1049
944
859
914
821
1016
1173
1056
1054
934
1123
1105
973
809
816
1139
860
892
794
1083
893
1200
839
1124
1067
904
869
894
828
1229
855
821
996
764
778
1054
1321
773
806
871
1006
928
886
873
804
812
812
934
1047
1170
838
691
666
729
758
986
709
874
894
760
915
961
1093
804
801
756
847
741
757
739
942
732
738
762
716
843
1138
701
812
1186
1234
664
701
1256
729
721
727
747
867
884
718
691
710
727
714
875
704
1271
1024
719
713
719
742
1368
826
730
1187
802
739
799
717
1149
742
726
1036
761
813
782
727
830
721
807
819
725
744
977
919
783
821
787
820
879
890
743
773
769
772
772
788
969
983
796
773
925
986
755
912
786
904
946
943
830
874
865
801
813
836
809
808
865
785
805
818
869
794
1001
1025
982
986
1040
801
814
952
819
834
867
864
969
870
815
931
828
835
755
781
781
802
803
1076
960
761
750
862
733
749
1024
747
762
796
704
720
728
745
759
722
721
1063
963
714
712
694
708
789
1000
748
754
737
807
755
740
1022
1043
1040
663
736
685
682
701
709
788
904
818
1038
867
838
916
672
724
613
621
655
709
688
802
810
719
769
750
776
808
1073
756
1117
922
810
782
539
546
557
571
585
697
791
775
812
644
755
720
668
692
740
825
715
715
947
751
770
915
881
814
716
559
574
562
580
651
656
618
609
637
798
709
738
653
747
846
901
699
814
672
544
553
561
573
596
625
631
837
647
625
660
723
581
594
582
581
599
618
732
874
671
691
598
604
656
756
753
622
740
662
762
659
640
658
740
733
663
670
705
698
699
798
730
751
668
677
798
686
663
789
810
682
680
703
685
683
842
675
676
660
702
708
658
859
774
671
724
724
792
859
684
666
699
690
685
674
712
711
712
692
851
910
780
861
893
724
712
763
722
763
715
707
685
674
672
698
729
714
724
664
664
731
803
667
701
692
691
723
645
667
778
725
694
692
645
766
656
662
781
745
714
709
658
668
663
664
674
682
754
670
788
747
871
751
732
668
747
687
674
687
677
784
828
767
710
684
679
685
723
724
852
841
697
703
766
729
718
740
770
720
768
834
739
723
693
746
855
806
699
768
887
893
761
727
702
710
707
660
696
691
663
837
754
630
692
643
670
706
755
635
603
651
737
731
654
666
738
655
743
734
693
722
674
757
777
703
757
728
873
837
870
716
819
961
711
717
730
806
721
722
890
732
755
746
813
824
749
769
916
925
784
814
772
791
811
820
815
794
816
811
802
790
894
798
905
851
869
830
812
863
829
817
880
880
830
866
911
830
892
837
838
943
842
841
849
843
846
834
846
866
975
919
938
842
962
864
957
812
845
856
967
873
956
975
997
824
914
989
828
818
865
823
806
820
842
807
852
784
952
819
960
837
791
810
860
793
796
825
810
817
800
864
974
931
871
820
819
816
814
822
870
815
1010
823
805
884
913
823
807
797
780
794
895
774
911
797
812
750
759
786
801
728
749
943
1029
762
898
764
711
754
826
847
741
720
690
744
757
732
718
715
710
709
716
694
705
912
738
717
744
776
714
846
746
722
753
724
740
792
768
773
746
921
916
752
799
773
724
932
770
744
947
760
771
710
732
740
786
752
725
697
748
793
690
837
709
730
686
735
699
698
698
694
712
711
700
712
714
715
718
801
711
792
728
715
726
765
823
729
729
766
720
825
840
728
719
757
722
720
755
715
725
810
805
722
721
787
806
813
734
802
736
728
739
753
737
855
725
798
720
829
720
733
729
787
824
849
736
724
714
721
755
729
731
805
807
716
713
713
722
733
822
751
724
776
714
721
813
729
825
733
755
861
870
763
755
733
761
748
761
740
773
753
854
770
734
892
754
762
731
876
720
718
736
711
876
782
668
720
682
704
679
742
683
690
683
692
850
835
754
699
717
703
717
790
707
723
729
852
887
737
727
735
759
783
720
742
808
779
772
764
799
781
725
733
758
755
753
733
732
732
733
734
819
740
741
827
905
799
755
753
781
903
787
883
773
766
763
781
801
756
879
767
842
808
765
762
771
807
828
872
766
813
786
878
764
859
986
790
833
858
828
788
832
845
834
817
818
810
820
829
813
791
806
811
796
809
926
817
818
908
884
921
819
833
846
854
993
829
964
820
838
817
834
839
898
982
993
917
930
902
849
892
894
879
963
882
923
900
927
896
966
954
874
945
896
916
957
940
946
1003
1046
1027
948
921
1058
902
918
905
911
911
907
1028
908
1047
929
930
1059
980
1037
920
928
950
950
917
914
1037
1064
927
887
897
882
888
912
928
1037
1097
968
894
932
882
931
1001
882
891
915
976
7751
6673
5019
1073
4635
5033
4777
1001
11236
7530
4757
6229
4682
6042
11199
1039
2892
6273
1179
1087
1058
1114
1136
1222
4092
1023
1111
1099
1116
1066
986
6345
5899
6350
1037
1128
6859
1104
1090
5287
3853
6922
6933
3448
5323
1071
1085
1052
1115
1043
1082
1062
1354
8353
7022
1045
1063
1037
1223
1047
1167
6398
6523
1190
1187
1089
1047
1131
6508
6818
1032
1032
2208
1282
1081
1077
1075
1025
1103
1131
1160
1001
1021
1033
1091
1351
1116
1247
1009
1015
1057
1133
1006
1234
1275
942
952
978
990
1000
1150
1038
943
1056
1368
1367
1425
1163
1119
1022
934
947
959
1296
982
1090
1163
938
946
1107
1166
878
905
920
1222
1295
1221
1077
1284
907
1364
1272
1054
1030
1268
1005
902
927
1377
1356
1042
1044
1041
1031
925
919
1171
1054
1191
1167
911
964
1177
1005
933
894
921
952
1018
1102
896
946
984
1163
910
939
1026
1002
1137
865
1248
1284
923
935
977
917
933
934
926
926
1158
1100
929
890
991
1344
900
853
866
879
994
909
1295
1097
966
1254
939
880
1101
924
1197
961
896
1325
918
1009
925
1358
1064
933
1036
1047
1048
944
1068
1275
1004
917
1082
1038
1013
1302
1058
929
936
945
1351
972
968
966
1053
868
866
1015
931
918
935
980
976
1030
985
1001
1071
1016
1059
965
1005
974
1604
977
953
982
932
939
952
939
852
833
889
950
870
879
908
919
902
934
918
1193
1113
1182
987
994
960
898
855
863
883
895
918
1106
844
821
829
827
847
862
951
900
1147
1195
1091
1149
1212
1286
909
918
916
817
830
830
843
858
867
884
1054
895
909
940
803
815
828
852
853
867
1149
996
917
896
933
762
783
822
893
1244
1251
1096
905
874
1134
1206
1300
1158
807
863
1104
937
1267
817
879
1066
775
829
1007
797
842
1173
1262
734
1050
1219
1108
1315
1106
780
736
835
725
742
949
885
769
946
1039
778
780
780
1099
1038
788
765
993
1020
1046
993
1032
1016
802
1175
1120
761
769
1048
1044
807
783
811
865
915
809
795
975
813
1062
953
1056
1126
1074
1102
1023
858
780
846
890
1000
870
1065
835
1144
1080
1086
898
892
974
992
995
950
947
961
1007
888
1035
974
874
916
992
1019
906
940
956
944
925
972
1198
991
949
987
1049
1043
948
1029
939
994
925
924
924
940
1000
995
987
1091
1080
1047
1105
1090
1015
1412
1024
1155
1140
1143
1040
1035
1102
1089
1055
1078
1151
1110
1056
1488
1135
1070
1096
1145
1142
1180
1603
1097
1124
1598
1474
1630
1187
1104
1147
1512
1551
1148
1121
1130
1139
1113
1134
1533
1121
1553
1244
1234
1200
1154
1137
1187
1195
1228
1141
1156
1780
1143
1733
1151
1283
1531
1518
1219
1294
1802
1177
1170
1183
1164
1211
1167
1114
1166
1320
1137
1761
1246
1325
1126
1153
1651
1851
1355
1191
1172
1233
1545
1306
1210
1295
1339
1244
1769
1170
1196
1221
1197
1219
1193
1218
1192
1189
1171
1216
1206
1618
1862
1732
1217
1207
1219
1235
1199
1657
1216
1793
1658
1229
1228
1271
1133
1236
1291
1236
1067
1080
1060
1072
1082
1071
1105
1115
1090
1161
1087
2003
1249
1092
1192
1360
1241
1130
1074
1780
1232
1212
1112
1951
1546
1349
1318
1107
1111
1296
1727
1067
1085
1060
1072
1635
1088
1945
1113
1133
1087
1833
1138
1130
1204
1669
1229
1271
1243
1070
1622
1604
1013
1023
1613
1795
1055
1066
1060
1105
1087
1086
1319
1370
1020
1051
1064
1270
1074
1091
1064
1132
1022
1057
1258
1320
961
971
1001
1045
1044
1092
1027
947
977
940
1039
1125
1151
1270
983
952
1038
1372
1314
1368
1009
989
1226
978
958
951
963
1163
1342
1111
1031
951
1043
980
977
920
942
953
969
914
935
1115
898
898
1010
1020
1248
963
994
874
928
898
918
1012
1204
1031
888
898
891
908
915
931
1008
954
1186
960
995
897
895
901
1199
831
831
963
868
911
921
941
919
967
1212
1006
822
835
843
942
853
890
912
927
879
886
892
902
914
936
995
1006
1177
1192
760
834
787
797
816
825
940
837
850
870
879
902
912
1143
974
973
1030
824
934
835
831
812
869
1114
859
917
840
1017
1025
790
845
835
857
854
850
818
832
851
825
825
1064
950
915
866
895
864
834
1062
851
1054
844
879
828
852
828
1170
1075
1157
903
836
855
849
1202
815
874
867
832
806
1060
824
823
861
826
880
962
877
904
906
1082
1097
848
897
851
819
1045
827
843
851
859
1032
1024
879
898
809
931
885
997
831
841
848
886
878
886
834
941
856
912
1109
921
1046
882
834
842
863
832
911
881
904
1082
879
825
941
989
820
988
833
913
828
913
973
984
863
1003
944
889
896
977
933
1102
890
871
870
1026
846
891
902
882
1114
1104
933
898
876
894
916
877
884
876
895
955
917
894
860
875
902
884
908
882
878
927
853
852
871
863
935
908
994
940
1068
920
920
916
1050
976
958
938
898
998
881
889
907
883
892
977
883
877
886
877
889
954
875
872
892
912
1028
1007
1042
925
925
920
1071
1088
1028
923
1022
1131
1131
939
1031
1138
1020
954
955
963
964
919
920
906
979
989
1082
946
943
967
986
1063
986
994
946
1019
1170
1078
978
987
962
1008
1007
1002
937
1014
969
965
994
1008
1008
1020
1170
1182
1202
968
1029
1032
965
1019
1022
1082
1014
1058
1002
1033
1019
1019
1092
1014
1053
1158
1039
1127
1032
1024
1035
1048
1260
1257
1253
1042
1081
1160
1176
1079
1160
1153
1178
1097
1074
1072
1125
1278
1126
1287
1108
1265
1321
1189
1152
1159
1137
1171
1158
1202
1283
1294
1200
1308
1221
1302
1298
1324
1394
1268
1233
1375
1285
1415
1161
1196
1223
1293
1212
1257
1254
1243
1207
1170
1222
1241
1161
1256
1162
1166
1198
1233
1304
1182
1281
1184
1233
1203
1309
1335
1296
1246
1335
1441
1269
1296
1322
1229
1241
1353
1233
1418
1264
1227
1450
1254
1273
1404
1276
1397
1235
1333
1435
1445
1347
1395
1270
1220
1228
1311
1352
1359
1201
1222
1232
1295
1165
1169
1152
1179
1379
1308
1366
1357
1194
1393
1180
1195
1298
1179
1187
1200
1186
1422
1413
1391
1232
1169
1295
1146
1157
1170
1342
1345
1417
1250
1233
1182
1178
1161
1340
1149
1280
1229
1269
1285
1205
1262
1226
1167
1171
1302
1205
1230
1146
1363
1140
1267
1376
1142
1180
1321
1150
1121
1165
1138
1288
1285
1142
1288
1249
1140
1147
1158
1129
1340
1161
1169
1226
1118
1118
1142
1232
1117
1124
1135
1287
1154
1160
1066
1189
1087
1152
1246
1225
1000
1044
1248
1163
1166
1185
1203
1186
1361
1040
1048
1067
1060
1068
1076
1438
1120
1056
1065
1092
1103
1430
1112
1120
1154
1423
1109
1115
1074
1120
1109
1095
1114
1126
1139
1076
1232
1231
1243
1105
1165
1121
1142
1204
1062
1150
1266
1094
1070
1079
1112
1044
1059
1070
1209
1188
1061
1246
1063
1158
1058
1071
1081
1202
1218
1132
1213
1076
1084
1056
1057
1068
1081
1081
1096
1161
1077
1196
1069
1078
1129
1153
1096
1104
1062
1070
1082
1089
1097
1123
1053
1064
1086
1167
1133
1141
1241
1231
1063
1121
1077
1088
1097
1063
1074
1092
1104
1059
1107
1077
1069
1084
1096
1202
1088
1078
1086
1196
1074
1213
1074
1159
1067
1098
1088
1075
1080
1138
1094
1093
1153
1238
1237
1102
1087
1115
1209
1082
1093
1232
1122
1197
1085
1196
1114
1215
1269
1126
1191
1108
1126
1109
1119
1101
1211
1067
1074
1091
1116
1078
1140
1203
1078
1077
1058
1057
1215
1218
1170
1075
1094
1081
1242
1120
1186
1075
1112
1292
1100
1129
1223
1131
1202
1097
1098
1258
1057
1146
1052
1041
1066
1057
1067
1084
1023
1228
1219
1201
1061
1072
1197
1049
1065
1220
1099
1040
1087
1022
1066
1093
1039
1031
1056
1173
1077
1121
1050
1108
1224
1111
1253
1138
1228
1206
1244
1175
1243
1190
1191
1258
1227
1253
1219
1292
1242
1359
1362
1337
1285
1302
1272
1269
1280
1278
1372
1305
1296
1314
1286
1290
1303
1314
1328
1398
1426
1303
1302
1308
1346
1335
1452
1315
1469
1407
1446
1334
1375
1369
1414
1362
1413
1381
1360
1371
1372
1388
1433
1406
1400
1408
1446
1525
1464
1537
1429
1563
1451
1458
1535
1425
1438
1419
1430
1420
1568
1557
1428
1442
1427
1438
1517
1429
1464
1447
1486
1369
1375
1390
1540
1531
1425
1424
1458
1525
1469
1392
1399
1379
1393
1558
1619
1362
1386
1383
1637
1402
1631
1364
1358
1367
1385
1412
1567
1405
1417
1486
1456
1379
1388
1399
1415
1377
1501
1384
1456
1590
1387
1405
1429
1605
1405
1417
1389
1392
1363
1384
1396
1383
1629
1474
1369
1411
1348
1357
1370
1503
1391
1367
1557
1561
1472
1385
1424
1594
1585
1393
1438
1358
1368
1363
1471
1418
1385
1408
1385
1376
1449
1372
1395
1415
1464
1432
1398
1426
1368
1510
1355
1432
1385
1347
1386
1321
1442
1318
1456
1562
1287
1466
1488
1573
1319
1258
1597
1430
1407
1239
1246
1513
1257
1413
1268
1155
1228
1277
1230
1242
1216
1226
1187
1389
1195
1360
1196
1157
1144
1203
1150
1209
1461
1169
1185
1232
1165
1220
1174
1212
1211
1220
1125
1180
1126
1144
1121
1133
1115
1108
1304
1163
1211
1116
1160
1118
1115
1091
1083
1130
1146
1072
1060
1106
1323
1068
1070
1061
1073
1071
1057
1063
1055
1063
1057
1051
1092
1055
1049
1170
1046
1067
1088
1042
1052
1033
1042
1074
1104
1042
1065
1046
1046
1052
1051
1051
1059
1054
1050
1059
1072
1058
1048
1108
1065
1055
1052
1037
1057
1136
1052
1030
1036
1048
1046
1065
1079
1044
1032
1039
1046
1041
1098
1044
1026
1026
1038
1021
1060
1007
1070
1105
1087
1025
1039
1010
1024
1008
1013
1028
1081
1018
1015
1028
1044
1034
1048
1033
1032
1036
1127
1121
1040
1048
1058
1081
1054
1041
1060
1043
1044
1044
1042
1126
1034
1088
1084
1065
1061
1070
1026
1068
1038
1041
1036
1042
1087
1050
1057
1083
1040
1117
1044
1025
1040
1074
1138
1020
1029
1039
1047
1025
1022
1124
9441
1824
9453
8022
8606
1081
7776
9474
7885
8038
11054
1089
1181
1163
8067
3560
2404
5287
1935
7433
7665
5299
7969
9212
9105
8139
2302
9594
1159
1169
1164
1182
8166
8599
7809
2142
2088
5388
8888
1120
1104
1159
1161
1177
1183
1217
1236
1264
1237
10884
1163
1197
1159
5486
5618
1219
1094
1100
1122
1138
1192
2182
10765
1119
1136
1265
9095
2306
1122
1232
1213
1224
1081
1106
1125
1148
5700
1088
1099
1099
1093
1112
1150
1061
1084
1101
1447
1220
1447
1460
1372
1090
1088
1469
1158
1448
1382
1100
1098
1379
1480
1167
1451
1101
1143
1276
1380
1159
1208
1118
1200
1287
1392
1277
1283
1240
1280
1142
1152
1159
1447
1149
1291
1184
1292
1218
1487
1190
1169
1284
1298
1268
1143
1152
1171
1211
1416
1142
1156
1373
1446
1162
1225
1249
1224
1223
1314
1143
1177
1163
1180
1191
1265
1304
1228
1407
1347
1417
1134
1140
1351
1325
1379
1086
1095
1128
1335
1121
1193
1170
1090
1108
1245
1207
1142
1226
1147
1107
1101
1111
1348
1140
1100
1395
1491
1476
1086
1072
1189
1140
1046
1077
1062
1063
1138
1149
1025
1040
1119
1071
1053
1112
1021
1205
1007
1005
1016
1034
1053
1286
1081
1218
1103
1010
1347
1027
1038
1069
1063
1446
1069
1068
1068
1088
1562
1005
993
1002
1011
1433
1083
1030
1037
1044
1052
1059
1070
1070
1083
1203
1244
1016
1029
1037
1056
1598
1323
1474
1626
1073
1034
1553
1591
1021
1028
1006
1016
1028
1320
1301
1480
1066
1431
1451
1342
1095
1090
1110
1133
976
1143
1022
998
1017
1005
1044
1398
1051
1092
986
1094
1026
1013
1025
1402
1473
1018
972
1413
997
1008
1021
952
951
1044
1038
1026
977
1230
1243
1016
1214
984
1224
1182
1028
1004
1023
1230
1302
1095
986
1238
1031
1025
1202
1018
936
983
962
1409
1248
1241
1212
1308
974
980
1087
1056
985
1229
1203
1180
1301
1045
1063
1200
1211
1175
1293
1057
1424
1013
1023
1022
1197
1023
997
1184
1000
1099
1180
1089
1005
1001
995
1010
978
1049
978
967
979
1027
1464
1042
1054
1159
996
1024
1115
1044
984
993
1526
1140
1006
1136
999
1007
1442
1267
1006
1214
1239
1013
1058
1082
1193
1216
1026
1160
1169
1062
1028
1183
1168
1167
1166
1075
1242
1572
1208
1096
1053
1074
1070
1428
1182
1106
1142
1074
1207
1079
1139
1209
1243
1153
1280
1247
1256
1181
1272
1354
1326
1267
1264
1122
1172
1209
1135
1127
1140
1357
1354
1143
1384
1158
1328
1110
1117
1161
1275
1276
1156
1301
1264
1330
1162
1147
1418
1337
1160
1352
1363
1359
1296
1346
1297
1291
1330
1309
1207
1231
1459
1222
1346
1485
1323
1288
1402
1335
1485
1236
1238
1356
1382
1379
1254
1543
1257
1264
1304
1373
1413
1279
1467
1342
1418
1324
1524
1345
1430
1390
1326
1311
1453
1467
1468
1416
1444
1370
1369
1454
1420
1421
1348
1344
1437
1254
1298
1284
1260
1397
1372
1262
1272
1464
1405
1407
1309
1343
1309
1286
1296
1304
1314
1331
1538
1464
1317
1308
1540
1516
1625
1595
1310
1310
1317
1488
1543
1326
1351
1318
1331
1327
1369
1311
1359
1662
1346
1370
1495
1351
1600
1339
1390
1430
1367
1373
1363
1403
1356
1338
1424
1457
1386
1744
1395
1369
1383
1703
1535
1357
1375
1347
1393
1369
1362
1343
1360
1495
1351
1375
1373
1800
1351
1376
1409
1374
1380
1472
1413
1347
1361
1395
1480
1388
1942
1346
1403
1352
1497
1383
1422
1490
1339
1352
1375
1310
1794
1330
1345
1342
1347
1360
1427
1364
1326
1347
1956
1343
1309
1295
1323
1327
1319
1328
2077
1322
1356
1454
1381
1523
1308
1503
1320
1329
1293
1304
1315
1327
1444
1479
1338
1482
1289
1334
1263
1301
1269
1299
2236
2255
1280
1288
1340
1377
1230
1241
1260
1341
1306
1241
1419
1258
1367
1222
1476
1430
1256
1354
1394
1247
1310
1295
1274
2155
1301
1269
1305
1333
2233
1294
2362
2335
1257
1257
1296
1250
2219
2228
1274
1259
1274
1328
1271
1789
2114
1310
1343
1321
1380
2231
2267
1264
1276
1373
2124
2133
1321
1394
2207
2210
1320
1253
1281
1708
1456
2173
2053
1265
1278
1292
1302
2066
2014
2385
1332
1311
1330
1347
1354
1400
1371
1105
1145
1379
1278
1174
1182
1322
1548
1298
1209
1228
1236
1245
1380
1327
1320
1338
1351
1778
1374
1398
1386
1402
1625
1420
1053
1054
1092
1088
1211
1190
1224
1118
1130
1129
1143
1411
1244
1610
1182
1193
1203
1225
1248
1263
1343
1276
1293
1302
1313
1596
1408
1376
1353
1263
1113
1122
1483
1075
1175
1096
1197
1454
1177
1161
1207
1226
1577
1468
1234
1435
1305
1238
1261
1320
1252
1048
1201
1136
1112
1204
1398
1083
1090
1601
1330
1162
1112
1124
1199
1270
1145
1143
1532
1184
1022
1029
1082
1122
1290
1102
1094
1135
1183
1144
1173
1187
1208
1186
1197
1305
1377
1214
1405
1062
1037
1045
1056
1363
1068
1077
1088
1248
1160
1487
1448
1209
1121
1253
1152
1085
1077
1079
1110
1116
1381
1114
1231
1256
1116
1195
1141
1108
1282
1041
1134
1106
1118
1048
1035
1076
1155
1061
1067
1255
1056
1138
1139
1058
1050
1392
999
1026
1025
1042
1042
1156
1063
1118
1109
1182
1075
1159
1036
1049
1215
1052
999
999
991
1030
1049
1059
1067
1098
1229
1107
1116
979
987
1509
1027
1268
1050
1520
1307
1030
1075
1123
1044
1083
948
986
1019
1026
1010
971
997
1041
1039
1491
1614
1088
1095
1074
1028
1035
1019
1085
1063
1062
1156
973
915
1110
1016
999
1520
1020
1146
1039
997
1043
1046
1034
1070
1557
940
1003
964
966
1119
1127
1465
1036
1475
1007
1022
1085
1090
1172
1070
1124
977
987
979
1005
1018
1311
1094
1015
1131
1030
1003
1040
1059
1160
1133
1166
1038
999
1030
1037
1004
941
1136
1040
1040
1038
1179
1173
959
971
978
1234
1038
1172
1180
1075
1030
1051
1086
1153
1127
1193
949
1148
1115
994
1033
1008
1045
997
1043
1049
1006
1004
1019
1007
1132
1166
1111
1039
1130
1191
1110
1187
1078
1189
1017
971
1002
1141
1147
1132
1175
1068
1224
1088
1042
1124
1029
1029
1115
1051
1074
1134
1076
968
995
1030
1015
992
1053
1037
1043
1072
1015
1023
1146
1075
1112
1119
1213
1048
1231
1198
1168
1276
1192
1050
1104
1088
1089
1086
1086
1127
1179
1089
1271
1292
1130
1129
1124
1118
1074
1094
1125
1094
1116
1129
1282
1287
1226
1126
1181
1195
1262
1119
1197
1141
1090
1098
1089
1128
1224
1104
1159
1142
1169
1156
1145
1131
1110
1147
1138
1211
1208
1264
1147
1154
1162
1294
1116
1132
1321
1188
1171
1238
1316
1333
1297
1166
1106
1139
1131
1132
1303
1165
1182
1237
1221
1151
1171
1229
1162
1255
1221
1125
1165
1290
1170
1266
1149
1253
1184
1135
1130
1130
1174
1190
1187
1270
1174
1203
1178
1147
1145
1188
1173
1189
1129
1167
1125
1150
1119
1155
1293
1267
1172
1240
1200
1268
1169
1169
1154
1124
1135
1148
1216
1135
1131
1184
1211
1293
1130
1203
1288
1114
1113
1126
1165
1176
1123
1141
1217
1105
1235
1249
1201
1239
1240
1218
1198
1165
1191
1322
1175
1171
1197
1276
1222
1210
1219
1220
1307
1313
1308
1239
1294
1268
1266
1266
1256
1219
1219
1355
1192
1204
1226
1232
1295
1205
1185
1204
1339
1254
1190
1289
1217
1267
1221
1219
1194
1209
1216
1213
1233
1288
1200
1196
1246
1221
1396
1366
1300
1223
1202
1221
1205
1265
1208
1205
1248
1191
1221
1299
1198
1281
1276
1291
1217
1195
1188
1217
1189
1199
1310
1197
1290
1289
1313
1167
1242
1205
1183
1269
1225
1150
1156
1167
1175
1190
1220
1348
1169
1176
1144
1132
1148
1160
1134
1137
1152
1153
1264
1225
1179
1154
1184
1175
1156
1310
1151
1248
1157
1275
1303
1251
1234
1220
1205
1204
1228
1208
1250
1246
1228
1229
1190
1229
1184
1188
1256
1256
1183
1193
1203
1236
1199
1250
1262
1286
1242
1196
1245
1299
1235
1209
1220
1218
1299
1299
1227
1232
1289
1283
1233
1247
1282
1244
1282
1250
1326
1252
1251
1309
1260
1321
1341
1340
1323
1320
1302
1399
1352
1316
1326
1370
1399
1370
1407
1392
1423
1374
1389
1370
1422
1422
1380
1390
1397
1405
1449
1450
1432
1419
1450
1421
1505
1467
1466
1465
1533
1446
1446
1456
1497
1465
1550
1503
1504
1505
1518
1512
1364
1401
1379
1373
1421
1458
1433
1476
1606
1616
1640
1739
1663
1677
1466
1377
1387
1408
1610
1593
1456
1465
1590
1481
1490
1497
1507
1508
1594
1570
1551
1539
1624
1589
1585
1409
1410
1474
1413
1427
1438
1535
1532
1462
1470
1465
1498
1544
1499
1509
1560
1449
1555
1458
1479
1477
1462
1497
1555
1591
1465
1490
1478
1494
1475
1577
1518
1476
1507
1493
1476
1460
1572
1439
1566
1439
1561
1446
1454
1451
1443
1434
1427
1435
1443
1566
1487
1547
1571
1531
1466
1462
1469
1579
1564
1466
1479
1520
1472
1472
1550
1504
1481
1473
1559
1478
1481
1514
1536
1494
1483
1509
1458
1458
1454
1463
1501
1572
1443
1460
1466
1444
1584
1588
1553
1447
1461
1473
1544
1433
1518
1420
1483
1435
1457
1401
1416
1423
1431
1494
1494
1515
1452
1459
1345
1355
1363
1372
1382
1381
1405
1395
1396
1407
1415
1430
1441
1466
1476
1314
1299
1297
1326
1333
1360
1359
1409
1404
1399
1637
1430
1456
1321
1334
1550
1345
1338
1342
1320
1459
1330
1304
1367
1325
1332
1292
1343
1316
1458
1306
1189
1459
1201
1224
1232
1378
1242
1248
1259
1301
1335
1177
1184
1161
1199
1257
1389
1566
1244
1519
1127
1160
1159
1394
1217
1180
1289
1239
1092
1111
1329
1164
1124
1136
1160
1167
1173
1285
1218
1117
1326
1195
1169
1287
1127
1352
1131
1179
1013
1181
1026
1019
1012
1016
1016
1033
1026
1023
1233
1031
1094
1026
1035
1044
1052
1102
1276
1089
1044
1276
1101
1071
1071
1303
1066
1169
1087
1083
1092
1047
1126
1147
1071
1071
1098
1119
1088
1136
1122
1208
1105
1101
1108
1134
1228
1207
1118
1206
1120
1216
1122
1250
1118
1166
1166
1146
1131
1263
1141
1163
1163
1185
1152
1160
1233
1211
1194
1162
1167
1184
1207
1225
1147
1345
1254
1174
1205
1186
1141
1156
1165
1180
1177
1245
1157
1166
1174
1189
1220
1179
1174
1173
1167
1271
1200
1181
1190
1348
1175
1201
1374
1213
1348
1348
1364
1196
1210
1229
1191
1208
1216
1287
1275
1253
1214
1233
1328
1227
1377
1364
1231
1302
1269
1261
1254
1255
1264
1319
1389
1319
1351
1266
1354
1269
1260
1274
1276
1267
1326
1251
1316
1259
1287
1340
1371
1339
1408
1386
1329
1272
1451
1430
1322
1374
1299
1403
1359
1515
1360
1537
1501
1393
1519
1457
1478
1440
1426
1425
1415
1546
1538
1590
1492
1537
1414
1488
1514
1529
1572
1576
1553
1542
1464
1478
1478
1511
1593
1507
1506
1582
1512
7230
6240
6353
8926
6491
10993
8102
6506
1572
9687
5322
5795
8321
5964
5607
5491
7725
1736
9630
1620
1613
1583
1546
1559
1629
1573
1796
1710
1613
1615
7793
11141
1778
5639
1634
5273
11447
9153
7178
5480
6331
1660
1844
1672
6610
11434
1855
11094
1733
1830
5547
1764
11329
1912
1772
4745
5551
1867
1960
1922
1850
1797
1757
1783
1808
1730
1722
1960
1764
1843
1704
1725
1899
1845
1916
1849
2021
1704
1716
1768
1858
5204
1882
1935
1684
1691
1744
1803
1798
5233
1936
1840
1805
1979
1800
1720
1779
1921
1662
1670
1797
1686
1757
1722
1754
1641
1690
1680
1638
1638
1672
1628
1619
1647
1987
2079
1983
1708
1629
1636
1746
1924
1789
1729
1893
1799
1689
1673
1704
1745
1719
1684
1911
1998
1664
1693
1711
2121
1953
1680
1710
2130
1678
1925
1941
1684
1685
2184
2170
1772
1647
1751
1730
1760
1889
1717
1615
1648
1667
1724
1707
1535
1542
1591
1637
1741
1875
2035
1618
1552
1545
1583
1831
1637
1722
1554
1586
1797
1691
1609
1710
1548
1565
1823
1635
1641
1992
1591
1656
1882
1866
1861
1508
1510
1528
1630
1643
1703
1773
1968
1479
1841
1605
1965
1990
1675
1684
1493
1500
1653
1776
1776
1511
1695
1476
1517
1964
1769
1559
1601
1604
1772
1506
1518
1488
1557
1474
1677
1531
1604
1402
1515
1534
1579
1552
1555
1929
1911
1869
1717
1601
1510
1530
1601
1595
1535
1359
1365
1595
1468
1408
1382
1392
1398
1413
1411
1431
1437
1443
1606
1560
1525
1599
1460
1487
1564
1516
1533
1231
1226
1240
1342
1398
1397
1304
1312
1358
1388
1571
1441
1725
1458
1465
1476
1695
1588
1523
1543
1157
1133
1154
1148
1156
1451
1170
1186
1232
1222
1221
1262
1253
1248
1323
1426
1356
1426
1525
1379
1387
1397
1410
1410
1462
1612
1581
1578
1546
1449
1120
1165
1172
1180
1168
1178
1215
1221
1236
1224
1225
1233
1408
1445
1404
1273
1335
1377
1383
1278
1685
1326
1328
1363
1714
1311
1334
1342
1351
1386
1375
1442
1388
1464
1553
1213
1274
1153
1152
1201
1214
1209
1281
1279
1386
1388
1423
1467
1417
1324
1445
1369
1388
1341
1439
1383
1362
1409
1145
1331
1172
1183
1223
1365
1196
1204
1216
1223
1402
1470
1306
1263
1308
1331
1410
1347
1154
1161
1214
1215
1376
1376
1407
1424
1422
1257
1279
1337
1192
1225
1252
1217
1262
1251
1216
1274
1290
1297
1309
1171
1189
1346
1239
1218
1341
1370
1204
1272
1329
1255
1213
1260
1216
1166
1209
1180
1349
1215
1189
1468
1244
1348
1326
1356
1153
1153
1289
1176
1207
1215
1349
1283
1233
1130
1158
1189
1347
1251
1154
1314
1379
1181
1132
1129
1158
1153
1378
1181
1207
1115
1181
1204
1121
1203
1123
1120
1095
1114
1268
1279
1097
1112
1096
1308
1061
1076
1089
1085
1298
1242
1084
1155
1070
1218
1197
1094
1253
1313
1219
1109
1162
1093
1122
1096
1112
1201
1251
1139
1324
1115
1230
1193
1165
1082
1229
1232
1222
1219
1230
1244
1231
1241
1241
1277
1245
1280
1198
1299
1182
1228
1289
1288
1222
1328
1228
1291
1292
1267
1212
1298
1341
1302
1255
1342
1264
1217
1263
1280
1290
1314
1316
1401
1402
1257
1291
1288
1277
1279
1507
1519
1401
1385
1350
1545
1460
1460
1391
1346
1342
1323
1365
1323
1351
1352
1333
1328
1338
1445
1468
1351
1398
1352
1353
1402
1467
1485
1408
1403
1392
1468
1445
1467
1381
1419
1619
1353
1469
1369
1497
1383
1459
1719
1405
1405
1435
1437
1760
1739
1706
1716
1480
1481
1463
1531
1509
1728
1562
1520
1493
1831
1524
1507
1599
1767
1728
1514
1514
1495
1493
1520
1525
1602
1766
1675
1904
1542
1869
1495
1544
1559
1562
1826
1727
1533
1535
1844
1550
1551
1794
1509
1524
1536
1544
1551
1758
1586
1568
1525
1517
1510
1520
1777
1699
1659
1636
1543
1558
1568
1576
1576
1540
1525
1694
1523
1542
1703
1561
1679
1592
1608
1541
1664
1544
1568
1625
1549
1607
1628
1624
1565
1651
1624
1543
1558
1550
1625
1580
1782
1606
1787
1585
1610
1653
1596
1626
1677
1675
1584
1590
1628
1624
1601
1592
1584
1758
1619
1596
1654
1652
1714
1705
1644
1641
1641
1747
1672
1787
1672
1767
1821
1745
1736
1705
1715
1702
1659
1731
1670
1691
1690
1723
1906
1764
1660
1668
1855
1821
1737
1689
1694
1706
1736
1775
1676
1682
1688
1714
1677
1743
1667
1673
1635
1821
1632
1782
1791
1734
1703
1618
1619
1838
1610
1607
1670
1627
1611
1557
1577
1577
1576
1600
1826
1841
1633
1657
1654
1572
1589
1586
1831
1837
1909
1791
1612
1622
1634
1664
1752
1519
1545
1542
1577
1565
1573
1581
1783
1615
1649
1621
1913
1534
1548
1606
1548
1608
1466
1559
1555
1441
1486
1628
1449
1629
1635
1485
1559
1663
1716
1440
1490
1578
1493
1450
1478
1741
1578
1596
1419
1493
1662
1385
1415
1376
1378
1380
1390
1511
1548
1399
1537
1553
1553
1404
1484
1530
1343
1578
1462
1504
1471
1379
1396
1419
1505
1609
1359
1367
1529
1529
1441
1405
1362
1364
1351
1519
1388
1398
1379
1377
1302
1333
1378
1369
1348
1338
1385
1342
1370
1516
1388
1332
1507
1362
1605
1356
1357
1537
1344
1361
1377
1339
1353
1399
1352
1353
1551
1354
1301
1299
1379
1340
1340
1571
1434
1335
1334
1407
1335
1341
1317
1317
1359
1442
1319
1433
1334
1333
1345
1528
1397
1337
1495
1368
1357
1344
1340
1358
1370
1450
1457
1339
1539
1446
1366
1544
1470
1339
1353
1348
1380
1367
1342
1470
1359
1433
1366
1417
1363
1376
1364
1364
1356
1473
1370
1355
1518
1413
1402
1393
1359
1368
1375
1545
1320
1352
1525
1349
1361
1374
1398
1316
1360
1299
1442
1335
1322
1332
1458
1273
1287
1286
1322
1351
1399
1275
1395
1289
1317
1313
1427
1321
1475
1335
1272
1301
1289
1522
1288
1294
1437
1314
1294
1593
1313
1306
1312
1308
1348
1314
1340
1314
1324
1392
1333
1454
1440
1471
1347
1466
1333
1343
1328
1337
1363
1342
1371
1330
1341
1348
1330
1427
1345
1393
1384
1346
1352
1368
1503
1338
1345
1340
1335
1343
1349
1327
1502
1334
1340
1353
1329
1534
1344
1509
1545
1512
1364
1351
1352
1352
1350
1346
1347
1382
1346
1345
1342
1341
1338
1373
1521
1421
1350
1490
1358
1422
1356
1364
1341
1358
1368
1361
1535
1359
1521
1360
1445
1362
1374
1393
1377
1384
1378
1559
1390
1383
1396
1575
1526
1395
1404
1353
1395
1356
1467
1362
1381
1367
1385
1350
1349
1364
1353
1353
1352
1534
1577
1532
1365
1459
1377
1364
1358
1366
1382
1377
1428
1397
1526
1350
1357
1524
1354
1354
1380
1448
1400
1407
1398
1426
1379
1401
1401
1381
1388
1424
1382
1390
1381
1367
1432
1519
1389
1407
1446
1372
1388
1413
1443
1398
1419
1412
1402
1445
1384
1441
1412
1522
1521
1401
1394
1405
1385
1411
1403
1412
1468
1511
1458
1409
1404
1395
1407
1395
1367
1386
1375
1363
1373
1469
1351
1360
1393
1376
1399
1353
1367
1377
1385
1437
1397
1472
1512
1423
1374
1400
1527
1559
1552
1480
1427
1458
1425
1381
1408
1401
1384
1392
1392
1402
1499
1433
1426
1426
1428
1429
1531
1494
1556
1487
1554
1472
1457
1463
1444
1464
1436
1463
1438
1558
1442
1440
1518
1419
1425
1433
1448
1394
1422
1434
1507
1502
1540
1468
1407
1419
1425
1560
1398
1408
1417
1431
1441
1518
1440
1419
1418
1447
1406
1423
1513
1404
1438
1426
1410
1445
1413
1475
1398
1446
1371
1404
1399
1372
1404
1464
1380
1528
1373
1537
1380
1394
1472
1375
1369
1396
1395
1384
1361
1386
1403
1357
1382
1373
1499
1398
1396
1405
1376
1379
1436
1379
1382
1367
1366
1389
1402
1384
1390
1368
1429
1368
1360
1390
1376
1391
1381
1403
1373
1374
1366
1379
1373
1392
1368
1396
1380
1364
1365
1372
1372
1430
1379
1389
1445
1403
1451
1405
1447
1489
1472
1507
1454
1452
1416
1429
1422
1422
1468
1409
1424
1396
1409
1399
1404
1507
1429
1424
1499
1506
1434
1568
1550
1470
1471
1493
1466
1437
1470
1560
1441
1448
1464
1478
1448
1422
1438
1472
1441
1442
1449
1464
1501
1514
1494
1476
1482
1492
1492
1495
1570
1565
1506
1475
1516
1551
1562
1472
1502
1573
1520
1527
1564
1543
1552
1577
1563
1513
1509
1572
1559
1525
1558
1570
1523
1538
1528
1543
1585
1590
1510
1589
1529
1511
1584
1524
1525
1628
1534
1608
1615
1550
1547
1597
1649
1585
1584
1628
1571
1575
1623
1613
1640
1666
1594
1623
1652
1641
1630
1641
1589
1609
1691
1613
1609
1612
1622
1579
1579
1582
1607
1583
1666
1685
1619
1729
1588
1623
1596
1585
1599
1598
1588
1646
1593
1658
1770
1701
1649
1577
1616
1571
1680
1681
1569
1554
1704
1587
1550
1564
1553
1547
1547
1556
1701
1656
1685
1543
1561
1582
1549
1586
1606
1538
1635
1562
1557
1552
1555
1564
1680
1620
1568
1570
1565
1576
1566
1572
1591
1604
1569
1580
1595
1575
1632
1675
1659
1582
1588
1586
1595
1622
1583
1646
1585
1595
1605
1623
1614
1582
1600
1589
1593
1642
1699
1686
1683
1617
1648
1671
1665
1634
1636
1619
1631
1684
1663
1641
1655
1678
1635
1643
1672
1652
1638
1714
1664
1685
1684
1672
1693
1702
1721
1688
1702
1711
1724
1721
1690
1734
1741
1693
1711
1803
1726
1734
1741
1746
1733
1761
1746
1737
1703
1719
1726
1765
1725
1718
1764
1770
1757
1748
1773
1749
1701
1693
1690
1752
1681
1675
1777
1678
1773
1781
1704
1682
1694
1695
1707
1671
1681
1742
1670
1803
1682
1696
1663
1679
1615
1649
1821
1787
1695
1676
1691
1621
1599
1619
1618
1613
1687
1636
1625
1631
1667
1742
1738
1616
1623
1617
1637
1640
1583
1577
1645
1610
1668
1646
1596
1629
1580
1578
1696
1549
1532
1557
1589
1599
1574
1546
1567
1535
1541
1601
1634
1708
1526
1508
1504
1500
1541
1577
1647
1488
1501
1489
1513
1571
1498
1536
1497
1485
1494
1530
1484
1484
1650
1503
1653
1479
1457
1653
1443
1451
1457
1420
1445
1429
1443
1597
1476
1438
1469
1418
1426
1572
1412
1620
1415
1441
1458
1428
1469
1428
1530
1429
1690
1401
1680
1462
1442
1432
1420
1405
1415
1574
1414
1392
1400
1391
1420
1409
1694
1713
1488
1528
1498
1422
1410
1405
1494
1474
1404
1502
1426
1424
1398
1370
1387
1544
1440
1436
1418
1358
1366
1375
1401
1400
1512
1511
1465
1438
1375
1477
1390
1394
1381
1475
1413
1581
1519
1456
1465
1415
1414
1439
1426
1496
1367
1530
1454
1572
1391
1438
1498
1489
1455
1405
1432
1426
1386
1487
1365
1392
1400
1410
1427
1460
1446
1444
1458
1607
1573
1549
1478
1611
1651
1536
1612
1539
1606
1615
1572
1600
1459
1447
1422
1430
1508
1563
1557
1584
1452
1602
1474
1467
1611
1361
1517
1467
1385
1402
1410
1419
1430
1457
1452
1473
1548
1792
1373
1410
1532
1437
1549
1436
11338
11420
1399
1406
1594
1846
11760
1491
5387
8154
10930
9104
11299
6756
9950
10024
10556
11012
10642
10799
1494
1521
10802
11056
10675
1552
2325
8330
6783
9505
6787
8982
1635
1597
1431
1433
1450
1459
1469
1519
1490
1508
1553
1533
1545
1522
1588
1604
1614
1614
1630
11866
1684
11950
1481
11365
11541
10984
2154
9633
1702
11794
11204
11489
1739
1542
6848
5731
11989
1773
1621
1583
1603
1699
1658
1766
1594
1496
3509
7017
9484
10856
1681
1619
1773
1571
1566
1593
1596
1623
1615
1617
1640
1883
1685
1857
1720
1452
1491
1480
1479
1749
1542
1523
1539
1541
1555
1777
1544
1806
1582
1580
1892
1915
1584
1581
1623
1679
1661
1697
1704
1719
1730
1761
2028
2076
8723
4284
2028
1891
1780
1795
1744
1800
1652
1479
1500
1532
1542
1568
1577
1593
1607
1622
1622
1638
1644
1666
1659
1920
1981
1946
1695
1713
1712
1729
1914
1503
1514
1536
1873
1575
1561
1789
1885
1602
1891
1601
1825
1645
1653
1748
1668
1557
1572
1538
1559
1706
1636
1619
1846
1863
1662
1677
1636
1732
1646
1663
1571
1506
2189
2195
2149
2066
1580
1577
1664
1623
1634
2071
1708
1994
1713
1706
2020
1978
1849
1663
1944
1909
1636
1599
1546
1560
1559
1573
1603
1603
1613
1620
1631
1740
2199
1871
1774
1951
1588
1601
1759
1677
1957
1826
2037
1463
1459
1481
1648
1681
1864
1483
1520
1505
1488
1505
1509
1731
1489
1489
1516
1543
1724
1913
1939
1864
1852
1489
1499
1518
1767
1558
1510
2010
2064
1545
1526
1519
1531
1832
1580
1532
1541
1558
2028
1972
1922
1932
2042
1640
1588
1669
1895
1677
2143
1608
2054
2143
2069
1579
1777
1550
1577
1801
1730
1581
1564
1650
1646
1794
1546
1586
1571
1555
1488
1497
2028
1542
1543
1580
1548
1579
1583
1634
1582
1524
1538
1548
1715
1561
1726
1601
1685
1854
1555
1564
1572
1579
1727
1762
1744
1632
1506
1941
1959
1518
1543
1551
1608
2031
2014
1571
1874
1916
1621
1659
1633
1568
1575
1698
1682
1634
1683
1610
1601
1632
1616
1628
1733
1631
1618
1629
1637
1622
1633
1659
2067
2076
1607
1583
1578
1597
1671
2124
1586
1633
1553
1610
1609
1630
1652
1570
1583
1874
1820
1598
1889
1658
1627
1658
1717
1626
1843
2177
1638
1685
1618
1635
2162
2174
2249
2207
1668
1635
1648
1737
1784
1673
1811
1910
1828
2310
1730
1738
1750
1733
1647
1655
1730
1880
2203
1725
1676
1640
1674
1652
1690
2422
1780
1688
1656
1681
1669
2149
1788
2044
1913
1655
1703
1932
2324
1693
1707
1706
1787
1759
1767
1739
2291
2350
2292
1798
1692
1704
1712
1835
2183
2223
2228
1960
2348
2354
1978
2025
1859
1823
1801
1990
1750
1750
1744
2053
1804
1964
1964
1819
1778
1999
1999
2208
2073
1836
1915
1847
1810
1758
1779
1794
1802
1823
1812
2172
2225
1803
1778
1803
1790
1849
2032
1994
1898
1809
1791
1790
1789
2282
2215
1847
1862
1889
1852
1844
2175
1988
1877
1854
2123
1819
1876
1806
1828
1836
1847
1859
1934
1815
1937
1904
1915
2128
2100
1869
1883
2000
1965
2116
1934
1973
1881
1873
2320
1843
2055
2089
1800
1831
1922
2099
2270
1930
1930
1945
1835
1914
1855
1996
1840
1848
1866
2079
1855
2378
1933
2122
1810
1884
1896
2360
1860
1859
1884
2505
1889
2077
1928
2110
1926
2434
2343
1859
2074
2111
1895
2072
2092
1931
2026
1962
2237
2423
2044
2536
2126
1895
1856
1880
1895
1966
1924
1938
1841
1969
2084
1882
2011
2394
2393
1970
1815
1983
1984
1819
2026
2037
1823
2072
1837
1785
1982
1992
1929
1839
1839
2010
2032
2076
2050
2125
2529
2036
2064
2030
2029
2063
2058
2083
2063
2040
2083
2024
2055
2081
1939
2065
2117
2522
1987
2088
2133
2147
2701
2532
2066
2129
2589
2037
2544
2534
2083
2058
2072
2649
2550
2151
2109
2132
2444
2105
2561
2170
2210
2083
2044
2070
2212
2064
2748
2273
2012
2020
2302
2163
2213
2113
2140
2147
2056
2064
2257
2063
2148
2257
2241
2102
2436
2088
2273
2387
2385
2448
2021
2030
2085
2157
2300
2042
2381
2160
2318
2151
2195
2066
2232
2167
2247
2456
2098
2079
2076
2087
2077
2062
2064
2134
2289
2192
2108
2072
2089
2116
2051
2050
2156
2052
2026
2056
2581
2215
2135
2469
2065
2161
2108
2164
1988
1996
2004
2102
2033
2042
2137
2624
2002
2182
2078
2281
2001
1994
2704
2070
2048
2035
2039
2000
2090
2144
2024
2031
2148
2155
1926
2744
1935
2725
1958
1967
2028
2064
2039
2097
2061
1987
1960
2009
1978
2701
1999
2030
2072
2605
2022
1990
2000
2051
2052
2203
2038
2031
2038
2052
2907
2934
2098
2082
2046
1950
2085
2001
1958
2070
