11
10
77
5
25
17
55
8
19
8
86
9
9
39
16
7
117
7
121
7
7
27
23
9
447
96
31
10
11
239
119
17
11
19
13
12
7
40
133
13
13
28
130
9
10
127
8
144
11
13
26
7
147
80
242
444
12
46
165
17
11
26
180
63
36
20
143
111
18
77
53
183
21
419
17
23
23
562
40
123
12
91
260
13
26
159
15
23
50
543
29
5
108
242
289
41
185
9
17
162
22
88
303
35
45
47
85
465
81
77
238
421
766
46
86
117
165
30
39
95
168
128
40
38
308
50
20
20
10
219
389
8
8
8
88
238
196
20
21
66
40
232
55
57
311
41
36
73
35
238
30
63
9
136
723
88
517
50
38
13
98
708
331
264
262
25
24
26
106
463
459
43
232
42
204
261
75
60
59
46
108
57
345
53
152
77
68
64
591
259
102
130
48
45
65
288
21
38
1142
27
33
43
331
67
36
29
27
688
45
54
245
46
37
466
303
37
37
39
278
653
51
769
115
523
871
670
141
143
78
383
67
163
117
106
507
489
148
96
107
969
99
86
382
139
337
144
497
573
121
838
588
108
90
537
189
103
79
78
78
74
72
124
89
385
70
75
60
67
82
79
233
563
259
593
541
113
441
459
483
183
112
256
470
253
83
92
110
91
283
410
150
76
78
73
74
83
199
619
103
98
165
134
388
92
490
96
71
114
147
265
533
279
153
711
669
160
69
102
746
85
747
106
124
126
66
18
26
18
27
83
8
449
527
651
668
78
799
41
34
24
32
670
585
62
347
54
285
398
61
845
66
73
59
35
640
26
19
131
414
963
46
564
783
81
96
70
102
43
70
31
263
46
209
71
605
265
226
17
161
36
688
629
845
1205
61
32
21
24
116
39
33
1137
38
34
29
690
871
79
43
87
777
19
421
24
22
14
12
123
423
33
24
586
1032
75
1268
926
609
946
735
52
45
53
54
50
99
246
123
115
456
126
1660
1411
974
455
109
95
48
455
894
684
359
141
134
157
572
163
161
841
303
454
495
209
192
234
507
772
601
195
169
313
166
529
218
1080
189
198
1066
215
164
174
632
1201
230
192
619
268
185
728
175
477
347
212
199
207
539
269
228
679
295
302
100
145
158
733
315
245
138
140
138
226
192
129
153
102
109
123
173
136
135
140
137
184
467
413
1014
267
447
105
1010
1156
896
572
114
403
990
69
98
56
65
83
109
319
111
1065
1143
50
36
448
358
92
94
74
1233
453
57
56
83
446
63
660
349
94
43
54
76
60
822
65
15
26
37
62
26
1228
29
6
20
44
1625
287
733
24
406
71
20
914
348
50
476
52
1196
1633
48
72
50
50
73
82
15
31
767
818
1424
25
20
18
15
60
1560
28
1553
59
667
25
26
64
32
27
41
1059
1361
18
1096
1768
47
963
85
75
92
56
44
1202
1849
872
79
72
64
902
108
1250
453
1004
1457
1329
859
1414
156
115
1576
70
193
75
189
83
763
109
167
119
101
116
975
170
142
107
109
127
151
89
792
146
1009
501
3500
1517
104
100
132
87
111
106
149
129
1011
131
785
159
217
121
121
781
2382
995
636
1127
1252
161
157
808
209
198
786
2155
215
1663
267
1068
1444
2226
203
230
654
168
167
91
105
117
98
111
584
171
197
53
100
831
1580
115
853
87
99
1141
1626
2259
213
62
49
77
51
37
129
60
47
1001
1666
1060
978
128
119
147
83
87
87
70
103
57
1504
74
954
968
32
2820
1120
6
10
25
75
17
8
963
706
575
58
49
1434
28
28
1454
17
8
16
7
911
1642
14
7
1712
1759
18
16
72
7
19
7
1560
50
6
1246
7
6
19
1123
853
136
1324
1023
1988
897
1178
1694
38
78
72
42
17
35
25
27
29
31
1165
2172
2124
38
1424
63
62
34
36
17
123
16
14
6
1878
1668
1369
9
2076
22
14
16
27
10
15
7
1265
1750
1060
17
465
1931
31
1560
1501
19
39
1862
25
34
31
1602
41
2443
2611
30
73
28
71
2533
27
14
71
120
93
2087
1687
1783
29
1991
2118
2843
54
47
1656
1283
1295
39
32
45
38
24
32
17
41
56
4601
142
13
1351
48
17
15
9
794
1096
1443
7
6
2936
12
7
12
6
3394
7
1660
15
16
3769
9
4329
3666
15
10
1373
37
4507
33
94
1789
80
29
2204
34
1346
2674
2087
4094
794
60
59
47
57
66
1300
3829
89
63
73
68
76
84
61
3097
101
4174
28
1415
723
81
101
24
29
2489
47
49
45
2498
4518
1362
1673
1364
1152
215
697
78
1540
130
41
1055
69
86
72
71
369
71
78
1908
687
79
1385
79
70
54
1048
45
2112
53
50
58
66
96
2143
1177
76
2534
1563
92
980
96
1925
939
72
89
1364
98
892
1229
1315
108
88
68
509
174
145
131
138
89
67
47
38
56
45
180
42
608
47
1264
65
569
1256
1014
4178
550
3678
624
581
768
3712
498
80
708
86
1192
135
779
106
69
65
57
1620
81
60
52
103
64
65
96
94
2288
232
686
4813
2678
629
285
1834
1546
282
5061
99
100
5098
705
2818
191
113
84
2263
110
97
97
97
2632
127
154
1961
145
114
82
87
4348
82
5947
18
25
963
37
117
767
67
1250
3747
63
29
55
59
10
676
12
10
5656
9
3413
972
19
4863
3122
27
27
1530
1100
57
1421
1374
49
30
49
30
3714
65
3688
6152
2758
26
4181
16
24
27
42
45
34
29
1348
63
13
2030
75
1443
15
28
2104
25
36
850
32
46
974
1031
95
1876
57
35
37
38
1908
39
35
28
4970
754
67
1031
3858
117
114
51
52
107
50
41
14
53
1091
9
10
16
2917
8
859
1200
35
55
46
894
41
42
5492
79
63
54
57
119
31
1361
1593
819
23
22
14
10
63
58
23
9
1421
2707
83
37
30
18
16
76
1809
35
49
1326
53
42
3281
67
2858
1356
1266
873
93
1425
926
103
96
78
136
162
142
125
170
31
61
71
84
76
86
646
5829
141
1483
1451
5833
1866
2678
1449
1428
180
85
116
225
62
86
85
85
54
86
4689
90
3427
1720
1372
99
107
128
1987
77
110
124
87
987
134
72
557
3464
124
118
120
95
96
97
4118
4438
79
130
58
70
94
105
80
63
51
59
57
3082
1607
1444
1109
1313
3821
1728
213
171
170
89
95
205
65
54
70
58
49
59
68
81
63
38
4058
1647
1807
1658
1110
1464
196
1145
3732
199
1985
1953
2471
222
91
132
77
129
107
1333
241
1437
2496
139
168
156
194
503
167
122
4372
942
219
137
5050
116
140
168
185
193
114
111
2078
107
157
707
1194
75
88
74
92
81
83
104
105
2755
1961
1980
113
114
225
264
575
296
269
5458
305
1823
2687
4595
225
1695
108
2412
72
108
83
78
77
71
90
112
101
2309
147
97
112
3069
1963
83
1615
129
69
76
1710
108
2216
169
131
1753
134
1743
113
161
158
1830
107
2132
204
2020
185
130
142
139
138
1882
112
104
95
96
97
95
4570
94
107
121
92
1923
1099
94
2160
1651
126
98
127
86
106
1167
107
94
508
439
3389
569
121
80
109
196
101
1820
1420
112
2512
112
120
2553
143
164
1643
2785
1900
1954
1277
2502
1959
1335
130
121
158
2513
167
95
130
97
122
90
115
203
1346
887
191
153
2985
135
109
192
2122
5574
1090
4806
1778
117
125
143
148
191
134
95
113
92
101
699
90
1591
124
112
120
188
129
112
94
111
347
630
187
107
1608
71
90
124
4642
2672
1608
205
1751
180
155
5089
1571
103
110
118
1763
91
104
75
96
80
147
83
130
54
82
5821
94
126
90
64
3029
2728
2638
63
77
989
769
1939
75
1269
5446
67
1270
1428
1516
900
3273
1414
96
1122
1006
2154
1084
2224
113
4537
112
4869
1442
865
126
118
4626
154
124
1810
178
1596
3242
156
1718
163
158
152
163
1447
200
122
164
2006
1171
204
153
143
152
165
150
145
210
128
130
1588
275
1646
233
1688
147
1722
1120
3390
3082
96
154
169
92
211
393
115
1613
118
95
73
63
123
116
118
102
77
79
104
83
141
36
180
1606
4490
74
3329
792
219
29
42
1430
1316
401
1637
759
510
340
1630
81
1397
170
135
137
1401
143
1697
1814
1355
87
81
163
190
111
86
96
1360
106
1594
3755
1735
71
96
2566
92
129
85
78
4969
1199
141
113
3908
1904
1410
73
90
1491
75
4807
71
102
2086
1993
92
102
2693
82
71
1662
144
103
123
128
65
952
128
104
1810
2712
1397
117
101
110
124
1774
156
129
103
122
2017
100
2831
159
120
137
85
102
122
2448
99
87
2633
127
2242
156
127
203
131
127
2274
203
206
95
95
90
158
2462
92
152
68
2691
95
5585
2284
70
67
75
103
79
48
58
70
64
126
92
1867
3172
72
107
1796
118
81
91
1432
1365
2807
1105
4670
4933
117
120
4426
127
69
70
45
171
55
131
105
3186
97
94
3295
44
49
76
44
2155
52
53
2365
2443
24
75
595
1026
1823
105
2999
83
85
110
90
3884
55
52
56
44
38
39
49
915
1912
6525
1627
2404
2515
1012
1379
3166
74
87
1843
84
99
89
1082
87
2494
64
85
102
138
1104
1885
54
70
98
4528
111
65
1752
84
74
87
99
1881
97
2936
1814
1749
99
116
77
4052
158
2032
3419
126
121
2035
2994
109
72
3203
75
2017
4585
84
99
114
68
98
60
898
2896
2888
81
86
66
62
134
147
1889
2869
54
1957
49
59
1971
128
2428
3066
91
124
84
25
91
58
38
39
27
3947
1679
83
4726
4726
3586
91
76
61
741
2462
2374
99
2131
75
61
60
2536
2369
55
50
101
59
59
2345
1698
98
76
70
1022
124
61
80
2079
2313
1027
59
69
59
99
58
98
50
26
1871
3718
5444
2691
4181
4439
47
49
110
41
1854
18
28
86
40
3509
16
12
4434
77
2505
22
2497
28
1370
37
62
2034
2405
44
37
37
30
2624
22
17
23
14
2057
15
1416
1989
1656
67
3054
59
2948
57
28
1964
2480
1459
1280
2807
5437
32
2576
33
22
83
71
31
30
3297
3221
46
2674
60
59
64
2504
2264
4183
3082
1763
45
49
2185
1664
84
107
2237
36
34
88
2860
47
4387
1422
45
92
68
5455
1911
50
3890
2684
55
2317
50
53
53
3155
1714
2050
1767
85
1197
126
1394
2410
138
113
113
4128
5740
159
85
100
1364
197
167
99
104
82
90
3004
2758
90
94
66
80
90
98
109
53
96
136
82
2816
69
69
77
42
2840
2282
126
47
28
28
44
37
15
63
24
10
5839
7
17
618
17
13
2601
1626
2151
12
2189
11
58
1402
29
1535
10
996
13
67
19
26
18
9
11
6
2970
1844
7
8
1658
1630
961
8
8
1825
2199
2912
2224
38
51
3565
35
43
3591
38
21
2427
1839
1657
5600
2401
60
2284
61
2101
2520
86
99
3353
88
3018
2391
2883
49
72
1333
88
80
3500
2957
3264
91
128
76
165
73
1685
1483
7308
24
42
52
60
132
94
2440
34
42
66
7035
78
112
32
95
2983
5867
43
37
3861
3419
46
76
1981
6080
6044
7214
1975
60
1468
1780
1362
1443
127
81
95
2665
98
85
68
1322
1954
76
67
54
43
38
2378
1439
51
33
18
47
85
69
47
65
64
1674
78
2701
2091
64
6988
27
1434
1871
74
51
2450
37
34
55
59
73
2869
3165
1949
31
45
25
11
99
107
12
21
2695
7768
35
1739
115
38
6592
39
2048
41
32
1744
28
6930
27
25
18
2427
2260
101
2294
13
7019
15
6222
8117
52
62
1960
5460
64
74
72
44
50
2526
2552
2436
2175
92
2527
1485
1809
153
134
7259
1410
1427
1499
132
197
6861
149
170
1742
103
161
1641
1999
109
105
2376
126
121
107
106
3129
105
141
121
110
3214
123
122
1761
132
173
157
155
145
151
2522
143
145
2291
154
199
255
82
203
2270
86
97
92
82
61
75
74
73
69
2657
2156
163
175
3531
3599
2582
2787
8015
3518
5160
3084
202
218
2574
67
32
27
2013
1446
6692
3516
36
2530
50
151
41
939
1358
51
1268
55
419
2244
57
69
43
83
437
258
1370
89
644
883
2803
143
54
54
53
45
91
63
59
56
63
69
220
5085
6509
6390
92
106
75
1215
38
82
38
35
6306
90
7645
114
1734
6875
83
3269
105
3029
93
72
3193
92
134
1540
1915
104
145
1356
4117
174
1556
102
4694
1271
2472
5835
3106
126
146
2846
155
1470
82
6660
1825
124
186
188
1735
100
100
120
128
2851
94
103
117
104
124
155
104
7126
3209
114
137
126
140
113
139
138
136
100
1972
103
133
145
101
67
82
42
85
55
53
19
12
1715
1968
7201
616
3030
33
32
5528
5364
26
77
29
49
51
39
3475
1573
6662
3324
26
37
32
3186
36
22
20
21
47
66
3090
3820
1984
41
46
13
10
3946
3892
2513
14
11
17
1865
3405
14
2420
2058
3449
4127
3519
6292
2455
7001
3707
66
6223
66
2450
63
46
43
54
130
45
55
127
6710
1311
38
133
95
65
80
2731
43
64
75
34
68
6740
6527
38
58
1689
48
7824
53
45
2193
23
6887
46
2058
6622
50
45
42
36
36
25
6536
7
7127
24
12
11
2460
8317
3919
4389
3242
52
7889
8141
2276
4553
3554
26
30
29
26
30
28
52
2353
2718
7402
7187
61
3612
46
4098
35
4275
7381
2623
65
82
3607
2632
2291
4136
82
2362
119
135
2611
108
99
2635
74
83
105
113
65
3062
70
121
4942
81
2314
94
47
141
108
2928
104
55
37
30
44
29
6271
5654
22
22
6455
14
62
5521
8240
6306
61
2290
2452
2386
2785
2933
88
80
2471
81
110
55
55
108
95
127
102
59
2326
3269
107
97
82
3576
86
68
48
69
67
49
48
31
30
3256
1791
1842
3054
173
3760
27
2921
40
40
156
51
52
53
48
1371
52
91
44
46
46
2748
50
50
52
3948
2653
3338
3223
7156
123
7609
149
173
2145
2541
3359
88
74
69
56
64
58
66
60
60
2965
50
7661
137
60
81
52
48
65
57
76
2322
3442
2879
2978
149
139
123
98
2547
2390
96
127
2912
2510
6084
2594
134
7649
2773
185
3331
103
130
7450
95
95
137
3872
91
82
156
123
2703
90
90
75
93
72
96
78
111
114
3915
8060
3850
2654
4106
148
151
172
145
97
97
78
102
79
216
91
98
102
4208
124
126
131
142
3925
2266
193
110
5494
134
170
176
4286
134
118
134
210
149
2574
7745
113
150
3181
124
115
189
97
3992
204
5734
121
120
2291
3696
4528
190
182
176
4520
8629
7639
194
804
5903
164
186
3668
181
284
6012
6731
206
313
3151
3516
8225
276
341
5853
2827
331
8171
268
270
2693
1149
355
375
6423
381
201
215
322
1972
1664
7291
1639
159
175
192
2242
425
250
333
1946
3543
183
183
358
2024
230
174
212
3107
6917
8934
306
187
1840
295
197
205
8917
269
328
290
299
156
169
185
217
2468
5240
133
176
3066
165
147
247
184
135
167
180
138
152
183
143
152
193
158
232
144
126
122
118
85
2464
6689
133
117
2462
3403
436
232
6437
2284
2932
2493
6780
3230
8910
6650
144
132
112
2101
117
156
92
106
194
8737
145
100
126
133
3979
2995
3255
204
151
3712
7968
2115
3162
151
164
3708
3777
167
154
2488
189
129
146
158
182
203
102
160
79
93
105
113
128
228
3761
142
2263
9787
1944
3728
3817
112
142
3441
133
124
124
103
100
128
111
109
138
96
114
128
71
58
67
22
31
73
47
2780
33
31
21
2148
7
7
2544
8
7
21
3589
18
12
3327
39
9
1841
2037
23
1778
3107
23
26
34
2027
53
52
54
2663
54
49
17
2745
3066
33
27
59
38
41
18
32
16
6834
2844
28
2228
17
2183
22
18
23
24
54
7171
47
3504
78
3033
1987
66
36
60
74
63
2683
6027
2882
4328
3115
2266
47
47
90
48
56
1999
1954
6634
94
7897
145
127
120
89
104
101
3711
175
58
111
4076
30
48
57
65
147
87
76
3035
3267
8370
119
119
6466
103
100
4802
7181
2571
3383
52
91
2701
62
148
51
50
3645
3336
67
66
59
99
92
2440
86
96
98
3580
2577
195
2615
2098
151
191
870
2470
4540
95
106
97
2551
157
118
3437
2034
3558
2623
164
155
148
135
2807
149
3614
214
2006
156
2415
1563
199
191
138
121
3270
216
4525
129
3746
3223
129
3127
173
3264
131
186
3742
2839
8568
2243
169
157
4837
186
8825
145
235
213
157
206
147
117
138
95
2309
2309
229
2948
122
84
167
99
165
89
105
152
98
97
98
4541
7959
3114
2005
172
3642
2769
170
3650
3441
3479
162
167
151
4549
172
154
221
4092
3423
136
3402
2209
139
152
169
3056
2252
3529
115
111
2531
3835
2746
123
3672
162
5559
134
4654
121
103
115
87
133
176
191
132
89
98
4375
91
66
115
91
72
4025
3296
76
63
74
63
71
71
45
54
125
3780
85
97
3261
5874
2185
2943
6947
8112
314
2552
7234
308
3544
304
298
2897
300
2709
119
110
329
153
126
3371
152
129
3016
2384
127
136
179
3743
9780
119
111
141
4688
2735
152
3392
2978
176
165
152
3179
6533
200
227
3756
3752
3024
142
128
166
3996
3838
197
186
8960
2480
2784
148
223
3943
2896
187
4379
184
170
2116
147
179
94
123
180
60
55
48
3677
188
182
190
3345
189
196
153
4578
75
84
64
3528
61
69
1498
166
2605
35
52
179
163
216
62
49
53
47
39
43
4821
115
2562
3257
5242
2219
2433
5509
4322
5043
105
4730
5498
107
164
191
223
113
138
122
2340
122
5708
4833
4774
150
3256
121
5094
195
112
268
111
123
132
2566
1346
128
199
158
2629
3988
211
4966
3120
3566
2783
4258
5267
3662
3887
185
196
205
225
3239
4164
3604
293
9487
3147
277
218
292
3819
237
137
149
190
223
156
3995
158
167
3565
197
194
173
198
205
163
170
237
2773
216
2010
181
173
3222
268
184
214
191
185
3082
181
179
140
177
331
134
211
3969
286
151
149
134
149
218
110
183
5304
259
126
141
127
102
106
139
228
121
207
6441
111
132
133
2895
3411
197
196
3016
3265
3512
191
5556
11780
2938
10158
162
86
88
5299
101
99
84
3194
3188
116
97
110
112
115
1806
146
166
135
867
160
776
2688
5059
4032
186
158
171
145
3764
2809
946
121
131
156
149
182
4068
8929
1787
175
185
3899
161
799
939
2724
92
136
181
3384
100
209
213
123
3563
7703
5375
1486
157
166
3519
4262
995
6711
5125
179
243
254
194
242
178
179
267
166
3105
1555
142
165
3680
160
136
132
186
133
146
3852
4100
1407
203
3225
140
175
141
140
2760
1484
204
1792
2536
206
2881
2893
164
1916
4091
3136
146
2711
2907
3949
3497
171
1356
227
1808
1990
1492
1566
207
190
3688
2453
3659
155
168
178
193
278
174
1654
2824
3720
1901
2853
3196
1431
1714
2588
138
162
158
172
193
3114
308
2129
168
222
157
167
219
181
170
239
173
1544
187
142
127
113
164
143
130
262
202
214
168
175
182
194
1832
111
92
110
119
11826
1831
174
138
255
173
167
273
265
276
241
1898
2683
1268
202
164
1967
183
3779
154
172
166
186
1359
162
1768
1970
1855
1473
5548
1815
233
242
242
8895
1816
2266
1462
1423
1991
215
280
231
250
275
10456
1390
1381
1786
244
255
306
245
270
5203
1736
1829
1200
276
178
123
140
157
280
159
115
73
83
102
111
172
101
79
105
86
174
87
95
111
125
1221
1436
62
75
96
105
182
8916
1716
10265
81
12340
1848
9379
9283
1685
8870
109
111
133
106
117
130
98
107
118
134
55
181
8062
8593
1633
9742
1666
87
1834
7716
121
9772
1902
1507
138
114
124
103
124
148
1505
54
65
180
107
83
113
106
1276
103
116
1207
1102
1121
132
101
127
104
1552
147
1905
2010
6442
193
1928
1216
1770
8682
1263
105
118
101
114
1916
1824
1642
1853
1324
89
160
86
74
43
74
116
227
1823
64
120
1612
104
101
110
103
58
85
110
2114
1695
1834
90
114
63
47
37
36
36
37
11285
51
9832
32
42
40
23
38
1452
5372
16
33
933
16
27
8
1708
79
10588
1153
1364
11613
49
46
43
63
37
1084
57
1857
83
1562
85
1842
94
57
44
32
25
26
33
32
33
6221
7331
29
36
10
1299
7330
7
55
7
1530
15
11
1398
21
2175
18
7286
11065
1338
24
1768
1330
28
1746
1244
44
52
58
75
51
70
1603
36
1628
30
42
51
89
70
44
1356
78
5122
1743
67
1444
7608
7741
6092
62
8572
7990
1760
58
57
56
37
50
59
68
37
97
49
42
66
1543
6571
4623
48
50
49
49
72
80
46
19
16
5513
6298
5616
2747
1779
1962
881
2120
5206
4972
33
31
46
111
36
2355
43
38
47
43
53
43
59
25
10
22
7
4848
11785
7348
6128
1997
38
21
9
7576
2334
5099
12276
2146
6259
38
25
1891
51
23
33
25
5635
30
2053
1895
11
19
16
14
5112
7687
1779
20
16
14
10
2107
2041
2059
1950
1989
60
26
24
10
72
2032
8
2150
43
9
36
4747
13
1989
16
31
1944
19
14
96
1721
4903
1612
12173
1492
1434
1370
27
36
45
26
1515
1974
41
1384
53
1982
49
76
56
50
55
57
67
56
72
67
69
1438
2237
59
69
94
64
48
2221
1405
1372
1921
1821
2052
1616
1565
114
1528
1533
114
84
77
1587
82
65
151
42
70
82
32
39
47
56
69
1700
46
53
143
162
2148
52
59
57
41
47
62
51
57
30
25
24
2061
2517
10796
2025
2459
10799
5321
45
31
1738
41
1938
4447
46
4002
4072
72
50
4238
4445
96
2044
4147
61
4535
4176
63
4185
4343
141
2015
101
5193
4662
136
12789
4256
66
4416
4597
4487
4210
4387
82
4510
4736
2221
133
4721
83
92
106
142
4672
1914
4593
4744
4314
1944
1905
4746
141
1905
4434
2032
138
170
105
105
4689
198
268
127
5517
145
4552
5353
132
143
12641
1831
5155
129
157
135
103
103
138
105
96
125
99
108
219
187
2296
2266
4735
90
81
76
2217
73
54
79
12
2218
2511
31
39
5379
85
1979
2106
2619
2447
101
1668
1975
5945
5862
2237
1940
105
98
1924
1832
2384
96
108
86
114
89
152
2461
128
108
129
1811
11175
159
198
1949
103
61
70
53
61
4544
1967
1976
4546
1921
1922
2270
10800
2001
111
8280
148
1542
59
66
64
62
79
50
1770
29
121
31
5186
5100
101
73
1959
1856
2174
64
1889
1940
80
10997
7936
2918
91
2737
165
87
76
76
1891
1909
184
144
2162
140
189
168
181
169
1949
120
134
12670
187
5031
94
207
162
2240
4629
147
207
170
133
2473
2463
5122
7016
5126
146
127
2487
5256
157
2151
179
8534
179
162
139
151
3165
4809
3381
163
2879
2933
1791
261
5595
2696
11506
2684
139
153
176
213
242
5453
5368
202
2269
3023
166
159
8393
4727
151
146
14399
170
310
268
2420
173
11559
2944
250
151
168
2917
165
152
169
141
140
6251
139
127
147
228
164
197
9502
165
9841
182
98
118
3174
13246
2830
13043
170
3266
5527
6006
227
193
185
279
15856
16371
11168
155
174
170
108
77
61
60
79
79
89
94
101
270
113
92
9142
171
155
140
57
51
62
11762
6481
67
75
82
12682
80
9388
8841
116
8599
10165
89
11890
100
88
3203
3068
110
102
138
3133
114
3076
103
3132
117
3276
136
3114
3518
159
3310
142
3066
73
65
60
61
3456
61
64
46
75
74
72
7020
13901
138
13097
136
148
105
3308
67
3546
46
47
68
2968
3975
9565
94
91
2964
2948
3026
4082
2762
133
147
146
134
148
228
135
3746
3248
2949
90
71
2949
83
119
90
95
136
3880
3389
2896
3429
4322
155
155
120
161
55
201
71
80
73
76
78
89
3466
102
82
156
79
3397
81
111
3656
106
106
2997
71
3354
7443
138
15215
3378
3096
155
184
3458
3353
203
127
132
96
136
136
3079
137
4423
81
3906
86
105
3731
80
79
74
82
77
102
3169
16965
79
3266
114
4399
3108
124
9501
7162
3097
128
91
80
81
77
73
65
99
152
2914
10808
2908
4384
3336
3651
2939
3075
176
152
80
3445
91
4480
3489
84
92
3305
140
12468
161
153
11312
10861
142
114
113
134
2175
209
153
3384
3463
7760
4886
12076
8480
10608
246
192
149
178
109
146
163
161
9872
10034
146
158
162
88
158
128
144
144
14219
10853
12925
10349
7931
9831
10430
174
187
197
150
159
174
8217
9377
8152
105
10393
171
170
147
7687
152
155
3841
162
2559
7483
187
181
177
3610
221
172
170
148
171
220
10477
165
3908
8262
224
185
3659
234
235
3508
3408
3527
107
120
248
165
134
169
147
139
138
146
3881
121
135
67
3848
99
207
207
92
122
124
3544
68
76
3414
35
43
143
3750
3962
3877
3836
3466
3944
3835
58
8251
80
88
61
69
85
76
30
71
30
38
23
2872
3639
4159
19718
3484
3738
3535
3576
3071
144
142
8012
8441
4128
4173
8704
10424
3614
89
11463
8678
3900
3052
165
3229
4110
15468
10815
100
100
11397
230
178
188
121
127
110
128
125
123
178
159
4487
4199
4494
4063
188
164
203
3802
202
169
4249
177
215
10762
205
240
14110
216
238
12413
179
261
286
3826
145
4257
4218
3250
4245
10774
11386
8649
8915
8360
12708
207
3786
3294
3888
4273
8832
213
11812
185
203
217
237
303
10872
273
352
2810
2942
176
256
386
364
396
395
213
229
3959
385
8151
3610
194
220
233
275
337
337
256
194
209
9029
4115
248
178
354
198
207
224
4039
3272
211
308
323
318
366
1211
165
199
4371
208
219
281
3240
244
208
3886
250
196
204
240
167
305
183
191
189
3969
9354
3415
212
220
3366
234
241
248
268
3869
9214
9798
12272
3942
3365
3959
7986
379
342
282
246
5041
352
346
256
355
210
156
190
221
224
169
186
139
146
177
235
160
109
117
3590
272
256
130
115
222
115
134
86
111
165
90
80
55
48
8644
9654
43
75
125
4230
52
3842
3908
30
4154
28
35
51
30
15
5174
19
24
37
7
9897
21
13
10
16479
3771
14
38
25
4568
10348
9
4312
9512
15662
4266
5457
31
34
5164
19
44
40
4346
4116
60
3956
91
74
57
75
64
65
131
4789
9384
9282
4789
78
77
4205
4056
57
82
12533
71
108
9509
9178
4315
95
4020
132
118
3080
3042
87
104
103
4461
4379
3803
5334
125
4499
9568
5367
4521
4120
3852
76
110
3868
183
103
3651
10116
3704
115
4381
4377
97
9446
155
128
5224
4389
4109
4523
3594
3819
173
8979
172
158
188
9647
3160
3180
3373
162
178
186
197
221
152
162
170
200
234
245
108
126
133
157
197
3408
214
181
9605
158
134
13156
9848
119
159
160
146
156
147
169
129
184
114
107
94
129
136
101
156
121
139
166
135
160
189
152
146
4056
4246
3565
9922
146
3607
3446
9963
3574
3160
4537
4533
144
3218
250
4610
4036
4761
164
172
199
4440
5086
264
302
4007
212
3172
207
4878
4790
4003
4701
3249
227
251
228
4656
240
5334
4499
4695
4862
170
240
268
268
162
176
344
115
129
293
135
4674
195
4974
206
4798
161
117
104
122
202
181
78
201
137
223
340
4486
144
94
122
56
84
91
160
4874
62
62
80
51
97
92
4874
91
17
56
21
5677
28
339
31
23
45
4984
5058
5646
58
4639
5303
11101
4419
10931
4946
105
100
60
5165
54
38
46
100
136
50
48
5122
32
39
18
107
43
83
53
39
23
42
4632
271
4094
100
11176
3593
3725
3620
133
4270
3698
11378
3510
3732
3911
5633
11281
3762
4188
10996
11696
4080
3510
3526
3529
215
4374
4937
4092
9432
220
232
3492
196
231
3837
9993
10947
4966
4369
3488
10617
11510
11144
188
243
244
238
3693
11438
3847
5721
194
206
214
226
238
250
163
287
166
163
191
176
203
4596
5142
159
180
163
5532
179
5806
204
5725
4846
4749
280
281
272
4908
4984
4757
545
4544
11744
10641
319
336
323
386
319
341
356
378
10986
285
315
337
348
392
3888
4259
128
304
11748
3878
412
4377
158
164
337
356
11215
141
408
194
3870
321
12005
11699
180
220
287
4371
244
187
170
179
165
11356
3984
226
156
189
3680
397
578
406
171
218
205
199
587
586
183
12325
3195
540
206
568
137
158
170
178
4220
208
218
241
255
4140
158
172
184
11177
4130
11558
4545
163
4743
364
233
4261
197
159
189
197
3945
4376
155
168
181
200
240
11282
11293
4270
209
4107
4306
184
194
211
220
233
248
256
264
295
213
3318
11090
3624
4080
242
274
3580
324
208
235
4009
159
171
4193
10950
368
3814
205
243
3620
3741
262
3173
5032
165
193
220
3816
11875
10967
3202
5117
225
215
212
212
203
543
254
222
238
3349
181
189
214
236
246
156
185
12770
247
4810
11946
245
346
202
4980
326
3748
13115
259
346
228
227
153
172
3319
218
4982
12299
4324
176
154
179
179
13100
11944
133
132
173
12991
3188
157
142
152
160
221
146
166
137
172
140
185
152
135
118
127
150
110
132
148
216
79
105
63
12852
5259
3698
11502
3710
3575
3751
2902
12292
3723
4948
2846
3809
186
3787
3154
161
215
2852
121
191
193
3824
11762
134
12839
141
3737
3941
107
120
137
147
2855
112
120
134
184
2881
11379
3791
3971
4285
3828
3975
4021
141
138
159
189
3068
4127
3066
3325
3020
137
149
218
182
89
102
102
130
149
190
2954
161
197
142
120
128
121
135
208
95
128
128
144
162
172
140
3288
96
134
96
104
12878
170
3066
83
108
86
4251
172
11998
169
2993
176
3227
99
3339
176
3412
12108
5391
126
135
131
11913
3546
3318
3485
3155
3055
12074
173
183
193
209
11750
392
13043
122
3757
86
88
88
269
225
184
220
3203
3711
221
234
3875
240
259
295
120
3762
5188
3202
3875
3265
3912
152
3073
166
176
184
198
273
4219
11608
3959
5016
178
178
192
207
3338
3074
3256
462
3944
265
276
244
248
246
241
269
288
3474
5411
286
5017
273
243
252
261
268
249
2666
258
252
230
326
305
4887
2552
5087
5170
387
205
235
257
2730
3112
11955
4398
2553
311
369
11218
12273
211
222
233
391
257
211
233
364
4441
324
253
233
5372
2457
5605
5988
5662
5340
4683
285
5566
253
273
226
3952
248
257
266
428
367
279
261
270
210
262
272
5328
386
315
206
6712
5231
408
3022
7066
5232
2914
232
270
215
213
228
350
204
4212
325
328
245
185
155
332
333
377
153
161
331
353
319
264
120
277
231
239
240
133
250
142
134
113
134
141
107
116
129
97
216
108
123
146
203
94
90
3872
91
13234
12816
97
3928
3216
114
3272
3319
3255
60
13265
24
40
48
80
33
41
3665
38
61
59
54
55
54
14
3751
3278
11
2822
13
3505
3863
3379
30
3172
33
12266
32
4027
3226
16
27
35
46
2472
2781
34
34
2219
2218
35
43
54
36
47
49
25
69
29
44
38
30
4443
14
4055
3341
4100
3949
3542
18
38
4082
3610
3610
4123
44
3384
56
41
38
35
37
70
33
30
21
76
3229
10
7
3008
3848
10
12995
3063
24
2941
54
48
4874
3841
3182
28
78
29
57
41
49
57
16
19
90
6
4102
3571
4025
3874
4583
4188
4351
4872
69
41
3211
4877
64
57
4706
51
3471
38
27
75
91
78
2935
46
61
47
14314
63
59
4343
30
68
2963
3525
3111
3153
12007
11859
3076
3653
4581
179
12844
190
13401
12730
3718
3566
4051
4595
4534
196
3306
4219
5167
4935
4859
132
133
117
125
133
5337
155
123
136
3975
3931
169
3200
4288
4002
167
4257
4654
122
3167
12426
221
4323
56
187
124
213
5530
150
211
5589
90
90
72
92
78
74
5709
64
76
5217
126
77
108
138
70
324
383
89
56
68
82
44
103
50
67
58
4069
54
3611
65
3254
4500
4592
3707
13769
4123
3278
4852
3724
4237
4539
4586
4399
3231
3578
3645
106
13407
13059
3702
123
6023
3410
3524
146
96
104
122
93
5779
3822
14053
55
85
93
65
56
47
60
70
119
75
70
62
96
41
39
282
102
23
45
17
12918
5019
3498
3974
53
44
4963
45
39
107
37
60
22
4043
59
4079
4113
3540
5348
5035
3114
11726
3629
72
5148
91
91
62
4606
78
90
57
4976
5599
44
3215
50
96
5153
3786
109
113
147
103
115
4255
5612
6091
6569
4551
178
166
76
194
105
77
53
55
32
44
3870
123
4572
130
127
4093
133
43
35
4560
52
49
51
5309
3151
13492
83
104
3993
123
3763
3312
4193
3291
4128
31
3339
61
80
94
4554
139
4490
5241
3417
3856
3439
88
3424
3386
3401
3786
4554
5534
153
105
159
157
137
4681
75
3533
105
157
124
245
118
213
169
220
221
177
168
5312
140
100
159
170
5794
147
64
4829
139
154
86
123
144
4113
79
90
12328
104
112
4388
6024
89
90
5540
4351
3786
3984
5410
103
113
130
3699
112
6623
126
12872
4895
5038
4651
152
160
4715
118
156
169
116
4115
4123
12596
219
5173
228
4887
230
236
149
4019
11547
219
4059
4304
4655
140
151
159
3964
135
152
188
5185
159
150
104
117
244
130
115
107
95
128
116
165
100
100
110
99
112
92
163
91
13296
85
182
5190
110
174
4982
4331
154
13096
121
4058
78
115
4183
4492
4556
75
4687
116
132
5007
120
108
115
126
42
54
30
46
22
185
32
31
10
12224
8
4917
5103
5485
37
4020
5170
52
45
5259
27
67
29
18062
5638
41
13490
47
4282
41
28
99
40
4429
69
44
34
59
41
19
17
11406
57
4663
3844
5702
4563
30
71
32
3982
4664
4213
4720
3999
5433
3926
101
4203
3412
4000
93
99
3358
3710
173
172
112
124
110
181
130
144
116
219
205
136
3125
116
4666
5149
4961
5547
5433
121
116
3522
128
136
143
157
106
117
123
3648
154
109
124
3463
4958
3687
5107
5277
5271
3750
4714
151
204
152
115
141
257
198
123
264
113
250
257
207
112
67
83
96
103
39
47
56
81
97
51
221
20
41
9
5162
5103
5582
5148
4372
3984
6
6
45
8
5634
5487
12102
83
25
9
12694
4122
16
18
24
23
15165
45
38
18
17
25
4506
19436
45
38
4330
56
11595
25
12327
17
15
4886
29
4163
4513
74
11581
4097
4219
12443
12674
29
39
82
90
104
124
42
42
30
47
30
38
4221
87
4821
14154
4365
4657
3847
4219
3761
122
4095
4035
4085
3673
4268
126
4907
79
89
156
111
90
93
81
94
102
68
76
83
98
107
57
71
110
60
3869
1259
3939
83
48
57
65
75
87
94
68
2985
104
100
108
63
136
4131
25
19
6
11
6
67
9
11
8
5290
5481
4090
9
6285
4179
12
48
28
4222
9
16
16
8
5058
5164
11421
38
16
4466
27
23
76
4363
4426
39
12767
36
45
7021
4737
5055
6308
4678
6819
6615
4223
115
122
4467
4367
12859
12940
5296
6651
5066
4492
141
156
167
12152
4770
6528
122
122
13006
106
135
133
146
155
4747
196
6962
63
4998
13785
11839
131
142
5506
6820
13141
189
105
14811
11965
106
102
144
160
142
14034
159
11938
101
143
136
12087
127
183
11923
11230
13984
217
4333
4303
100
12534
105
13196
4371
4190
4372
4198
4398
135
174
13013
4337
108
121
132
143
13326
4393
175
205
178
384
145
158
146
154
141
149
4131
117
138
150
159
199
76
86
123
60
67
110
73
128
106
122
118
99
118
4293
87
6150
79
4348
4346
82
4157
28
35
6744
22
105
27
28
38
21
30
4345
18
11
15
25
4300
4453
12602
15005
4541
21
27
4120
21
30
4117
23
33
4323
38
40
45
5421
53
10764
42
59
33
3802
3954
45
46
13003
22
38
37
60
29
36
47
24
28
13200
34
4120
4585
20
3942
46
20
48
5075
31
30
42
5544
5213
5275
5489
5002
76
5036
9
4101
9
7
4065
7
5115
10
11026
8
39
10986
25
24
12854
5756
254
33
39
11093
5180
11354
32
3659
5714
3923
47
13508
12021
70
68
67
50
125
13640
5064
69
95
6050
128
59
80
80
11552
130
92
118
54
5497
4207
63
52
76
6112
105
91
128
127
101
43
42
40
5353
63
4408
5381
4140
30
5624
40
57
34
23
30
28
46
4270
6348
4272
6338
11930
27
4211
4326
6336
6397
4604
4331
4362
64
39
55
69
47
5846
5558
6438
13213
67
64
70
13010
64
77
96
53
117
87
60
90
68
5991
5671
6001
91
66
77
92
12937
64
4812
103
6042
58
65
59
59
88
46
65
5886
12147
4373
16
21
4249
41
29
15
13
4240
20
15
22
11558
21
19
26
4947
33
7
40
54
13
20
4220
7
7
4513
6
6
13649
52
11
11
5477
13586
4408
16
9
4446
5443
33
19
4263
4718
6234
36
35
4322
32
4363
5377
5401
43
59
59
12873
4256
5755
100
12627
6245
5776
13167
55
11544
4301
92
105
5868
14210
13851
11959
13003
93
5889
6254
4149
4267
86
5601
109
117
74
81
114
112
91
4825
116
5459
5695
12434
147
13836
13152
5727
6121
198
4647
4928
112
153
204
211
4601
122
244
236
238
4811
6109
13420
139
141
5714
13549
14325
280
4728
14408
4848
4718
4973
184
272
12426
4458
4707
4463
163
191
209
226
176
269
155
154
172
229
319
175
193
169
5009
152
154
186
4905
5078
229
5062
242
181
217
92
227
177
11822
5094
113
5432
12681
12540
147
13099
4556
247
347
4885
14418
5271
179
211
249
259
235
6678
223
107
134
145
171
178
216
4686
179
152
127
5379
125
5442
11874
102
11850
87
108
4793
88
404
97
81
82
49
114
99
65
63
5623
47
38
4679
6428
18
21
4978
4623
20
28
16
15
10
4654
4992
4715
16
15
4724
65
4395
4874
15
4783
4440
4629
4474
4614
91
12675
13950
4354
12176
12161
86
4239
84
47
55
66
62
94
57
65
5105
4895
85
51
52
68
101
83
4807
94
102
62
5654
14038
10875
5248
11645
91
97
132
4681
131
89
141
4680
117
92
73
92
11389
11614
84
117
94
94
146
104
96
70
69
5390
46
79
57
91
11249
77
51
11794
163
17
14
141
16
34
15
5618
13088
18
4551
4424
10
4558
12365
5702
12880
5584
34
5377
4845
5358
46
48
46
34
44
57
36
72
83
40
13
13
5330
4648
5138
4392
10823
12212
13130
47
22
44
120
39
12678
4660
11702
71
68
5480
93
74
72
5282
86
134
94
95
120
5176
4943
83
92
128
145
12281
4894
4563
4371
5134
65
11285
6082
6051
92
11878
12333
95
4100
4834
12885
171
209
189
13284
5526
5238
198
4842
4451
4340
231
12104
12063
12482
212
240
283
12759
12884
12489
189
4567
245
5669
5755
5054
12195
12810
5478
205
1929
11771
332
5907
5906
5814
385
4506
5013
224
254
5991
203
211
222
238
249
280
11336
5995
4642
198
206
214
222
230
237
11782
367
382
4617
282
302
313
186
205
212
5750
11389
348
176
316
152
755
175
268
198
195
219
367
5776
5507
5887
5836
4662
12667
4887
4722
4735
13034
336
397
4608
4522
4551
12750
3898
387
415
341
355
361
382
400
416
4553
4393
13717
10232
6162
12663
13895
13418
366
399
482
559
4354
4264
4603
4227
4296
10929
309
327
356
416
499
506
9965
4278
5126
10275
3862
307
314
324
351
408
437
4261
10715
3668
335
2350
478
5010
13106
13148
460
5672
4994
360
369
455
344
357
373
3805
3580
5773
348
410
433
5094
3583
13155
318
349
356
375
384
583
594
600
600
296
304
322
355
356
348
632
534
11714
480
548
318
381
508
4948
4019
4081
4186
303
310
4375
10764
4192
324
386
312
505
398
515
363
272
281
288
311
335
345
450
494
4440
241
282
289
297
365
334
307
4387
216
240
255
262
270
276
208
425
4033
290
14092
257
254
442
360
432
434
315
323
362
4242
11909
4659
316
337
349
283
469
4325
5883
10625
12964
5015
484
4115
432
434
4176
306
504
458
305
369
440
398
4859
12098
416
10321
359
178
185
209
221
229
4366
247
216
4092
383
6117
229
6106
159
178
199
206
215
222
230
250
257
182
194
229
262
12989
10904
327
4378
4186
4211
158
179
193
201
346
146
221
189
6186
150
184
230
189
181
6092
12807
168
175
183
139
150
171
189
139
214
4146
4282
210
145
187
4147
6137
4308
142
143
4441
6148
146
128
140
4518
141
168
158
137
121
160
13457
4418
4857
113
134
181
120
4337
108
77
64
43
56
78
49
57
79
37
5602
66
5139
5622
38
6446
46
11464
38
5422
18
20
61
11506
4395
11653
46
73
46
40
25
11706
30
99
26
26
12669
6021
43
4329
70
4663
5915
14100
6166
11389
4374
53
50
4372
50
47
40
66
50
4327
47
65
51
59
54
39
38
46
12187
46
54
4321
78
4706
79
4344
4345
10807
4653
4317
4107
128
4165
59
80
47
105
101
4436
67
161
60
68
76
60
57
53
52
47
55
47
55
82
5607
58
56
110
58
4249
58
12505
81
5379
4373
81
75
76
56
92
4107
4103
94
11935
98
3953
13478
3951
81
90
59
5208
91
64
72
54
66
73
65
4251
60
12684
5870
84
3986
12707
10702
87
81
74
4044
104
96
173
6469
5826
127
115
69
99
129
52
65
61
83
70
12626
134
12168
127
118
4637
111
11801
108
82
4238
13585
12830
113
95
101
79
67
54
4803
58
4350
106
6516
6212
85
4286
100
104
6260
108
89
136
79
9347
99
92
83
5855
84
135
5863
85
75
99
10809
92
68
10771
13444
93
9471
5719
4264
15252
4153
190
199
4362
178
5939
11415
5685
5842
268
242
12332
285
303
326
339
221
5343
4380
263
13034
5731
266
255
272
292
308
275
4016
5962
5209
207
203
211
5468
245
5614
4224
4232
4212
252
4240
4077
221
231
271
300
216
229
243
227
250
234
290
286
214
224
231
261
276
282
213
151
210
163
143
167
282
288
155
174
214
173
119
126
120
199
4330
144
4433
149
11790
152
147
182
172
164
181
166
165
167
4328
194
164
113
124
204
139
11892
4234
5124
142
142
12031
148
121
133
129
152
130
130
123
131
115
108
100
100
5313
138
4592
6021
161
5865
4448
242
240
247
14353
247
4511
4388
280
10556
278
4551
4580
4343
12414
346
211
221
4418
4673
4371
260
4869
213
283
4908
239
222
5196
163
170
254
135
162
4515
4503
4693
159
160
250
212
298
176
171
120
134
190
4988
5066
110
226
235
264
108
119
238
196
4689
4689
123
118
128
213
154
117
176
134
126
110
122
6121
131
171
117
128
145
154
135
187
147
123
215
4584
131
4580
4728
227
146
146
4877
4760
140
133
132
115
157
131
109
99
108
204
104
140
4770
137
197
180
172
151
185
172
194
144
160
178
76
13399
104
6047
79
4909
10975
92
84
98
83
9808
139
4949
5042
92
128
8931
11150
151
122
10822
143
5120
4966
6135
134
169
147
196
148
200
132
115
123
146
154
116
108
121
105
117
164
5989
5150
128
117
94
5199
15140
128
5126
102
109
5233
165
6024
5150
7082
175
6152
5931
4720
5233
5218
6013
6915
213
5286
182
5462
6207
156
166
12381
6755
5284
160
169
219
5216
172
5251
286
5370
180
152
141
6164
14984
6976
178
162
197
5456
7311
170
199
160
5405
5261
188
6036
5625
166
176
186
198
5291
279
292
324
185
202
5003
5039
296
302
265
148
156
122
147
194
263
160
229
12898
6184
164
213
5401
161
175
5124
150
158
172
181
5497
187
245
246
169
183
193
266
190
5579
184
165
172
225
166
203
203
238
154
204
181
256
183
222
310
4746
258
6705
259
184
170
90
187
141
6737
12376
5006
5432
6655
4973
6618
101
6782
228
211
13910
288
5109
101
109
127
13474
172
143
139
186
6576
6583
12453
5825
13517
179
12561
6118
200
13545
6997
11321
208
5815
226
5557
273
189
257
10589
5686
189
11006
176
191
13426
5663
5731
196
171
204
183
265
261
199
5282
5268
5690
186
159
166
193
228
5521
5556
5354
5605
214
5388
219
236
215
217
227
5178
153
153
141
140
160
147
255
185
305
303
304
6244
189
209
205
199
206
217
203
198
178
6300
190
186
267
278
208
330
257
257
267
178
247
316
237
173
209
243
252
244
211
187
6489
142
200
11483
212
6719
11941
239
253
5213
5254
5175
270
160
5268
12929
12458
180
165
5991
7239
5177
5090
189
5145
5554
5172
189
198
207
219
231
6053
6044
164
184
220
6078
209
160
137
6140
111
217
201
126
138
231
203
198
5923
226
6233
159
161
135
151
196
195
198
144
161
226
7374
7331
6074
5383
119
130
137
146
156
6229
185
159
5346
217
174
166
6299
212
159
188
150
193
163
105
122
187
274
115
82
46
124
171
156
72
80
126
197
155
97
14829
92
94
122
136
87
97
149
112
122
127
110
44
56
112
7842
195
102
138
152
64
87
80
90
77
12812
94
10964
7822
98
97
107
108
73
14999
71
68
69
151
59
107
79
76
96
6788
97
67
6833
5721
5635
73
59
47
91
31
163
48
37
75
55
114
61
48
56
77
73
6875
6106
7031
5852
5841
144
146
146
7070
211
174
6996
102
5931
8220
7734
8420
101
110
5824
146
5755
193
15370
13451
6017
8018
15059
210
178
169
177
160
6003
5906
5776
128
6190
172
94
104
6136
117
129
211
231
112
5814
220
116
127
134
13372
97
122
5846
5900
145
143
107
115
131
15226
7154
15124
100
118
127
139
160
5763
5933
13890
148
7021
171
179
153
174
190
8120
6000
101
113
121
150
142
139
170
223
214
197
210
115
288
101
102
146
126
133
59
74
84
103
111
140
147
81
68
81
93
100
71
61
44
53
6173
85
5875
23
118
26
44
17
24
41
7389
5791
5586
5986
77
18
5615
32
17
24
33
41
5999
5731
33
33
29
25
30
11
6202
14
12
9
17
6
4183
22
6
8
5975
17
14934
10
5654
22
5553
5619
5641
5770
16207
5580
5811
5818
86
16408
5886
5798
5672
60
60
57
102
101
5757
7802
60
5459
118
5926
65
81
79
80
96
5979
5452
95
95
95
80
88
95
107
74
87
95
54
65
75
90
98
119
113
68
88
84
92
58
71
74
52
77
51
43
84
19
19
6
13
9
32
15
25
5707
7675
15
21
14
59
11861
7652
15
6112
38
26
5854
12
23
13
31
30
17
16
5894
6416
17
28
26
20
38
32
7776
5940
7723
34
25
59
7666
32
61
10
7738
15
56
15
7773
5990
5891
6045
5929
34
7981
26
7866
13793
67
6057
5975
46
59
57
14714
123
108
127
14414
5779
132
5712
137
150
162
170
16420
86
15342
97
105
59
76
90
90
5498
107
124
7876
7181
69
77
97
105
5879
5485
6119
8167
94
107
122
86
77
84
101
145
7779
15452
195
113
8024
15003
16602
16663
13928
5686
188
5618
6184
5956
5658
5643
157
165
5801
119
91
101
112
175
75
88
88
107
7524
112
94
116
108
121
136
101
109
5682
139
98
15027
97
5794
7581
5979
116
116
110
107
108
53
61
44
55
167
178
46
37
44
30
46
65
47
46
51
27
14
99
24
8563
13519
15
20
7781
5852
5910
15720
55
8023
53
64
73
33
43
16093
67
116
52
62
7854
6004
6058
7478
5979
5803
5781
13747
5780
5970
13139
7592
7246
151
5752
151
118
127
158
98
119
100
5533
96
105
128
201
108
90
186
7699
89
7789
5748
7956
7612
5758
5652
99
111
127
139
147
155
170
178
191
8187
230
134
183
8042
226
7832
162
142
225
140
16300
156
16059
13033
138
187
97
117
127
184
103
110
203
102
135
187
95
108
127
171
201
179
224
12977
107
155
5679
83
139
14331
120
5763
16301
15645
125
125
126
129
114
123
141
114
225
10302
7177
119
127
145
10342
5638
184
151
103
3813
197
77
101
160
76
76
142
158
65
109
203
73
52
144
5771
93
6041
5777
6139
6098
14292
131
149
6032
5628
7657
191
6107
5822
94
68
68
6223
5639
109
142
154
99
375
5716
190
95
111
108
134
93
108
142
93
101
109
119
132
73
86
97
63
74
7978
98
131
78
52
116
47
78
67
94
45
46
37
7715
7582
8482
64
67
13
31
9
12
5
16
6
8579
31
6136
8108
14
8140
6112
29
8266
59
76
5895
8080
37
45
6135
40
24
47
60
32
8220
22
38
94
19
8077
68
63
6165
46
5975
