13
8
56
10
7
17
44
5
129
103
14
8
6
70
118
55
44
10
15
8
24
26
83
113
123
64
20
48
48
130
139
98
111
31
28
98
134
130
179
156
120
72
121
70
60
69
107
89
94
138
191
126
120
128
137
88
55
42
38
45
90
128
128
126
128
178
236
169
226
119
63
24
207
190
24
218
229
28
55
28
69
78
113
95
65
18
62
235
261
65
25
34
55
30
67
144
45
34
330
33
21
19
378
115
30
124
161
34
422
61
125
61
64
53
48
323
63
478
64
217
64
278
47
30
32
66
107
114
150
186
91
288
49
50
51
58
272
58
239
75
283
146
402
128
313
111
101
126
249
311
65
249
66
35
62
78
73
128
38
111
50
62
59
169
68
72
70
77
146
65
94
169
176
254
151
169
140
304
212
224
140
55
282
293
251
47
81
274
334
74
78
135
71
99
102
54
89
134
40
163
84
58
54
68
54
67
123
134
68
64
83
264
152
156
144
132
143
142
141
142
126
493
394
350
170
124
110
114
108
241
145
122
107
128
96
107
116
33
74
106
113
202
211
382
95
101
138
161
170
184
169
150
223
438
236
131
166
153
166
184
163
157
140
170
322
370
156
167
176
169
170
371
289
155
143
165
147
197
114
132
123
147
170
227
160
228
179
240
316
290
300
238
436
370
235
236
331
246
252
212
423
242
370
72
116
117
63
174
104
122
130
94
92
107
170
472
339
122
108
108
122
86
97
245
167
169
77
445
344
139
116
152
126
99
114
138
137
151
83
121
132
75
114
191
258
239
72
83
210
620
250
445
349
495
136
237
145
188
195
248
309
164
173
149
109
164
181
169
65
79
61
131
142
90
69
104
128
60
71
71
88
109
64
65
84
294
373
380
390
143
149
282
164
443
209
267
552
512
228
177
238
233
169
154
240
126
183
303
127
307
150
104
135
135
98
403
142
88
413
125
112
118
402
100
389
138
469
109
343
283
249
119
480
254
346
393
92
156
166
148
90
97
301
203
172
142
52
160
68
87
95
107
89
79
148
88
53
105
119
87
109
92
254
431
142
195
208
150
146
271
298
352
346
184
168
96
204
258
265
177
109
112
101
112
121
172
335
163
131
357
366
167
419
301
85
101
103
171
355
188
372
288
65
292
275
376
141
171
501
119
102
160
113
334
151
443
327
307
338
154
256
141
152
162
95
114
127
127
146
163
174
74
81
231
246
243
171
423
317
388
148
84
103
103
213
101
186
250
119
128
112
303
364
125
134
84
94
401
187
191
114
147
132
228
206
76
305
277
162
248
212
153
454
278
353
106
116
367
116
171
341
420
392
446
416
447
193
189
190
193
174
162
165
134
135
138
183
291
162
446
433
294
189
311
297
403
140
149
166
626
181
77
85
255
117
166
410
95
406
128
475
481
481
167
783
181
828
827
426
83
111
290
165
180
189
198
215
99
399
107
237
255
262
257
226
108
104
392
427
471
105
106
113
144
110
104
291
177
88
88
517
535
189
198
497
395
459
211
151
491
374
131
144
135
213
157
148
156
244
367
315
421
327
375
148
160
148
183
147
139
161
238
84
205
251
83
95
253
282
435
226
134
192
451
472
207
473
413
509
181
153
187
150
490
123
167
179
157
153
237
119
126
154
136
154
168
219
171
229
344
200
461
226
162
159
546
479
231
442
138
634
414
367
152
155
120
108
282
102
491
491
61
73
84
92
105
112
148
104
94
64
76
104
59
106
89
116
424
757
238
70
94
87
657
528
490
635
567
86
549
366
365
972
505
217
114
589
695
367
634
240
99
121
504
291
109
402
302
522
283
404
577
171
436
145
196
226
117
117
142
200
207
362
284
182
133
441
144
173
191
172
155
177
239
430
192
970
161
177
194
924
424
870
342
595
180
192
205
596
431
192
187
203
201
172
275
143
153
392
151
207
403
142
152
166
191
149
246
154
170
151
158
187
241
298
139
190
136
152
236
237
237
160
256
184
136
147
155
165
252
252
592
227
293
252
288
181
428
601
167
252
244
167
140
168
171
448
355
439
484
678
159
169
124
218
497
263
145
274
642
285
559
267
653
232
383
236
143
168
167
166
436
272
225
440
512
519
526
172
180
227
144
644
465
632
160
411
418
125
153
703
163
170
178
572
193
147
157
426
534
533
488
365
229
660
166
474
267
448
302
329
208
217
117
209
160
180
141
188
436
128
148
181
320
144
159
456
389
154
163
114
140
147
154
162
169
240
240
363
233
122
107
127
499
266
261
171
239
169
357
162
562
233
274
269
588
646
720
717
686
192
181
188
295
455
216
204
204
243
213
229
184
204
524
409
236
192
206
264
362
354
185
330
341
193
204
345
259
335
472
703
217
655
716
637
198
272
697
289
724
109
117
132
155
364
157
122
168
197
96
114
445
687
684
626
591
481
493
662
728
751
205
220
719
269
332
225
505
235
123
481
226
187
749
136
136
135
258
802
395
867
163
175
470
877
735
810
222
518
890
626
186
205
214
222
239
985
974
329
194
178
825
199
453
250
209
340
216
337
338
248
186
206
226
454
239
210
217
180
206
226
549
546
276
473
557
519
533
533
205
228
280
319
348
189
289
184
199
175
281
547
546
535
141
168
175
190
262
725
551
343
335
337
171
178
202
326
570
343
161
168
184
192
200
207
336
306
222
482
138
164
181
306
230
150
157
506
267
509
189
180
508
552
248
425
651
188
653
187
194
515
241
240
251
212
244
198
198
139
178
199
211
243
125
133
754
408
324
306
184
154
128
265
321
228
201
238
315
488
436
187
827
242
191
142
142
170
169
207
438
152
153
201
793
276
918
278
308
248
760
139
152
167
477
493
548
556
162
380
795
245
550
531
606
982
502
369
172
185
432
473
481
491
245
259
469
243
209
176
129
145
154
172
253
129
185
156
155
154
154
145
298
282
134
108
115
137
341
315
186
195
191
250
192
141
202
379
160
167
202
747
330
234
171
709
481
524
150
158
165
174
903
541
178
667
337
151
174
140
170
156
157
172
154
167
329
329
933
971
229
919
202
751
470
573
584
234
239
276
889
448
254
296
237
248
322
215
266
211
205
571
318
401
331
202
173
174
570
166
607
186
140
279
271
261
293
165
594
406
464
411
446
479
633
445
560
443
214
210
434
272
651
534
579
438
219
232
230
295
337
670
320
468
549
234
253
740
849
746
277
781
888
384
825
268
263
263
554
278
400
718
189
202
241
256
292
320
635
642
225
302
271
194
209
219
307
175
224
160
192
258
218
199
185
182
202
708
299
295
491
216
185
738
737
513
203
317
744
745
192
342
544
419
785
335
234
274
232
240
210
786
231
192
215
237
153
165
279
300
737
160
184
520
291
338
313
407
630
316
775
972
780
346
601
275
680
924
679
913
817
704
137
155
173
183
744
355
302
1051
1043
1061
500
321
492
376
694
214
139
154
163
175
593
678
382
1057
806
450
206
892
773
691
975
678
200
209
221
229
239
251
1152
286
549
997
468
182
190
218
226
233
254
261
283
771
170
179
194
206
339
225
148
465
894
496
485
551
293
294
303
173
212
1235
788
1268
555
251
575
473
218
193
207
215
223
958
274
259
218
228
314
228
1025
268
164
200
191
186
186
221
244
194
168
186
200
207
1001
547
491
568
197
276
500
323
330
360
168
213
224
253
338
338
550
311
322
262
592
376
374
697
219
205
204
287
643
742
557
290
300
300
209
215
226
368
317
569
275
350
305
295
310
282
298
393
407
436
690
690
300
307
383
703
703
305
316
323
329
350
305
453
315
259
266
284
295
479
447
619
264
408
415
411
520
480
640
485
416
255
913
299
313
326
490
851
947
440
266
268
280
291
304
248
321
915
723
883
843
236
228
396
402
768
476
865
849
934
811
608
938
341
338
957
331
553
298
976
1040
948
821
923
265
284
321
881
947
197
205
272
338
867
400
420
233
418
428
373
413
667
440
712
428
176
206
218
226
437
699
440
563
393
524
750
662
1096
884
638
256
302
760
213
247
262
280
290
1111
1131
1241
904
772
337
364
205
218
255
334
910
954
632
305
322
354
886
185
229
255
265
748
327
638
421
399
407
996
397
305
255
262
867
272
269
298
554
376
500
534
865
1039
1060
1048
331
323
322
612
373
352
337
330
322
320
319
319
314
324
319
1007
1083
1072
1085
775
360
353
413
431
346
340
337
313
311
540
565
789
788
727
770
766
768
501
436
529
581
783
469
430
424
398
402
607
535
547
502
422
314
323
316
335
505
413
370
377
272
292
298
306
283
625
856
582
633
599
644
645
293
353
361
376
516
816
984
785
1077
611
895
622
422
285
341
911
947
937
598
936
375
355
501
520
515
532
945
942
1016
352
358
482
893
948
1258
1291
1205
1096
1030
1043
1017
385
341
379
376
376
364
365
1329
322
334
508
431
296
303
365
1033
335
412
431
569
971
474
502
808
607
810
200
259
275
879
1004
1004
806
516
330
270
270
255
263
270
377
415
1053
515
332
255
291
260
578
435
298
249
256
215
254
810
398
315
259
257
304
804
796
256
263
281
502
503
472
806
828
363
305
289
300
308
256
799
1566
697
707
1664
714
1555
1548
1558
378
355
749
348
311
301
291
385
380
310
318
273
289
295
214
227
236
243
287
439
730
481
784
769
804
805
807
822
313
390
415
364
512
721
874
836
298
256
301
313
269
410
407
405
796
734
675
858
822
396
411
682
484
1894
389
326
502
491
458
760
758
336
319
328
335
274
323
332
460
436
1546
1544
311
249
326
391
369
245
246
264
392
244
309
323
426
482
483
708
724
730
657
234
1894
2203
801
2203
1759
312
1981
1974
1995
283
291
307
321
334
346
356
780
278
704
799
765
463
456
377
465
1518
2006
297
405
1957
876
282
290
298
2190
321
1334
2106
364
295
477
477
943
977
661
752
827
645
993
815
383
438
931
701
239
237
275
270
281
428
429
260
316
346
338
317
385
174
196
232
440
436
925
431
440
428
422
206
216
224
540
384
209
217
231
713
1764
756
597
388
349
219
234
241
248
306
338
420
1047
340
359
215
215
255
861
350
195
194
397
941
502
641
339
649
764
222
189
188
202
1860
2548
2044
1499
215
215
227
253
261
309
488
387
455
365
588
599
600
594
235
243
1523
285
322
746
1848
1541
199
211
679
227
969
238
882
313
270
565
371
1916
379
635
261
289
396
1763
1582
453
283
361
637
333
643
640
591
613
448
393
661
1976
306
410
412
698
327
327
1408
1646
248
263
278
316
327
356
457
435
434
1347
295
308
352
406
661
697
705
357
242
467
491
1554
1538
721
765
318
320
320
278
275
302
311
521
418
979
881
990
615
539
738
314
375
341
818
353
368
431
444
832
1705
485
524
524
494
1691
1156
1753
764
877
1774
312
320
332
365
461
850
2116
1237
519
525
1087
1163
819
817
830
488
797
873
323
333
354
415
1070
503
564
565
355
392
847
862
288
563
982
850
453
310
317
324
347
355
407
704
837
913
327
334
341
374
543
541
497
1348
1397
1426
457
835
842
347
374
373
425
345
411
365
497
492
488
489
1242
340
357
367
375
400
417
461
1052
504
477
1188
854
1324
482
358
366
379
389
396
461
1214
1219
579
1105
937
944
536
875
263
270
289
333
351
407
404
420
524
822
841
543
529
552
398
469
302
313
599
498
821
743
1163
1160
802
760
586
781
442
449
320
354
775
365
371
450
455
452
316
1213
380
346
349
567
432
553
585
586
320
365
337
368
380
394
458
1150
1314
498
462
830
1172
1190
283
362
373
380
387
557
527
534
1140
447
958
1150
764
945
1013
588
986
372
365
362
348
342
567
384
568
478
478
573
503
795
888
956
901
983
912
987
468
406
390
829
829
824
445
266
314
305
343
343
373
555
481
494
568
293
338
387
1259
1144
908
965
933
578
574
554
337
554
481
492
563
939
932
1098
1080
913
920
635
1232
438
358
370
378
386
392
404
418
302
309
318
943
332
352
376
385
414
477
600
1132
839
925
971
968
622
490
490
356
365
568
439
363
628
616
263
289
309
236
272
281
401
291
453
493
802
824
965
1185
1106
344
337
345
447
1187
590
953
1026
501
389
860
406
420
459
887
539
930
872
1335
362
1174
827
849
859
854
1077
1003
1208
1156
1063
763
558
564
481
405
405
377
460
460
459
511
475
494
552
517
516
622
620
618
620
542
898
896
815
1047
507
589
412
419
432
431
443
734
708
998
946
1009
757
724
550
595
669
731
855
314
322
330
1144
1116
915
1057
509
509
400
424
448
456
468
349
357
365
379
481
472
720
820
952
886
1230
508
494
1052
1005
445
417
438
1263
997
788
874
784
1053
1022
974
1011
456
462
332
439
462
475
475
586
1022
818
660
778
496
379
379
380
380
345
354
362
377
388
395
402
410
417
782
457
375
386
437
349
356
376
383
537
538
565
1096
555
580
690
581
687
667
366
365
362
363
338
410
478
366
376
1081
427
426
531
561
548
844
567
518
518
287
325
425
335
385
378
374
470
339
422
421
418
416
413
523
551
1322
371
438
466
489
1254
339
347
374
385
1047
530
469
478
296
273
307
324
343
436
1207
973
506
450
965
1424
285
295
340
394
748
471
482
475
538
479
262
297
304
322
379
887
530
891
254
282
289
295
510
504
1134
508
1108
1013
1049
338
512
462
1185
397
991
494
520
1053
895
925
1087
545
909
358
428
763
834
1205
849
764
756
557
341
356
356
490
443
462
510
505
322
344
386
433
537
493
515
554
769
776
795
803
525
872
345
347
363
401
495
769
510
524
247
326
326
295
288
287
314
331
419
578
1304
251
268
289
289
304
347
526
448
323
664
707
1336
329
239
235
508
442
737
314
614
876
196
211
219
231
242
251
267
275
301
621
617
625
427
878
1472
254
246
293
966
1011
1011
1115
240
241
298
1069
423
1047
1152
237
243
259
267
234
233
854
1475
837
358
321
289
289
288
418
1082
881
390
254
274
342
333
1118
995
995
1366
1273
1049
724
439
990
242
266
1852
291
300
353
331
316
190
280
378
1780
310
221
1447
244
197
206
597
251
201
199
234
259
269
278
194
289
205
187
407
224
370
287
316
329
338
349
1125
752
1179
1086
319
259
1029
1340
1311
1304
206
1214
1419
277
334
612
530
759
682
309
340
699
856
1128
1471
833
495
811
668
1066
1509
1311
1303
1029
315
1162
1241
288
671
694
1258
289
308
979
1142
330
234
256
268
276
290
305
320
230
238
265
272
198
210
219
235
302
329
355
1250
1247
232
1057
1937
964
966
750
266
300
330
444
2112
1048
697
603
2107
577
2132
623
316
373
1186
1373
2143
622
1081
739
413
437
1061
1435
726
1547
1634
948
1329
375
409
419
433
449
876
664
1089
1506
340
372
372
360
415
480
500
2294
412
347
296
2456
615
589
481
945
623
840
988
1585
823
1789
2604
423
392
394
624
598
2599
1880
955
917
1902
1690
1850
1050
983
1919
575
484
476
475
459
477
439
449
463
475
692
1389
1520
1081
1102
2059
1114
1146
521
530
542
555
562
626
658
781
783
726
1081
1509
1689
464
471
489
510
517
537
544
635
702
1097
1115
1136
722
728
720
807
770
1048
1239
1190
1066
1056
1156
1156
468
493
502
581
590
845
762
770
1121
757
1000
480
492
522
538
692
494
472
496
504
872
733
861
1107
1106
1155
348
362
369
460
476
484
506
641
694
1060
627
634
643
730
377
372
411
549
1149
1251
1168
1263
765
756
598
845
963
816
954
317
1100
395
391
400
450
446
430
429
443
693
694
1145
1638
1644
1253
461
480
515
1646
1670
1600
325
418
425
433
651
666
662
994
1005
847
844
885
885
424
439
448
455
525
661
598
676
585
578
582
575
363
416
427
434
472
480
560
707
1927
694
770
900
907
688
870
359
370
377
409
425
438
451
468
475
486
500
554
581
1805
1609
2004
1675
828
600
606
1842
1935
1115
1449
1950
1663
378
449
455
461
525
571
393
400
949
1802
915
1069
1073
1088
974
409
335
426
417
428
441
448
1414
557
769
397
419
1211
1211
1122
975
995
1003
569
1012
725
750
315
415
428
435
446
779
515
1516
1363
1024
1531
1328
493
1336
613
615
1109
890
922
1034
913
1022
425
423
408
427
326
415
600
597
570
546
352
462
1041
634
1543
1694
603
608
608
725
659
1041
639
669
592
1065
693
815
1082
655
654
650
657
377
385
393
401
411
422
432
439
1016
957
902
957
1032
923
623
658
382
391
488
505
1913
810
539
1922
286
321
328
335
345
353
371
371
1033
464
348
340
240
284
309
319
328
402
371
256
268
337
429
504
1918
517
280
260
251
258
283
283
294
301
191
191
206
206
219
235
242
275
283
326
376
1058
544
231
1034
615
897
1078
1112
1958
1136
1083
1077
1100
1136
310
345
517
524
992
985
713
985
1100
1008
1084
932
1348
936
1345
350
358
433
1232
856
856
1065
1055
1152
503
868
364
392
1331
932
338
912
449
341
508
800
771
402
409
419
436
249
256
298
321
329
341
350
357
365
415
397
397
443
443
2219
552
571
617
549
1923
873
585
2140
749
505
330
337
344
361
360
373
381
388
395
403
470
822
319
329
342
354
354
366
374
381
392
545
885
622
425
263
271
603
1062
537
910
590
1769
620
2419
548
668
405
397
404
324
779
496
802
831
902
1064
906
916
895
927
937
917
898
558
384
396
407
424
446
568
2807
368
381
1886
934
895
2520
1879
1797
2232
2519
817
608
851
524
468
342
357
372
381
393
399
406
414
422
576
355
363
378
385
398
406
413
507
972
818
1014
1022
585
578
1049
582
1060
409
283
358
367
417
357
410
375
451
527
565
2557
1712
1121
857
529
592
605
353
535
2698
662
656
662
889
373
387
396
404
412
419
433
447
561
851
309
344
356
377
385
399
584
593
462
487
460
386
470
908
909
910
265
276
291
301
310
318
886
453
182
227
679
645
529
536
411
474
273
282
293
325
350
378
603
754
512
367
850
468
525
389
483
355
363
347
306
319
327
557
521
562
532
583
662
1760
528
393
625
1063
708
1080
610
434
636
729
491
1109
894
376
375
372
398
397
417
415
654
358
365
373
387
395
410
1191
601
751
757
1200
1047
764
774
783
639
1148
887
1077
760
485
659
668
1096
1085
845
487
515
422
430
438
453
460
467
474
485
494
502
917
706
1161
3461
1990
556
412
475
501
541
446
497
861
678
881
880
407
401
446
454
468
495
594
627
557
557
513
449
421
428
315
328
333
342
360
367
374
386
2157
525
3330
3543
349
342
366
373
395
403
411
449
503
357
332
337
359
367
641
584
2369
746
392
401
468
482
507
3458
499
686
696
652
590
397
1777
2279
669
710
712
675
741
735
689
461
416
461
1046
534
576
636
1567
513
661
1063
2666
673
665
657
609
1097
989
674
2623
1631
984
1051
1115
1075
410
513
526
349
406
673
679
1627
1111
557
443
511
1596
1582
601
592
1050
1078
1473
1165
1028
1165
796
1176
1235
1244
997
1531
1210
1188
1246
1312
1130
980
698
711
430
507
590
1444
1349
1247
674
1303
1370
1325
700
1377
597
363
463
378
390
467
445
394
694
1333
1064
1035
1063
1056
1068
995
334
440
432
441
512
632
1026
898
791
773
1057
1076
1064
407
406
424
522
681
1080
657
1072
402
934
1375
757
977
654
656
650
1160
472
823
671
842
843
1209
858
674
1188
1184
694
346
369
377
392
400
416
425
443
444
476
501
509
529
524
525
517
558
578
585
566
565
345
376
398
406
419
427
434
442
450
464
1375
916
911
954
736
1025
1040
1026
745
782
563
579
610
650
254
302
312
326
334
341
351
666
672
446
454
462
472
480
490
497
504
762
847
845
707
703
589
316
308
337
335
353
907
367
380
1023
470
461
726
745
388
403
838
774
733
370
877
370
733
869
811
1796
449
773
430
411
411
452
451
432
451
447
492
510
510
499
833
368
367
400
407
415
427
434
446
510
553
1585
1576
1474
1632
1612
1619
1826
1540
380
325
416
424
418
417
492
546
317
327
394
395
382
411
419
389
627
819
819
1774
833
1793
385
395
416
460
551
1710
572
1976
1705
864
1458
2218
1496
1807
748
418
426
1793
2130
1783
1527
556
1019
1050
2083
2252
1171
659
2089
1175
1473
1491
657
744
425
442
442
571
2150
2276
1026
1065
1166
2247
1972
2364
2390
1524
368
402
428
439
457
467
494
508
541
600
1056
1088
1255
2329
1281
550
322
418
436
486
560
668
2449
679
725
1140
1118
784
702
739
1097
737
689
370
379
387
403
414
431
553
345
712
589
676
699
795
1216
503
1166
1771
1269
749
1181
1181
1172
1203
749
447
444
442
473
533
562
594
786
1282
1313
670
1861
961
530
442
510
448
650
801
997
1012
1079
1040
1084
1116
447
460
467
478
545
467
684
1036
1010
1002
658
366
451
475
573
1242
1162
1229
1252
1247
1202
700
700
697
704
711
721
1066
803
803
769
779
617
659
366
378
386
402
423
458
465
476
483
500
510
644
2917
621
745
1163
819
755
1172
824
820
827
844
577
387
440
454
461
574
748
668
578
1306
1172
1308
1158
588
468
480
480
496
504
515
706
642
590
467
475
485
571
402
441
453
453
471
481
492
507
515
616
2628
2329
3585
484
539
564
413
461
474
482
490
503
510
520
463
441
436
463
456
515
738
754
1203
447
472
493
551
1296
591
377
384
460
494
1172
1218
1248
1080
424
437
465
461
475
484
552
1055
1256
1273
1297
1277
412
463
472
685
631
630
1246
1115
739
712
485
552
580
1646
1632
1267
1277
1278
1641
1256
1425
1405
2676
416
450
471
478
486
512
498
523
643
1082
759
2738
363
453
523
570
579
551
514
1060
2846
453
414
439
646
626
634
1076
606
1077
609
1000
625
421
371
583
484
484
480
440
457
730
731
3048
484
480
526
3042
370
376
397
390
411
432
415
454
688
2994
449
495
440
333
399
408
476
665
3226
719
848
667
1344
809
701
298
376
386
443
604
537
607
607
619
670
3331
1082
1394
623
1227
998
627
634
822
799
938
803
1404
1090
3377
667
1439
645
1092
3274
1100
3286
3438
1471
1217
1099
1073
1237
739
1490
3459
1506
704
650
574
614
727
451
459
541
496
529
526
332
322
392
1116
1126
1115
1212
1114
2887
1215
1589
1132
575
477
3353
960
1050
1203
983
1281
987
517
1047
333
388
415
657
646
948
1061
920
973
1027
702
618
1032
492
510
950
2889
3427
3992
3843
4000
711
3940
2903
724
499
525
536
544
554
578
586
597
597
609
622
633
644
663
670
730
377
377
375
445
466
473
484
493
502
546
516
563
585
585
600
599
610
751
1180
3491
1200
1224
1097
719
352
961
610
3134
682
765
767
769
886
892
478
582
490
585
597
607
764
2869
3277
4125
1023
840
725
741
319
327
342
350
362
905
2918
2759
566
571
476
774
683
885
1194
835
836
1299
3273
1294
500
606
623
481
499
505
499
499
500
525
527
536
449
456
482
576
3331
1155
1886
1326
1021
1250
603
1076
1233
1258
1291
2288
1097
2626
1081
1480
1244
629
655
1286
1439
1262
1428
1436
3289
3543
3833
1384
1425
823
817
1378
1329
652
643
631
641
660
652
660
692
692
703
696
2303
307
307
332
359
367
374
382
389
400
408
468
468
468
467
466
465
498
509
517
524
534
638
788
2393
599
611
623
631
643
661
675
683
690
770
778
786
897
1773
1681
998
1005
934
1017
489
675
671
673
659
689
690
444
435
445
452
471
467
605
895
488
579
365
350
370
381
414
508
422
426
637
644
781
792
975
721
782
505
807
664
632
723
742
748
662
1136
1155
429
443
942
459
466
477
951
1190
1115
933
562
522
539
573
532
521
580
549
550
547
3631
970
4064
983
802
417
423
459
496
525
4146
631
624
668
638
638
486
576
3836
4186
3888
514
498
505
513
502
510
476
502
510
370
377
391
435
449
470
502
508
379
386
393
654
707
679
721
2633
737
673
368
390
457
445
445
443
443
492
491
585
715
824
786
800
425
3885
3238
2732
4620
393
402
735
4644
676
626
816
668
534
636
1104
1068
1066
1172
1180
615
521
536
2562
2998
4529
4744
3011
2942
3087
651
647
1196
1189
1174
1177
748
1229
1281
1290
1196
1313
1313
1326
3182
3127
2702
1282
1221
479
491
498
518
525
549
574
4925
3237
1272
3239
4326
1303
1357
1298
3157
1103
3217
705
744
780
666
1220
855
397
405
620
3252
1161
1156
1185
1301
1181
1191
3311
1335
1187
1198
889
934
847
1278
1356
854
961
794
707
1189
765
661
710
417
425
433
423
479
474
483
498
510
520
609
1086
1086
1103
780
788
427
542
328
341
352
411
419
431
443
451
458
466
473
481
228
240
300
307
319
328
336
343
350
376
1225
391
399
415
603
1248
460
515
523
251
299
309
435
683
690
640
651
399
412
456
467
1252
3640
1245
312
679
691
691
688
1033
711
1023
333
341
301
307
314
326
339
346
354
656
645
546
663
659
667
320
331
339
346
357
429
1320
1371
455
411
355
364
1260
1359
693
702
1220
608
609
700
724
720
2655
791
1283
1415
1414
1447
1327
1481
1457
1501
474
973
727
1394
347
354
361
380
452
1415
1512
1354
1354
773
458
465
473
480
488
499
510
510
537
912
1238
1073
398
406
420
433
1613
448
456
952
1512
3013
645
1633
392
407
419
427
414
448
444
461
470
4208
1596
3206
742
458
500
1574
832
397
405
415
798
3329
564
545
1114
568
564
571
438
485
425
434
3148
880
432
484
480
503
491
473
511
630
466
529
543
507
489
510
1081
1019
537
574
690
1100
677
1249
1120
778
460
467
487
499
526
534
680
695
980
907
691
562
901
907
1009
962
767
980
979
363
410
419
450
499
512
519
554
561
568
888
931
857
600
611
619
630
637
644
652
659
702
722
379
437
444
453
464
620
744
662
622
666
591
725
772
700
630
4904
1020
1025
4811
3488
3885
3912
498
507
558
421
429
440
455
469
476
486
500
515
537
585
503
584
592
481
1165
1180
1173
3244
1024
3090
3758
1207
795
1203
741
5009
441
451
458
465
476
490
497
546
636
3083
2828
3010
4055
3050
452
466
502
496
519
544
661
425
440
482
489
791
3466
928
688
373
383
468
512
604
4207
393
405
686
581
606
613
1247
356
1313
1273
1170
1225
1279
1261
1295
1291
1313
1374
1294
463
432
418
425
473
472
457
454
499
522
620
1394
1410
638
667
1123
589
578
604
615
628
635
420
446
468
588
1251
1223
822
1599
1397
3428
765
585
771
579
1257
696
1310
722
1267
1107
715
1219
769
1220
1261
1295
1245
1314
454
503
512
726
523
738
652
737
468
491
554
3466
1150
1122
1267
1408
772
773
630
631
774
780
761
802
859
783
924
876
1033
1028
1211
926
769
793
418
418
474
484
495
508
520
529
553
546
564
3810
4236
4969
3950
911
904
1327
4234
1342
1462
1335
1349
784
782
820
583
613
421
431
477
478
477
496
505
553
444
455
1340
1354
1443
1435
1226
779
531
380
440
447
460
468
479
502
612
709
1436
4200
1529
1606
592
4216
697
729
720
744
4239
724
373
410
428
437
483
558
583
733
398
407
3943
1066
716
679
727
4246
1524
3900
1169
483
509
408
402
410
437
437
432
440
466
594
1144
1154
669
453
444
465
438
453
441
469
479
448
649
621
596
1160
522
1190
503
481
489
501
509
522
362
379
389
396
421
416
431
438
451
471
484
493
500
543
549
557
1124
1108
495
571
594
1058
493
685
634
1097
1027
1137
1147
1174
694
4888
339
392
350
531
468
445
441
431
536
549
704
1040
571
4132
1055
4597
5051
5008
413
2824
768
839
779
1119
349
405
413
576
654
213
273
300
678
313
424
526
1166
355
1262
288
230
257
266
291
313
327
335
558
487
498
436
537
817
862
683
699
1040
687
707
585
331
350
428
441
644
732
971
840
726
842
846
742
638
860
487
484
675
828
1034
1299
669
1596
667
1101
666
639
1394
446
453
462
528
694
1864
1194
1787
1111
1382
1104
1203
1117
1231
1120
510
570
578
590
610
657
1829
1972
1112
1313
977
811
1096
1079
1064
836
837
553
571
664
3140
4042
4066
1438
1201
5313
6623
3999
3904
1345
1337
1402
1410
1354
1432
510
524
578
610
597
607
680
669
804
699
1502
1583
1418
1593
1321
1517
1312
5662
1245
1253
962
951
1051
1030
377
390
509
501
499
479
539
546
1224
956
1223
971
1249
848
570
681
710
716
740
944
995
773
871
385
393
401
409
415
760
746
611
523
573
581
543
544
586
631
545
539
632
617
547
505
633
702
644
724
1143
1323
1156
1348
590
590
580
565
574
586
596
1339
1170
1326
688
732
1118
1253
1310
1166
1341
1179
1298
1322
1288
1213
1346
1331
1306
1348
1234
752
752
779
787
444
462
469
484
497
503
537
545
585
577
577
604
596
708
622
715
736
735
751
767
779
790
799
807
816
825
844
743
425
408
405
396
408
400
317
341
350
366
818
830
484
494
4102
503
512
528
541
636
670
728
963
1024
798
1153
743
791
1512
1267
1262
1313
733
411
923
1117
1098
1118
1105
1145
1110
971
973
961
786
1612
1432
543
1288
572
578
1458
495
503
518
529
538
547
560
568
1287
1342
1185
1187
1317
1205
1347
1175
1181
1081
1324
643
658
667
688
706
3189
1363
1157
1165
1131
1300
959
803
820
832
825
1405
1305
995
1484
638
652
691
691
686
752
764
773
782
3002
4358
3780
4640
3019
2767
429
459
467
488
484
485
496
508
517
534
542
550
560
569
577
585
605
639
676
690
697
705
713
725
759
769
824
934
2580
4379
3292
960
972
849
544
1473
1002
975
954
946
973
965
949
924
991
2887
946
3397
561
582
582
580
609
615
693
3949
451
458
465
477
485
491
499
507
513
521
840
899
964
1623
925
1632
849
928
939
859
972
965
970
660
541
555
1045
529
484
1010
511
505
505
504
502
542
564
1034
557
626
942
2849
839
2745
3487
594
2662
680
648
1325
1325
1495
1560
3222
3189
3132
995
856
855
1043
1049
1045
1051
1502
1515
1385
1741
1734
3297
2567
3613
1819
1599
1550
919
928
960
969
1016
1024
1040
832
862
877
916
934
921
1284
1284
1277
1287
1282
2497
2613
3522
3406
2291
2555
2599
2483
2512
2782
2590
2630
860
871
894
913
926
994
1058
1005
959
1008
1045
1158
1309
1497
1435
1495
1501
1369
1397
1409
1416
1430
1438
2596
2786
2868
2854
2787
2785
2260
3104
2834
2808
802
840
849
1198
1314
1573
1481
1570
1578
1586
1745
1754
1749
1749
1525
1780
1773
1420
1545
788
800
818
825
854
861
868
1006
1058
2445
2189
2426
1654
1466
1761
1756
1763
963
2252
2257
2262
2266
2634
2630
2289
927
936
970
1592
1231
1068
1483
1288
1565
1264
1264
2405
1636
2415
2656
2779
2765
1802
2133
2142
2150
612
620
631
1087
2390
2017
2398
2390
2406
616
631
503
1946
1304
1316
2524
2125
2292
2294
1220
1216
2329
2096
2350
1270
2316
1010
486
496
598
607
621
628
636
649
657
669
681
695
704
712
721
853
1362
2422
1352
2418
2443
2203
1280
1288
1366
1473
2470
2372
1499
1490
2299
2468
2455
2486
2503
1519
1577
2488
1537
1543
1479
1550
2569
871
580
588
662
710
718
725
810
884
2473
2472
1591
2262
2253
2494
1364
2423
1382
1357
2427
1589
1569
2576
2420
2447
1629
2422
1425
2424
2337
2531
2341
1414
2538
1490
1491
1139
1487
1485
1500
1502
1520
1522
1518
1509
2831
2493
2391
2405
2580
2613
2769
1208
2743
2410
1683
2524
2619
2444
2648
2538
1014
1274
1286
1292
1270
813
823
812
807
807
864
865
861
858
961
617
748
866
898
2529
2578
2585
1398
1389
1395
1401
1416
1141
1764
2460
1784
1780
1905
1920
1919
1024
1453
1179
1176
1177
574
513
520
582
602
679
687
698
706
729
739
746
756
2692
1139
1145
1153
1154
1169
1168
1174
890
969
1064
1066
1065
1070
1085
1909
1909
1889
1885
1893
1923
762
640
690
873
698
681
680
678
677
653
644
682
660
662
656
667
1057
1066
1985
1474
805
1085
902
1108
1101
1102
606
617
643
651
641
652
670
685
713
713
725
733
740
749
788
811
858
2197
1920
566
572
578
584
595
601
607
616
625
643
650
657
686
669
684
695
695
709
716
724
734
742
751
2185
1063
1989
1115
1699
1996
2006
2019
1715
1150
812
840
866
436
455
454
451
449
474
487
495
502
510
518
533
530
557
601
585
579
586
601
594
613
624
633
644
642
653
660
671
679
696
750
758
1732
2058
908
1042
1030
1130
839
873
895
447
469
475
488
495
502
1766
1382
1382
1281
1292
1524
1378
888
842
889
890
901
562
577
584
592
600
607
620
620
635
644
651
647
804
854
1003
2024
1715
1723
1720
2034
747
794
856
534
529
519
515
511
499
500
497
1228
1224
1228
1191
1214
1525
1499
1529
1511
724
1316
1111
768
732
1529
1547
1569
654
663
689
674
685
692
699
739
1576
1557
1582
870
875
873
979
980
987
510
533
523
529
541
552
566
577
585
615
659
670
677
696
1221
1496
1507
1243
1536
1542
1541
1534
844
846
891
1821
1845
1605
1460
1893
1607
1478
963
1076
1051
1089
1077
1088
1062
1079
1103
791
670
690
672
737
746
743
768
1054
1291
1321
1444
1347
1347
1489
1516
1490
1457
1532
889
601
696
646
663
662
663
662
683
681
714
693
699
709
738
1192
1175
1201
1236
1101
1143
846
853
921
921
918
862
948
932
948
955
935
719
1045
1056
867
742
838
829
923
1156
899
716
731
739
653
660
667
690
712
712
718
723
731
740
746
751
759
772
780
864
870
1022
907
1290
1273
1291
1060
1060
1359
1060
1079
1071
1339
1441
1377
668
679
669
685
825
826
848
904
921
1483
1427
1367
709
855
856
858
870
828
825
1025
1484
922
1033
1054
1549
1465
1454
1451
1450
1282
1566
1552
1563
804
687
702
702
717
725
831
840
855
985
1057
1037
1202
1535
1534
1490
1480
1219
1215
1515
1694
1243
1573
1512
1243
1535
1593
1597
1553
1490
1522
1533
1507
1535
1623
709
723
749
787
778
785
799
812
811
827
835
842
871
882
889
902
909
916
923
931
968
982
1506
1734
1140
1150
1156
1465
1458
1465
1481
1164
1484
1480
1007
1038
1259
674
682
714
721
775
782
794
801
872
881
897
902
972
997
1054
1079
1950
1958
1961
1970
1862
1746
1797
1744
1807
1585
1630
1638
1400
990
996
1011
1011
1020
1099
1109
1102
1120
1129
660
836
689
675
851
767
766
756
745
724
737
727
741
871
860
868
824
880
836
900
746
830
1107
1027
604
616
623
631
638
677
693
701
709
717
735
785
1196
1682
1698
1684
866
505
505
519
518
518
545
570
563
610
575
623
611
613
653
756
1935
1794
1919
1785
1716
895
951
1128
911
1250
1257
866
643
1034
1296
1417
1257
1001
1056
706
715
763
648
657
612
629
647
634
634
719
718
717
705
702
743
748
747
657
715
1044
1041
1046
1045
1555
2118
1023
848
686
686
680
680
682
735
777
806
851
1004
947
955
925
1655
2087
2093
2107
1725
1718
1726
1679
1856
1947
791
800
811
865
2173
2171
1015
990
1007
1023
1032
1495
1547
1510
1519
1707
1736
1725
1149
756
762
772
792
803
812
821
865
922
930
957
965
982
1003
1076
2002
2020
2098
2068
1764
2127
2046
2019
2034
1805
1814
1701
1569
1172
1172
1177
1180
1182
591
620
628
634
640
695
729
751
761
797
805
817
825
840
849
859
1024
955
1030
997
910
1001
997
988
1041
980
974
1045
1045
1046
1083
1085
973
1078
1122
1201
2009
2004
2009
2266
2295
2163
2173
2183
2180
2243
1306
1267
1251
1263
1306
1011
891
1348
713
762
1040
1082
1890
1959
2366
2101
1960
1317
1378
1384
1390
1400
880
982
1049
562
582
606
600
1156
1063
1349
1885
1457
1428
1063
1062
2180
1504
1090
1443
1099
1413
1116
1496
1507
1437
1158
1123
1459
1243
1244
1054
986
741
852
864
873
906
915
923
933
942
976
2552
2484
2040
729
727
782
1100
2187
2461
1609
1723
1903
1281
1110
1838
1260
1840
1108
1143
2232
1451
1137
1769
971
806
815
829
675
673
670
668
728
725
724
716
749
716
766
1815
1843
2085
1829
1009
1700
1266
2228
2189
1268
1380
2317
1248
2053
2106
1717
1071
1121
1122
1131
1138
1106
1161
584
598
649
598
612
651
941
920
899
1775
838
872
858
891
1016
1915
1042
1935
2132
1855
2045
1724
1739
2232
2234
1091
1106
1101
1060
1057
1128
1147
782
789
997
897
983
970
907
984
912
897
908
939
889
1052
1004
1013
1035
707
715
728
740
811
818
831
838
850
859
872
881
891
913
923
924
1691
2303
2488
676
684
693
710
736
750
758
941
1472
1979
2385
2072
2395
1717
1160
1250
2076
1261
1116
1174
1969
1168
1171
1108
2275
1757
2312
1772
1143
1147
1567
1217
930
1065
1085
805
870
884
883
1023
1034
627
593
595
589
681
673
672
674
688
695
704
730
723
729
743
750
757
762
771
784
851
868
858
905
900
923
930
941
1027
1757
1748
1594
1214
1272
986
1188
993
995
624
621
629
645
642
653
659
669
682
810
692
963
840
972
1397
1413
793
577
1562
637
1618
1636
1588
1635
1316
1644
1583
1642
887
1511
1608
902
1140
1148
1615
1058
910
884
1374
1387
765
1440
1500
1510
779
773
655
629
631
1415
1343
1254
1035
1314
1540
1653
1520
1515
765
1537
1545
1488
1502
1502
914
1594
1221
1454
1596
796
808
648
669
738
681
765
774
807
821
834
841
524
530
561
571
578
612
621
645
646
692
1499
1499
1357
1560
1520
1520
1097
1088
1102
1113
1019
1021
471
479
486
493
507
513
536
546
545
562
575
585
586
597
599
613
618
629
670
671
672
667
665
797
877
1000
1050
862
849
1136
1005
1138
1774
1940
1662
1955
1944
2159
1873
1858
850
659
709
731
1152
1956
653
635
614
514
1156
1152
1165
1178
2140
1829
1976
1595
944
2163
1746
1838
1756
1370
1852
1115
1366
1113
1996
1646
1867
2004
2156
2200
2154
2392
720
685
685
683
622
716
744
745
746
745
1058
2076
2470
2095
1987
2135
604
700
708
835
2055
1927
1932
943
802
818
838
2193
1819
2055
1082
609
617
638
650
665
689
700
717
716
763
777
760
776
803
931
1042
929
1961
2103
2023
2317
1615
907
1910
1874
1870
2253
1920
2073
787
658
675
668
707
716
724
741
822
884
930
2067
2187
2446
1971
2338
2012
896
888
744
1712
1799
2435
2553
2267
2248
836
865
879
2115
1840
2037
2129
1122
739
754
770
1083
995
1775
2466
2357
2316
2398
2384
2427
1955
1323
2251
2261
786
649
797
755
918
917
911
914
843
843
954
987
994
1008
1021
1031
1043
1053
1087
2557
2025
1913
2335
2358
1311
1918
2355
2604
2579
2350
2218
2227
1520
1244
2579
2251
2584
2606
2722
1582
2252
1303
1305
748
772
771
769
792
874
1039
1122
1139
1154
1178
1198
2397
2246
2544
2487
2080
2095
2411
2128
1121
1018
1335
879
892
852
876
870
881
791
801
928
815
1185
1817
1812
1875
1342
1339
1225
2759
2054
2036
2033
2074
2101
2837
1865
1902
774
939
969
981
1069
1091
1185
1339
2919
2153
2204
1498
1170
1177
3200
2902
2807
2805
2041
1491
1471
2880
1475
3009
1500
2166
1526
2307
2193
3115
2193
3041
3112
1303
2053
2042
1674
2167
2913
2900
780
788
797
875
875
818
892
911
919
928
951
965
973
970
994
992
1018
1026
1039
2587
2468
2330
1613
1560
3236
3120
2736
2481
1580
1625
3129
1644
1550
1416
1826
1834
1577
1580
1711
1718
1692
1261
1260
1293
1309
1307
1323
1335
1344
1352
1363
1530
2552
3297
632
621
632
628
711
632
710
720
709
696
721
711
765
780
768
705
788
799
2327
1421
2340
2333
1124
2360
1325
1216
1020
1030
1038
1064
1048
1091
1097
2548
1729
1699
1701
2342
2313
1743
1751
1205
1223
1309
1327
1359
1374
1396
1148
1157
1219
1227
1104
1775
1339
874
853
3018
861
932
907
3014
2173
2049
2808
1386
1403
3082
2197
1924
1989
2329
1744
2231
3089
2209
1943
1500
2832
3047
1696
1703
3052
3296
1751
3283
1700
3310
2126
940
951
967
963
975
1001
1002
1017
1029
1075
1088
1998
1909
1995
1939
1446
1117
1175
965
960
985
1006
872
864
861
850
875
953
958
903
913
1012
848
858
899
872
975
1010
925
948
1494
1395
1602
1549
1110
843
858
865
862
1091
1039
931
926
946
939
933
932
923
936
1159
898
892
900
1462
1428
1437
1444
1430
1624
1489
1448
1454
1494
1488
1499
1499
1509
1489
1466
1076
1087
1135
1660
1671
1293
3796
3382
1173
1618
1646
1618
1640
1642
1355
1344
1340
1287
1245
1245
1256
1251
1167
1121
1011
1019
1206
1206
1047
1056
1304
1070
1314
1300
1318
1314
1315
1187
1296
1325
938
915
932
908
904
903
892
840
837
846
840
997
670
668
668
1025
1059
976
870
1452
1222
1303
879
797
1622
1624
1622
1628
1468
1078
1348
840
630
641
633
1333
1293
1462
1462
1607
1673
1036
1153
1484
2043
2038
2073
2338
2079
2369
2369
757
776
783
794
801
815
822
829
835
840
846
852
1137
1136
1074
1134
1105
1146
1125
1118
1119
822
955
992
1553
1816
1828
1866
1581
1276
1590
1848
1450
2445
2623
1376
2614
2337
2255
1447
2478
1491
1401
1486
1429
1418
1254
1281
1189
694
653
654
655
572
765
693
838
832
842
793
802
917
914
898
885
1019
1021
1021
1019
1018
1011
1449
2303
1417
2320
2092
1121
1213
2283
524
543
552
564
577
592
928
838
1010
1168
1178
3773
1245
1005
3828
4156
2283
2355
4171
2351
2189
2416
2423
2018
2017
697
557
692
701
714
772
1300
1306
1313
1323
1709
1716
1764
1060
1056
1063
1099
1100
1108
1106
823
840
855
1265
1914
1976
2015
2024
1996
1316
1207
1310
1197
1302
2039
1319
1311
2072
1216
1543
859
1684
1149
1124
1163
3972
3787
1219
694
706
715
732
746
783
759
785
804
819
818
834
4118
4336
4122
4366
604
613
537
941
893
871
840
732
732
726
722
718
1719
3811
4452
5370
1768
1799
1720
1611
1758
1775
860
680
663
680
675
673
671
672
589
1932
1920
1592
1927
1939
1950
1955
4224
655
1037
1047
1058
1058
969
1065
894
1071
4358
948
2057
1123
1527
4748
845
833
675
600
608
637
655
689
697
711
735
745
757
766
774
781
792
800
817
825
1276
1280
1284
1294
1267
1275
1308
1271
1840
1139
1843
1709
1306
1865
1133
1057
1208
1214
736
755
765
775
784
807
882
931
967
1143
1806
1014
1203
862
5103
1731
1825
1840
1827
1845
1867
1850
1850
1873
1853
1895
748
748
765
940
1692
3972
1734
5165
1828
1863
1860
1720
1853
1743
1859
1850
745
753
761
771
785
803
1943
1153
1155
1824
1993
1963
1739
1190
579
588
619
629
647
646
666
692
704
731
746
819
831
846
853
875
888
897
975
5273
5472
5523
1871
1946
1799
1781
1883
1957
1974
5490
2147
2010
2032
2024
1822
1844
1887
1115
1222
1374
1387
1389
1400
1403
668
661
657
667
692
707
716
728
737
746
761
783
796
810
893
938
5820
2199
2350
5659
1970
1953
2258
2152
2163
2277
2265
5556
2391
2345
2207
1399
1413
1422
1428
975
988
1060
1068
1059
1047
1048
1046
1095
1141
1154
1154
1175
1248
1312
1422
1439
1467
1344
1528
1289
1309
649
1473
1438
1453
1421
1485
1443
1471
999
901
1003
907
790
1793
1783
1791
1819
1787
1049
1817
1061
1021
1073
831
842
858
874
882
896
896
2187
2000
2024
2169
2145
2046
2047
1343
2188
2043
1924
5245
1222
1053
1054
1054
1053
1054
1054
1088
1088
1105
1105
1118
1126
1133
1142
1151
1160
1166
5275
2262
2270
2299
2287
2302
2152
2160
1412
1581
1672
1681
1782
1790
1796
1802
1807
1814
1819
1311
6096
1068
1601
1799
5461
1082
735
4390
5089
1645
792
1581
780
794
791
804
816
969
977
984
992
999
1007
1014
1168
1707
1707
1184
1726
1817
1808
1816
1645
1067
1076
1104
1090
1098
1107
1118
1132
1195
1194
1709
1719
1270
1718
1166
1172
1186
2151
1884
1285
1317
1318
1306
1333
1929
1944
2090
1243
864
955
841
892
883
895
1040
898
883
883
921
985
1078
990
1083
1011
1106
1090
1087
1088
1084
1083
1035
1072
1036
1019
1028
1052
1029
1144
5617
1146
5652
1034
741
5676
976
730
704
753
768
771
729
731
729
760
760
762
762
763
794
793
806
829
839
967
952
944
943
942
1002
998
986
987
1000
986
1048
1060
1070
1079
1087
1099
1108
1117
1126
1137
1151
1162
1174
1184
1191
1203
1212
1220
1229
1247
1255
1264
1404
1368
1377
1373
1415
1424
4513
4674
7397
5944
1347
1323
1357
6338
1468
6189
1397
1413
1109
704
693
705
717
718
720
785
829
791
1045
831
796
857
848
861
922
818
1516
1082
1584
894
910
909
942
939
940
964
964
995
995
997
997
1031
1030
1050
1050
1037
1087
1095
1127
1138
1145
1154
1164
1175
1183
1190
1359
1853
1851
1851
1387
1386
1599
1407
1415
1867
1416
1256
1267
1278
854
5561
734
870
880
888
895
907
5541
944
988
1187
3941
1135
1134
1130
1667
5783
1089
1071
1074
1077
1093
6357
1746
1119
1098
5432
6603
1663
1608
1760
1636
1686
1708
6605
892
904
912
1202
1517
1499
5182
1507
5019
1514
1527
1527
1289
1515
1395
1443
1514
1436
1290
1578
1278
1267
1261
1284
5275
1228
1223
1240
1222
1252
1260
1247
6019
879
891
899
925
933
962
963
984
1001
1060
1085
1497
6300
1405
1420
1404
1410
1400
1418
1028
954
966
851
857
863
882
889
897
906
913
924
931
984
1206
1176
1112
1091
999
973
1315
626
619
626
623
971
931
760
991
1014
1022
796
906
982
994
1024
709
682
924
1141
688
906
722
923
930
1087
979
1148
1147
1141
1140
1151
725
966
791
607
608
608
791
791
1200
785
1080
1089
1135
1178
964
792
689
688
686
683
682
677
888
1165
844
826
1295
1024
1206
849
1139
662
673
682
689
520
527
562
568
578
584
606
780
973
1360
1385
1382
1382
1379
1407
451
610
6652
7415
4836
7442
4844
4675
925
933
808
814
673
694
937
939
1064
1072
1225
1406
1090
1248
1269
7611
1111
7533
5018
1910
1899
1926
1261
1299
1900
1507
1274
1565
1501
1470
1526
6298
2790
1308
1305
1329
1548
2577
1558
1527
1568
1337
1195
1203
852
940
947
1042
1113
1120
1584
1876
2169
6287
2136
2124
6450
1123
2031
1089
2155
2040
2186
1192
2102
1189
1123
1184
1184
1199
1208
1219
1227
822
857
7125
4867
2005
4708
4877
2239
3094
6729
3206
1441
5526
2296
1241
1368
1245
2178
2035
2189
1218
1181
1042
1264
1270
2044
2032
1277
1906
2039
3209
3218
4129
7119
5201
2041
1872
3238
3262
5683
6878
5203
3253
3778
5403
5400
4168
982
1000
1028
1034
1048
916
935
943
950
1009
1242
1252
1277
3476
5891
2103
4374
1381
1573
3476
3270
4401
2109
946
958
1033
972
1036
1018
1028
1043
1043
1082
1091
1098
1129
1160
1232
1316
6688
3970
912
1337
1727
1260
1406
1314
1382
1324
1386
1323
729
737
752
776
889
897
957
974
981
1004
1014
1025
1044
1052
1068
1244
1347
2387
1611
2082
2389
3559
2018
2443
4701
5591
3276
3591
4125
4123
811
807
833
847
869
878
1119
2059
2067
2084
2067
2099
2070
2092
2108
2105
1970
1978
2089
2116
1894
1283
1384
1378
1474
1472
1527
1541
991
1021
1104
1112
1406
1413
1420
1427
1433
1438
776
782
798
807
817
825
923
932
939
959
954
972
983
993
1079
4213
2084
1915
1940
1212
1423
1962
1926
1996
1933
1104
1111
1453
716
719
737
3395
5139
4536
5809
2212
2221
2077
4227
1357
1352
3531
1100
870
715
1637
6182
1237
1213
1706
1255
1714
1250
969
1259
1273
1282
1285
3676
1421
1423
1337
3282
1451
1351
3814
1323
1447
1340
1630
1468
1291
1313
1384
1362
1365
1328
3740
1344
2258
1511
1499
2367
1400
2366
3779
2329
2327
1542
1377
1567
3841
2372
2423
3730
2432
2405
2389
1415
2375
3753
2423
1504
1918
1464
1452
690
697
711
720
743
758
765
782
791
799
807
817
829
840
850
860
869
910
956
966
974
982
989
996
1005
1012
1020
1029
1038
1047
1055
1063
1070
1078
1085
1093
1101
1109
1117
1126
1135
1208
3996
2171
2226
3647
4119
4005
2283
4002
2244
1444
1482
1494
2720
1443
2725
4049
3743
3708
1463
1470
2493
2227
2326
2341
1497
2681
2721
3773
2300
1558
1575
1304
1313
1322
1330
1383
1391
1399
593
601
609
623
640
648
658
1378
1387
1389
1386
923
1393
1238
1419
1412
992
999
1114
726
881
891
906
927
1047
1512
1148
2888
2255
2837
2282
2295
1487
1488
1071
1079
1121
1138
1148
2526
2552
1164
2563
1231
2551
2540
2569
2575
2555
1343
1861
1860
1781
3245
4083
