0.007
0.007
0.006
0.006
0.007
0.006
0.007
0.008
0.006
0.006
0.006
0.006
0.006
0.006
0.007
0.006
0.006
0.006
0.006
0.006
0.007
0.006
0.007
0.006
0.007
0.006
0.006
0.007
0.007
0.007
0.006
0.006
0.007
0.008
0.007
0.006
0.006
0.918
0.008
0.008
0.008
0.008
0.007
0.007
0.007
0.006
0.006
0.006
0.007
0.872
0.008
0.008
0.007
0.008
0.009
0.007
0.007
0.007
0.006
0.006
0.006
0.006
0.007
0.006
0.657
0.008
0.007
0.008
0.007
0.007
0.007
0.006
0.006
0.006
0.006
0.006
0.007
0.006
0.006
0.006
0.006
0.007
0.006
0.006
0.006
0.006
0.006
0.007
0.006
0.007
0.007
0.007
0.827
0.008
0.007
0.006
0.006
0.006
0.846
0.009
0.009
0.008
0.023
0.006
0.006
0.006
0.006
0.006
0.006
0.007
0.007
0.006
0.006
0.006
0.006
0.007
0.750
0.009
0.008
0.008
0.008
0.007
0.008
0.006
0.006
0.006
0.007
0.007
0.007
0.849
0.008
0.007
0.007
0.006
0.885
0.008
0.006
0.006
0.006
0.783
0.006
0.006
0.006
0.006
0.006
0.784
0.008
0.007
0.007
0.777
0.008
0.007
0.006
0.006
0.782
0.008
0.006
0.006
0.006
0.781
0.008
0.007
0.897
0.007
0.007
0.006
0.006
0.778
0.006
0.006
0.006
0.006
0.006
0.783
0.007
0.008
0.007
0.006
0.783
0.008
0.008
0.007
0.787
0.007
0.007
0.006
0.006
0.006
0.007
0.006
0.006
0.006
0.006
0.006
0.006
0.006
0.006
0.006
0.006
0.006
0.006
0.006
0.007
0.006
0.006
0.006
0.006
0.006
0.006
0.006
0.243
0.009
0.008
0.008
0.008
0.007
0.008
0.008
0.006
0.120
0.008
0.008
0.008
0.008
0.006
0.006
0.006
0.006
0.006
0.006
0.007
0.006
0.006
0.026
0.008
0.007
0.006
0.007
0.006
0.006
0.006
0.006
0.226
0.008
0.008
0.007
0.007
0.007
0.006
0.006
0.007
0.006
0.006
0.006
0.006
0.006
0.006
0.006
0.122
0.007
0.006
0.006
0.007
0.006
0.006
0.006
0.006
0.845
0.007
0.008
0.007
0.006
0.006
0.007
0.006
0.007
0.006
0.007
0.007
0.655
0.008
0.008
0.007
0.007
0.006
0.008
0.006
0.006
0.007
0.007
0.006
0.007
0.006
0.006
0.006
0.006
0.007
0.006
0.006
0.644
0.006
0.006
0.006
0.006
0.006
0.006
0.006
0.006
0.006
0.006
0.006
0.006
0.006
0.006
0.006
0.006
0.653
0.008
0.007
0.008
0.007
0.006
0.007
0.006
0.006
0.006
0.006
0.007
0.006
0.006
0.007
0.007
0.007
0.008
0.008
0.007
0.007
0.008
0.007
0.006
0.006
0.006
0.006
0.006
0.006
0.007
0.008
0.007
0.008
0.006
0.006
0.006
0.007
0.006
0.006
0.006
0.008
0.007
0.006
0.007
0.421
0.009
0.008
0.008
0.007
0.007
0.007
0.006
0.006
0.006
0.006
0.006
0.006
0.006
0.006
0.234
0.008
0.008
0.008
0.007
0.007
0.007
0.007
0.006
0.006
0.006
0.008
0.007
0.006
0.008
0.008
0.323
0.008
0.007
0.007
0.007
0.006
0.006
0.006
0.008
0.006
0.006
0.006
0.006
0.006
0.007
0.006
0.006
0.006
0.007
0.007
0.006
0.006
0.006
0.120
0.007
0.008
0.007
0.006
0.006
0.006
0.006
0.851
0.008
0.008
0.008
0.007
0.008
0.006
0.007
0.006
0.006
0.006
0.006
0.006
0.006
0.008
0.006
0.006
0.006
0.007
0.007
0.006
0.006
0.006
0.006
0.006
0.006
0.006
0.006
0.006
0.006
0.006
0.006
0.006
0.006
0.006
0.006
0.006
0.006
0.006
0.006
0.006
0.425
0.008
0.008
0.007
0.006
0.006
0.007
0.006
0.006
0.006
0.120
0.007
0.006
0.007
0.007
0.006
0.006
0.006
0.006
0.006
0.006
0.006
0.006
0.006
0.008
0.006
0.006
0.006
0.006
0.006
0.006
0.006
0.006
0.006
0.006
0.007
0.006
0.006
0.006
0.006
0.006
0.006
0.729
0.008
0.008
0.008
0.007
0.045
0.006
0.006
0.006
0.007
0.007
0.006
0.006
0.761
0.008
0.008
0.007
0.007
0.007
0.006
0.006
0.006
0.006
0.006
0.006
0.006
0.007
0.006
0.006
0.006
0.006
0.006
0.021
0.006
0.006
0.006
0.006
0.006
0.556
0.006
0.006
0.006
0.007
0.006
0.006
0.006
0.151
0.008
0.008
0.007
0.008
0.007
0.006
0.008
0.006
0.008
0.007
0.006
0.006
0.006
0.006
0.006
0.006
0.006
0.006
0.006
0.338
0.008
0.008
0.006
0.006
0.006
0.006
0.006
0.857
0.006
0.006
0.006
0.006
0.006
0.006
0.006
0.006
0.006
0.006
0.006
0.006
0.007
0.006
0.006
0.006
0.007
0.007
0.007
0.006
0.006
0.006
0.006
0.006
0.007
0.006
0.006
0.006
0.006
0.006
0.006
0.006
0.006
0.006
0.006
0.006
0.006
0.006
0.006
0.007
0.006
0.006
0.006
0.849
0.008
0.007
0.007
0.008
0.007
0.008
0.007
0.007
0.007
0.007
0.006
0.006
0.006
0.006
0.006
0.006
0.006
0.006
0.006
0.006
0.006
0.006
0.006
0.006
0.006
0.007
0.006
0.006
0.006
0.006
0.006
0.007
0.008
0.006
0.006
0.006
0.006
0.006
0.006
0.006
0.006
0.421
0.008
0.007
0.007
0.007
0.007
0.006
0.006
0.006
0.006
0.006
0.006
0.007
0.006
0.133
0.008
0.008
0.007
0.007
0.006
0.007
0.006
0.006
0.007
0.006
0.006
0.006
0.006
0.007
0.006
0.006
0.421
0.008
0.008
0.008
0.008
0.006
0.007
0.006
0.006
0.006
0.007
0.006
0.007
0.006
0.007
0.007
0.006
0.006
0.110
0.008
0.008
0.007
0.007
0.007
0.006
0.006
0.006
0.006
0.006
0.006
0.007
0.007
0.006
0.006
0.410
0.008
0.008
0.008
0.007
0.007
0.007
0.006
0.007
0.006
0.006
0.006
0.006
0.006
0.006
0.006
0.007
0.006
0.006
0.006
0.006
0.007
0.007
0.006
0.006
0.007
0.006
0.006
0.006
0.006
0.006
0.006
0.007
0.006
0.006
0.006
0.007
0.006
0.006
0.006
0.006
0.006
0.006
0.007
0.006
0.006
0.006
0.006
0.006
0.006
0.319
0.008
0.008
0.007
0.008
0.007
0.007
0.008
0.116
0.007
0.007
0.006
0.006
0.006
0.006
0.006
0.007
0.006
0.008
0.115
0.006
0.006
0.006
0.006
0.006
0.006
0.006
0.006
0.006
0.006
0.238
0.008
0.007
0.007
0.007
0.006
0.006
0.008
0.006
0.006
0.006
0.006
0.006
0.006
0.006
0.025
0.006
0.007
0.006
0.006
0.006
0.006
0.006
0.006
0.006
0.006
0.006
0.006
0.006
0.006
0.006
0.006
0.008
0.007
0.006
0.007
0.006
0.006
0.948
0.006
0.007
0.007
0.006
0.007
0.006
0.006
0.007
0.006
0.006
0.007
0.006
0.007
0.007
0.006
0.007
0.006
0.006
0.559
0.008
0.007
0.008
0.007
0.007
0.007
0.007
0.007
0.006
0.007
0.006
0.006
0.006
0.006
0.007
0.006
0.009
0.006
0.006
0.006
0.006
0.006
0.006
0.006
0.006
0.007
0.006
0.006
0.006
0.007
0.006
0.006
0.006
0.518
0.007
0.007
0.007
0.007
0.007
0.006
0.007
0.007
0.007
0.006
0.006
0.006
0.007
0.006
0.006
0.007
0.006
0.008
0.007
0.007
0.008
0.008
0.008
0.007
0.007
0.006
0.006
0.006
0.006
0.006
0.006
0.006
0.006
0.007
0.006
0.535
0.008
0.008
0.008
0.007
0.007
0.006
0.007
0.006
0.006
0.006
0.006
0.006
0.006
0.028
0.008
0.007
0.007
0.006
0.006
0.006
0.006
0.006
0.006
0.006
0.006
0.006
0.006
0.006
0.006
0.006
0.006
0.006
0.006
0.006
0.006
0.006
0.006
0.020
0.731
0.008
0.007
0.007
0.006
0.007
0.006
0.006
0.006
0.006
0.006
0.006
0.006
0.007
0.006
0.006
0.006
0.006
0.006
0.007
0.007
0.008
0.007
0.006
0.007
0.006
0.006
0.006
0.006
0.006
0.006
0.006
0.006
0.006
0.006
0.006
0.006
0.006
0.006
0.006
0.007
0.006
0.006
0.006
0.006
0.006
0.006
0.411
0.008
0.007
0.007
0.008
0.007
0.007
0.007
0.007
0.007
0.007
0.006
0.006
0.006
0.006
0.006
0.006
0.006
0.006
0.006
0.006
0.006
0.006
0.006
0.007
0.006
0.006
0.006
0.006
0.006
0.007
0.006
0.006
0.006
0.006
0.006
0.006
0.006
0.006
0.006
0.006
0.007
0.006
0.006
0.006
0.006
0.006
0.006
0.006
0.006
0.007
0.007
0.006
0.007
0.320
0.008
0.008
0.007
0.007
0.008
0.007
0.007
0.006
0.006
0.006
0.006
0.008
0.007
0.006
0.006
0.006
0.007
0.111
0.008
0.007
0.007
0.008
0.007
0.008
0.007
0.007
0.007
0.006
0.006
0.007
0.006
0.006
0.006
0.006
0.006
0.006
0.006
0.006
0.007
0.006
0.315
0.008
0.008
0.008
0.008
0.008
0.007
0.007
0.008
0.007
0.007
0.006
0.006
0.126
0.008
0.008
0.007
0.006
0.006
0.006
0.006
0.006
0.006
0.007
0.007
0.006
0.006
0.006
0.006
0.006
0.006
0.006
0.006
0.006
0.006
0.006
0.006
0.219
0.008
0.008
0.008
0.007
0.007
0.007
0.007
0.318
0.008
0.007
0.007
0.007
0.008
0.007
0.006
0.006
0.006
0.006
0.006
0.006
0.006
0.006
0.006
0.006
0.006
0.006
0.006
0.006
0.006
0.006
0.006
0.006
0.006
0.006
0.006
0.851
0.009
0.008
0.008
0.007
0.007
0.007
0.007
0.007
0.007
0.006
0.006
0.006
0.006
0.006
0.006
0.007
0.006
0.006
0.006
0.006
0.007
0.006
0.006
0.006
0.006
0.006
0.006
0.006
0.006
0.007
0.006
0.008
0.008
0.007
0.006
0.007
0.322
0.008
0.008
0.008
0.008
0.007
0.008
0.007
0.006
0.007
0.006
0.007
0.006
0.007
0.007
0.006
0.007
0.006
0.006
0.006
0.006
0.006
0.006
0.006
0.006
0.006
0.007
0.008
0.007
0.006
0.006
0.006
0.006
0.006
0.006
0.424
0.008
0.007
0.008
0.007
0.007
0.007
0.006
0.006
0.007
0.006
0.006
0.006
0.006
0.006
0.007
0.112
0.006
0.006
0.006
0.006
0.006
0.006
0.006
0.006
0.006
0.649
0.008
0.008
0.008
0.007
0.048
0.006
0.006
0.007
0.006
0.006
0.006
0.006
0.006
0.006
0.006
0.006
0.006
0.868
0.007
0.006
0.006
0.006
0.888
0.007
0.007
0.783
0.007
0.006
0.006
0.006
0.006
0.686
0.007
0.074
0.006
0.006
0.682
0.008
0.007
0.006
0.788
0.007
0.007
0.006
0.006
0.787
0.007
0.008
0.008
0.777
0.008
0.007
0.007
0.788
0.007
0.007
0.006
0.006
0.006
0.006
0.682
0.009
0.008
0.007
0.007
0.007
0.007
0.008
0.007
0.006
0.006
0.007
0.006
0.006
0.006
0.006
0.007
0.006
0.006
0.008
0.006
0.006
0.008
0.007
0.006
0.007
0.449
0.009
0.008
0.008
0.007
0.007
0.138
0.008
0.008
0.007
0.007
0.006
0.006
0.007
0.006
0.006
0.006
0.006
0.006
0.861
0.007
0.007
0.007
0.007
0.006
0.006
0.767
0.008
0.008
0.008
0.008
0.007
0.007
0.007
0.006
0.006
0.006
0.006
0.006
0.006
0.006
0.006
0.006
0.006
0.006
0.007
0.006
0.006
0.006
0.006
0.019
0.006
0.006
0.006
0.006
0.006
0.006
0.006
0.763
0.008
0.007
0.008
0.007
0.006
0.006
0.006
0.006
0.006
0.006
0.006
0.006
0.006
0.006
0.879
0.007
0.006
0.006
0.006
0.006
0.876
0.007
0.007
0.006
0.006
0.006
0.006
0.781
0.006
0.006
0.006
0.006
0.792
0.007
0.006
0.006
0.006
0.790
0.007
0.007
0.007
0.006
0.007
0.675
0.009
0.007
0.007
0.007
0.007
0.007
0.006
0.006
0.006
0.006
0.006
0.006
0.006
0.006
0.006
0.006
0.006
0.006
0.006
0.006
0.885
0.008
0.007
0.007
0.007
0.007
0.007
0.006
0.006
0.006
0.006
0.006
0.006
0.006
0.006
0.006
0.006
0.006
0.006
0.007
0.006
0.006
0.006
0.006
0.006
0.006
0.007
0.006
0.006
0.006
0.006
0.006
0.761
0.007
0.007
0.008
0.008
0.008
0.007
0.007
0.007
0.006
0.006
0.006
0.007
0.007
0.006
0.006
0.007
0.007
0.006
0.006
0.006
0.006
0.006
0.006
0.006
0.007
0.006
0.006
0.006
0.006
0.006
0.006
0.006
0.964
0.007
0.006
0.006
0.006
0.006
0.006
0.886
0.007
0.007
0.006
0.006
0.786
0.006
0.006
0.006
0.006
0.007
0.006
0.006
0.006
0.006
0.006
0.474
0.008
0.008
0.008
0.007
0.007
0.006
0.007
0.008
0.006
0.006
0.006
0.007
0.006
0.006
0.006
0.006
0.006
0.006
0.006
0.007
0.006
0.007
0.006
0.006
0.006
0.006
0.006
0.006
0.006
0.006
0.006
0.006
0.006
0.006
0.006
0.007
0.006
0.006
0.007
0.008
0.006
0.006
0.006
0.229
0.008
0.007
0.007
0.007
0.006
0.006
0.006
0.006
0.019
0.006
0.007
0.007
0.006
0.006
0.006
0.006
0.006
0.006
0.006
0.007
0.006
0.219
0.007
0.006
0.006
0.006
0.006
0.007
0.007
0.007
0.007
0.007
0.006
0.006
0.006
0.006
0.006
0.006
0.006
0.006
0.212
0.007
0.006
0.006
0.006
0.006
0.006
0.006
0.006
0.007
0.006
0.430
0.007
0.007
0.007
0.007
0.007
0.006
0.006
0.006
0.230
0.007
0.007
0.007
0.007
0.007
0.006
0.007
0.007
0.006
0.006
0.006
0.006
0.006
0.006
0.006
0.006
0.006
0.006
0.007
0.006
0.006
0.006
0.006
0.007
0.006
0.006
0.006
0.006
0.006
0.006
0.006
0.006
0.109
0.009
0.008
0.007
0.007
0.007
0.007
0.006
0.225
0.007
0.007
0.007
0.007
0.007
0.006
0.006
0.006
0.006
0.006
0.006
0.006
0.006
0.855
0.007
0.007
0.007
0.007
0.007
0.007
0.007
0.008
0.666
0.006
0.006
0.006
0.006
0.006
0.006
0.006
0.006
0.006
0.006
0.006
0.007
0.007
0.006
0.006
0.006
0.006
0.006
0.006
0.006
0.006
0.007
0.006
0.006
0.006
0.006
0.007
0.006
0.006
0.006
0.006
0.006
0.006
0.006
0.006
0.006
0.006
0.006
0.006
0.006
0.007
0.006
0.006
0.006
0.006
0.006
0.006
0.006
0.006
0.006
0.006
0.007
0.006
0.006
0.211
0.007
0.007
0.007
0.007
0.006
0.006
0.006
0.006
0.006
0.007
0.006
0.006
0.010
0.006
0.006
0.006
0.006
0.006
0.304
0.008
0.008
0.008
0.007
0.007
0.006
0.007
0.323
0.008
0.007
0.008
0.007
0.006
0.007
0.007
0.006
0.006
0.006
0.006
0.006
0.006
0.006
0.006
0.006
0.006
0.006
0.007
0.006
0.006
0.006
0.006
0.006
0.006
0.018
0.006
0.006
0.006
0.006
0.006
0.006
0.006
0.006
0.007
0.006
0.527
0.008
0.008
0.007
0.007
0.007
0.006
0.006
0.006
0.006
0.006
0.006
0.006
0.006
0.006
0.023
0.006
0.007
0.006
0.006
0.006
0.006
0.006
0.007
0.007
0.006
0.007
0.006
0.006
0.006
0.006
0.006
0.006
0.006
0.007
0.529
0.008
0.007
0.007
0.007
0.007
0.007
0.006
0.006
0.023
0.006
0.006
0.006
0.006
0.006
0.006
0.006
0.006
0.006
0.006
0.007
0.006
0.006
0.006
0.006
0.006
0.006
0.006
0.006
0.006
0.006
0.006
0.006
0.006
0.006
0.006
0.006
0.006
0.006
0.006
0.006
0.006
0.007
0.006
0.006
0.006
0.006
0.006
0.938
0.007
0.007
0.006
0.006
0.006
0.887
0.007
0.007
0.007
0.006
0.786
0.006
0.006
0.006
0.006
0.782
0.006
0.006
0.006
0.006
0.006
0.006
0.007
0.006
0.006
0.006
0.006
0.006
0.006
0.006
0.006
0.007
0.006
0.006
0.006
0.351
0.008
0.008
0.007
0.007
0.007
0.006
0.006
0.007
0.006
0.006
0.006
0.006
0.006
0.006
0.006
0.006
0.006
0.006
0.006
0.006
0.007
0.006
0.006
0.006
0.006
0.006
0.006
0.006
0.006
0.007
0.006
0.006
0.006
0.006
0.006
0.006
0.006
0.006
0.006
0.006
0.006
0.006
0.006
0.006
0.006
0.006
0.423
0.007
0.007
0.007
0.007
0.007
0.007
0.006
0.006
0.006
0.007
0.010
0.007
0.006
0.006
0.007
0.006
0.006
0.006
0.006
0.006
0.006
0.006
0.006
0.006
0.006
0.006
0.006
0.007
0.006
0.006
0.006
0.006
0.006
0.006
0.006
0.006
0.006
0.006
0.006
0.006
0.006
0.006
0.007
0.006
0.006
0.006
0.006
0.006
0.007
0.006
0.006
0.006
0.006
0.222
0.007
0.007
0.008
0.008
0.007
0.006
0.006
0.006
0.006
0.006
0.006
0.006
0.006
0.006
0.006
0.006
0.311
0.008
0.008
0.007
0.007
0.007
0.007
0.007
0.006
0.309
0.008
0.007
0.008
0.007
0.007
0.007
0.007
0.006
0.006
0.006
0.006
0.006
0.006
0.006
0.006
0.006
0.006
0.006
0.006
0.006
0.006
0.006
0.006
0.006
0.006
0.858
0.008
0.007
0.007
0.007
0.007
0.006
0.006
0.006
0.006
0.006
0.006
0.006
0.006
0.007
0.006
0.006
0.006
0.006
0.006
0.006
0.006
0.006
0.006
0.006
0.006
0.006
0.006
0.007
0.006
0.006
0.006
0.006
0.006
0.006
0.007
0.007
0.006
0.006
0.006
0.006
0.006
0.006
0.006
0.006
0.006
0.006
0.006
0.006
0.007
0.006
0.008
0.006
0.006
0.006
0.007
0.006
0.006
0.006
0.317
0.007
0.009
0.006
0.006
0.006
0.007
0.006
0.006
0.006
0.439
0.007
0.007
0.007
0.007
0.006
0.006
0.006
0.006
0.006
0.227
0.008
0.007
0.007
0.008
0.007
0.007
0.008
0.007
0.007
0.007
0.007
0.007
0.007
0.007
0.006
0.007
0.006
0.006
0.006
0.006
0.006
0.006
0.006
0.006
0.006
0.006
0.006
0.006
0.006
0.006
0.006
0.006
0.006
0.007
0.006
0.006
0.007
0.006
0.006
0.007
0.006
0.006
0.006
0.006
0.006
0.006
0.006
0.006
0.007
0.006
0.006
0.006
0.007
0.007
0.006
0.006
0.006
0.006
0.006
0.007
0.006
0.006
0.210
0.006
0.006
0.006
0.006
0.006
0.006
0.006
0.006
0.006
0.854
0.008
0.008
0.007
0.008
0.008
0.007
0.007
0.008
0.007
0.007
0.007
0.007
0.006
0.006
0.008
0.007
0.008
0.007
0.006
0.006
0.007
0.006
0.006
0.007
0.007
0.006
0.006
0.006
0.006
0.006
0.006
0.006
0.007
0.006
0.006
0.006
0.006
0.006
0.006
0.006
0.007
0.007
0.006
0.006
0.006
0.006
0.006
0.006
0.006
0.006
0.006
0.006
0.006
0.218
0.006
0.006
0.006
0.006
0.006
0.006
0.006
0.006
0.006
0.006
0.006
0.006
0.006
0.006
0.006
0.006
0.006
0.006
0.006
0.006
0.006
0.006
0.006
0.006
0.007
0.006
0.006
0.103
0.007
0.007
0.007
0.007
0.007
0.007
0.006
0.006
0.007
0.006
0.006
0.006
0.006
0.006
0.007
0.006
0.006
0.006
0.007
0.006
0.006
0.006
0.006
0.006
0.007
0.006
0.006
0.006
0.006
0.007
0.006
0.112
0.008
0.007
0.007
0.008
0.008
0.007
0.006
0.006
0.007
0.006
0.006
0.006
0.007
0.006
0.007
0.007
0.006
0.006
0.006
0.007
0.006
0.006
0.006
0.006
0.324
0.009
0.007
0.007
0.007
0.007
0.007
0.007
0.006
0.006
0.006
0.006
0.006
0.007
0.006
0.006
0.006
0.006
0.007
0.006
0.006
0.006
0.007
0.007
0.006
0.006
0.007
0.006
0.006
0.813
0.008
0.007
0.007
0.007
0.007
0.007
0.007
0.006
0.006
0.007
0.006
0.006
0.006
0.007
0.006
0.006
0.006
0.006
0.006
0.006
0.007
0.006
0.006
0.006
0.006
0.006
0.006
0.006
0.006
0.006
0.007
0.007
0.006
0.007
0.006
0.006
0.006
0.006
0.006
0.006
0.006
0.006
0.006
0.006
0.007
0.007
0.006
0.006
0.006
0.007
0.102
0.007
0.006
0.006
0.006
0.006
0.006
0.006
0.007
0.006
0.007
0.006
0.007
0.006
0.006
0.006
0.006
0.006
0.007
0.006
0.007
0.007
0.006
0.203
0.008
0.007
0.007
0.007
0.007
0.007
0.008
0.007
0.007
0.007
0.007
0.006
0.006
0.115
0.008
0.007
0.006
0.007
0.006
0.008
0.007
0.007
0.007
0.007
0.006
0.006
0.007
0.006
0.006
0.007
0.007
0.007
0.008
0.008
0.007
0.007
0.007
0.006
0.006
0.006
0.006
0.006
0.006
0.006
0.006
0.006
0.013
0.006
0.006
0.006
0.006
0.006
0.006
0.007
0.006
0.006
0.006
0.006
0.006
0.006
0.006
0.007
0.006
0.006
0.006
0.007
0.208
0.008
0.007
0.007
0.006
0.006
0.006
0.006
0.006
0.006
0.007
0.318
0.007
0.007
0.007
0.007
0.007
0.007
0.007
0.008
0.008
0.006
0.006
0.006
0.008
0.006
0.006
0.006
0.006
0.007
0.006
0.007
0.007
0.106
0.007
0.007
0.007
0.007
0.006
0.007
0.006
0.006
0.006
0.006
0.007
0.006
0.006
0.006
0.007
0.006
0.006
0.006
0.006
0.006
0.006
0.006
0.006
0.006
0.006
0.006
0.318
0.008
0.008
0.007
0.007
0.007
0.006
0.006
0.006
0.006
0.006
0.006
0.006
0.006
0.006
0.006
0.006
0.006
0.006
0.006
0.006
0.007
0.007
0.006
0.006
0.006
0.006
0.006
0.006
0.007
0.006
0.006
0.007
0.007
0.006
0.006
0.006
0.006
0.006
0.006
0.006
0.006
0.006
0.006
0.006
0.006
0.006
0.006
0.006
0.007
0.006
0.007
0.006
0.007
0.006
0.008
0.007
0.305
0.008
0.008
0.007
0.007
0.007
0.006
0.006
0.007
0.006
0.006
0.006
0.007
0.006
0.006
0.006
0.018
0.006
0.006
0.006
0.006
0.006
0.006
0.231
0.008
0.007
0.007
0.007
0.007
0.007
0.431
0.008
0.007
0.007
0.007
0.007
0.007
0.006
0.006
0.006
0.007
0.006
0.006
0.007
0.006
0.006
0.006
0.006
0.006
0.006
0.008
0.006
0.006
0.007
0.006
0.007
0.007
0.007
0.007
0.007
0.007
0.006
0.007
0.006
0.006
0.006
0.007
0.006
0.006
0.006
0.007
0.006
0.006
0.006
0.006
0.006
0.007
0.006
0.006
0.006
0.006
0.007
0.007
0.006
0.006
0.006
0.006
0.006
0.006
0.006
0.006
0.006
0.207
0.008
0.008
0.007
0.008
0.008
0.007
0.007
0.007
0.007
0.007
0.007
0.007
0.012
0.006
0.006
0.006
0.006
0.006
0.006
0.006
0.006
0.006
0.006
0.006
0.006
0.006
0.006
0.006
0.007
0.007
0.006
0.006
0.006
0.006
0.006
0.007
0.006
0.429
0.007
0.007
0.007
0.007
0.007
0.006
0.007
0.007
0.006
0.007
0.007
0.006
0.008
0.007
0.008
0.007
0.008
0.007
0.006
0.006
0.006
0.006
0.006
0.006
0.006
0.006
0.006
0.006
0.006
0.006
0.007
0.006
0.006
0.006
0.006
0.006
0.006
0.006
0.006
0.438
0.008
0.008
0.008
0.008
0.008
0.007
0.120
0.008
0.007
0.007
0.007
0.007
0.007
0.007
0.008
0.006
0.006
0.006
0.006
0.006
0.006
0.006
0.006
0.006
0.006
0.006
0.006
0.007
0.007
0.007
0.007
0.008
0.008
0.006
0.006
0.006
0.006
0.006
0.006
0.007
0.006
0.006
0.006
0.006
0.006
0.006
0.006
0.006
0.006
0.006
0.006
0.006
0.007
0.006
0.211
0.008
0.008
0.007
0.007
0.007
0.006
0.006
0.006
0.006
0.006
0.105
0.008
0.007
0.007
0.007
0.007
0.007
0.007
0.008
0.007
0.006
0.006
0.006
0.006
0.006
0.006
0.006
0.006
0.006
0.006
0.006
0.006
0.006
0.006
0.007
0.006
0.006
0.006
0.006
0.006
0.006
0.006
0.006
0.006
0.006
0.107
0.007
0.007
0.007
0.006
0.006
0.007
0.006
0.006
0.006
0.007
0.313
0.007
0.007
0.006
0.007
0.006
0.006
0.006
0.006
0.006
0.006
0.007
0.006
0.006
0.006
0.006
0.006
0.007
0.006
0.006
0.006
0.007
0.007
0.007
0.006
0.006
0.006
0.006
0.006
0.006
0.007
0.006
0.006
0.006
0.006
0.006
0.006
0.006
0.006
0.006
0.006
0.006
0.006
0.008
0.006
0.006
0.006
0.006
0.007
0.007
0.006
0.006
0.006
0.006
0.006
0.008
0.006
0.006
0.006
0.006
0.332
0.007
0.006
0.006
0.006
0.007
0.006
0.007
0.006
0.006
0.008
0.008
0.006
0.006
0.006
0.006
0.006
0.006
0.006
0.006
0.006
0.007
0.006
0.006
0.006
0.006
0.006
0.006
0.007
0.006
0.007
0.007
0.006
0.006
0.006
0.006
0.006
0.006
0.006
0.006
0.006
0.006
0.007
0.006
0.006
0.006
0.006
0.006
0.006
0.006
0.006
0.006
0.006
0.006
0.006
0.006
0.006
0.006
0.007
0.007
0.316
0.007
0.007
0.006
0.007
0.006
0.006
0.006
0.006
0.007
0.006
0.007
0.007
0.006
0.006
0.006
0.006
0.006
0.006
0.006
0.006
0.006
0.006
0.006
0.007
0.007
0.007
0.008
0.008
0.007
0.008
0.006
0.006
0.006
0.006
0.006
0.006
0.006
0.006
0.006
0.006
0.006
0.006
0.006
0.006
0.006
0.006
0.006
0.006
0.006
0.006
0.006
0.007
0.007
0.006
0.006
0.006
0.006
0.006
0.006
0.217
0.007
0.007
0.007
0.007
0.007
0.018
0.006
0.006
0.834
0.008
0.008
0.007
0.006
0.006
0.006
0.006
0.006
0.007
0.006
0.006
0.006
0.006
0.006
0.006
0.006
0.006
0.006
0.006
0.006
0.006
0.006
0.006
0.006
0.006
0.006
0.007
0.006
0.006
0.006
0.006
0.006
0.006
0.006
0.007
0.007
0.006
0.006
0.006
0.006
0.006
0.006
0.646
0.007
0.007
0.008
0.006
0.006
0.040
0.007
0.007
0.007
0.007
0.007
0.007
0.007
0.006
0.006
0.006
0.006
0.006
0.006
0.006
0.006
0.007
0.006
0.006
0.006
0.007
0.006
0.006
0.006
0.006
0.007
0.006
0.006
0.006
0.329
0.009
0.008
0.008
0.007
0.007
0.007
0.007
0.006
0.006
0.006
0.007
0.007
0.006
0.006
0.006
0.006
0.007
0.006
0.006
0.006
0.006
0.006
0.006
0.007
0.006
0.006
0.006
0.006
0.006
0.006
0.007
0.006
0.006
0.006
0.006
0.006
0.006
0.006
0.006
0.006
0.006
0.006
0.006
0.006
0.006
0.006
0.006
0.007
0.006
0.006
0.006
0.006
0.006
0.006
0.006
0.006
0.006
0.006
0.211
0.007
0.007
0.007
0.007
0.007
0.007
0.006
0.006
0.006
0.006
0.114
0.006
0.007
0.006
0.006
0.007
0.006
0.007
0.007
0.006
0.006
0.006
0.006
0.007
0.006
0.006
0.006
0.006
0.006
0.007
0.007
0.006
0.007
0.007
0.006
0.007
0.007
0.006
0.006
0.006
0.006
0.006
0.006
0.006
0.006
0.122
0.009
0.008
0.007
0.006
0.007
0.007
0.006
0.230
0.008
0.008
0.007
0.007
0.007
0.006
0.007
0.007
0.114
0.008
0.008
0.007
0.007
0.007
0.007
0.007
0.008
0.007
0.007
0.006
0.006
0.006
0.022
0.007
0.006
0.006
0.006
0.006
0.006
0.006
0.006
0.006
0.006
0.007
0.006
0.006
0.006
0.006
0.006
0.006
0.006
0.006
0.121
0.008
0.007
0.007
0.007
0.006
0.007
0.007
0.006
0.007
0.207
0.008
0.008
0.007
0.007
0.007
0.007
0.006
0.006
0.006
0.006
0.006
0.006
0.006
0.006
0.006
0.006
0.007
0.006
0.006
0.006
0.007
0.007
0.006
0.007
0.006
0.006
0.006
0.006
0.006
0.006
0.006
0.007
0.006
0.006
0.006
0.006
0.114
0.007
0.007
0.006
0.006
0.006
0.006
0.006
0.006
0.006
0.006
0.215
0.007
0.007
0.006
0.006
0.006
0.006
0.006
0.006
0.006
0.856
0.008
0.008
0.007
0.007
0.006
0.008
0.006
0.006
0.006
0.006
0.006
0.006
0.006
0.006
0.008
0.007
0.008
0.006
0.007
0.006
0.006
0.006
0.006
0.006
0.007
0.006
0.007
0.006
0.006
0.006
0.006
0.006
0.006
0.007
0.007
0.006
0.006
0.006
0.006
0.006
0.006
0.006
0.006
0.006
0.007
0.006
0.006
0.006
0.006
0.006
0.006
0.006
0.006
0.220
0.008
0.007
0.007
0.007
0.007
0.007
0.006
0.006
0.006
0.006
0.006
0.006
0.006
0.006
0.006
0.006
0.006
0.006
0.006
0.006
0.007
0.006
0.006
0.007
0.006
0.006
0.006
0.006
0.006
0.006
0.006
0.006
0.006
0.006
0.006
0.006
0.006
0.510
0.008
0.007
0.007
0.008
0.007
0.007
0.007
0.114
0.007
0.007
0.007
0.006
0.006
0.006
0.006
0.006
0.007
0.007
0.006
0.006
0.006
0.006
0.006
0.006
0.006
0.006
0.006
0.006
0.006
0.006
0.006
0.006
0.006
0.006
0.006
0.006
0.006
0.006
0.006
0.006
0.007
0.006
0.006
0.006
0.006
0.017
0.006
0.006
0.006
0.006
0.007
0.411
0.007
0.007
0.008
0.007
0.007
0.006
0.006
0.006
0.338
0.008
0.008
0.008
0.007
0.007
0.007
0.006
0.007
0.006
0.006
0.006
0.006
0.006
0.006
0.006
0.006
0.006
0.006
0.007
0.006
0.127
0.008
0.007
0.007
0.006
0.006
0.006
0.006
0.006
0.006
0.006
0.006
0.006
0.006
0.007
0.006
0.006
0.006
0.006
0.006
0.006
0.006
0.006
0.006
0.006
0.006
0.006
0.006
0.007
0.007
0.006
0.102
0.008
0.007
0.007
0.006
0.006
0.006
0.006
0.006
0.006
0.434
0.008
0.008
0.008
0.007
0.006
0.006
0.006
0.007
0.006
0.006
0.007
0.006
0.006
0.006
0.006
0.006
0.006
0.006
0.006
0.006
0.023
0.007
0.006
0.006
0.006
0.006
0.006
0.006
0.006
0.006
0.006
0.006
0.006
0.006
0.006
0.006
0.006
0.006
0.006
0.006
0.525
0.008
0.008
0.007
0.007
0.008
0.006
0.006
0.006
0.006
0.006
0.006
0.006
0.006
0.006
0.006
0.006
0.006
0.006
0.006
0.006
0.006
0.006
0.006
0.006
0.006
0.006
0.006
0.006
0.006
0.006
0.006
0.006
0.006
0.006
0.006
0.006
0.006
0.007
0.007
0.006
0.006
0.006
0.008
0.006
0.416
0.008
0.008
0.007
0.007
0.007
0.006
0.006
0.006
0.006
0.006
0.006
0.006
0.006
0.007
0.006
0.006
0.006
0.006
0.006
0.007
0.007
0.007
0.006
0.006
0.006
0.006
0.006
0.006
0.006
0.006
0.006
0.006
0.006
0.006
0.006
0.006
0.006
0.006
0.006
0.006
0.006
0.006
0.006
0.006
0.420
0.008
0.007
0.007
0.007
0.006
0.006
0.006
0.018
0.006
0.006
0.006
0.006
0.006
0.006
0.006
0.006
0.864
0.007
0.007
0.007
0.006
0.006
0.006
0.007
0.006
0.006
0.006
0.006
0.006
0.007
0.006
0.006
0.006
0.006
0.006
0.006
0.006
0.006
0.006
0.006
0.006
0.006
0.006
0.450
0.008
0.008
0.007
0.007
0.007
0.007
0.007
0.006
0.006
0.006
0.006
0.006
0.006
0.006
0.006
0.006
0.006
0.007
0.006
0.006
0.007
0.007
0.006
0.008
0.007
0.007
0.007
0.006
0.006
0.006
0.006
0.006
0.006
0.007
0.006
0.006
0.006
0.006
0.419
0.007
0.007
0.007
0.006
0.007
0.006
0.006
0.006
0.006
0.006
0.006
0.006
0.006
0.006
0.006
0.006
0.006
0.006
0.006
0.006
0.006
0.006
0.006
0.006
0.006
0.007
0.006
0.007
0.006
0.006
0.006
0.006
0.006
0.006
0.006
0.006
0.635
0.008
0.007
0.007
0.006
0.006
0.006
0.046
0.006
0.006
0.006
0.006
0.006
0.007
0.006
0.006
0.006
0.006
0.006
0.006
0.006
0.006
0.006
0.006
0.007
0.006
0.006
0.006
0.006
0.856
0.006
0.006
0.006
0.007
0.006
0.006
0.878
0.006
0.006
0.006
0.788
0.006
0.006
0.006
0.691
0.007
0.007
0.007
0.006
0.006
0.006
0.006
0.006
0.006
0.006
0.006
0.006
0.006
0.006
0.006
0.007
0.006
0.006
0.006
0.006
0.006
0.006
0.006
0.006
0.006
0.006
0.006
0.007
0.007
0.007
0.008
0.006
0.006
0.006
0.006
0.006
0.006
0.007
0.439
0.008
0.007
0.007
0.006
0.006
0.006
0.007
0.006
0.007
0.006
0.006
0.006
0.006
0.006
0.006
0.006
0.006
0.006
0.006
0.006
0.006
0.006
0.006
0.007
0.006
0.006
0.006
0.007
0.006
0.006
0.018
0.006
0.006
0.006
0.007
0.007
0.007
0.006
0.007
0.006
0.007
0.529
0.008
0.008
0.007
0.006
0.006
0.006
0.006
0.037
0.007
0.006
0.006
0.006
0.007
0.007
0.007
0.006
0.006
0.006
0.006
0.006
0.006
0.857
0.008
0.007
0.007
0.007
0.007
0.006
0.007
0.007
0.008
0.008
0.007
0.006
0.007
0.007
0.006
0.006
0.006
0.006
0.006
0.006
0.006
0.006
0.006
0.007
0.007
0.006
0.545
0.008
0.007
0.008
0.007
0.007
0.007
0.007
0.006
0.006
0.006
0.006
0.007
0.006
0.006
0.006
0.006
0.007
0.006
0.006
0.006
0.006
0.006
0.006
0.007
0.007
0.006
0.006
0.006
0.006
0.006
0.006
0.006
0.006
0.006
0.006
0.006
0.006
0.006
0.006
0.006
0.006
0.006
0.006
0.007
0.006
0.006
0.006
0.006
0.006
0.006
0.006
0.006
0.210
0.008
0.008
0.007
0.007
0.007
0.007
0.007
0.007
0.006
0.006
0.007
0.006
0.006
0.006
0.006
0.006
0.006
0.006
0.006
0.006
0.006
0.006
0.006
0.006
0.006
0.006
0.006
0.006
0.006
0.006
0.006
0.006
0.006
0.006
0.007
0.006
0.006
0.006
0.006
0.006
0.006
0.007
0.006
0.006
0.006
0.006
0.868
0.006
0.006
0.006
0.006
0.006
0.006
0.879
0.007
0.007
0.006
0.788
0.007
0.006
0.006
0.006
0.006
0.780
0.007
0.006
0.883
0.006
0.006
0.006
0.006
0.006
0.007
0.687
0.008
0.007
0.007
0.007
0.007
0.006
0.006
0.006
0.006
0.006
0.006
0.006
0.006
0.006
0.006
0.006
0.007
0.006
0.006
0.006
0.006
0.006
0.006
0.006
0.006
0.007
0.007
0.006
0.006
0.006
0.006
0.006
0.006
0.007
0.006
0.006
0.006
0.006
0.006
0.006
0.006
0.006
0.006
0.006
0.006
0.007
0.006
0.007
0.006
0.007
0.006
0.006
0.114
0.007
0.008
0.007
0.007
0.007
0.006
0.006
0.006
0.006
0.006
0.102
0.007
0.006
0.006
0.006
0.006
0.006
0.006
0.006
0.006
0.006
0.006
0.006
0.006
0.006
0.006
0.006
0.006
0.006
0.007
0.006
0.006
0.006
0.006
0.006
0.006
0.006
0.007
0.006
0.007
0.007
0.006
0.007
0.006
0.006
0.006
0.006
0.006
0.006
0.006
0.006
0.006
0.006
0.006
0.006
0.006
0.006
0.006
0.006
0.006
0.006
0.006
0.006
0.006
0.006
0.210
0.008
0.008
0.007
0.007
0.007
0.008
0.007
0.006
0.007
0.006
0.007
0.006
0.006
0.006
0.006
0.006
0.006
0.006
0.006
0.006
0.006
0.006
0.006
0.006
0.006
0.006
0.006
0.006
0.006
0.007
0.006
0.006
0.006
0.006
0.006
0.006
0.006
0.006
0.006
0.006
0.007
0.007
0.006
0.006
0.006
0.006
0.006
0.006
0.006
0.007
0.006
0.007
0.007
0.006
0.006
0.006
0.006
0.006
0.006
0.006
0.006
0.006
0.119
0.007
0.007
0.006
0.006
0.006
0.006
0.006
0.007
0.006
0.006
0.006
0.006
0.097
0.006
0.006
0.006
0.006
0.006
0.007
0.006
0.006
0.006
0.006
0.007
0.006
0.006
0.006
0.007
0.006
0.006
0.006
0.006
0.007
0.006
0.006
0.007
0.007
0.006
0.006
0.006
0.006
0.006
0.006
0.006
0.006
0.006
0.006
0.006
0.006
0.006
0.006
0.006
0.094
0.008
0.006
0.006
0.006
0.006
0.006
0.006
0.006
0.006
0.006
0.006
0.006
0.006
0.006
0.021
0.007
0.945
0.007
0.007
0.006
0.006
0.006
0.882
0.007
0.007
0.006
0.006
0.880
0.006
0.006
0.006
0.006
0.006
0.006
0.887
0.007
0.006
0.006
0.006
0.006
0.884
0.007
0.007
0.007
0.006
0.006
0.006
0.006
0.006
0.006
0.006
0.007
0.007
0.006
0.007
0.006
0.007
0.007
0.006
0.006
0.006
0.006
0.006
0.006
0.006
0.006
0.006
0.006
0.006
0.006
0.007
0.006
0.006
0.007
0.006
0.006
0.006
0.006
0.006
0.006
0.006
0.006
0.006
0.006
0.006
0.006
0.006
0.006
0.007
0.006
0.006
0.006
0.006
0.006
0.006
0.006
0.006
0.007
0.208
0.007
0.007
0.007
0.007
0.007
0.007
0.007
0.006
0.006
0.009
0.006
0.006
0.006
0.006
0.006
0.006
0.006
0.006
0.006
0.006
0.006
0.006
0.006
0.006
0.006
0.006
0.006
0.006
0.006
0.007
0.008
0.007
0.007
0.007
0.007
0.006
0.006
0.006
0.007
0.006
0.006
0.007
0.006
0.006
0.006
0.006
0.006
0.006
0.006
0.007
0.006
0.006
0.006
0.006
0.006
0.006
0.006
0.006
0.006
0.013
0.006
0.006
0.006
0.007
0.006
0.006
0.006
0.006
0.007
0.006
0.007
0.006
0.006
0.111
0.007
0.007
0.007
0.007
0.007
0.007
0.007
0.006
0.118
0.007
0.007
0.007
0.007
0.007
0.007
0.007
0.007
0.006
0.006
0.007
0.007
0.006
0.006
0.006
0.006
0.006
0.006
0.006
0.006
0.006
0.006
0.006
0.006
0.009
0.006
0.006
0.006
0.007
0.007
0.008
0.008
0.007
0.007
0.007
0.007
0.006
0.006
0.006
0.006
0.006
0.006
0.006
0.006
0.006
0.007
0.006
0.007
0.006
0.006
0.007
0.006
0.006
0.006
0.007
0.006
0.006
0.024
0.006
0.006
0.006
0.006
0.006
0.006
0.006
0.006
0.006
0.006
0.006
0.109
0.007
0.007
0.007
0.007
0.006
0.007
0.006
0.006
0.006
0.006
0.006
0.006
0.104
0.006
0.006
0.006
0.006
0.006
0.006
0.007
0.006
0.006
0.006
0.006
0.006
0.006
0.006
0.007
0.006
0.006
0.006
0.006
0.006
0.006
0.006
0.006
0.006
0.007
0.007
0.006
0.006
0.006
0.006
0.006
0.006
0.006
0.006
0.007
0.006
0.006
0.435
0.008
0.007
0.008
0.007
0.007
0.007
0.006
0.011
0.006
0.006
0.006
0.006
0.006
0.006
0.006
0.006
0.006
0.006
0.006
0.023
0.007
0.006
0.006
0.007
0.006
0.006
0.006
0.006
0.006
0.006
0.006
0.007
0.006
0.006
0.006
0.007
0.006
0.006
0.006
0.006
0.006
0.006
0.006
0.007
0.006
0.006
0.006
0.006
0.007
0.006
0.006
0.122
0.006
0.009
0.006
0.006
0.006
0.007
0.006
0.006
0.007
0.006
0.007
0.015
0.007
0.006
0.006
0.006
0.006
0.006
0.006
0.006
0.007
0.006
0.006
0.006
0.111
0.008
0.008
0.007
0.007
0.007
0.007
0.008
0.007
0.007
0.006
0.007
0.007
0.006
0.007
0.006
0.006
0.006
0.006
0.006
0.006
0.006
0.007
0.006
0.006
0.006
0.006
0.105
0.007
0.007
0.007
0.007
0.006
0.007
0.006
0.006
0.006
0.006
0.006
0.006
0.006
0.006
0.006
0.006
0.006
0.006
0.006
0.006
0.006
0.006
0.006
0.007
0.007
0.007
0.006
0.006
0.006
0.006
0.007
0.006
0.006
0.006
0.006
0.006
0.006
0.006
0.006
0.006
0.006
0.006
0.006
0.007
0.006
0.108
0.007
0.007
0.006
0.006
0.006
0.006
0.007
0.007
0.006
0.006
0.006
0.007
0.006
0.013
0.006
0.006
0.006
0.315
0.008
0.007
0.007
0.007
0.007
0.007
0.006
0.006
0.006
0.217
0.007
0.006
0.006
0.006
0.006
0.006
0.007
0.006
0.006
0.006
0.006
0.006
0.006
0.006
0.006
0.006
0.006
0.006
0.006
0.006
0.006
0.006
0.007
0.006
0.006
0.006
0.006
0.006
0.006
0.006
0.006
0.006
0.006
0.006
0.006
0.006
0.008
0.006
0.006
0.006
0.006
0.006
0.007
0.006
0.931
0.008
0.007
0.006
0.006
0.006
0.006
0.867
0.008
0.007
0.006
0.006
0.007
0.006
0.006
0.006
0.006
0.006
0.006
0.006
0.006
0.006
0.007
0.007
0.006
0.007
0.007
0.006
0.006
0.007
0.006
0.006
0.006
0.006
0.006
0.006
0.006
0.006
0.006
0.006
0.006
0.006
0.006
0.006
0.006
0.006
0.006
0.006
0.007
0.006
0.006
0.006
0.006
0.006
0.006
0.006
0.006
0.006
0.006
0.006
0.006
0.006
0.006
0.006
0.006
0.006
0.006
0.006
0.006
0.112
0.007
0.007
0.007
0.007
0.006
0.006
0.006
0.006
0.006
0.007
0.007
0.006
0.006
0.006
0.008
0.006
0.006
0.006
0.006
0.006
0.006
0.006
0.006
0.006
0.006
0.006
0.006
0.006
0.006
0.006
0.006
0.006
0.006
0.215
0.007
0.007
0.007
0.006
0.006
0.006
0.854
0.007
0.008
0.007
0.007
0.007
0.007
0.008
0.007
0.006
0.006
0.006
0.006
0.006
0.006
0.006
0.006
0.006
0.007
0.007
0.006
0.006
0.006
0.006
0.007
0.006
0.006
0.006
0.007
0.006
0.006
0.006
0.006
0.006
0.006
0.006
0.006
0.006
0.006
0.006
0.006
0.007
0.006
0.007
0.006
0.006
0.006
0.006
0.006
0.006
0.006
0.006
0.006
0.006
0.006
0.006
0.006
0.116
0.007
0.007
0.006
0.007
0.006
0.006
0.006
0.006
0.006
0.006
0.006
0.006
0.006
0.006
0.006
0.006
0.006
0.006
0.006
0.006
0.006
0.006
0.006
0.006
0.006
0.010
0.006
0.006
0.007
0.006
0.006
0.006
0.007
0.007
0.007
0.006
0.007
0.006
0.099
0.008
0.007
0.006
0.006
0.006
0.006
0.006
0.006
0.006
0.006
0.007
0.006
0.007
0.006
0.007
0.006
0.006
0.007
0.006
0.006
0.006
0.006
0.006
0.006
0.006
0.007
0.006
0.006
0.007
0.006
0.006
0.006
0.006
0.006
0.006
0.007
0.006
0.006
0.006
0.006
0.006
0.006
0.006
0.006
0.006
0.007
0.006
0.007
0.006
0.006
0.006
0.006
0.006
0.006
0.006
0.532
0.007
0.007
0.007
0.007
0.007
0.007
0.126
0.007
0.006
0.007
0.006
0.006
0.006
0.006
0.006
0.006
0.006
0.006
0.006
0.007
0.006
0.006
0.006
0.006
0.006
0.006
0.006
0.006
0.007
0.006
0.006
0.006
0.006
0.006
0.006
0.007
0.006
0.006
0.006
0.006
0.006
0.007
0.006
0.007
0.006
0.006
0.006
0.006
0.006
0.006
0.006
0.006
0.006
0.007
0.006
0.006
0.006
0.007
0.006
0.006
0.006
0.006
0.006
0.006
0.007
0.006
0.006
0.007
0.006
0.006
0.006
0.006
0.006
0.006
0.006
0.007
0.006
0.006
0.006
0.006
0.006
0.006
0.006
0.006
0.006
0.006
0.007
0.006
0.007
0.111
0.007
0.008
0.006
0.007
0.007
0.007
0.008
0.007
0.007
0.007
0.006
0.006
0.006
0.006
0.006
0.006
0.007
0.006
0.006
0.006
0.006
0.112
0.008
0.007
0.007
0.008
0.007
0.006
0.006
0.006
0.006
0.006
0.006
0.006
0.006
0.007
0.007
0.006
0.006
0.006
0.006
0.006
0.007
0.006
0.007
0.006
0.007
0.006
0.006
0.013
0.007
0.006
0.006
0.006
0.006
0.006
0.129
0.007
0.007
0.007
0.007
0.006
0.006
0.006
0.007
0.007
0.220
0.007
0.007
0.007
0.007
0.007
0.007
0.007
0.009
0.007
0.008
0.007
0.006
0.009
0.007
0.006
0.006
0.006
0.006
0.006
0.006
0.006
0.007
0.007
0.007
0.006
0.007
0.007
0.006
0.006
0.006
0.007
0.006
0.006
0.005
0.006
0.006
0.007
0.006
0.006
0.006
0.006
0.006
0.006
0.006
0.007
0.007
0.006
0.006
0.006
0.006
0.006
0.006
0.006
0.006
0.006
0.006
0.006
0.006
0.211
0.008
0.007
0.006
0.006
0.007
0.006
0.006
0.006
0.006
0.006
0.006
0.006
0.006
0.006
0.006
0.007
0.006
0.124
0.008
0.006
0.007
0.006
0.006
0.006
0.006
0.006
0.006
0.006
0.007
0.006
0.006
0.006
0.006
0.006
0.006
0.006
0.006
0.305
0.008
0.007
0.007
0.006
0.007
0.006
0.006
0.006
0.006
0.007
0.006
0.006
0.006
0.006
0.006
0.006
0.006
0.006
0.007
0.007
0.006
0.006
0.007
0.006
0.006
0.006
0.006
0.006
0.006
0.006
0.006
0.006
0.006
0.006
0.006
0.006
0.006
0.006
0.006
0.006
0.007
0.006
0.006
0.006
0.006
0.006
0.006
0.006
0.006
0.007
0.006
0.007
0.007
0.006
0.006
0.006
0.006
0.006
0.006
0.006
0.006
0.016
0.006
0.006
0.006
0.006
0.007
0.007
0.007
0.006
0.006
0.006
0.006
0.007
0.012
0.006
0.006
0.006
0.007
0.006
0.006
0.006
0.007
0.007
0.007
0.214
0.008
0.007
0.008
0.007
0.007
0.007
0.007
0.007
0.008
0.007
0.006
0.006
0.007
0.006
0.006
0.006
0.006
0.006
0.006
0.007
0.007
0.006
0.006
0.006
0.006
0.006
0.006
0.006
0.006
0.007
0.006
0.006
0.006
0.006
0.006
0.006
0.006
0.007
0.006
0.006
0.006
0.006
0.006
0.006
0.006
0.006
0.006
0.007
0.006
0.006
0.006
0.006
0.006
0.006
0.006
0.006
0.006
0.006
0.007
0.006
0.006
0.006
0.006
0.007
0.006
0.217
0.008
0.007
0.007
0.007
0.007
0.007
0.006
0.006
0.007
0.006
0.006
0.006
0.006
0.006
0.006
0.006
0.006
0.006
0.006
0.006
0.006
0.007
0.007
0.006
0.007
0.006
0.006
0.006
0.006
0.006
0.006
0.006
0.006
0.006
0.006
0.006
0.007
0.006
0.006
0.006
0.006
0.006
0.006
0.006
0.006
0.006
0.006
0.006
0.006
0.006
0.006
0.006
0.006
0.006
0.006
0.006
0.007
0.006
0.006
0.006
0.006
0.007
0.011
0.006
0.006
0.006
0.006
0.006
0.007
0.006
0.006
0.006
0.006
0.006
0.006
0.006
0.103
0.007
0.007
0.007
0.007
0.008
0.007
0.008
0.007
0.110
0.008
0.008
0.007
0.007
0.007
0.007
0.006
0.006
0.006
0.007
0.006
0.006
0.006
0.006
0.006
0.006
0.006
0.007
0.006
0.006
0.006
0.006
0.006
0.006
0.006
0.006
0.006
0.006
0.006
0.006
0.006
0.006
0.006
0.006
0.006
0.006
0.007
0.006
0.006
0.006
0.006
0.006
0.007
0.006
0.006
0.006
0.006
0.007
0.006
0.006
0.006
0.006
0.006
0.006
0.006
0.006
0.006
0.006
0.006
0.006
0.006
0.006
0.006
0.006
0.110
0.006
0.006
0.006
0.006
0.006
0.006
0.006
0.006
0.006
0.006
0.006
0.006
0.006
0.006
0.105
0.007
0.007
0.007
0.007
0.006
0.006
0.006
0.006
0.006
0.006
0.006
0.007
0.007
0.007
0.007
0.006
0.007
0.007
0.006
0.007
0.006
0.006
0.006
0.006
0.007
0.006
0.005
0.006
0.006
0.006
0.006
0.006
0.006
0.006
0.006
0.007
0.006
0.006
0.106
0.007
0.007
0.007
0.007
0.006
0.011
0.006
0.006
0.006
0.007
0.006
0.006
0.006
0.006
0.006
0.006
0.007
0.213
0.007
0.007
0.008
0.008
0.007
0.007
0.007
0.007
0.007
0.007
0.006
0.006
0.006
0.007
0.006
0.006
0.006
0.006
0.006
0.006
0.007
0.006
0.006
0.007
0.006
0.006
0.006
0.123
0.007
0.006
0.006
0.006
0.006
0.006
0.006
0.006
0.006
0.006
0.006
0.007
0.007
0.007
0.006
0.006
0.006
0.006
0.006
0.006
0.006
0.006
0.006
0.006
0.007
0.105
0.008
0.008
0.007
0.007
0.008
0.007
0.007
0.006
0.006
0.006
0.007
0.006
0.006
0.007
0.007
0.006
0.006
0.006
0.006
0.006
0.006
0.006
0.006
0.006
0.006
0.006
0.006
0.006
0.006
0.006
0.006
0.006
0.006
0.006
0.006
0.006
0.006
0.006
0.006
0.006
0.006
0.006
0.007
0.006
0.006
0.006
0.006
0.006
0.006
0.006
0.007
0.006
0.006
0.006
0.006
0.006
0.006
0.006
0.006
0.006
0.006
0.096
0.007
0.007
0.007
0.006
0.006
0.006
0.006
0.008
0.007
0.097
0.008
0.007
0.008
0.007
0.007
0.006
0.006
0.006
0.006
0.006
0.006
0.006
0.006
0.006
0.006
0.007
0.006
0.006
0.007
0.006
0.006
0.006
0.007
0.006
0.006
0.006
0.007
0.007
0.006
0.006
0.006
0.006
0.006
0.006
0.006
0.006
0.006
0.006
0.007
0.006
0.006
0.006
0.006
0.007
0.118
0.007
0.007
0.006
0.006
0.006
0.006
0.006
0.007
0.007
0.006
0.006
0.106
0.008
0.008
0.007
0.006
0.007
0.007
0.006
0.006
0.006
0.006
0.007
0.006
0.006
0.006
0.006
0.006
0.006
0.006
0.006
0.006
0.007
0.006
0.006
0.006
0.006
0.006
0.006
0.007
0.006
0.006
0.006
0.006
0.006
0.007
0.006
0.006
0.006
0.006
0.006
0.006
0.006
0.007
0.006
0.006
0.006
0.006
0.006
0.006
0.006
0.006
0.006
0.006
0.006
0.007
0.006
0.006
0.006
0.006
0.006
0.006
0.006
0.006
0.006
0.006
0.006
0.006
0.006
0.006
0.007
0.007
0.006
0.006
0.006
0.006
0.006
0.006
0.006
0.006
0.006
0.006
0.006
0.007
0.116
0.007
0.006
0.006
0.006
0.007
0.007
0.006
0.007
0.007
0.198
0.008
0.008
0.007
0.007
0.007
0.007
0.007
0.007
0.007
0.007
0.006
0.006
0.006
0.006
0.007
0.007
0.006
0.006
0.006
0.006
0.006
0.006
0.006
0.006
0.006
0.007
0.006
0.006
0.006
0.006
0.006
0.006
0.006
0.006
0.006
0.006
0.006
0.007
0.006
0.006
0.006
0.006
0.006
0.006
0.006
0.006
0.006
0.006
0.006
0.006
0.006
0.006
0.006
0.006
0.006
0.006
0.006
0.006
0.006
0.006
0.007
0.006
0.006
0.006
0.006
0.007
0.006
0.006
0.006
0.006
0.006
0.006
0.006
0.006
0.006
0.006
0.111
0.006
0.006
0.006
0.006
0.006
0.006
0.006
0.006
0.861
0.007
0.007
0.007
0.007
0.007
0.007
0.006
0.007
0.006
0.006
0.007
0.006
0.007
0.007
0.006
0.006
0.006
0.006
0.006
0.006
0.006
0.006
0.006
0.007
0.006
0.006
0.006
0.006
0.006
0.006
0.851
0.008
0.008
0.007
0.008
0.007
0.006
0.006
0.007
0.006
0.006
0.006
0.006
0.008
0.006
0.006
0.006
0.007
0.006
0.006
0.006
0.006
0.006
0.006
0.007
0.006
0.006
0.006
0.006
0.006
0.006
0.006
0.006
0.006
0.007
0.006
0.007
0.007
0.008
0.007
0.007
0.007
0.008
0.007
0.006
0.006
0.006
0.006
0.006
0.006
0.006
0.007
0.006
0.006
0.006
0.006
0.006
0.006
0.006
0.006
0.006
0.006
0.006
0.006
0.005
0.010
0.006
0.005
0.006
0.006
0.006
0.007
0.216
0.008
0.008
0.007
0.007
0.007
0.006
0.006
0.007
0.111
0.007
0.007
0.007
0.007
0.006
0.007
0.007
0.006
0.006
0.006
0.006
0.006
0.006
0.006
0.006
0.007
0.006
0.006
0.010
0.006
0.007
0.006
0.006
0.006
0.006
0.006
0.006
0.006
0.006
0.006
0.006
0.006
0.006
0.007
0.007
0.006
0.006
0.006
0.006
0.006
0.007
0.006
0.007
0.006
0.006
0.006
0.006
0.006
0.006
0.006
0.006
0.007
0.006
0.006
0.006
0.006
0.006
0.006
0.006
0.006
0.006
0.112
0.008
0.008
0.007
0.007
0.006
0.007
0.006
0.006
0.006
0.113
0.007
0.007
0.007
0.007
0.006
0.006
0.007
0.007
0.007
0.006
0.006
0.006
0.006
0.006
0.006
0.006
0.006
0.006
0.006
0.007
0.006
0.006
0.006
0.006
0.006
0.006
0.006
0.006
0.006
0.006
0.006
0.006
0.006
0.006
0.006
0.007
0.007
0.106
0.007
0.007
0.007
0.007
0.006
0.006
0.006
0.006
0.007
0.007
0.006
0.006
0.006
0.006
0.007
0.006
0.006
0.006
0.006
0.006
0.006
0.006
0.006
0.006
0.006
0.006
0.006
0.006
0.006
0.006
0.006
0.095
0.008
0.007
0.007
0.007
0.007
0.006
0.006
0.006
0.006
0.006
0.006
0.006
0.006
0.006
0.007
0.006
0.006
0.006
0.006
0.006
0.006
0.007
0.007
0.007
0.210
0.007
0.007
0.006
0.006
0.006
0.006
0.006
0.006
0.006
0.006
0.006
0.006
0.006
0.006
0.007
0.006
0.006
0.007
0.007
0.006
0.006
0.006
0.006
0.006
0.006
0.006
0.006
0.006
0.006
0.006
0.006
0.006
0.006
0.007
0.006
0.006
0.007
0.006
0.006
0.006
0.006
0.007
0.006
0.007
0.005
0.006
0.007
0.007
0.007
0.007
0.006
0.006
0.006
0.006
0.006
0.006
0.006
0.006
0.006
0.006
0.006
0.006
0.006
0.006
0.007
0.006
0.116
0.006
0.007
0.006
0.006
0.006
0.006
0.006
0.006
0.006
0.006
0.006
0.006
0.006
0.111
0.007
0.007
0.007
0.007
0.006
0.007
0.006
0.006
0.007
0.007
0.007
0.006
0.006
0.006
0.006
0.006
0.111
0.007
0.007
0.007
0.006
0.006
0.007
0.006
0.006
0.006
0.006
0.006
0.006
0.007
0.006
0.006
0.006
0.006
0.006
0.006
0.006
0.006
0.006
0.006
0.006
0.006
0.006
0.006
0.006
0.006
0.006
0.006
0.006
0.006
0.006
0.006
0.006
0.006
0.006
0.006
0.006
0.006
0.006
0.006
0.006
0.006
0.006
0.006
0.006
0.006
0.006
0.006
0.006
0.006
0.006
0.006
0.006
0.007
0.006
0.006
0.006
0.006
0.006
0.006
0.006
0.006
0.006
0.109
0.007
0.007
0.007
0.007
0.006
0.006
0.006
0.006
0.006
0.006
0.117
0.006
0.006
0.006
0.006
0.006
0.006
0.006
0.006
0.007
0.007
0.007
0.006
0.006
0.006
0.007
0.006
0.006
0.006
0.006
0.007
0.006
0.006
0.006
0.006
0.007
0.006
0.007
0.006
0.006
0.006
0.006
0.007
0.006
0.006
0.007
0.006
0.006
0.006
0.006
0.006
0.006
0.006
0.006
0.006
0.006
0.006
0.006
0.006
0.006
0.006
0.006
0.006
0.006
0.006
0.006
0.006
0.006
0.006
0.006
0.006
0.005
0.006
0.006
0.006
0.006
0.007
0.007
0.007
0.006
0.006
0.007
0.006
0.006
0.006
0.006
0.007
0.007
0.006
0.006
0.006
0.006
0.006
0.006
0.006
0.006
0.006
0.006
0.007
0.006
0.006
0.006
0.006
0.006
0.006
0.006
0.006
0.006
0.006
0.006
0.006
0.006
0.006
0.006
0.006
0.006
0.006
0.006
0.007
0.006
0.006
0.009
0.215
0.007
0.007
0.007
0.007
0.007
0.006
0.006
0.006
0.006
0.006
0.114
0.007
0.007
0.007
0.007
0.006
0.006
0.006
0.006
0.007
0.007
0.006
0.006
0.006
0.006
0.006
0.006
0.007
0.006
0.006
0.007
0.006
0.005
0.006
0.006
0.006
0.006
0.006
0.006
0.006
0.006
0.006
0.006
0.006
0.006
0.006
0.006
0.006
0.006
0.006
0.006
0.006
0.006
0.006
0.006
0.006
0.006
0.006
0.006
0.006
0.006
0.006
0.007
0.006
0.006
0.006
0.007
0.007
0.006
0.006
0.006
0.006
0.007
0.006
0.006
0.006
0.006
0.006
0.006
0.007
0.007
0.006
0.006
0.006
0.006
0.007
0.006
0.007
0.006
0.006
0.114
0.007
0.007
0.007
0.007
0.007
0.006
0.007
0.006
0.006
0.006
0.098
0.008
0.007
0.007
0.007
0.007
0.007
0.007
0.007
0.006
0.006
0.007
0.006
0.006
0.006
0.106
0.007
0.006
0.006
0.006
0.006
0.006
0.006
0.006
0.006
0.006
0.006
0.006
0.006
0.006
0.006
0.006
0.006
0.006
0.006
0.006
0.006
0.006
0.006
0.006
0.006
0.006
0.006
0.006
0.006
0.006
0.006
0.006
0.006
0.006
0.006
0.006
0.006
0.006
0.006
0.007
0.007
0.007
0.007
0.008
0.008
0.007
0.007
0.007
0.006
0.006
0.006
0.006
0.006
0.006
0.006
0.006
0.007
0.007
0.007
0.006
0.006
0.006
0.006
0.006
0.006
0.006
0.006
0.006
0.006
0.006
0.006
0.006
0.006
0.009
0.007
0.006
0.006
0.006
0.006
0.006
0.006
0.006
0.006
0.006
0.006
0.118
0.008
0.008
0.006
0.006
0.007
0.006
0.006
0.007
0.006
0.006
0.111
0.008
0.007
0.007
0.007
0.007
0.007
0.007
0.006
0.006
0.006
0.006
0.006
0.006
0.006
0.007
0.006
0.006
0.012
0.006
0.006
0.006
0.006
0.006
0.006
0.007
0.006
0.006
0.006
0.006
0.006
0.006
0.006
0.006
0.006
0.006
0.006
0.007
0.006
0.006
0.102
0.007
0.008
0.007
0.007
0.006
0.006
0.005
0.006
0.006
0.006
0.006
0.005
0.006
0.007
0.006
0.006
0.006
0.006
0.006
0.007
0.006
0.006
0.006
0.006
0.006
0.006
0.007
0.006
0.006
0.006
0.006
0.006
0.006
0.006
0.006
0.007
0.006
0.006
0.006
0.006
0.006
0.006
0.006
0.006
0.006
0.006
0.006
0.006
0.006
0.006
0.006
0.006
0.006
0.006
0.006
0.007
0.006
0.108
0.008
0.007
0.007
0.007
0.006
0.006
0.006
0.007
0.006
0.007
0.006
0.006
0.006
0.006
0.006
0.006
0.006
0.006
0.006
0.006
0.006
0.006
0.006
0.006
0.006
0.006
0.006
0.006
0.006
0.006
0.006
0.006
0.006
0.006
0.006
0.007
0.006
0.217
0.007
0.007
0.007
0.006
0.006
0.006
0.006
0.006
0.006
0.006
0.103
0.006
0.006
0.006
0.006
0.006
0.006
0.006
0.006
0.006
0.006
0.006
0.006
0.006
0.007
0.006
0.007
0.006
0.006
0.006
0.006
0.006
0.006
0.006
0.006
0.006
0.006
0.006
0.006
0.006
0.006
0.006
0.006
0.006
0.006
0.006
0.006
0.007
0.006
0.006
0.006
0.006
0.006
0.007
0.006
0.006
0.006
0.007
0.007
0.006
0.006
0.006
0.006
0.006
0.006
0.006
0.006
0.006
0.006
0.006
0.006
0.006
0.006
0.006
0.006
0.006
0.006
0.006
0.006
0.007
0.006
0.219
0.008
0.008
0.007
0.006
0.006
0.006
0.006
0.007
0.007
0.006
0.006
0.006
0.006
0.006
0.006
0.006
0.006
0.006
0.006
0.006
0.006
0.006
0.006
0.005
0.006
0.006
0.006
0.006
0.006
0.006
0.006
0.006
0.006
0.006
0.009
0.006
0.006
0.006
0.006
0.006
0.006
0.006
0.006
0.006
0.006
0.006
0.006
0.006
0.007
0.006
0.006
0.006
0.007
0.006
0.006
0.005
0.006
0.860
0.008
0.008
0.008
0.007
0.007
0.007
0.007
0.006
0.007
0.006
0.006
0.006
0.006
0.006
0.006
0.006
0.007
0.007
0.006
0.006
0.006
0.006
0.006
0.006
0.006
0.006
0.006
0.007
0.006
0.006
0.006
0.006
0.006
0.006
0.006
0.005
0.007
0.006
0.006
0.006
0.006
0.007
0.005
0.006
0.006
0.006
0.006
0.006
0.006
0.007
0.006
0.006
0.006
0.006
0.006
0.006
0.217
0.008
0.007
0.007
0.007
0.006
0.006
0.006
0.006
0.006
0.006
0.006
0.006
0.006
0.006
0.006
0.006
0.006
0.006
0.006
0.006
0.006
0.006
0.006
0.006
0.006
0.006
0.007
0.006
0.006
0.006
0.005
0.006
0.006
0.007
0.006
0.006
0.006
0.006
0.006
0.006
0.006
0.006
0.006
0.006
0.006
0.007
0.006
0.006
0.006
0.006
0.006
0.006
0.006
0.006
0.006
0.006
0.006
0.006
0.006
0.006
0.006
0.006
0.006
0.006
0.006
0.006
0.007
0.006
0.006
0.006
0.006
0.006
0.006
0.006
0.006
0.006
0.006
0.006
0.006
0.006
0.024
0.007
0.006
0.006
0.007
0.006
0.006
0.006
0.006
0.006
0.006
0.116
0.006
0.007
0.006
0.007
0.007
0.006
0.006
0.006
0.006
0.006
0.006
0.110
0.007
0.007
0.007
0.007
0.006
0.007
0.007
0.008
0.007
0.007
0.007
0.007
0.006
0.006
0.006
0.006
0.006
0.007
0.006
0.006
0.006
0.006
0.006
0.007
0.006
0.006
0.005
0.006
0.006
0.006
0.006
0.006
0.006
0.006
0.005
0.006
0.006
0.006
0.006
0.006
0.006
0.006
0.006
0.007
0.006
0.006
0.005
0.006
0.006
0.006
0.006
0.006
0.006
0.006
0.006
0.006
0.006
0.006
0.006
0.007
0.006
0.006
0.006
0.006
0.006
0.006
0.006
0.006
0.006
0.006
0.006
0.006
0.006
0.006
0.006
0.006
0.117
0.007
0.007
0.008
0.007
0.007
0.007
0.006
0.007
0.006
0.006
0.006
0.006
0.006
0.006
0.007
0.006
0.007
0.100
0.007
0.007
0.006
0.006
0.006
0.007
0.006
0.007
0.007
0.006
0.006
0.006
0.006
0.006
0.006
0.007
0.006
0.006
0.006
0.006
0.006
0.006
0.006
0.006
0.006
0.006
0.006
0.006
0.006
0.006
0.006
0.006
0.006
0.006
0.006
0.006
0.006
0.006
0.007
0.202
0.006
0.006
0.006
0.006
0.006
0.006
0.007
0.006
0.006
0.006
0.006
0.007
0.006
0.006
0.006
0.006
0.006
0.006
0.006
0.006
0.006
0.006
0.006
0.006
0.007
0.006
0.006
0.006
0.007
0.006
0.006
0.006
0.006
0.006
0.006
0.006
0.006
0.006
0.006
0.006
0.006
0.006
0.006
0.006
0.006
0.006
0.006
0.006
0.006
0.006
0.006
0.006
0.006
0.006
0.006
0.006
0.006
0.006
0.006
0.006
0.006
0.006
0.006
0.006
0.006
0.006
0.006
0.006
0.006
0.006
0.006
0.006
0.006
0.006
0.006
0.006
0.006
0.006
0.006
0.007
0.006
0.006
0.006
0.007
0.007
0.007
0.006
0.006
0.006
0.006
0.006
0.006
0.006
0.006
0.006
0.007
0.006
0.006
0.006
0.006
0.006
0.007
0.006
0.006
0.006
0.006
0.006
0.006
0.006
0.006
0.108
0.008
0.008
0.007
0.008
0.007
0.007
0.006
0.007
0.006
0.105
0.007
0.006
0.006
0.006
0.006
0.006
0.006
0.006
0.007
0.006
0.006
0.006
0.006
0.006
0.006
0.006
0.006
0.006
0.006
0.006
0.005
0.006
0.006
0.006
0.006
0.006
0.006
0.006
0.006
0.008
0.006
0.006
0.006
0.007
0.006
0.006
0.006
0.006
0.006
0.006
0.006
0.006
0.006
0.006
0.006
0.007
0.006
0.302
0.008
0.007
0.007
0.007
0.006
0.006
0.007
0.007
0.006
0.006
0.006
0.006
0.006
0.006
0.006
0.006
0.006
0.006
0.006
0.006
0.006
0.006
0.006
0.007
0.006
0.006
0.006
0.006
0.006
0.006
0.006
0.006
0.006
0.006
0.006
0.006
0.006
0.006
0.006
0.006
0.006
0.006
0.006
0.006
0.006
0.006
0.006
0.006
0.005
0.006
0.006
0.006
0.006
0.006
0.006
0.006
0.007
0.006
0.006
0.007
0.006
0.006
0.006
0.006
0.006
0.006
0.006
0.006
0.007
0.006
0.006
0.006
0.006
0.006
0.006
0.006
0.006
0.006
0.006
0.116
0.008
0.007
0.006
0.007
0.006
0.006
0.006
0.007
0.006
0.006
0.104
0.007
0.007
0.007
0.007
0.007
0.007
0.007
0.006
0.007
0.006
0.006
0.006
0.006
0.006
0.006
0.006
0.006
0.006
0.006
0.006
0.006
0.006
0.006
0.006
0.006
0.006
0.007
0.006
0.006
0.006
0.006
0.006
0.006
0.006
0.006
0.006
0.006
0.006
0.006
0.006
0.006
0.006
0.006
0.006
0.006
0.006
0.006
0.006
0.006
0.006
0.007
0.006
0.006
0.006
0.006
0.007
0.007
0.006
0.006
0.006
0.006
0.006
0.006
0.008
0.118
0.006
0.006
0.006
0.006
0.006
0.006
0.006
0.006
0.006
0.006
0.006
0.006
0.006
0.006
0.007
0.006
0.006
0.006
0.006
0.006
0.006
0.006
0.006
0.006
0.006
0.006
0.006
0.006
0.006
0.006
0.006
0.006
0.006
0.006
0.006
0.006
0.006
0.006
0.006
0.006
0.006
0.006
0.006
0.006
0.006
0.006
0.006
0.005
0.006
0.006
0.006
0.006
0.006
0.006
0.006
0.006
0.006
0.006
0.007
0.006
0.006
0.006
0.007
0.006
0.006
0.006
0.006
0.007
0.006
0.006
0.006
0.007
0.008
0.007
0.007
0.007
0.007
0.006
0.006
0.006
0.006
0.006
0.007
0.006
0.006
0.006
0.015
0.006
0.006
0.006
0.006
0.006
0.006
0.006
0.006
0.006
0.006
0.006
0.007
0.211
0.007
0.007
0.007
0.007
0.008
0.006
0.006
0.006
0.006
0.006
0.006
0.006
0.006
0.006
0.006
0.006
0.006
0.006
0.006
0.006
0.006
0.006
0.007
0.007
0.006
0.005
0.006
0.006
0.006
0.006
0.007
0.006
0.006
0.006
0.006
0.006
0.006
0.006
0.006
0.006
0.006
0.007
0.006
0.006
0.006
0.006
0.006
0.006
0.006
0.006
0.006
0.006
0.007
0.007
0.006
0.007
0.007
0.006
0.006
0.006
0.006
0.006
0.006
0.006
0.006
0.007
0.006
0.006
0.006
0.006
0.006
0.006
0.207
0.007
0.007
0.007
0.008
0.007
0.007
0.007
0.006
0.006
0.109
0.007
0.007
0.007
0.007
0.006
0.006
0.006
0.007
0.006
0.006
0.114
0.008
0.008
0.007
0.007
0.007
0.007
0.007
0.007
0.006
0.006
0.006
0.006
0.006
0.006
0.007
0.007
0.006
0.007
0.007
0.007
0.006
0.006
0.007
0.006
0.007
0.006
0.007
0.006
0.006
0.006
0.007
0.006
0.006
0.006
0.006
0.006
0.006
0.006
0.006
0.006
0.007
0.018
0.007
0.007
0.006
0.006
0.006
0.006
0.006
0.006
0.006
0.006
0.006
0.007
0.318
0.008
0.007
0.007
0.007
0.006
0.006
0.006
0.007
0.006
0.006
0.007
0.006
0.006
0.006
0.006
0.006
0.006
0.006
0.006
0.006
0.007
0.006
0.006
0.006
0.006
0.006
0.006
0.007
0.006
0.007
0.006
0.006
0.006
0.006
0.006
0.006
0.006
0.006
0.006
0.006
0.006
0.006
0.006
0.006
0.006
0.010
0.007
0.006
0.007
0.006
0.006
0.006
0.006
0.006
0.006
0.006
0.006
0.218
0.007
0.007
0.007
0.007
0.006
0.006
0.006
0.006
0.006
0.006
0.006
0.111
0.007
0.007
0.006
0.006
0.006
0.006
0.006
0.006
0.006
0.006
0.006
0.006
0.007
0.006
0.006
0.006
0.006
0.006
0.006
0.006
0.006
0.007
0.006
0.007
0.006
0.006
0.006
0.006
0.006
0.006
0.006
0.007
0.006
0.007
0.006
0.006
0.006
0.006
0.006
0.006
0.006
0.006
0.007
0.006
0.006
0.006
0.006
0.006
0.008
0.006
0.006
0.005
0.006
0.006
0.006
0.006
0.005
0.006
0.007
0.006
0.007
0.006
0.006
0.006
0.006
0.006
0.007
0.006
0.006
0.102
0.007
0.007
0.006
0.006
0.006
0.007
0.006
0.006
0.006
0.006
0.006
0.006
0.911
0.007
0.006
0.006
0.006
0.006
0.006
0.888
0.008
0.008
0.007
0.007
0.007
0.007
0.007
0.007
0.008
0.007
0.006
0.006
0.006
0.006
0.006
0.006
0.006
0.006
0.006
0.006
0.006
0.007
0.007
0.006
0.006
0.006
0.006
0.006
0.006
0.006
0.006
0.006
0.006
0.006
0.006
0.006
0.006
0.006
0.006
0.006
0.006
0.006
0.006
0.007
0.006
0.006
0.006
0.006
0.006
0.006
0.007
0.117
0.007
0.008
0.008
0.007
0.007
0.006
0.006
0.006
0.006
0.006
0.006
0.007
0.007
0.007
0.006
0.005
0.006
0.006
0.006
0.006
0.007
0.006
0.006
0.006
0.006
0.006
0.006
0.006
0.006
0.006
0.006
0.006
0.006
0.006
0.006
0.006
0.006
0.006
0.006
0.006
0.007
0.006
0.010
0.006
0.006
0.006
0.007
0.006
0.006
0.006
0.006
0.007
0.006
0.006
0.006
0.006
0.006
0.200
0.006
0.006
0.006
0.007
0.006
0.007
0.006
0.006
0.006
0.006
0.006
0.006
0.006
0.006
0.006
0.006
0.006
0.006
0.007
0.007
0.006
0.006
0.006
0.006
0.006
0.006
0.006
0.006
0.006
0.006
0.006
0.006
0.006
0.006
0.006
0.006
0.007
0.006
0.006
0.006
0.006
0.006
0.006
0.006
0.006
0.005
0.006
0.006
0.006
0.006
0.006
0.006
0.007
0.006
0.006
0.006
0.008
0.006
0.006
0.006
0.007
0.006
0.006
0.006
0.006
0.006
0.006
0.007
0.105
0.007
0.006
0.007
0.007
0.007
0.007
0.006
0.006
0.006
0.006
0.099
0.007
0.007
0.007
0.007
0.006
0.007
0.007
0.006
0.006
0.006
0.006
0.006
0.007
0.006
0.006
0.006
0.007
0.006
0.006
0.006
0.007
0.006
0.006
0.006
0.006
0.006
0.006
0.006
0.006
0.006
0.006
0.006
0.006
0.006
0.006
0.006
0.006
0.007
0.006
0.006
0.007
0.006
0.006
0.006
0.006
0.006
0.006
0.006
0.006
0.006
0.006
0.006
0.006
0.006
0.006
0.006
0.006
0.006
0.006
0.007
0.006
0.006
0.006
0.006
0.006
0.006
0.006
0.006
0.006
0.006
0.006
0.006
0.005
0.007
0.006
0.006
0.006
0.006
0.006
0.006
0.006
0.006
0.006
0.007
0.006
0.006
0.006
0.006
0.006
0.006
0.006
0.006
0.006
0.006
0.006
0.007
0.006
0.006
0.006
0.006
0.006
0.005
0.006
0.006
0.006
0.006
0.006
0.108
0.007
0.007
0.007
0.006
0.006
0.007
0.006
0.006
0.007
0.006
0.005
0.017
0.006
0.006
0.006
0.006
0.006
0.006
0.006
0.007
0.006
0.006
0.006
0.006
0.006
0.006
0.100
0.008
0.007
0.007
0.006
0.007
0.007
0.006
0.006
0.007
0.006
0.007
0.006
0.006
0.006
0.006
0.006
0.006
0.006
0.006
0.006
0.006
0.107
0.007
0.007
0.007
0.006
0.006
0.006
0.006
0.008
0.006
0.006
0.006
0.006
0.006
0.006
0.006
0.006
0.006
0.006
0.006
0.006
0.006
0.006
0.006
0.006
0.006
0.006
0.006
0.006
0.006
0.006
0.007
0.006
0.006
0.016
0.006
0.007
0.006
0.006
0.006
0.007
0.006
0.006
0.006
0.006
0.006
0.006
0.006
0.007
0.006
0.005
0.006
0.007
0.006
0.006
0.006
0.006
0.007
0.109
0.007
0.007
0.007
0.007
0.007
0.007
0.007
0.007
0.007
0.006
0.006
0.006
0.006
0.006
0.006
0.006
0.006
0.006
0.006
0.006
0.006
0.006
0.007
0.006
0.006
0.007
0.006
0.006
0.006
0.109
0.008
0.006
0.006
0.006
0.006
0.007
0.006
0.006
0.006
0.006
0.006
0.006
0.006
0.006
0.006
0.006
0.006
0.007
0.006
0.007
0.006
0.007
0.006
0.007
0.006
0.007
0.006
0.006
0.006
0.006
0.006
0.006
0.006
0.006
0.006
0.006
0.006
0.006
0.006
0.006
0.006
0.006
0.006
0.006
0.006
0.006
0.006
0.006
0.006
0.006
0.006
0.006
0.006
0.006
0.006
0.006
0.007
0.006
0.006
0.006
0.007
0.006
0.006
0.008
0.006
0.006
0.007
0.007
0.007
0.007
0.007
0.007
0.007
0.015
0.007
0.006
0.006
0.006
0.006
0.006
0.006
0.006
0.006
0.006
0.006
0.006
0.005
0.118
0.007
0.007
0.006
0.006
0.006
0.006
0.006
0.006
0.006
0.006
0.006
0.111
0.007
0.006
0.006
0.006
0.006
0.006
0.006
0.006
0.006
0.006
0.006
0.006
0.007
0.007
0.006
0.006
0.006
0.007
0.006
0.006
0.006
0.006
0.006
0.006
0.006
0.006
0.006
0.006
0.006
0.006
0.007
0.006
0.006
0.006
0.006
0.006
0.006
0.099
0.006
0.006
0.006
0.006
0.006
0.006
0.006
0.006
0.006
0.006
0.005
0.006
0.006
0.007
0.006
0.006
0.006
0.006
0.006
0.006
0.006
0.006
0.097
0.007
0.007
0.007
0.007
0.007
0.006
0.006
0.006
0.006
0.006
0.006
0.006
0.006
0.006
0.006
0.006
0.006
0.006
0.006
0.006
0.006
0.006
0.006
0.006
0.006
0.007
0.006
0.006
0.006
0.006
0.006
0.006
0.006
0.006
0.006
0.006
0.006
0.006
0.006
0.006
0.007
0.006
0.006
0.006
0.006
0.006
0.006
0.007
0.006
0.006
0.006
0.006
0.006
0.006
0.006
0.006
0.006
0.006
0.006
0.006
0.006
0.006
0.006
0.006
0.007
0.007
0.006
0.006
0.006
0.006
0.006
0.006
0.012
0.006
0.006
0.006
0.005
0.006
0.006
0.007
0.006
0.007
0.006
0.006
0.220
0.008
0.007
0.007
0.006
0.006
0.006
0.006
0.006
0.006
0.006
0.006
0.006
0.006
0.007
0.006
0.017
0.006
0.006
0.006
0.006
0.006
0.006
0.006
0.006
0.006
0.006
0.006
0.006
0.006
0.006
0.105
0.007
0.006
0.006
0.006
0.006
0.006
0.006
0.006
0.006
0.006
0.006
0.006
0.006
0.006
0.006
0.006
0.006
0.006
0.007
0.112
0.008
0.007
0.007
0.007
0.007
0.008
0.007
0.006
0.006
0.006
0.007
0.006
0.006
0.006
0.006
0.006
0.006
0.006
0.006
0.006
0.006
0.006
0.006
0.006
0.006
0.006
0.006
0.007
0.006
0.006
0.006
0.006
0.006
0.006
0.006
0.007
0.006
0.006
0.006
0.006
0.006
0.006
0.006
0.006
0.006
0.099
0.007
0.006
0.006
0.006
0.006
0.006
0.006
0.007
0.006
0.007
0.006
0.006
0.006
0.007
0.007
0.007
0.008
0.007
0.006
0.006
0.006
0.006
0.006
0.006
0.006
0.006
0.006
0.006
0.006
0.006
0.113
0.008
0.007
0.007
0.007
0.007
0.007
0.007
0.006
0.006
0.006
0.006
0.006
0.006
0.006
0.006
0.006
0.009
0.006
0.006
0.006
0.006
0.006
0.006
0.216
0.008
0.007
0.007
0.006
0.006
0.006
0.007
0.008
0.007
0.007
0.007
0.006
0.006
0.006
0.007
0.006
0.006
0.006
0.006
0.006
0.006
0.006
0.006
0.006
0.006
0.006
0.006
0.006
0.007
0.006
0.006
0.006
0.006
0.006
0.005
0.006
0.006
0.006
0.006
0.007
0.007
0.006
0.006
0.006
0.007
0.006
0.006
0.006
0.006
0.006
0.006
0.007
0.006
0.006
0.006
0.006
0.006
0.006
0.006
0.006
0.006
0.006
0.006
0.006
0.006
0.006
0.006
0.006
0.006
0.006
0.006
0.006
0.006
0.006
0.006
0.006
0.096
0.007
0.007
0.007
0.006
0.006
0.006
0.006
0.006
0.006
0.121
0.007
0.006
0.006
0.007
0.007
0.006
0.007
0.006
0.006
0.005
0.006
0.006
0.006
0.006
0.006
0.006
0.006
0.006
0.006
0.006
0.006
0.006
0.006
0.007
0.006
0.006
0.008
0.006
0.006
0.006
0.007
0.006
0.006
0.006
0.006
0.006
0.006
0.006
0.006
0.006
0.006
0.006
0.006
0.006
0.007
0.008
0.006
0.006
0.006
0.006
0.006
0.006
0.006
0.006
0.007
0.007
0.005
0.006
0.006
0.006
0.210
0.007
0.007
0.007
0.006
0.008
0.007
0.006
0.006
0.006
0.006
0.006
0.006
0.006
0.006
0.006
0.006
0.006
0.006
0.006
0.006
0.006
0.006
0.006
0.006
0.006
0.006
0.006
0.006
0.006
0.006
0.006
0.006
0.006
0.006
0.946
0.006
0.007
0.006
0.006
0.006
0.006
0.006
0.006
0.006
0.006
0.006
0.006
0.006
0.006
0.006
0.005
0.006
0.006
0.006
0.005
0.006
0.006
0.006
0.006
0.006
0.006
0.007
0.006
0.006
0.006
0.005
0.006
0.007
0.006
0.006
0.344
0.008
0.008
0.007
0.007
0.007
0.007
0.007
0.006
0.006
0.007
0.006
0.006
0.006
0.006
0.006
0.006
0.006
0.006
0.006
0.006
0.006
0.006
0.006
0.006
0.006
0.005
0.006
0.006
0.006
0.006
0.006
0.006
0.006
0.006
0.006
0.006
0.006
0.006
0.006
0.006
0.006
0.006
0.006
0.007
0.007
0.006
0.006
0.006
0.006
0.006
0.006
0.006
0.006
0.006
0.006
0.006
0.006
0.006
0.006
0.006
0.006
0.006
0.006
0.006
0.006
0.006
0.109
0.007
0.007
0.007
0.006
0.006
0.006
0.005
0.006
0.007
0.006
0.006
0.006
0.006
0.006
0.006
0.006
0.005
0.007
0.005
0.006
0.006
0.006
0.007
0.006
0.006
0.006
0.006
0.006
0.006
0.009
0.005
0.006
0.007
0.006
0.006
0.006
0.006
0.006
0.006
0.006
0.006
0.006
0.006
0.006
0.006
0.006
0.006
0.006
0.006
0.006
0.006
0.006
0.006
0.006
0.006
0.006
0.006
0.006
0.006
0.006
0.006
0.006
0.006
0.006
0.006
0.006
0.006
0.007
0.006
0.006
0.006
0.006
0.006
0.006
0.006
0.006
0.006
0.006
0.006
0.006
0.006
0.006
0.006
0.006
0.006
0.006
0.006
0.006
0.006
0.006
0.006
0.006
0.006
0.006
0.005
0.006
0.006
0.104
0.007
0.008
0.007
0.007
0.006
0.006
0.007
0.006
0.006
0.006
0.006
0.006
0.006
0.006
0.006
0.006
0.006
0.006
0.006
0.006
0.006
0.006
0.006
0.006
0.006
0.006
0.006
0.006
0.006
0.007
0.007
0.006
0.006
0.006
0.006
0.006
0.006
0.006
0.006
0.007
0.101
0.008
0.007
0.007
0.006
0.007
0.006
0.007
0.008
0.008
0.007
0.007
0.006
0.006
0.006
0.006
0.005
0.006
0.006
0.006
0.006
0.006
0.006
0.007
0.007
0.006
0.007
0.007
0.006
0.006
0.006
0.006
0.006
0.007
0.006
0.006
0.006
0.006
0.008
0.006
0.006
0.006
0.006
0.006
0.015
0.006
0.006
0.006
0.006
0.006
0.006
0.006
0.006
0.006
0.006
0.006
0.208
0.007
0.006
0.006
0.006
0.005
0.006
0.006
0.006
0.006
0.006
0.006
0.006
0.006
0.006
0.006
0.006
0.007
0.006
0.006
0.006
0.006
0.006
0.006
0.006
0.006
0.006
0.006
0.006
0.006
0.006
0.006
0.006
0.006
0.006
0.006
0.006
0.006
0.006
0.006
0.006
0.006
0.006
0.007
0.006
0.006
0.006
0.006
0.006
0.007
0.007
0.006
0.006
0.006
0.006
0.006
0.006
0.006
0.006
0.006
0.006
0.006
0.006
0.006
0.119
0.008
0.008
0.007
0.007
0.006
0.006
0.006
0.006
0.006
0.006
0.101
0.006
0.006
0.007
0.007
0.006
0.007
0.007
0.006
0.006
0.006
0.005
0.006
0.006
0.006
0.006
0.006
0.006
0.006
0.006
0.006
0.006
0.006
0.007
0.006
0.007
0.006
0.006
0.006
0.006
0.006
0.006
0.006
0.006
0.006
0.006
0.006
0.006
0.006
0.006
0.006
0.006
0.006
0.006
0.007
0.007
0.006
0.005
0.006
0.006
0.006
0.006
0.006
0.006
0.005
0.006
0.006
0.007
0.006
0.006
0.006
0.007
0.006
0.006
0.006
0.006
0.006
0.006
0.006
0.006
0.006
0.006
0.006
0.007
0.006
0.006
0.006
0.007
0.006
0.006
0.006
0.006
0.006
0.006
0.006
0.007
0.006
0.006
0.006
0.006
0.006
0.006
0.006
0.006
0.006
0.006
0.006
0.006
0.006
0.006
0.006
0.006
0.006
0.006
0.007
0.007
0.006
0.006
0.006
0.006
0.006
0.006
0.007
0.006
0.006
0.006
0.006
0.006
0.006
0.006
0.006
0.006
0.006
0.006
0.006
0.006
0.006
0.006
0.006
0.006
0.006
0.006
0.006
0.006
0.006
0.006
0.006
0.006
0.006
0.006
0.006
0.006
0.006
0.006
0.006
0.007
0.006
0.006
0.007
0.006
0.006
0.006
0.006
0.006
0.006
0.006
0.006
0.006
0.006
0.006
0.006
0.006
0.006
0.006
0.006
0.006
0.006
0.006
0.006
0.006
0.006
0.006
0.007
0.007
0.006
0.006
0.006
0.007
0.006
0.006
0.006
0.006
0.006
0.006
0.006
0.006
0.013
0.006
0.007
0.006
0.006
0.005
0.007
0.006
0.006
0.006
0.007
0.006
0.006
0.006
0.119
0.006
0.006
0.007
0.006
0.006
0.006
0.007
0.007
0.007
0.007
0.007
0.006
0.006
0.006
0.006
0.006
0.006
0.006
0.005
0.007
0.006
0.006
0.007
0.006
0.006
0.007
0.006
0.007
0.006
0.006
0.007
0.006
0.006
0.006
0.006
0.103
0.008
0.006
0.006
0.007
0.006
0.006
0.006
0.006
