0.008
0.008
0.008
0.007
0.007
0.008
0.006
0.007
0.007
0.007
0.006
0.006
0.008
0.007
0.007
0.006
0.008
0.007
0.006
0.006
0.006
0.006
0.006
0.006
0.006
0.007
0.006
0.006
0.006
0.006
0.006
0.006
0.006
0.006
0.006
0.006
0.006
0.006
0.006
0.006
0.006
0.006
0.006
0.006
0.006
0.006
0.007
0.006
0.316
0.006
0.006
0.006
0.006
0.006
0.006
0.006
0.006
0.006
0.006
0.006
0.118
0.006
0.006
0.006
0.006
0.006
0.006
0.006
0.006
0.006
0.652
0.008
0.007
0.007
0.008
0.053
0.009
0.007
0.007
0.007
0.006
0.006
0.006
0.006
0.006
0.006
0.006
0.007
0.007
0.006
0.006
0.006
0.006
0.006
0.008
0.006
0.006
0.006
0.007
0.007
0.006
0.006
0.006
0.008
0.528
0.008
0.007
0.007
0.007
0.007
0.006
0.006
0.007
0.006
0.007
0.006
0.007
0.006
0.006
0.006
0.006
0.006
0.006
0.006
0.006
0.006
0.006
0.006
0.978
0.007
0.006
0.006
0.006
0.006
0.888
0.007
0.007
0.006
0.006
0.006
0.888
0.008
0.008
0.008
0.007
0.007
0.007
0.006
0.007
0.007
0.011
0.006
0.006
0.006
0.006
0.007
0.006
0.006
0.006
0.006
0.007
0.006
0.007
0.007
0.007
0.006
0.007
0.006
0.006
0.006
0.006
0.007
0.006
0.006
0.006
0.007
0.336
0.008
0.008
0.006
0.006
0.008
0.006
0.006
0.130
0.007
0.007
0.008
0.007
0.006
0.006
0.006
0.007
0.007
0.007
0.007
0.007
0.006
0.006
0.007
0.007
0.006
0.006
0.007
0.006
0.006
0.006
0.006
0.006
0.006
0.006
0.006
0.006
0.006
0.863
0.008
0.007
0.006
0.006
0.006
0.776
0.009
0.008
0.008
0.007
0.007
0.008
0.007
0.007
0.006
0.006
0.006
0.006
0.006
0.006
0.008
0.006
0.006
0.006
0.007
0.007
0.006
0.006
0.006
0.006
0.007
0.006
0.007
0.006
0.006
0.006
0.006
0.006
0.006
0.006
0.006
0.006
0.006
0.006
0.006
0.006
0.332
0.008
0.008
0.007
0.007
0.007
0.006
0.006
0.006
0.006
0.006
0.006
0.006
0.007
0.006
0.006
0.006
0.006
0.006
0.006
0.006
0.008
0.006
0.006
0.006
0.006
0.006
0.006
0.006
0.006
0.006
0.006
0.006
0.006
0.006
0.006
0.006
0.636
0.008
0.008
0.008
0.007
0.006
0.006
0.036
0.007
0.007
0.008
0.007
0.007
0.006
0.006
0.006
0.006
0.007
0.006
0.007
0.006
0.006
0.006
0.006
0.006
0.006
0.007
0.006
0.006
0.006
0.006
0.006
0.007
0.006
0.006
0.006
0.006
0.006
0.006
0.006
0.006
0.006
0.006
0.006
0.006
0.219
0.007
0.006
0.006
0.006
0.006
0.006
0.006
0.006
0.007
0.006
0.006
0.007
0.006
0.006
0.006
0.007
0.006
0.006
0.006
0.006
0.006
0.007
0.006
0.006
0.006
0.006
0.205
0.008
0.007
0.007
0.007
0.006
0.007
0.552
0.007
0.007
0.006
0.006
0.006
0.006
0.144
0.009
0.008
0.008
0.008
0.008
0.007
0.007
0.006
0.007
0.006
0.006
0.006
0.006
0.006
0.006
0.007
0.007
0.006
0.006
0.006
0.006
0.006
0.007
0.006
0.006
0.007
0.006
0.007
0.006
0.006
0.006
0.006
0.006
0.113
0.007
0.008
0.007
0.006
0.006
0.006
0.863
0.007
0.007
0.006
0.006
0.006
0.006
0.879
0.007
0.007
0.006
0.006
0.784
0.007
0.007
0.007
0.007
0.784
0.008
0.073
0.008
0.008
0.581
0.009
0.008
0.008
0.009
0.007
0.008
0.007
0.007
0.008
0.006
0.006
0.006
0.006
0.006
0.006
0.006
0.008
0.006
0.007
0.006
0.006
0.006
0.006
0.007
0.007
0.006
0.007
0.006
0.006
0.007
0.007
0.007
0.007
0.007
0.006
0.006
0.006
0.334
0.009
0.008
0.008
0.007
0.007
0.007
0.007
0.006
0.006
0.006
0.008
0.007
0.008
0.007
0.006
0.006
0.006
0.006
0.024
0.006
0.006
0.006
0.006
0.006
0.007
0.006
0.006
0.006
0.006
0.006
0.640
0.009
0.008
0.007
0.008
0.007
0.007
0.007
0.006
0.006
0.006
0.007
0.007
0.007
0.006
0.006
0.006
0.006
0.007
0.008
0.006
0.006
0.006
0.006
0.006
0.006
0.006
0.006
0.006
0.006
0.006
0.006
0.006
0.008
0.007
0.007
0.007
0.008
0.008
0.008
0.007
0.007
0.007
0.006
0.421
0.008
0.007
0.007
0.007
0.007
0.007
0.007
0.006
0.006
0.006
0.006
0.006
0.006
0.006
0.006
0.006
0.006
0.006
0.006
0.006
0.006
0.653
0.009
0.008
0.007
0.008
0.007
0.043
0.007
0.007
0.007
0.008
0.007
0.007
0.008
0.007
0.007
0.007
0.007
0.007
0.007
0.007
0.006
0.006
0.007
0.007
0.007
0.008
0.008
0.007
0.008
0.317
0.008
0.008
0.007
0.007
0.007
0.007
0.006
0.006
0.006
0.006
0.006
0.006
0.006
0.006
0.006
0.006
0.007
0.006
0.006
0.006
0.007
0.006
0.006
0.006
0.006
0.007
0.006
0.006
0.117
0.007
0.007
0.007
0.006
0.006
0.006
0.860
0.008
0.007
0.007
0.007
0.007
0.008
0.006
0.774
0.008
0.008
0.008
0.007
0.006
0.006
0.006
0.006
0.006
0.007
0.006
0.006
0.006
0.006
0.007
0.006
0.006
0.006
0.006
0.007
0.006
0.006
0.006
0.006
0.006
0.006
0.006
0.006
0.859
0.007
0.007
0.007
0.006
0.006
0.006
0.006
0.006
0.006
0.006
0.006
0.006
0.006
0.006
0.006
0.006
0.006
0.006
0.006
0.006
0.006
0.006
0.006
0.006
0.006
0.006
0.007
0.759
0.008
0.008
0.007
0.007
0.008
0.007
0.007
0.006
0.007
0.007
0.006
0.007
0.006
0.006
0.006
0.006
0.007
0.007
0.006
0.006
0.006
0.006
0.006
0.006
0.007
0.006
0.006
0.008
0.007
0.007
0.007
0.007
0.007
0.008
0.007
0.007
0.006
0.007
0.008
0.236
0.008
0.009
0.007
0.007
0.007
0.007
0.007
0.006
0.111
0.006
0.007
0.006
0.007
0.006
0.006
0.006
0.006
0.006
0.006
0.006
0.006
0.006
0.007
0.006
0.006
0.007
0.006
0.006
0.006
0.006
0.008
0.007
0.007
0.007
0.007
0.006
0.006
0.007
0.007
0.207
0.008
0.008
0.007
0.008
0.007
0.007
0.007
0.006
0.006
0.008
0.006
0.006
0.007
0.006
0.008
0.215
0.007
0.007
0.007
0.007
0.007
0.008
0.008
0.006
0.006
0.006
0.006
0.006
0.006
0.006
0.006
0.006
0.006
0.006
0.007
0.006
0.006
0.006
0.006
0.006
0.006
0.006
0.007
0.006
0.006
0.119
0.008
0.006
0.007
0.007
0.006
0.007
0.006
0.007
0.007
0.008
0.007
0.006
0.006
0.006
0.006
0.006
0.007
0.006
0.006
0.007
0.007
0.108
0.007
0.006
0.006
0.006
0.006
0.006
0.006
0.006
0.006
0.006
0.006
0.006
0.006
0.006
0.006
0.006
0.006
0.543
0.009
0.008
0.007
0.007
0.007
0.008
0.138
0.009
0.008
0.007
0.007
0.008
0.007
0.007
0.007
0.007
0.006
0.006
0.006
0.006
0.007
0.006
0.006
0.007
0.006
0.006
0.006
0.006
0.006
0.006
0.006
0.006
0.006
0.006
0.006
0.006
0.006
0.006
0.006
0.548
0.008
0.007
0.007
0.007
0.007
0.006
0.006
0.006
0.006
0.006
0.006
0.006
0.007
0.006
0.006
0.006
0.006
0.006
0.006
0.006
0.006
0.006
0.006
0.006
0.643
0.007
0.007
0.007
0.007
0.007
0.006
0.006
0.006
0.006
0.006
0.006
0.006
0.006
0.006
0.006
0.006
0.006
0.006
0.007
0.006
0.006
0.006
0.006
0.006
0.006
0.006
0.006
0.006
0.006
0.006
0.007
0.006
0.006
0.006
0.006
0.006
0.006
0.007
0.007
0.006
0.006
0.006
0.006
0.006
0.006
0.317
0.008
0.007
0.007
0.007
0.007
0.007
0.007
0.006
0.006
0.006
0.007
0.006
0.007
0.006
0.006
0.006
0.007
0.006
0.007
0.007
0.006
0.006
0.006
0.006
0.006
0.006
0.006
0.006
0.006
0.006
0.006
0.006
0.006
0.006
0.006
0.006
0.006
0.006
0.006
0.006
0.006
0.006
0.006
0.006
0.006
0.006
0.006
0.006
0.006
0.006
0.007
0.006
0.006
0.006
0.006
0.319
0.008
0.007
0.007
0.007
0.006
0.006
0.006
0.006
0.006
0.006
0.226
0.008
0.007
0.007
0.006
0.006
0.006
0.006
0.007
0.006
0.006
0.015
0.006
0.006
0.006
0.006
0.006
0.006
0.006
0.006
0.006
0.007
0.006
0.223
0.008
0.007
0.007
0.007
0.007
0.007
0.006
0.006
0.006
0.006
0.006
0.006
0.006
0.006
0.006
0.006
0.006
0.119
0.007
0.008
0.007
0.007
0.007
0.007
0.007
0.006
0.006
0.009
0.006
0.006
0.006
0.006
0.006
0.006
0.006
0.007
0.006
0.006
0.006
0.006
0.006
0.213
0.008
0.007
0.007
0.007
0.006
0.006
0.006
0.007
0.006
0.006
0.006
0.006
0.006
0.006
0.006
0.006
0.006
0.006
0.006
0.006
0.006
0.006
0.007
0.007
0.007
0.007
0.007
0.008
0.007
0.520
0.008
0.008
0.007
0.007
0.007
0.007
0.007
0.006
0.007
0.006
0.006
0.006
0.006
0.006
0.006
0.006
0.006
0.006
0.007
0.006
0.006
0.006
0.006
0.007
0.006
0.006
0.007
0.006
0.006
0.006
0.006
0.007
0.006
0.006
0.006
0.006
0.006
0.006
0.006
0.006
0.007
0.007
0.006
0.006
0.006
0.006
0.006
0.006
0.006
0.006
0.006
0.006
0.216
0.007
0.007
0.008
0.008
0.008
0.007
0.007
0.115
0.006
0.006
0.006
0.006
0.006
0.007
0.006
0.006
0.006
0.006
0.006
0.006
0.006
0.117
0.008
0.008
0.008
0.008
0.007
0.007
0.007
0.007
0.007
0.006
0.006
0.006
0.006
0.007
0.006
0.112
0.008
0.008
0.006
0.006
0.006
0.006
0.006
0.006
0.006
0.006
0.006
0.006
0.006
0.006
0.007
0.006
0.006
0.117
0.007
0.007
0.007
0.007
0.007
0.006
0.008
0.006
0.437
0.008
0.007
0.007
0.007
0.006
0.006
0.006
0.006
0.006
0.006
0.006
0.008
0.007
0.006
0.006
0.006
0.007
0.006
0.006
0.006
0.006
0.006
0.007
0.006
0.006
0.006
0.006
0.006
0.006
0.006
0.006
0.006
0.006
0.006
0.006
0.006
0.006
0.006
0.006
0.006
0.006
0.006
0.006
0.006
0.307
0.008
0.008
0.007
0.007
0.007
0.007
0.007
0.007
0.007
0.018
0.006
0.006
0.006
0.006
0.006
0.007
0.006
0.006
0.006
0.006
0.121
0.007
0.007
0.007
0.007
0.007
0.006
0.006
0.006
0.006
0.006
0.512
0.008
0.008
0.007
0.007
0.007
0.007
0.006
0.007
0.006
0.006
0.006
0.006
0.006
0.006
0.006
0.007
0.006
0.007
0.006
0.006
0.006
0.006
0.007
0.007
0.007
0.006
0.006
0.006
0.006
0.006
0.007
0.006
0.006
0.008
0.007
0.008
0.007
0.007
0.006
0.006
0.006
0.006
0.006
0.006
0.008
0.007
0.006
0.006
0.007
0.006
0.322
0.008
0.008
0.007
0.007
0.007
0.006
0.006
0.007
0.006
0.006
0.006
0.006
0.006
0.006
0.006
0.006
0.006
0.007
0.110
0.008
0.006
0.006
0.006
0.006
0.006
0.006
0.006
0.006
0.006
0.006
0.007
0.006
0.007
0.007
0.006
0.006
0.006
0.006
0.006
0.006
0.006
0.006
0.007
0.006
0.006
0.008
0.006
0.006
0.006
0.006
0.721
0.008
0.008
0.007
0.007
0.007
0.006
0.038
0.006
0.006
0.008
0.007
0.007
0.006
0.006
0.006
0.006
0.006
0.006
0.006
0.006
0.006
0.006
0.006
0.006
0.006
0.006
0.007
0.007
0.006
0.006
0.006
0.006
0.006
0.006
0.006
0.006
0.006
0.006
0.006
0.438
0.007
0.006
0.006
0.006
0.006
0.006
0.863
0.017
0.006
0.006
0.006
0.006
0.006
0.006
0.006
0.007
0.006
0.006
0.006
0.006
0.006
0.006
0.006
0.006
0.006
0.006
0.006
0.006
0.006
0.006
0.006
0.007
0.007
0.007
0.007
0.006
0.006
0.006
0.006
0.006
0.006
0.006
0.006
0.006
0.006
0.006
0.006
0.545
0.008
0.008
0.007
0.007
0.007
0.007
0.007
0.006
0.006
0.006
0.006
0.006
0.006
0.006
0.006
0.006
0.006
0.006
0.006
0.006
0.006
0.007
0.007
0.007
0.006
0.006
0.007
0.006
0.007
0.006
0.008
0.007
0.007
0.007
0.006
0.006
0.006
0.006
0.007
0.006
0.006
0.006
0.006
0.006
0.006
0.006
0.006
0.007
0.007
0.007
0.006
0.217
0.007
0.007
0.007
0.007
0.006
0.007
0.006
0.006
0.006
0.006
0.006
0.006
0.007
0.006
0.006
0.006
0.006
0.095
0.006
0.007
0.008
0.006
0.006
0.006
0.006
0.006
0.006
0.006
0.006
0.006
0.007
0.006
0.006
0.006
0.006
0.006
0.006
0.006
0.296
0.007
0.007
0.007
0.007
0.006
0.006
0.006
0.006
0.006
0.006
0.006
0.006
0.006
0.006
0.006
0.007
0.006
0.006
0.006
0.006
0.006
0.006
0.006
0.006
0.006
0.006
0.006
0.006
0.006
0.007
0.006
0.006
0.008
0.006
0.006
0.006
0.006
0.006
0.006
0.006
0.006
0.006
0.006
0.006
0.006
0.412
0.008
0.008
0.008
0.007
0.007
0.007
0.006
0.006
0.006
0.006
0.006
0.007
0.967
0.006
0.006
0.006
0.006
0.006
0.006
0.887
0.007
0.006
0.006
0.006
0.006
0.785
0.006
0.006
0.006
0.785
0.006
0.006
0.006
0.006
0.794
0.007
0.007
0.789
0.007
0.007
0.006
0.006
0.691
0.008
0.007
0.007
0.008
0.008
0.007
0.007
0.007
0.007
0.006
0.008
0.006
0.006
0.006
0.006
0.006
0.006
0.006
0.006
0.006
0.019
0.006
0.006
0.006
0.552
0.009
0.008
0.007
0.007
0.007
0.007
0.007
0.007
0.007
0.007
0.007
0.006
0.006
0.006
0.006
0.006
0.006
0.006
0.006
0.006
0.006
0.006
0.006
0.006
0.007
0.006
0.006
0.006
0.006
0.006
0.006
0.006
0.006
0.006
0.006
0.006
0.007
0.006
0.006
0.006
0.006
0.006
0.006
0.006
0.007
0.006
0.006
0.006
0.006
0.006
0.237
0.008
0.008
0.007
0.007
0.007
0.007
0.007
0.007
0.103
0.007
0.006
0.007
0.006
0.006
0.006
0.006
0.006
0.006
0.006
0.006
0.007
0.006
0.007
0.007
0.006
0.006
0.006
0.017
0.006
0.006
0.006
0.006
0.006
0.007
0.007
0.007
0.007
0.006
0.006
0.006
0.006
0.217
0.009
0.008
0.007
0.007
0.007
0.008
0.007
0.007
0.103
0.007
0.007
0.007
0.006
0.006
0.006
0.006
0.860
0.008
0.007
0.007
0.007
0.007
0.006
0.006
0.006
0.006
0.006
0.006
0.006
0.006
0.006
0.006
0.006
0.006
0.006
0.006
0.006
0.006
0.006
0.006
0.006
0.006
0.006
0.006
0.006
0.006
0.006
0.006
0.006
0.007
0.006
0.006
0.006
0.006
0.006
0.006
0.006
0.006
0.006
0.006
0.006
0.006
0.006
0.006
0.006
0.006
0.331
0.008
0.008
0.007
0.007
0.007
0.008
0.007
0.006
0.006
0.007
0.006
0.007
0.007
0.007
0.007
0.008
0.008
0.007
0.006
0.111
0.008
0.008
0.007
0.007
0.006
0.006
0.006
0.006
0.006
0.006
0.006
0.006
0.006
0.006
0.007
0.006
0.008
0.006
0.006
0.006
0.006
0.006
0.006
0.006
0.220
0.007
0.007
0.006
0.007
0.006
0.006
0.006
0.008
0.006
0.006
0.006
0.006
0.006
0.006
0.006
0.865
0.008
0.008
0.007
0.007
0.006
0.006
0.006
0.006
0.006
0.006
0.007
0.006
0.006
0.006
0.007
0.006
0.008
0.006
0.006
0.006
0.006
0.006
0.006
0.006
0.006
0.006
0.006
0.006
0.006
0.006
0.006
0.006
0.006
0.006
0.006
0.006
0.006
0.006
0.006
0.007
0.006
0.006
0.006
0.006
0.326
0.008
0.008
0.007
0.007
0.007
0.007
0.007
0.007
0.016
0.006
0.007
0.006
0.006
0.007
0.006
0.006
0.006
0.006
0.007
0.006
0.007
0.007
0.006
0.006
0.006
0.006
0.006
0.006
0.006
0.006
0.006
0.006
0.006
0.006
0.006
0.006
0.006
0.006
0.006
0.006
0.006
0.007
0.008
0.007
0.006
0.006
0.006
0.006
0.007
0.006
0.006
0.006
0.006
0.322
0.008
0.007
0.008
0.006
0.006
0.006
0.006
0.006
0.006
0.334
0.008
0.008
0.007
0.008
0.008
0.007
0.007
0.007
0.007
0.007
0.007
0.007
0.007
0.215
0.008
0.007
0.007
0.006
0.006
0.006
0.006
0.006
0.006
0.006
0.006
0.006
0.006
0.006
0.006
0.006
0.006
0.006
0.006
0.006
0.006
0.006
0.006
0.006
0.006
0.006
0.108
0.006
0.007
0.007
0.007
0.007
0.006
0.007
0.007
0.006
0.006
0.006
0.006
0.006
0.006
0.006
0.006
0.007
0.310
0.007
0.007
0.006
0.006
0.006
0.006
0.006
0.006
0.006
0.006
0.006
0.006
0.006
0.006
0.006
0.006
0.006
0.006
0.006
0.006
0.006
0.006
0.006
0.006
0.006
0.006
0.117
0.023
0.006
0.006
0.006
0.006
0.006
0.006
0.006
0.006
0.006
0.536
0.008
0.008
0.007
0.007
0.006
0.145
0.006
0.006
0.006
0.006
0.006
0.006
0.665
0.008
0.007
0.007
0.066
0.008
0.007
0.007
0.007
0.007
0.006
0.006
0.006
0.007
0.006
0.006
0.006
0.006
0.006
0.006
0.006
0.006
0.006
0.006
0.007
0.006
0.007
0.006
0.006
0.006
0.006
0.006
0.006
0.006
0.006
0.007
0.006
0.006
0.546
0.008
0.007
0.007
0.006
0.006
0.007
0.006
0.006
0.008
0.006
0.006
0.006
0.006
0.006
0.006
0.007
0.006
0.006
0.007
0.006
0.006
0.006
0.006
0.007
0.006
0.006
0.007
0.006
0.006
0.006
0.006
0.006
0.006
0.006
0.006
0.006
0.007
0.006
0.006
0.006
0.006
0.006
0.006
0.006
0.006
0.324
0.008
0.008
0.007
0.008
0.007
0.007
0.007
0.007
0.007
0.007
0.007
0.006
0.006
0.007
0.006
0.006
0.006
0.006
0.006
0.006
0.006
0.006
0.006
0.006
0.006
0.006
0.007
0.523
0.008
0.008
0.007
0.007
0.007
0.007
0.007
0.007
0.100
0.008
0.008
0.008
0.007
0.008
0.007
0.007
0.007
0.006
0.006
0.006
0.007
0.006
0.006
0.006
0.006
0.006
0.006
0.006
0.006
0.006
0.006
0.006
0.006
0.006
0.862
0.008
0.007
0.007
0.007
0.007
0.007
0.007
0.006
0.006
0.006
0.006
0.006
0.006
0.006
0.006
0.007
0.006
0.006
0.006
0.007
0.006
0.006
0.006
0.006
0.006
0.658
0.008
0.008
0.007
0.007
0.007
0.008
0.007
0.008
0.007
0.007
0.007
0.006
0.006
0.007
0.007
0.007
0.007
0.006
0.006
0.006
0.006
0.006
0.006
0.006
0.006
0.006
0.006
0.006
0.006
0.006
0.007
0.006
0.006
0.007
0.006
0.006
0.006
0.006
0.006
0.006
0.006
0.006
0.006
0.006
0.006
0.218
0.007
0.008
0.008
0.008
0.008
0.007
0.007
0.007
0.006
0.006
0.006
0.006
0.006
0.006
0.006
0.006
0.006
0.006
0.006
0.006
0.204
0.008
0.008
0.007
0.007
0.006
0.006
0.006
0.006
0.006
0.006
0.006
0.006
0.006
0.006
0.847
0.014
0.006
0.006
0.006
0.006
0.886
0.007
0.007
0.006
0.006
0.006
0.783
0.007
0.889
0.007
0.008
0.786
0.007
0.006
0.791
0.008
0.778
0.007
0.006
0.006
0.693
0.009
0.011
0.007
0.006
0.783
0.007
0.007
0.780
0.007
0.006
0.791
0.006
0.006
0.006
0.805
0.006
0.797
0.007
0.006
0.798
0.006
0.006
0.006
0.790
0.006
0.006
0.006
0.686
0.007
0.076
0.007
0.692
0.006
0.006
0.006
0.787
0.007
0.007
0.007
0.772
0.008
0.009
0.007
0.007
0.008
0.007
0.006
0.564
0.008
0.008
0.007
0.007
0.007
0.008
0.007
0.008
0.007
0.008
0.007
0.007
0.007
0.006
0.006
0.006
0.006
0.006
0.006
0.007
0.007
0.006
0.006
0.006
0.006
0.006
0.006
0.006
0.546
0.008
0.008
0.007
0.007
0.007
0.007
0.032
0.007
0.006
0.006
0.006
0.006
0.006
0.006
0.006
0.006
0.006
0.006
0.006
0.006
0.007
0.006
0.006
0.006
0.006
0.006
0.006
0.006
0.006
0.006
0.006
0.006
0.006
0.006
0.006
0.006
0.007
0.006
0.541
0.008
0.008
0.007
0.007
0.007
0.139
0.006
0.007
0.006
0.006
0.006
0.006
0.006
0.006
0.007
0.008
0.535
0.007
0.007
0.006
0.878
0.008
0.007
0.007
0.007
0.006
0.773
0.008
0.007
0.007
0.007
0.007
0.007
0.007
0.006
0.006
0.006
0.006
0.006
0.006
0.007
0.006
0.006
0.006
0.006
0.006
0.006
0.006
0.006
0.006
0.006
0.006
0.006
0.006
0.006
0.006
0.006
0.006
0.006
0.007
0.006
0.006
0.007
0.008
0.007
0.007
0.007
0.006
0.006
0.232
0.008
0.007
0.007
0.007
0.007
0.007
0.007
0.006
0.007
0.006
0.007
0.006
0.006
0.006
0.006
0.006
0.006
0.007
0.006
0.006
0.006
0.006
0.006
0.007
0.006
0.006
0.007
0.006
0.006
0.006
0.006
0.007
0.007
0.007
0.126
0.008
0.007
0.008
0.007
0.006
0.006
0.006
0.006
0.006
0.215
0.008
0.008
0.007
0.007
0.007
0.007
0.007
0.008
0.007
0.007
0.007
0.007
0.007
0.007
0.006
0.006
0.006
0.006
0.006
0.006
0.006
0.006
0.007
0.006
0.006
0.006
0.006
0.007
0.006
0.007
0.006
0.006
0.006
0.006
0.006
0.006
0.006
0.853
0.007
0.007
0.006
0.006
0.006
0.784
0.008
0.008
0.007
0.007
0.006
0.007
0.007
0.006
0.006
0.006
0.006
0.006
0.006
0.006
0.006
0.006
0.006
0.007
0.006
0.006
0.007
0.006
0.006
0.006
0.006
0.006
0.006
0.006
0.006
0.006
0.006
0.006
0.006
0.007
0.006
0.006
0.007
0.007
0.006
0.006
0.006
0.006
0.006
0.006
0.006
0.007
0.007
0.007
0.007
0.209
0.008
0.007
0.007
0.006
0.006
0.006
0.006
0.006
0.006
0.006
0.007
0.006
0.006
0.006
0.006
0.007
0.007
0.006
0.006
0.006
0.007
0.008
0.007
0.209
0.008
0.008
0.007
0.007
0.007
0.008
0.007
0.007
0.007
0.006
0.006
0.006
0.006
0.006
0.006
0.006
0.006
0.006
0.006
0.006
0.006
0.006
0.006
0.007
0.006
0.006
0.006
0.006
0.006
0.006
0.006
0.006
0.006
0.006
0.006
0.106
0.008
0.007
0.006
0.006
0.007
0.006
0.006
0.006
0.006
0.008
0.007
0.007
0.008
0.220
0.008
0.007
0.008
0.007
0.007
0.006
0.007
0.006
0.006
0.006
0.007
0.006
0.006
0.006
0.006
0.006
0.006
0.007
0.006
0.007
0.007
0.006
0.006
0.006
0.006
0.006
0.007
0.007
0.007
0.006
0.006
0.006
0.007
0.006
0.006
0.006
0.006
0.006
0.006
0.006
0.006
0.006
0.006
0.007
0.006
0.007
0.006
0.312
0.008
0.007
0.007
0.007
0.007
0.007
0.007
0.006
0.008
0.007
0.007
0.006
0.006
0.007
0.008
0.016
0.006
0.007
0.006
0.006
0.006
0.006
0.007
0.126
0.008
0.007
0.007
0.007
0.007
0.007
0.006
0.429
0.008
0.007
0.007
0.007
0.007
0.007
0.008
0.008
0.008
0.007
0.006
0.007
0.006
0.006
0.007
0.007
0.006
0.007
0.006
0.006
0.006
0.006
0.007
0.007
0.007
0.007
0.006
0.007
0.006
0.007
0.007
0.006
0.006
0.006
0.006
0.006
0.006
0.007
0.006
0.006
0.006
0.006
0.006
0.919
0.007
0.007
0.006
0.006
0.006
0.877
0.007
0.007
0.784
0.006
0.006
0.798
0.006
0.801
0.008
0.799
0.007
0.006
0.006
0.689
0.008
0.007
0.008
0.007
0.007
0.008
0.007
0.007
0.007
0.006
0.006
0.006
0.006
0.006
0.006
0.006
0.008
0.006
0.006
0.006
0.006
0.006
0.006
0.006
0.006
0.006
0.006
0.006
0.006
0.006
0.006
0.006
0.006
0.006
0.006
0.006
0.006
0.006
0.006
0.006
0.006
0.006
0.221
0.008
0.008
0.007
0.007
0.007
0.007
0.007
0.007
0.009
0.006
0.006
0.006
0.007
0.006
0.008
0.006
0.006
0.006
0.007
0.006
0.006
0.006
0.006
0.006
0.006
0.006
0.007
0.006
0.006
0.111
0.007
0.007
0.006
0.006
0.006
0.006
0.007
0.006
0.006
0.006
0.006
0.007
0.006
0.006
0.006
0.007
0.006
0.006
0.006
0.006
0.006
0.006
0.006
0.006
0.112
0.008
0.007
0.007
0.007
0.007
0.007
0.008
0.007
0.007
0.006
0.006
0.006
0.007
0.006
0.006
0.006
0.007
0.007
0.006
0.007
0.006
0.321
0.007
0.008
0.007
0.007
0.008
0.007
0.007
0.008
0.007
0.007
0.006
0.006
0.006
0.119
0.008
0.007
0.008
0.006
0.006
0.006
0.006
0.006
0.006
0.006
0.006
0.006
0.006
0.006
0.006
0.006
0.006
0.006
0.006
0.006
0.006
0.006
0.006
0.006
0.006
0.006
0.006
0.006
0.006
0.006
0.006
0.006
0.006
0.006
0.006
0.006
0.006
0.236
0.008
0.008
0.007
0.007
0.008
0.007
0.007
0.318
0.008
0.007
0.007
0.007
0.007
0.006
0.006
0.006
0.006
0.006
0.006
0.006
0.006
0.006
0.006
0.006
0.006
0.006
0.006
0.006
0.006
0.006
0.007
0.007
0.007
0.007
0.006
0.007
0.006
0.006
0.006
0.006
0.006
0.006
0.006
0.006
0.006
0.007
0.007
0.007
0.006
0.006
0.006
0.006
0.007
0.006
0.006
0.006
0.007
0.006
0.006
0.006
0.006
0.101
0.008
0.007
0.007
0.007
0.007
0.007
0.007
0.007
0.227
0.009
0.007
0.007
0.007
0.007
0.007
0.007
0.007
0.006
0.006
0.006
0.006
0.006
0.007
0.310
0.008
0.008
0.008
0.007
0.007
0.007
0.006
0.007
0.006
0.006
0.006
0.006
0.006
0.006
0.006
0.006
0.006
0.006
0.006
0.006
0.006
0.006
0.006
0.009
0.007
0.006
0.006
0.006
0.006
0.007
0.006
0.006
0.006
0.006
0.006
0.006
0.007
0.007
0.006
0.006
0.006
0.006
0.006
0.006
0.006
0.006
0.006
0.006
0.006
0.007
0.007
0.006
0.006
0.210
0.007
0.007
0.007
0.007
0.006
0.006
0.006
0.007
0.007
0.006
0.006
0.006
0.006
0.006
0.006
0.016
0.006
0.006
0.006
0.006
0.844
0.008
0.008
0.007
0.008
0.007
0.007
0.006
0.006
0.006
0.006
0.006
0.007
0.006
0.006
0.006
0.006
0.006
0.006
0.006
0.007
0.006
0.006
0.006
0.006
0.006
0.007
0.006
0.006
0.007
0.006
0.006
0.006
0.006
0.006
0.006
0.006
0.006
0.006
0.006
0.006
0.006
0.006
0.007
0.006
0.006
0.006
0.006
0.006
0.006
0.006
0.219
0.008
0.007
0.007
0.007
0.007
0.006
0.006
0.007
0.006
0.007
0.006
0.007
0.006
0.006
0.006
0.101
0.008
0.007
0.007
0.007
0.006
0.007
0.007
0.007
0.007
0.007
0.007
0.007
0.006
0.006
0.006
0.006
0.007
0.006
0.006
0.006
0.006
0.006
0.006
0.007
0.006
0.006
0.007
0.006
0.006
0.006
0.006
0.007
0.007
0.006
0.006
0.006
0.006
0.006
0.006
0.006
0.006
0.006
0.006
0.006
0.006
0.006
0.007
0.006
0.006
0.007
0.006
0.006
0.006
0.006
0.006
0.006
0.199
0.007
0.007
0.008
0.007
0.007
0.007
0.006
0.007
0.006
0.006
0.006
0.006
0.006
0.006
0.006
0.006
0.007
0.006
0.006
0.006
0.006
0.006
0.006
0.202
0.006
0.006
0.006
0.006
0.006
0.006
0.006
0.006
0.006
0.858
0.007
0.007
0.006
0.006
0.006
0.006
0.006
0.006
0.006
0.006
0.007
0.006
0.006
0.006
0.006
0.006
0.006
0.006
0.007
0.007
0.006
0.007
0.006
0.006
0.006
0.006
0.008
0.007
0.006
0.007
0.006
0.006
0.006
0.006
0.006
0.006
0.006
0.006
0.006
0.006
0.006
0.006
0.006
0.006
0.006
0.006
0.006
0.006
0.006
0.006
0.007
0.007
0.008
0.007
0.006
0.006
0.008
0.213
0.008
0.007
0.007
0.006
0.007
0.007
0.007
0.007
0.007
0.113
0.008
0.008
0.007
0.007
0.008
0.007
0.007
0.007
0.007
0.007
0.007
0.007
0.006
0.006
0.006
0.006
0.006
0.006
0.007
0.006
0.006
0.007
0.008
0.006
0.006
0.006
0.006
0.006
0.006
0.006
0.006
0.006
0.099
0.007
0.007
0.007
0.006
0.007
0.007
0.006
0.006
0.006
0.006
0.006
0.006
0.006
0.006
0.006
0.006
0.006
0.202
0.008
0.008
0.012
0.007
0.006
0.006
0.006
0.828
0.007
0.007
0.007
0.006
0.008
0.006
0.006
0.006
0.006
0.006
0.006
0.006
0.006
0.652
0.008
0.008
0.008
0.007
0.007
0.007
0.006
0.007
0.006
0.006
0.006
0.006
0.006
0.006
0.006
0.007
0.006
0.007
0.006
0.006
0.006
0.006
0.006
0.007
0.006
0.006
0.007
0.006
0.006
0.006
0.007
0.006
0.006
0.006
0.006
0.006
0.006
0.006
0.006
0.006
0.006
0.006
0.007
0.006
0.006
0.006
0.006
0.006
0.006
0.006
0.006
0.006
0.007
0.006
0.007
0.217
0.008
0.007
0.007
0.007
0.007
0.007
0.007
0.006
0.006
0.109
0.008
0.007
0.007
0.007
0.007
0.007
0.007
0.007
0.008
0.006
0.006
0.006
0.006
0.006
0.006
0.006
0.007
0.006
0.006
0.006
0.006
0.006
0.006
0.006
0.006
0.006
0.006
0.006
0.006
0.006
0.007
0.007
0.006
0.006
0.007
0.006
0.006
0.006
0.006
0.006
0.006
0.006
0.132
0.008
0.011
0.007
0.006
0.006
0.870
0.008
0.008
0.007
0.007
0.007
0.007
0.007
0.007
0.007
0.008
0.008
0.007
0.007
0.007
0.007
0.006
0.006
0.007
0.010
0.006
0.006
0.006
0.006
0.006
0.006
0.006
0.006
0.006
0.007
0.007
0.006
0.007
0.006
0.006
0.006
0.006
0.007
0.007
0.233
0.008
0.008
0.007
0.007
0.007
0.006
0.006
0.007
0.106
0.008
0.008
0.008
0.007
0.006
0.007
0.006
0.006
0.006
0.006
0.007
0.006
0.006
0.007
0.006
0.007
0.007
0.006
0.006
0.006
0.007
0.007
0.007
0.006
0.007
0.007
0.006
0.007
0.007
0.007
0.106
0.008
0.007
0.007
0.007
0.006
0.006
0.006
0.006
0.006
0.006
0.006
0.006
0.006
0.006
0.006
0.006
0.007
0.102
0.008
0.007
0.007
0.007
0.007
0.007
0.006
0.006
0.006
0.007
0.006
0.006
0.006
0.006
0.007
0.006
0.006
0.006
0.006
0.006
0.006
0.007
0.212
0.008
0.007
0.007
0.007
0.007
0.007
0.007
0.006
0.006
0.006
0.006
0.006
0.006
0.006
0.006
0.006
0.006
0.006
0.006
0.006
0.006
0.007
0.006
0.006
0.007
0.006
0.007
0.007
0.006
0.006
0.006
0.006
0.006
0.007
0.006
0.006
0.017
0.007
0.007
0.007
0.031
0.007
0.006
0.006
0.006
0.006
0.007
0.006
0.006
0.006
0.006
0.006
0.215
0.007
0.007
0.007
0.007
0.007
0.006
0.006
0.007
0.006
0.007
0.101
0.008
0.008
0.007
0.007
0.007
0.007
0.006
0.007
0.006
0.006
0.006
0.006
0.006
0.006
0.006
0.006
0.006
0.007
0.006
0.006
0.007
0.006
0.006
0.006
0.006
0.006
0.006
0.006
0.006
0.006
0.006
0.006
0.007
0.006
0.006
0.426
0.007
0.008
0.007
0.007
0.006
0.006
0.006
0.007
0.006
0.006
0.006
0.006
0.007
0.006
0.006
0.006
0.007
0.006
0.007
0.007
0.006
0.006
0.006
0.006
0.006
0.006
0.006
0.006
0.006
0.006
0.006
0.006
0.007
0.006
0.008
0.006
0.007
0.006
0.006
0.006
0.006
0.006
0.006
0.006
0.006
0.006
0.006
0.007
0.006
0.006
0.006
0.006
0.006
0.006
0.006
0.010
0.007
0.006
0.006
0.006
0.006
0.125
0.008
0.008
0.007
0.007
0.007
0.007
0.006
0.007
0.006
0.006
0.006
0.006
0.006
0.006
0.006
0.223
0.008
0.007
0.007
0.007
0.007
0.007
0.007
0.006
0.007
0.006
0.006
0.006
0.006
0.006
0.006
0.006
0.006
0.007
0.006
0.006
0.006
0.006
0.006
0.108
0.008
0.007
0.007
0.008
0.007
0.007
0.007
0.007
0.007
0.007
0.006
0.006
0.006
0.007
0.006
0.006
0.006
0.006
0.006
0.007
0.006
0.006
0.006
0.006
0.007
0.006
0.006
0.006
0.007
0.007
0.006
0.006
0.006
0.006
0.109
0.007
0.006
0.007
0.006
0.006
0.006
0.006
0.006
0.006
0.006
0.006
0.105
0.007
0.007
0.007
0.007
0.007
0.007
0.006
0.006
0.006
0.007
0.006
0.006
0.006
0.006
0.007
0.007
0.006
0.006
0.006
0.006
0.006
0.006
0.006
0.006
0.007
0.007
0.007
0.006
0.006
0.007
0.006
0.006
0.006
0.006
0.006
0.006
0.006
0.119
0.008
0.008
0.007
0.007
0.007
0.007
0.007
0.007
0.210
0.008
0.007
0.007
0.007
0.006
0.006
0.006
0.006
0.006
0.006
0.006
0.006
0.006
0.006
0.006
0.006
0.006
0.006
0.006
0.006
0.007
0.006
0.006
0.006
0.006
0.006
0.006
0.006
0.007
0.007
0.006
0.007
0.007
0.006
0.006
0.006
0.006
0.006
0.006
0.006
0.006
0.006
0.006
0.006
0.006
0.006
0.006
0.006
0.007
0.006
0.006
0.006
0.199
0.008
0.007
0.007
0.007
0.006
0.006
0.006
0.007
0.006
0.118
0.008
0.008
0.007
0.007
0.007
0.007
0.006
0.006
0.006
0.010
0.006
0.006
0.006
0.006
0.006
0.006
0.006
0.006
0.006
0.006
0.006
0.007
0.006
0.006
0.006
0.006
0.006
0.007
0.006
0.006
0.006
0.006
0.006
0.006
0.112
0.007
0.006
0.006
0.007
0.006
0.006
0.007
0.006
0.006
0.006
0.006
0.007
0.006
0.007
0.006
0.006
0.006
0.006
0.006
0.006
0.007
0.006
0.006
0.006
0.006
0.101
0.007
0.006
0.006
0.007
0.006
0.006
0.007
0.006
0.006
0.006
0.007
0.007
0.006
0.006
0.006
0.006
0.006
0.006
0.006
0.006
0.006
0.007
0.006
0.006
0.006
0.006
0.006
0.006
0.006
0.006
0.006
0.107
0.008
0.007
0.006
0.007
0.008
0.007
0.007
0.007
0.007
0.007
0.007
0.007
0.006
0.007
0.006
0.006
0.006
0.006
0.006
0.006
0.006
0.006
0.007
0.006
0.006
0.006
0.007
0.006
0.006
0.007
0.006
0.006
0.006
0.007
0.006
0.006
0.006
0.006
0.007
0.321
0.008
0.008
0.007
0.007
0.007
0.006
0.007
0.006
0.007
0.008
0.006
0.006
0.006
0.006
0.006
0.006
0.006
0.006
0.006
0.006
0.006
0.006
0.006
0.006
0.006
0.006
0.007
0.006
0.006
0.006
0.006
0.006
0.006
0.006
0.006
0.006
0.006
0.006
0.006
0.006
0.007
0.007
0.007
0.007
0.007
0.007
0.007
0.006
0.006
0.006
0.006
0.006
0.006
0.006
0.006
0.006
0.006
0.006
0.006
0.006
0.007
0.006
0.006
0.006
0.006
0.006
0.006
0.006
0.007
0.006
0.006
0.006
0.006
0.007
0.007
0.006
0.110
0.008
0.007
0.007
0.008
0.007
0.006
0.006
0.006
0.007
0.007
0.006
0.006
0.007
0.006
0.006
0.006
0.215
0.008
0.008
0.007
0.007
0.007
0.006
0.006
0.007
0.006
0.006
0.009
0.006
0.006
0.006
0.006
0.006
0.006
0.006
0.006
0.006
0.006
0.007
0.006
0.007
0.007
0.007
0.007
0.006
0.011
0.006
0.006
0.006
0.007
0.006
0.006
0.006
0.006
0.006
0.006
0.006
0.006
0.007
0.006
0.007
0.007
0.006
0.006
0.006
0.006
0.006
0.007
0.007
0.006
0.215
0.007
0.006
0.006
0.007
0.006
0.006
0.006
0.006
0.006
0.006
0.006
0.006
0.006
0.006
0.007
0.006
0.006
0.006
0.006
0.006
0.006
0.006
0.006
0.006
0.007
0.006
0.006
0.006
0.006
0.006
0.006
0.006
0.006
0.006
0.006
0.006
0.006
0.006
0.006
0.006
0.006
0.006
0.006
0.006
0.007
0.006
0.006
0.006
0.006
0.006
0.007
0.006
0.006
0.006
0.006
0.006
0.007
0.007
0.006
0.006
0.006
0.006
0.006
0.006
0.006
0.006
0.006
0.116
0.007
0.007
0.007
0.007
0.007
0.006
0.006
0.006
0.006
0.006
0.219
0.007
0.007
0.008
0.007
0.008
0.008
0.007
0.007
0.007
0.007
0.007
0.007
0.007
0.006
0.006
0.006
0.006
0.006
0.007
0.006
0.006
0.006
0.006
0.006
0.006
0.007
0.007
0.006
0.006
0.006
0.006
0.006
0.006
0.006
0.006
0.006
0.006
0.006
0.006
0.006
0.006
0.006
0.006
0.009
0.006
0.006
0.006
0.006
0.006
0.006
0.006
0.006
0.217
0.008
0.007
0.007
0.008
0.007
0.007
0.007
0.007
0.007
0.006
0.006
0.006
0.006
0.006
0.006
0.006
0.006
0.007
0.006
0.006
0.006
0.006
0.006
0.006
0.006
0.006
0.006
0.006
0.006
0.006
0.006
0.007
0.006
0.007
0.006
0.007
0.006
0.007
0.006
0.006
0.006
0.006
0.006
0.006
0.006
0.006
0.006
0.211
0.007
0.007
0.007
0.007
0.007
0.007
0.007
0.006
0.007
0.006
0.006
0.006
0.006
0.006
0.006
0.006
0.006
0.007
0.006
0.006
0.007
0.006
0.007
0.007
0.006
0.006
0.007
0.006
0.006
0.006
0.008
0.006
0.007
0.007
0.006
0.006
0.006
0.006
0.006
0.006
0.006
0.006
0.006
0.006
0.007
0.302
0.008
0.008
0.008
0.007
0.007
0.007
0.007
0.006
0.006
0.006
0.006
0.006
0.006
0.006
0.006
0.006
0.006
0.006
0.006
0.006
0.006
0.006
0.006
0.006
0.006
0.006
0.006
0.006
0.006
0.006
0.006
0.006
0.007
0.006
0.006
0.006
0.006
0.006
0.006
0.873
0.007
0.006
0.006
0.786
0.007
0.006
0.006
0.006
0.788
0.007
0.006
0.006
0.006
0.689
0.007
0.007
0.781
0.007
0.007
0.007
0.008
0.007
0.674
0.008
0.007
0.007
0.007
0.007
0.006
0.006
0.006
0.006
0.006
0.006
0.006
0.006
0.006
0.006
0.006
0.006
0.006
0.006
0.006
0.006
0.006
0.006
0.006
0.006
0.006
0.007
0.006
0.006
0.006
0.006
0.006
0.006
0.006
0.006
0.006
0.006
0.006
0.006
0.006
0.006
0.006
0.006
0.006
0.006
0.007
0.006
0.007
0.006
0.007
0.006
0.006
0.006
0.006
0.007
0.006
0.006
0.006
0.006
0.013
0.006
0.006
0.006
0.007
0.006
0.007
0.006
0.006
0.007
0.006
0.007
0.006
0.113
0.007
0.006
0.006
0.006
0.006
0.006
0.006
0.007
0.006
0.006
0.006
0.107
0.008
0.007
0.007
0.007
0.007
0.007
0.007
0.008
0.007
0.007
0.007
0.006
0.007
0.006
0.006
0.006
0.006
0.006
0.006
0.007
0.101
0.008
0.008
0.007
0.006
0.006
0.006
0.006
0.006
0.006
0.007
0.006
0.104
0.007
0.007
0.007
0.007
0.007
0.007
0.006
0.006
0.006
0.006
0.006
0.006
0.006
0.006
0.007
0.006
0.006
0.006
0.006
0.007
0.006
0.006
0.006
0.006
0.006
0.006
0.006
0.006
0.006
0.006
0.007
0.007
0.006
0.006
0.006
0.006
0.005
0.006
0.006
0.006
0.006
0.006
0.006
0.006
0.006
0.006
0.108
0.008
0.007
0.007
0.007
0.007
0.007
0.007
0.006
0.006
0.218
0.008
0.008
0.007
0.007
0.006
0.006
0.006
0.006
0.006
0.007
0.006
0.006
0.006
0.006
0.007
0.007
0.006
0.007
0.006
0.006
0.006
0.006
0.007
0.007
0.007
0.007
0.006
0.006
0.007
0.006
0.006
0.006
0.006
0.006
0.007
0.006
0.006
0.006
0.006
0.006
0.006
0.006
0.006
0.006
0.006
0.006
0.006
0.006
0.006
0.006
0.007
0.006
0.006
0.006
0.006
0.006
0.105
0.007
0.007
0.007
0.007
0.007
0.006
0.006
0.006
0.006
0.006
0.118
0.008
0.007
0.007
0.007
0.007
0.007
0.006
0.006
0.006
0.006
0.006
0.006
0.006
0.006
0.006
0.007
0.006
0.006
0.006
0.006
0.006
0.009
0.006
0.314
0.009
0.008
0.007
0.008
0.007
0.006
0.007
0.007
0.007
0.008
0.007
0.007
0.007
0.006
0.006
0.006
0.006
0.006
0.006
0.006
0.006
0.006
0.006
0.007
0.006
0.006
0.006
0.006
0.006
0.006
0.006
0.006
0.006
0.007
0.007
0.006
0.006
0.006
0.007
0.006
0.006
0.006
0.006
0.006
0.006
0.007
0.006
0.006
0.212
0.008
0.007
0.007
0.007
0.007
0.007
0.007
0.006
0.105
0.008
0.008
0.007
0.008
0.008
0.007
0.007
0.007
0.008
0.007
0.006
0.006
0.006
0.006
0.006
0.006
0.007
0.006
0.006
0.007
0.006
0.006
0.006
0.006
0.006
0.006
0.006
0.007
0.007
0.007
0.007
0.007
0.007
0.105
0.007
0.007
0.006
0.007
0.007
0.006
0.006
0.007
0.006
0.006
0.008
0.006
0.006
0.006
0.007
0.007
0.006
0.122
0.008
0.008
0.007
0.007
0.007
0.007
0.008
0.007
0.105
0.008
0.008
0.008
0.008
0.007
0.007
0.006
0.006
0.006
0.006
0.006
0.006
0.006
0.006
0.123
0.008
0.008
0.007
0.007
0.008
0.007
0.007
0.007
0.007
0.006
0.006
0.006
0.006
0.006
0.006
0.006
0.006
0.006
0.006
0.006
0.006
0.006
0.007
0.006
0.006
0.006
0.006
0.006
0.006
0.006
0.006
0.006
0.006
0.006
0.006
0.105
0.008
0.007
0.007
0.007
0.007
0.008
0.008
0.007
0.007
0.007
0.006
0.006
0.006
0.109
0.007
0.007
0.007
0.007
0.006
0.006
0.006
0.006
0.006
0.006
0.006
0.006
0.006
0.006
0.006
0.006
0.006
0.006
0.006
0.007
0.007
0.006
0.006
0.006
0.006
0.006
0.006
0.006
0.006
0.007
0.007
0.006
0.006
0.006
0.108
0.008
0.008
0.008
0.008
0.008
0.008
0.006
0.007
0.006
0.099
0.008
0.007
0.006
0.006
0.006
0.006
0.006
0.007
0.007
0.006
0.006
0.006
0.006
0.006
0.006
0.006
0.006
0.006
0.006
0.007
0.008
0.006
0.006
0.006
0.007
0.006
0.006
0.006
0.006
0.007
0.006
0.007
0.006
0.006
0.006
0.007
0.007
0.006
0.006
0.006
0.007
0.007
0.006
0.007
0.007
0.006
0.006
0.006
0.006
0.007
0.006
0.006
0.007
0.006
0.006
0.007
0.007
0.006
0.218
0.007
0.007
0.006
0.006
0.006
0.006
0.007
0.006
0.006
0.007
0.007
0.006
0.006
0.006
0.006
0.006
0.006
0.006
0.006
0.006
0.006
0.006
0.006
0.006
0.006
0.006
0.006
0.006
0.007
0.007
0.006
0.006
0.006
0.006
0.006
0.006
0.006
0.006
0.006
0.006
0.006
0.006
0.006
0.006
0.006
0.006
0.007
0.006
0.006
0.310
0.008
0.008
0.008
0.007
0.007
0.007
0.006
0.006
0.006
0.007
0.008
0.006
0.006
0.006
0.006
0.007
0.006
0.006
0.006
0.007
0.007
0.006
0.006
0.006
0.006
0.006
0.006
0.006
0.006
0.006
0.006
0.006
0.006
0.006
0.006
0.006
0.006
0.006
0.006
0.006
0.006
0.007
0.006
0.006
0.006
0.006
0.006
0.006
0.006
0.006
0.006
0.006
0.006
0.006
0.006
0.006
0.006
0.006
0.007
0.006
0.007
0.006
0.114
0.008
0.006
0.006
0.006
0.006
0.006
0.006
0.006
0.006
0.006
0.006
0.006
0.006
0.006
0.006
0.006
0.006
0.006
0.006
0.006
0.006
0.006
0.007
0.006
0.099
0.007
0.007
0.007
0.011
0.007
0.006
0.006
0.006
0.007
0.006
0.007
0.006
0.007
0.007
0.006
0.006
0.006
0.006
0.006
0.007
0.006
0.006
0.006
0.006
0.210
0.007
0.007
0.007
0.007
0.007
0.007
0.007
0.007
0.007
0.007
0.007
0.007
0.006
0.006
0.006
0.006
0.006
0.006
0.006
0.006
0.006
0.102
0.008
0.007
0.007
0.007
0.007
0.007
0.007
0.006
0.006
0.006
0.006
0.006
0.006
0.007
0.007
0.006
0.006
0.006
0.006
0.007
0.006
0.006
0.006
0.006
0.006
0.007
0.006
0.006
0.007
0.006
0.017
0.006
0.006
0.006
0.008
0.006
0.006
0.006
0.007
0.006
0.006
0.006
0.006
0.006
0.112
0.007
0.008
0.007
0.007
0.006
0.006
0.006
0.006
0.006
0.006
0.006
0.218
0.008
0.007
0.007
0.007
0.007
0.007
0.006
0.006
0.006
0.006
0.006
0.006
0.006
0.006
0.007
0.006
0.006
0.006
0.006
0.007
0.006
0.006
0.006
0.006
0.006
0.006
0.006
0.006
0.006
0.006
0.006
0.007
0.006
0.006
0.006
0.006
0.006
0.006
0.006
0.006
0.006
0.006
0.006
0.006
0.006
0.006
0.006
0.006
0.006
0.006
0.007
0.007
0.006
0.006
0.006
0.007
0.006
0.006
0.201
0.008
0.007
0.008
0.007
0.007
0.007
0.007
0.007
0.007
0.006
0.006
0.006
0.006
0.006
0.006
0.006
0.006
0.007
0.007
0.006
0.006
0.006
0.006
0.006
0.006
0.006
0.007
0.007
0.007
0.006
0.007
0.006
0.006
0.006
0.112
0.008
0.007
0.007
0.007
0.007
0.007
0.006
0.006
0.006
0.006
0.006
0.006
0.006
0.006
0.006
0.006
0.008
0.113
0.008
0.007
0.007
0.006
0.007
0.007
0.006
0.006
0.007
0.006
0.110
0.008
0.008
0.008
0.008
0.007
0.007
0.007
0.007
0.006
0.007
0.007
0.006
0.006
0.007
0.006
0.006
0.006
0.006
0.006
0.006
0.007
0.006
0.006
0.006
0.006
0.006
0.006
0.212
0.008
0.007
0.007
0.007
0.008
0.007
0.006
0.006
0.006
0.006
0.006
0.006
0.006
0.006
0.007
0.006
0.006
0.006
0.006
0.006
0.006
0.006
0.006
0.006
0.006
0.106
0.007
0.007
0.007
0.007
0.007
0.006
0.006
0.006
0.006
0.007
0.006
0.006
0.006
0.006
0.006
0.006
0.006
0.006
0.006
0.006
0.006
0.006
0.006
0.006
0.006
0.006
0.006
0.864
0.008
0.008
0.008
0.007
0.007
0.006
0.006
0.006
0.006
0.006
0.006
0.006
0.006
0.006
0.006
0.006
0.006
0.006
0.007
0.006
0.006
0.006
0.006
0.006
0.008
0.006
0.006
0.006
0.007
0.006
0.006
0.006
0.006
0.006
0.006
0.007
0.006
0.006
0.006
0.006
0.007
0.006
0.006
0.006
0.006
0.006
0.006
0.006
0.006
0.006
0.006
0.006
0.006
0.008
0.007
0.007
0.006
0.100
0.006
0.006
0.006
0.006
0.006
0.007
0.007
0.006
0.007
0.006
0.007
0.113
0.007
0.007
0.006
0.007
0.007
0.007
0.006
0.006
0.006
0.006
0.006
0.101
0.008
0.007
0.007
0.006
0.006
0.006
0.006
0.006
0.006
0.006
0.006
0.006
0.006
0.006
0.006
0.006
0.007
0.007
0.008
0.007
0.007
0.006
0.006
0.006
0.006
0.006
0.007
0.006
0.006
0.006
0.006
0.006
0.006
0.006
0.006
0.006
0.006
0.006
0.006
0.007
0.006
0.006
0.006
0.123
0.007
0.007
0.007
0.007
0.007
0.006
0.006
0.006
0.007
0.228
0.008
0.008
0.008
0.008
0.007
0.007
0.007
0.007
0.007
0.006
0.006
0.006
0.006
0.007
0.008
0.008
0.008
0.007
0.217
0.008
0.007
0.007
0.007
0.007
0.007
0.006
0.006
0.006
0.006
0.006
0.006
0.006
0.007
0.006
0.006
0.006
0.006
0.006
0.006
0.006
0.006
0.006
0.006
0.012
0.007
0.007
0.008
0.006
0.007
0.007
0.006
0.007
0.008
0.007
0.007
0.007
0.007
0.006
0.006
0.007
0.007
0.007
0.212
0.008
0.008
0.007
0.007
0.007
0.007
0.006
0.006
0.006
0.120
0.008
0.007
0.007
0.007
0.007
0.007
0.007
0.007
0.006
0.006
0.006
0.006
0.006
0.006
0.006
0.007
0.006
0.006
0.006
0.007
0.007
0.007
0.006
0.006
0.006
0.006
0.006
0.006
0.006
0.006
0.006
0.006
0.006
0.007
0.006
0.007
0.006
0.007
0.007
0.008
0.007
0.006
0.006
0.006
0.006
0.006
0.006
0.006
0.006
0.006
0.006
0.006
0.006
0.006
0.006
0.007
0.006
0.210
0.007
0.007
0.007
0.007
0.007
0.007
0.007
0.006
0.006
0.006
0.006
0.006
0.006
0.006
0.006
0.006
0.006
0.006
0.100
0.008
0.007
0.007
0.007
0.007
0.007
0.007
0.007
0.007
0.008
0.007
0.007
0.006
0.006
0.006
0.007
0.007
0.008
0.007
0.006
0.006
0.006
0.006
0.006
0.006
0.006
0.007
0.006
0.006
0.006
0.006
0.109
0.007
0.007
0.007
0.006
0.006
0.006
0.007
0.006
0.006
0.006
0.111
0.007
0.008
0.007
0.007
0.007
0.007
0.006
0.006
0.006
0.006
0.006
0.007
0.006
0.007
0.007
0.006
0.006
0.006
0.006
0.007
0.006
0.006
0.006
0.007
0.006
0.006
0.006
0.006
0.006
0.010
0.006
0.006
0.006
0.006
0.006
0.006
0.006
0.006
0.006
0.006
0.006
0.006
0.006
0.006
0.007
0.006
0.006
0.006
0.007
0.007
0.006
0.006
0.006
0.006
0.006
0.006
0.006
0.007
0.006
0.006
0.006
0.006
0.006
0.220
0.008
0.008
0.008
0.007
0.007
0.007
0.007
0.007
0.007
0.007
0.007
0.007
0.006
0.006
0.006
0.006
0.006
0.007
0.006
0.006
0.110
0.006
0.006
0.006
0.007
0.006
0.006
0.006
0.006
0.006
0.007
0.006
0.006
0.006
0.006
0.006
0.006
0.006
0.006
0.006
0.006
0.006
0.006
0.006
0.006
0.006
0.005
0.006
0.106
0.008
0.007
0.007
0.006
0.007
0.007
0.007
0.007
0.008
0.007
0.007
0.007
0.007
0.007
0.006
0.006
0.006
0.007
0.006
0.007
0.006
0.007
0.008
0.006
0.006
0.006
0.006
0.120
0.007
0.009
0.007
0.006
0.006
0.006
0.006
0.007
0.007
0.006
0.006
0.204
0.007
0.007
0.007
0.007
0.007
0.007
0.006
0.006
0.006
0.006
0.006
0.006
0.006
0.006
0.007
0.006
0.006
0.006
0.006
0.006
0.006
0.006
0.006
0.006
0.006
0.006
0.006
0.007
0.006
0.006
0.006
0.006
0.006
0.006
0.006
0.006
0.007
0.006
0.006
0.006
0.006
0.007
0.006
0.006
0.006
0.006
0.006
0.006
0.006
0.006
0.006
0.006
0.006
0.006
0.006
0.006
0.006
0.006
0.006
0.116
0.008
0.007
0.007
0.007
0.008
0.007
0.006
0.006
0.120
0.007
0.007
0.007
0.006
0.006
0.008
0.006
0.006
0.006
0.006
0.006
0.006
0.006
0.006
0.006
0.006
0.007
0.007
0.108
0.008
0.007
0.006
0.008
0.007
0.007
0.007
0.006
0.006
0.006
0.007
0.006
0.006
0.007
0.006
0.009
0.007
0.007
0.006
0.006
0.006
0.006
0.006
0.006
0.006
0.006
0.006
0.006
0.006
0.118
0.008
0.007
0.007
0.007
0.007
0.006
0.006
0.006
0.006
0.006
0.212
0.008
0.007
0.007
0.007
0.006
0.006
0.006
0.006
0.006
0.006
0.006
0.006
0.006
0.006
0.006
0.006
0.006
0.006
0.006
0.006
0.006
0.006
0.006
0.006
0.006
0.006
0.006
0.006
0.006
0.007
0.006
0.006
0.006
0.006
0.006
0.006
0.006
0.006
0.006
0.006
0.010
0.007
0.006
0.006
0.007
0.008
0.008
0.007
0.007
0.006
0.006
0.006
0.006
0.006
0.006
0.006
0.006
0.006
0.215
0.008
0.007
0.007
0.007
0.007
0.007
0.007
0.006
0.006
0.006
0.206
0.008
0.007
0.007
0.007
0.007
0.007
0.006
0.006
0.006
0.007
0.007
0.007
0.006
0.006
0.007
0.006
0.006
0.006
0.006
0.006
0.006
0.006
0.007
0.007
0.006
0.006
0.006
0.006
0.006
0.006
0.006
0.006
0.006
0.006
0.006
0.006
0.006
0.006
0.006
0.006
0.006
0.006
0.007
0.006
0.006
0.006
0.006
0.006
0.006
0.006
0.006
0.006
0.006
0.006
0.207
0.008
0.008
0.007
0.007
0.007
0.007
0.007
0.007
0.006
0.008
0.007
0.006
0.006
0.006
0.006
0.006
0.006
0.007
0.007
0.007
0.007
0.007
0.006
0.006
0.006
0.006
0.007
0.007
0.007
0.008
0.007
0.007
0.007
0.006
0.006
0.006
0.006
0.007
0.007
0.006
0.006
0.006
0.006
0.006
0.006
0.006
0.006
0.006
0.006
0.006
0.006
0.006
0.007
0.006
0.109
0.008
0.006
0.006
0.006
0.006
0.006
0.006
0.006
0.006
0.006
0.006
0.006
0.007
0.006
0.006
0.006
0.006
0.007
0.006
0.099
0.007
0.007
0.007
0.007
0.006
0.006
0.006
0.006
0.006
0.006
0.019
0.008
0.007
0.007
0.007
0.007
0.007
0.006
0.006
0.007
0.006
0.006
0.006
0.006
0.006
0.007
0.006
0.006
0.208
0.008
0.008
0.007
0.007
0.007
0.008
0.007
0.007
0.007
0.007
0.006
0.007
0.007
0.006
0.006
0.007
0.006
0.006
0.006
0.006
0.007
0.007
0.007
0.006
0.007
0.108
0.007
0.007
0.007
0.007
0.007
0.007
0.006
0.006
0.006
0.006
0.006
0.006
0.006
0.007
0.006
0.006
0.006
0.006
0.204
0.007
0.008
0.007
0.008
0.007
0.007
0.006
0.007
0.006
0.006
0.006
0.007
0.006
0.007
0.006
0.006
0.006
0.006
0.006
0.006
0.007
0.007
0.006
0.006
0.006
0.006
0.006
0.006
0.006
0.006
0.006
0.007
0.006
0.006
0.007
0.007
0.006
0.006
0.099
0.008
0.007
0.007
0.007
0.007
0.007
0.007
0.006
0.224
0.008
0.008
0.007
0.006
0.006
0.007
0.006
0.006
0.006
0.006
0.006
0.006
0.006
0.007
0.006
0.006
0.006
0.006
0.006
0.006
0.006
0.006
0.006
0.006
0.006
0.006
0.006
0.006
0.006
0.006
0.006
0.006
0.006
0.006
0.006
0.006
0.007
0.006
0.013
0.006
0.006
0.007
0.006
0.007
0.006
0.006
0.007
0.007
0.007
0.006
0.007
0.007
0.007
0.008
0.007
0.009
0.007
0.006
0.006
0.006
0.006
0.222
0.006
0.006
0.006
0.006
0.006
0.006
0.006
0.006
0.007
0.007
0.213
0.007
0.008
0.007
0.007
0.007
0.006
0.007
0.007
0.006
0.007
0.006
0.006
0.006
0.006
0.006
0.006
0.006
0.877
0.008
0.008
0.008
0.007
0.007
0.007
0.007
0.007
0.006
0.006
0.007
0.006
0.006
0.006
0.006
0.006
0.005
0.006
0.007
0.006
0.006
0.006
0.006
0.006
0.007
0.006
0.006
0.006
0.006
0.006
0.006
0.006
0.006
0.006
0.007
0.006
0.006
0.007
0.006
0.006
0.006
0.006
0.006
0.006
0.006
0.006
0.006
0.007
0.006
0.006
0.006
0.125
0.007
0.008
0.007
0.006
0.006
0.006
0.006
0.007
0.006
0.006
0.006
0.006
0.006
0.006
0.006
0.006
0.006
0.007
0.007
0.008
0.007
0.007
0.007
0.007
0.105
0.008
0.008
0.007
0.008
0.007
0.007
0.007
0.007
0.007
0.006
0.006
0.006
0.007
0.100
0.007
0.007
0.006
0.006
0.006
0.006
0.007
0.006
0.007
0.006
0.006
0.006
0.006
0.006
0.006
0.007
0.006
0.006
0.006
0.007
0.007
0.007
0.007
0.006
0.006
0.007
0.008
0.007
0.007
0.006
0.007
0.007
0.006
0.006
0.006
0.006
0.006
0.006
0.006
0.006
0.006
0.006
0.006
0.007
0.006
0.006
0.006
0.006
0.208
0.007
0.007
0.007
0.007
0.006
0.006
0.006
0.006
0.006
0.006
0.006
0.006
0.006
0.006
0.007
0.006
0.007
0.007
0.006
0.006
0.007
0.006
0.006
0.007
0.007
0.007
0.007
0.008
0.008
0.008
0.007
0.006
0.006
0.006
0.007
0.006
0.006
0.006
0.007
0.006
0.007
0.007
0.007
0.006
0.006
0.006
0.006
0.005
0.006
0.006
0.007
0.205
0.007
0.007
0.008
0.008
0.008
0.007
0.006
0.007
0.007
0.006
0.006
0.006
0.006
0.006
0.007
0.006
0.006
0.006
0.006
0.006
0.006
0.006
0.006
0.006
0.006
0.007
0.006
0.006
0.006
0.006
0.006
0.006
0.006
0.006
0.006
0.006
0.006
0.006
0.006
0.006
0.006
0.006
0.006
0.006
0.006
0.006
0.006
0.006
0.006
0.006
0.006
0.006
0.006
0.006
0.006
0.006
0.006
0.006
0.006
0.006
0.006
0.016
0.007
0.006
0.006
0.006
0.006
0.006
0.006
0.006
0.006
0.007
0.006
0.006
0.006
0.006
0.006
0.006
0.007
0.006
0.007
0.195
0.008
0.007
0.007
0.007
0.007
0.006
0.006
0.006
0.006
0.006
0.006
0.006
0.006
0.006
0.006
0.006
0.006
0.006
0.006
0.006
0.006
0.007
0.006
0.006
0.007
0.006
0.006
0.007
0.006
0.006
0.006
0.006
0.007
0.006
0.006
0.008
0.007
0.006
0.007
0.006
0.006
0.007
0.006
0.006
0.006
0.006
0.006
0.006
0.006
0.006
0.007
0.202
0.008
0.008
0.007
0.007
0.007
0.007
0.007
0.008
0.007
0.007
0.006
0.006
0.006
0.006
0.006
0.105
0.008
0.007
0.007
0.007
0.007
0.007
0.007
0.007
0.006
0.006
0.006
0.006
0.006
0.008
0.006
0.007
0.007
0.008
0.006
0.006
0.006
0.006
0.006
0.007
0.007
0.007
0.103
0.008
0.007
0.007
0.007
0.006
0.007
0.006
0.006
0.006
0.006
0.006
0.006
0.006
0.006
0.006
0.006
0.006
0.007
0.006
0.006
0.006
0.006
0.006
0.121
0.008
0.008
0.007
0.007
0.012
0.007
0.006
0.006
0.312
0.008
0.007
0.007
0.007
0.007
0.007
0.007
0.008
0.007
0.007
0.007
0.007
0.008
0.008
0.007
0.007
0.007
0.008
0.007
0.007
0.007
0.006
0.006
0.006
0.006
0.006
0.006
0.008
0.006
0.006
0.006
0.006
0.006
0.006
0.007
0.007
0.006
0.007
0.006
0.006
0.006
0.006
0.006
0.006
0.006
0.006
0.006
0.006
0.006
0.006
0.006
0.006
0.006
0.310
0.008
0.006
0.007
0.007
0.007
0.007
0.008
0.007
0.006
0.006
0.007
0.006
0.006
0.006
0.006
0.007
0.006
0.006
0.008
0.006
0.007
0.006
0.008
0.007
0.007
0.007
0.006
0.006
0.006
0.006
0.006
0.006
0.006
0.006
0.006
0.006
0.007
0.007
0.007
0.007
0.006
0.007
0.006
0.006
0.006
0.006
0.007
0.007
0.006
0.006
0.006
0.006
0.006
0.109
0.008
0.008
0.007
0.007
0.007
0.007
0.007
0.007
0.208
0.008
0.008
0.007
0.007
0.007
0.007
0.007
0.007
0.007
0.006
0.006
0.006
0.007
0.006
0.006
0.006
0.006
0.006
0.006
0.006
0.006
0.006
0.006
0.006
0.006
0.006
0.006
0.006
0.006
0.006
0.006
0.006
0.006
0.006
0.006
0.011
0.007
0.006
0.006
0.006
0.006
0.006
0.006
0.006
0.006
0.006
0.006
0.006
0.006
0.006
0.006
0.006
0.006
0.006
0.006
0.007
0.006
0.006
0.006
0.006
0.007
0.007
0.098
0.007
0.007
0.007
0.006
0.006
0.006
0.006
0.006
0.007
0.007
0.006
0.014
0.006
0.006
0.007
0.006
0.006
0.006
0.006
0.006
0.006
0.006
0.006
0.007
0.006
0.006
0.007
0.007
0.006
0.006
0.006
0.007
0.006
0.006
0.006
0.006
0.006
0.007
0.124
0.007
0.007
0.007
0.007
0.007
0.006
0.006
0.006
0.006
0.006
0.006
0.006
0.007
0.007
0.006
0.006
0.006
0.006
0.103
0.008
0.007
0.007
0.007
0.008
0.006
0.007
0.008
0.007
0.007
0.007
0.007
0.006
0.019
0.006
0.006
0.006
0.006
0.006
0.006
0.006
0.006
0.007
0.006
0.006
0.006
0.006
0.206
0.008
0.008
0.008
0.007
0.007
0.007
0.008
0.008
0.007
0.007
0.007
0.007
0.007
0.007
0.006
0.007
0.006
0.006
0.006
0.006
0.006
0.006
0.006
0.006
0.007
0.006
0.006
0.006
0.006
0.006
0.006
0.006
0.006
0.007
0.006
0.006
0.006
0.006
0.007
0.006
0.007
0.006
0.007
0.007
0.007
0.008
0.007
0.007
0.196
0.008
0.007
0.008
0.007
0.007
0.007
0.007
0.006
0.011
0.007
0.007
0.006
0.006
0.006
0.006
0.006
0.006
0.006
0.006
0.006
0.006
0.006
0.006
0.006
0.006
0.006
0.006
0.006
0.006
0.006
0.006
0.006
0.005
0.006
0.006
0.006
0.006
0.105
0.008
0.008
0.007
0.007
0.007
0.008
0.006
0.007
0.006
0.008
0.007
0.006
0.006
0.006
0.006
0.202
0.007
0.007
0.007
0.007
0.007
0.008
0.006
0.006
0.006
0.006
0.006
0.006
0.007
0.006
0.006
0.006
0.006
0.006
0.006
0.006
0.006
0.006
0.006
0.006
0.006
0.006
0.006
0.006
0.006
0.006
0.006
0.007
0.006
0.006
0.006
0.006
0.006
0.006
0.007
0.006
0.008
0.007
0.006
0.006
0.006
0.006
0.006
0.007
0.006
0.006
0.005
0.006
0.006
0.006
0.007
0.212
0.008
0.008
0.019
0.007
0.007
0.007
0.007
0.006
0.213
0.008
0.008
0.007
0.007
0.007
0.007
0.007
0.011
0.007
0.006
0.006
0.006
0.007
0.007
0.007
0.006
0.006
0.006
0.007
0.210
0.008
0.007
0.007
0.007
0.006
0.007
0.007
0.007
0.008
0.007
0.007
0.007
0.008
0.007
0.007
0.007
0.007
0.006
0.006
0.006
0.006
0.006
0.006
0.006
0.006
0.006
0.006
0.006
0.006
0.006
0.006
0.006
0.006
0.006
0.006
0.007
0.006
0.006
0.006
0.006
0.006
0.006
0.006
0.006
0.006
0.006
0.006
0.006
0.006
0.006
0.006
0.006
0.007
0.006
0.006
0.006
0.006
0.006
0.006
0.006
0.006
0.006
0.208
0.008
0.007
0.007
0.007
0.007
0.007
0.006
0.006
0.006
0.006
0.006
0.006
0.007
0.006
0.006
0.006
0.006
0.007
0.006
0.006
0.006
0.006
0.007
0.006
0.006
0.006
0.006
0.006
0.006
0.006
0.006
0.006
0.006
0.006
0.006
0.006
0.006
0.006
0.006
0.006
0.006
0.006
0.006
0.006
0.305
0.008
0.007
0.007
0.007
0.008
0.008
0.008
0.007
0.007
0.008
0.008
0.007
0.007
0.007
0.006
0.006
0.006
0.006
0.006
0.006
0.007
0.006
0.006
0.006
0.006
0.006
0.006
0.006
0.006
0.006
0.007
0.006
0.006
0.006
0.006
0.006
0.006
0.006
0.006
0.006
0.006
0.006
0.006
0.006
0.006
0.006
0.006
0.006
0.006
0.006
0.006
0.007
0.006
0.006
0.006
0.006
0.006
0.006
0.873
0.007
0.007
0.887
0.006
0.007
0.793
0.007
0.007
0.687
0.007
0.006
0.006
0.006
0.677
0.008
0.007
0.008
0.008
0.007
0.007
0.007
0.006
0.007
0.006
0.006
0.006
0.006
0.006
0.006
0.006
0.006
0.006
0.006
0.006
0.006
0.006
0.006
0.007
0.007
0.007
0.008
0.007
0.008
0.007
0.007
0.006
0.007
0.006
0.007
0.007
0.006
0.006
0.006
0.007
0.006
0.006
0.006
0.006
0.006
0.006
0.006
0.006
0.006
0.006
0.006
0.006
0.215
0.008
0.008
0.007
0.007
0.007
0.007
0.007
0.007
0.006
0.006
0.006
0.006
0.006
0.007
0.006
0.007
0.007
0.007
0.007
0.006
0.006
0.006
0.006
0.006
0.006
0.006
0.006
0.006
0.006
0.006
0.006
0.006
0.006
0.006
0.006
0.007
0.006
0.006
0.006
0.006
0.006
0.006
0.006
0.006
0.006
0.006
0.006
0.006
0.006
0.007
0.006
0.007
0.006
0.006
0.007
0.006
0.006
0.006
0.220
0.008
0.008
0.006
0.006
0.006
0.006
0.006
0.006
0.006
0.006
0.006
0.006
0.006
0.006
0.006
0.006
0.006
0.006
0.006
0.006
0.006
0.006
0.006
0.007
0.007
0.006
0.006
0.006
0.006
0.006
0.006
0.010
0.006
0.006
0.006
0.006
0.006
0.007
0.007
0.006
0.006
0.006
0.006
0.008
0.006
0.006
0.006
0.006
0.006
0.005
0.006
0.006
0.006
0.006
0.007
0.006
0.006
0.006
0.006
0.327
0.007
0.007
0.006
0.006
0.006
0.006
0.006
0.006
0.006
0.006
0.006
0.006
0.006
0.006
0.006
0.006
0.006
0.011
0.006
0.006
0.006
0.006
0.006
0.007
0.006
0.006
0.006
0.006
0.006
0.006
0.006
0.006
0.006
0.007
0.006
0.006
0.006
0.006
0.006
0.006
0.006
0.006
0.006
0.006
0.007
0.007
0.006
0.006
0.006
0.006
0.007
0.006
0.006
0.005
0.006
0.006
0.007
0.006
0.006
0.221
0.006
0.007
0.008
0.006
0.006
0.006
0.006
0.007
0.007
0.006
0.007
0.006
0.111
0.007
0.008
0.007
0.007
0.007
0.006
0.007
0.007
0.007
0.007
0.006
0.006
0.007
0.006
0.006
0.006
0.005
0.005
0.006
0.007
0.006
0.006
0.007
0.006
0.006
0.006
0.006
0.007
0.006
0.006
0.006
0.007
0.007
0.006
0.006
0.006
0.006
0.006
0.006
0.006
0.007
0.006
0.006
0.006
0.006
0.006
0.006
0.006
0.006
0.006
0.006
0.006
0.007
0.006
0.006
0.006
0.007
0.006
0.006
0.006
0.208
0.008
0.008
0.007
0.007
0.007
0.007
0.006
0.006
0.006
0.006
0.006
0.006
0.006
0.006
0.006
0.006
0.006
0.006
0.006
0.006
0.007
0.006
0.007
0.006
0.006
0.006
0.006
0.006
0.006
0.006
0.006
0.006
0.006
0.006
0.007
0.007
0.006
0.007
0.006
0.006
0.006
0.006
0.006
0.007
0.006
0.006
0.006
0.006
0.006
0.006
0.006
0.006
0.006
0.006
0.006
0.006
0.006
0.006
0.006
0.006
0.006
0.006
0.006
0.011
0.006
0.007
0.006
0.006
0.006
0.006
0.006
0.007
0.006
0.006
0.006
0.007
0.006
0.006
0.007
0.006
0.006
0.006
0.006
0.219
0.007
0.008
0.007
0.007
0.007
0.008
0.007
0.007
0.008
0.007
0.007
0.007
0.113
0.007
0.008
0.007
0.007
0.007
0.007
0.006
0.006
0.006
0.007
0.006
0.006
0.006
0.006
0.006
0.006
0.006
0.007
0.006
0.006
0.006
0.006
0.006
0.006
0.006
0.006
0.007
0.006
0.006
0.006
0.100
0.008
0.007
0.007
0.007
0.006
0.006
0.005
0.006
0.006
0.006
0.006
0.006
0.006
0.007
0.006
0.006
0.006
0.006
0.006
0.006
0.006
0.006
0.006
0.006
0.007
0.006
0.006
0.006
0.006
0.006
0.006
0.006
0.006
0.006
0.006
0.006
0.006
0.006
0.006
0.006
0.006
0.108
0.008
0.007
0.007
0.007
0.007
0.007
0.008
0.007
0.007
0.007
0.006
0.006
0.006
0.006
0.007
0.007
0.006
0.006
0.006
0.006
0.098
0.008
0.007
0.007
0.007
0.007
0.008
0.007
0.007
0.006
0.006
0.006
0.006
0.005
0.006
0.006
0.006
0.006
0.006
0.006
0.006
0.006
0.006
0.006
0.099
0.008
0.007
0.007
0.007
0.008
0.008
0.007
0.007
0.097
0.008
0.007
0.007
0.007
0.008
0.007
0.007
0.007
0.106
0.008
0.007
0.007
0.007
0.006
0.006
0.006
0.006
0.006
0.006
0.006
0.006
0.006
0.006
0.006
0.006
0.006
0.006
0.006
0.006
0.007
0.006
0.006
0.006
0.006
0.006
0.006
0.006
0.006
0.006
0.006
0.006
0.006
0.012
0.006
0.006
0.006
0.006
0.006
0.006
0.006
0.006
0.006
0.006
0.007
0.006
0.006
0.119
0.008
0.007
0.007
0.006
0.007
0.007
0.006
0.006
0.006
0.115
0.008
0.007
0.007
0.007
0.007
0.007
0.007
0.006
0.006
0.006
0.007
0.007
0.006
0.006
0.006
0.006
0.006
0.006
0.006
0.006
0.006
0.006
0.006
0.006
0.006
0.006
0.006
0.006
0.006
0.007
0.006
0.006
0.006
0.006
0.006
0.006
0.006
0.006
0.006
0.006
0.007
0.006
0.006
0.006
0.007
0.006
0.006
0.005
0.006
0.006
0.006
0.006
0.006
0.006
0.006
0.006
0.006
0.006
0.214
0.008
0.012
0.007
0.007
0.007
0.007
0.006
0.006
0.006
0.106
0.007
0.006
0.006
0.006
0.006
0.006
0.006
0.006
0.006
0.006
0.006
0.006
0.007
0.007
0.007
0.007
0.007
0.011
0.006
0.006
0.006
0.006
0.006
0.006
0.006
0.006
0.006
0.006
0.006
0.007
0.006
0.006
0.006
0.007
0.006
0.007
0.006
0.112
0.008
0.008
0.007
0.007
0.008
0.007
0.007
0.006
0.006
0.006
0.007
0.006
0.006
0.007
0.006
0.103
0.008
0.007
0.008
0.008
0.007
0.006
0.007
0.007
0.007
0.006
0.007
0.006
0.007
0.006
0.006
0.007
0.006
0.006
0.006
0.006
0.007
0.006
0.006
0.006
0.006
0.006
0.006
0.007
0.006
0.006
0.006
0.006
0.116
0.007
0.007
0.006
0.006
0.006
0.006
0.006
0.006
0.007
0.006
0.006
0.006
0.007
0.006
0.007
0.006
0.007
0.007
0.220
0.007
0.007
0.007
0.007
0.007
0.007
0.007
0.007
0.006
0.006
0.006
0.006
0.006
0.006
0.006
0.006
0.006
0.006
0.006
0.006
0.006
0.006
0.006
0.006
0.006
0.006
0.006
0.006
0.006
0.006
0.006
0.006
0.006
0.007
0.006
0.006
0.006
0.005
0.006
0.006
0.006
0.006
0.006
0.006
0.006
0.006
0.006
0.006
0.006
0.006
0.006
0.006
0.006
0.006
0.006
0.006
0.006
0.006
0.006
0.006
0.111
0.008
0.007
0.007
0.007
0.007
0.007
0.007
0.121
0.008
0.007
0.008
0.007
0.007
0.007
0.007
0.007
0.006
0.006
0.006
0.006
0.006
0.006
0.006
0.006
0.006
0.006
0.006
0.006
0.006
0.006
0.006
0.007
0.006
0.006
0.006
0.006
0.006
0.006
0.006
0.006
0.006
0.006
0.006
0.006
0.007
0.006
0.007
0.006
0.006
0.006
0.019
0.006
0.006
0.006
0.006
0.006
0.006
0.007
0.006
0.007
0.006
0.006
0.006
0.106
0.008
0.007
0.007
0.007
0.007
0.007
0.007
0.007
0.106
0.008
0.007
0.008
0.007
0.007
0.007
0.007
0.007
0.007
0.007
0.007
0.007
0.007
0.006
0.006
0.006
0.006
0.006
0.006
0.006
0.006
0.006
0.006
0.006
0.006
0.007
0.006
0.006
0.006
0.006
0.006
0.006
0.007
0.006
0.006
0.006
0.006
0.006
0.006
0.007
0.300
0.008
0.008
0.008
0.008
0.007
0.007
0.007
0.007
0.006
0.006
0.006
0.007
0.006
0.007
0.006
0.006
0.006
0.006
0.006
0.006
0.006
0.006
0.006
0.006
0.006
0.006
0.006
0.006
0.006
0.007
0.006
0.006
0.006
0.006
0.007
0.006
0.007
0.006
0.006
0.006
0.007
0.007
0.006
0.006
0.006
0.006
0.006
0.006
0.006
0.005
0.006
0.006
0.006
0.006
0.006
0.006
0.006
0.006
0.006
0.007
0.006
0.911
0.006
0.006
0.006
0.006
0.006
0.006
0.006
0.876
0.007
0.007
0.007
0.007
0.007
0.007
0.006
0.006
0.006
0.007
0.007
0.006
0.006
0.006
0.006
0.006
0.007
0.006
0.006
0.006
0.006
0.347
0.007
0.008
0.007
0.008
0.007
0.006
0.007
0.006
0.006
0.006
0.006
0.006
0.006
0.006
0.006
0.007
0.006
0.007
0.007
0.006
0.006
0.006
0.006
0.006
0.006
0.006
0.006
0.006
0.006
0.006
0.006
0.006
0.006
0.006
0.006
0.006
0.006
0.006
0.006
0.006
0.006
0.006
0.006
0.006
0.007
0.006
0.006
0.006
0.006
0.006
0.006
0.009
0.006
0.006
0.006
0.006
0.006
0.006
0.304
0.008
0.008
0.007
0.007
0.007
0.007
0.006
0.006
0.006
0.007
0.006
0.006
0.006
0.006
0.006
0.006
0.006
0.007
0.006
0.006
0.006
0.006
0.006
0.006
0.006
0.006
0.006
0.006
0.006
0.006
0.006
0.007
0.006
0.006
0.006
0.006
0.006
0.006
0.006
0.006
0.006
0.007
0.835
0.007
0.007
0.007
0.007
0.007
0.007
0.006
0.006
0.006
0.006
0.007
0.007
0.006
0.006
0.006
0.006
0.006
0.006
0.006
0.006
0.006
0.006
0.006
0.006
0.006
0.006
0.007
0.007
0.006
0.006
0.006
0.006
0.007
0.006
0.006
0.006
0.006
0.006
0.006
0.006
0.006
0.006
0.006
0.006
0.006
0.006
0.006
0.006
0.006
0.323
0.007
0.007
0.007
0.007
0.007
0.006
0.006
0.006
0.006
0.006
0.006
0.006
0.006
0.006
0.006
0.006
0.006
0.006
0.006
0.006
0.006
0.006
0.006
0.006
0.007
0.006
0.006
0.006
0.006
0.006
0.006
0.006
0.006
0.007
0.006
0.006
0.006
0.006
0.007
0.006
0.006
0.006
0.006
0.006
0.006
0.006
0.006
0.006
0.006
0.006
0.006
0.006
0.006
0.006
0.006
0.006
0.006
0.006
0.006
0.006
0.007
0.006
0.007
0.006
0.006
0.007
0.006
0.006
0.006
0.006
0.007
0.006
0.006
0.110
0.008
0.007
0.007
0.007
0.007
0.006
0.006
0.006
0.006
0.006
0.110
0.008
0.007
0.008
0.007
0.007
0.007
0.007
0.007
0.007
0.006
0.006
0.006
0.006
0.006
0.006
0.006
0.006
0.006
0.006
0.006
0.007
0.006
0.006
0.006
0.006
0.006
0.007
0.006
0.007
0.006
0.007
0.006
0.006
0.006
0.006
0.006
0.006
0.006
0.006
0.006
0.006
0.006
0.006
0.006
0.006
0.006
0.006
0.006
0.006
0.006
0.006
0.007
0.006
0.006
0.006
0.006
0.006
0.006
0.006
0.006
0.006
0.007
0.007
0.006
0.117
0.008
0.008
0.007
0.006
0.007
0.007
0.007
0.006
0.006
0.116
0.008
0.007
0.007
0.007
0.007
0.006
0.006
0.006
0.006
0.006
0.009
0.006
0.006
0.006
0.006
0.006
0.006
0.006
0.006
0.006
0.006
0.006
0.006
0.006
0.007
0.006
0.006
0.006
0.006
0.006
0.006
0.006
0.006
0.006
0.007
0.006
0.007
0.006
0.006
0.006
0.006
0.007
0.006
0.006
0.007
0.006
0.006
0.006
0.007
0.006
0.006
0.006
0.006
0.006
0.006
0.108
0.008
0.008
0.007
0.007
0.007
0.006
0.006
0.006
0.006
0.006
0.006
0.006
0.006
0.006
0.006
0.006
0.006
0.006
0.006
0.006
0.006
0.006
0.006
0.006
0.006
0.006
0.006
0.006
0.006
0.006
0.006
0.006
0.007
0.006
0.006
0.006
0.006
0.006
0.006
0.006
0.006
0.007
0.006
0.006
0.006
0.006
0.006
0.006
0.006
0.006
0.006
0.006
0.006
0.006
0.006
0.006
0.006
0.006
0.006
0.006
0.006
0.006
0.006
0.006
0.006
0.006
0.006
0.006
0.006
0.107
0.008
0.007
0.007
0.008
0.007
0.007
0.007
0.006
0.006
0.098
0.008
0.008
0.007
0.007
0.006
0.007
0.006
0.007
0.007
0.007
0.006
0.006
0.006
0.007
0.006
0.006
0.006
0.008
0.006
0.006
0.014
0.006
0.006
0.006
0.006
0.006
0.007
0.006
0.007
0.006
0.006
0.006
0.006
0.006
0.213
0.012
0.006
0.007
0.007
0.007
0.006
0.006
0.007
0.006
0.023
0.007
0.007
0.007
0.006
0.006
0.006
0.006
0.006
0.006
0.006
0.006
0.113
0.006
0.007
0.006
0.007
0.006
0.007
0.006
0.006
0.007
0.006
0.006
0.006
0.007
0.007
0.006
0.006
0.006
0.006
0.006
0.006
0.006
0.006
0.006
0.006
0.006
0.006
0.005
0.006
0.006
0.006
0.006
0.016
0.006
0.006
0.006
0.006
0.006
0.006
0.006
0.006
0.006
0.006
0.006
0.006
0.006
0.006
0.006
0.006
0.006
0.006
0.006
0.006
0.006
0.007
0.007
0.007
0.007
0.212
0.008
0.008
0.007
0.006
0.006
0.006
0.006
0.007
0.007
0.006
0.006
0.006
0.007
0.006
0.006
0.006
0.006
0.006
0.007
0.007
0.006
0.006
0.006
0.006
0.006
0.007
0.006
0.005
0.006
0.005
0.006
0.006
0.100
0.007
0.006
0.006
0.006
0.005
0.006
0.006
0.006
0.005
0.006
0.006
0.006
0.006
0.006
0.006
0.006
0.006
0.006
0.006
0.006
0.006
0.006
0.006
0.006
0.006
0.006
0.006
0.106
0.008
0.007
0.007
0.007
0.007
0.007
0.006
0.006
0.006
0.006
0.006
0.006
0.006
0.006
0.006
0.006
0.006
0.006
0.006
0.006
0.006
0.006
0.006
0.006
0.006
0.006
0.006
0.007
0.006
0.006
0.006
0.006
0.006
0.006
0.006
0.006
0.006
0.006
0.006
0.006
0.006
0.006
0.007
0.006
0.006
0.006
0.007
0.006
0.006
0.006
0.006
0.006
0.006
0.007
0.006
0.006
0.006
0.006
0.007
0.119
0.007
0.006
0.007
0.006
0.006
0.006
0.006
0.006
0.006
0.006
0.006
0.006
0.006
0.104
0.007
0.007
0.007
0.007
0.007
0.007
0.008
0.007
0.008
0.007
0.007
0.006
0.007
0.006
0.006
0.006
0.006
0.007
0.006
0.006
0.006
0.006
0.008
0.006
0.006
0.006
0.006
0.007
0.006
0.006
0.006
0.007
0.006
0.007
0.007
0.105
0.008
0.006
0.007
0.006
0.007
0.007
0.007
0.007
0.006
0.007
0.007
0.007
0.006
0.006
0.006
0.006
0.006
0.006
0.006
0.006
0.006
0.006
0.006
0.006
0.006
0.006
0.006
0.006
0.005
0.006
0.006
0.006
0.006
0.006
0.006
0.005
0.006
0.006
0.006
0.006
0.005
0.006
0.006
0.016
0.006
0.007
0.006
0.006
0.006
0.006
0.006
0.007
0.007
0.007
0.007
0.302
0.008
0.007
0.007
0.006
0.006
0.006
0.006
0.006
0.006
0.006
0.006
0.006
0.006
0.006
0.006
0.006
0.006
0.007
0.006
0.006
0.006
0.005
0.006
0.006
0.007
0.006
0.007
0.006
0.007
0.006
0.007
0.006
0.006
0.006
0.006
0.006
0.006
0.006
0.006
0.006
0.006
0.006
0.006
0.006
0.006
0.006
0.006
0.006
0.006
0.006
0.006
0.006
0.006
0.006
0.006
0.007
0.006
0.006
0.006
0.006
0.006
0.006
0.006
0.006
0.006
0.007
0.006
0.006
0.006
0.006
0.006
0.006
0.006
0.006
0.006
0.006
0.110
0.007
0.007
0.007
0.006
0.007
0.006
0.006
0.007
0.006
0.112
0.007
0.007
0.007
0.007
0.007
0.007
0.007
0.007
0.006
0.006
0.006
0.006
0.006
0.006
0.006
0.006
0.006
0.006
0.006
0.006
0.006
0.006
0.006
0.006
0.006
0.006
0.006
0.006
0.006
0.006
0.007
0.007
0.006
0.007
0.006
0.006
0.007
0.007
0.007
0.008
0.006
0.006
0.006
0.006
0.006
0.006
0.006
0.006
0.006
0.006
0.006
0.006
0.006
0.006
0.006
0.006
0.006
0.007
0.006
0.006
0.006
0.115
0.008
0.007
0.007
0.007
0.008
0.007
0.007
0.007
0.103
0.008
0.007
0.007
0.007
0.006
0.006
0.006
0.006
0.006
0.007
0.006
0.006
0.006
0.006
0.006
0.006
0.007
0.007
0.007
0.008
0.006
0.006
0.006
0.006
0.006
0.006
0.006
0.006
0.006
0.006
0.006
0.006
0.006
0.006
0.006
0.006
0.006
0.006
0.006
0.006
0.006
0.006
0.908
0.006
0.006
0.006
0.006
0.006
0.006
0.886
0.007
0.008
0.007
0.007
0.007
0.007
0.007
0.007
0.006
0.006
0.007
0.006
0.006
0.006
0.006
0.006
0.005
0.006
0.007
0.006
0.006
0.006
0.006
0.006
0.006
0.006
0.007
0.006
0.006
0.006
0.006
0.006
0.006
0.006
0.006
0.007
0.007
0.006
0.006
0.006
0.006
0.006
0.006
0.006
0.006
0.006
0.006
0.006
0.006
0.006
0.006
0.006
0.007
0.006
0.116
0.008
0.007
0.007
0.006
0.007
0.006
0.008
0.006
0.006
0.006
0.006
0.007
0.007
0.007
0.007
0.007
0.006
0.006
0.006
0.006
0.006
0.006
0.006
0.007
0.007
0.006
0.006
0.006
0.006
0.007
0.007
0.006
0.006
0.113
0.008
0.007
0.006
0.007
0.007
0.006
0.006
0.006
