12
6
58
6
7
12
18
44
40
14
8
6
54
98
50
5
6
7
19
27
34
49
49
38
17
14
182
91
159
47
96
14
12
18
14
19
66
68
82
34
50
109
28
28
23
31
26
26
33
48
54
112
111
105
97
102
61
48
40
34
44
62
58
73
112
99
105
41
145
96
101
115
107
113
86
69
54
44
174
28
36
31
90
81
81
122
157
172
120
191
120
138
160
71
45
118
50
52
79
42
60
50
45
53
123
65
86
87
91
92
99
130
76
194
150
179
146
140
128
171
130
70
54
157
61
53
108
97
99
100
89
101
93
126
101
101
47
49
68
119
119
164
176
177
192
183
194
199
176
224
135
145
61
97
86
62
64
44
56
59
47
49
49
117
97
96
117
124
144
195
188
188
193
214
152
133
123
183
184
75
123
257
211
87
46
82
49
58
60
128
71
72
75
165
116
86
69
117
80
109
68
85
54
183
72
89
157
73
62
72
71
138
116
162
91
79
72
83
97
84
88
82
118
163
90
98
85
104
85
122
86
221
80
81
89
80
86
219
170
91
75
70
85
126
132
90
120
223
112
103
124
125
280
158
129
125
125
126
180
234
129
129
167
242
136
102
158
113
90
91
215
94
97
81
58
93
161
83
73
79
93
84
76
81
205
127
99
100
157
102
115
184
149
103
111
176
398
142
127
141
137
192
103
118
106
103
112
101
119
87
113
108
74
93
112
224
281
81
123
84
208
195
66
127
89
111
89
87
94
154
104
153
228
110
109
150
167
146
216
205
166
187
106
136
109
77
82
153
77
73
74
204
219
75
224
108
92
87
131
59
73
66
129
114
72
117
74
233
80
113
81
86
125
113
108
79
152
103
79
167
203
89
73
82
88
107
141
168
195
129
122
142
114
255
137
186
162
151
138
191
158
149
242
232
162
148
202
212
169
160
130
162
268
164
279
164
226
163
135
165
203
194
175
180
306
278
178
289
189
322
234
214
254
154
112
141
273
200
177
355
206
136
152
92
171
135
169
182
224
110
210
302
414
85
416
146
125
95
114
205
299
412
197
103
177
102
136
239
253
262
127
100
259
268
208
147
95
148
107
94
69
92
96
89
84
75
90
143
89
77
92
119
272
42
39
62
70
341
106
351
98
107
137
262
224
72
172
94
78
276
254
219
107
72
63
68
215
110
244
138
194
89
85
91
154
80
169
126
165
75
164
124
99
218
88
249
310
252
136
85
98
89
102
208
76
75
83
80
79
81
197
87
153
85
97
134
179
202
150
261
115
277
156
106
102
102
203
274
111
120
182
165
90
197
95
218
126
123
139
171
146
131
146
261
117
273
154
150
174
155
308
131
207
92
88
145
201
330
148
141
128
146
121
135
262
156
95
161
117
285
156
311
199
342
124
277
231
252
116
164
326
154
331
74
98
146
84
171
111
97
262
94
105
166
278
229
117
274
162
124
353
193
129
78
95
126
101
249
170
171
96
175
128
127
122
136
121
299
199
278
104
138
242
106
130
147
160
134
117
160
309
127
244
141
190
244
168
156
154
267
167
176
171
179
420
391
224
409
173
226
161
159
199
338
309
196
249
331
282
130
166
176
205
158
220
246
137
87
319
321
188
204
226
134
138
150
274
168
319
164
159
236
165
244
180
191
211
235
149
113
180
151
132
127
171
120
307
109
136
262
342
125
153
122
158
155
300
136
147
308
165
142
259
138
146
160
260
241
326
327
194
248
293
199
293
277
255
257
258
229
289
200
227
225
205
199
353
144
215
375
173
132
296
289
218
82
132
179
283
192
105
169
81
213
111
91
133
107
111
107
109
100
154
115
124
100
101
192
280
115
193
123
111
116
131
185
153
223
264
196
117
125
202
178
262
235
187
135
171
166
186
158
172
283
144
136
200
185
316
294
214
261
170
178
258
227
178
223
310
133
182
193
233
348
148
152
209
169
153
134
287
297
295
138
157
159
196
271
166
168
183
244
250
169
189
185
219
174
225
250
258
200
198
436
188
174
229
260
181
199
299
312
177
175
194
163
411
478
226
307
160
230
159
157
159
295
170
142
396
122
172
162
140
165
152
267
202
366
147
318
310
135
136
139
160
189
140
128
444
146
147
179
252
270
118
119
216
123
127
155
216
121
170
234
130
146
269
114
129
194
385
401
130
198
168
184
292
122
205
114
116
259
119
211
351
325
124
136
112
102
145
162
304
191
272
125
242
144
182
178
295
316
135
134
174
316
339
132
265
148
256
199
201
242
331
157
284
322
260
175
151
161
184
297
188
188
342
289
258
224
176
196
241
250
239
239
285
178
245
423
312
215
231
227
374
252
261
432
152
153
235
208
401
289
234
155
153
165
199
124
237
345
170
184
157
373
163
370
217
154
171
364
208
487
137
309
230
220
239
159
351
196
139
130
150
159
502
417
145
232
352
228
164
2984
222
293
4016
1322
292
1728
4148
1933
426
455
488
251
2909
203
224
257
194
178
186
152
221
152
2285
4139
450
168
146
138
143
470
137
546
508
148
445
487
159
269
400
154
165
181
268
293
217
412
167
392
119
119
118
523
346
184
237
405
233
298
204
188
271
231
437
173
181
198
354
428
487
150
157
178
155
137
155
449
175
110
228
374
388
225
249
176
143
156
136
133
129
110
120
128
123
130
221
135
385
148
402
183
180
494
456
417
429
487
189
183
406
432
284
477
206
412
261
274
233
233
348
343
440
466
258
230
470
176
379
187
215
238
206
181
191
212
271
331
321
193
202
197
207
369
214
242
422
545
459
471
227
228
515
232
192
151
172
179
189
429
311
270
167
178
432
280
533
532
290
189
223
306
469
203
194
443
205
186
202
199
215
635
441
594
437
253
442
666
175
186
268
215
264
359
457
489
491
199
207
145
239
266
182
203
210
149
165
179
148
518
380
241
383
349
381
317
291
178
513
307
264
426
599
568
371
486
564
718
255
400
245
232
229
214
251
245
369
505
270
314
215
235
264
264
585
399
665
354
300
567
231
281
193
212
186
217
190
219
478
142
153
248
561
548
256
143
216
186
200
293
174
165
250
381
400
214
585
128
493
194
146
146
118
240
249
320
132
334
124
119
407
617
155
365
234
569
512
562
423
485
668
182
405
574
541
383
200
287
432
235
269
383
207
178
359
151
260
485
176
277
287
621
340
309
144
169
205
166
198
149
129
177
300
352
220
211
174
158
150
342
167
338
182
168
233
289
195
213
646
372
214
201
272
230
620
214
190
697
229
617
193
188
208
373
206
251
322
229
378
368
264
777
442
216
248
273
209
237
428
423
271
282
459
317
152
257
197
141
167
306
240
276
273
319
246
183
295
242
331
475
233
244
413
242
302
622
421
228
288
196
427
236
615
296
340
291
674
684
381
238
174
224
215
195
174
169
221
216
257
183
311
376
196
143
266
324
477
476
530
507
219
296
472
264
208
322
279
160
170
184
533
516
290
528
526
235
163
326
179
158
191
285
173
466
277
522
582
294
142
165
175
438
281
255
152
165
233
731
581
197
209
167
175
256
255
387
136
200
170
260
456
155
561
545
187
167
559
680
247
237
505
598
492
600
259
292
141
130
484
571
437
177
186
224
407
265
259
329
162
389
104
82
80
146
196
114
232
460
152
215
186
214
172
230
153
197
482
102
127
127
127
415
531
455
385
194
370
180
150
144
153
135
508
125
130
140
515
223
451
487
572
504
155
179
213
323
290
291
381
130
144
152
164
138
172
440
226
392
87
129
195
97
242
178
178
97
124
187
115
122
188
204
185
175
158
168
252
225
386
400
350
148
143
143
170
177
511
133
192
373
153
214
234
154
211
215
205
166
452
490
208
554
386
434
252
232
242
266
584
646
445
257
444
219
229
310
287
294
313
273
603
243
202
275
442
443
317
176
349
296
374
456
477
479
593
611
497
241
265
320
485
199
248
195
237
602
337
212
136
198
199
198
177
153
203
317
540
575
492
151
526
679
677
374
312
201
493
394
156
171
186
195
218
420
224
187
229
208
187
403
414
246
511
210
98
105
511
137
151
160
170
148
148
431
379
377
137
467
220
257
517
230
521
596
160
142
176
165
146
145
302
135
307
180
158
403
216
112
158
151
144
142
135
144
146
134
117
131
265
332
165
184
308
155
128
119
123
174
158
137
314
139
508
354
383
275
526
193
532
128
160
171
179
539
412
438
383
119
134
284
314
361
406
446
177
263
139
224
220
202
293
153
259
151
146
395
357
194
392
179
202
511
195
168
229
303
393
160
166
180
163
222
211
139
405
471
257
470
506
405
479
139
140
247
165
166
283
308
492
236
117
170
119
131
503
143
145
155
333
305
222
215
364
317
166
162
424
385
286
328
617
273
345
197
170
152
257
280
394
177
167
223
293
262
274
478
175
186
177
93
106
119
135
161
174
183
266
305
318
359
109
291
298
289
297
380
476
256
374
240
126
373
370
315
170
330
337
344
268
307
251
276
182
217
195
170
176
154
166
405
169
208
176
382
281
297
117
126
139
170
207
215
97
140
295
257
161
260
183
174
161
150
156
136
89
155
166
144
241
247
375
376
251
131
319
231
383
156
221
373
184
127
340
154
240
160
184
135
97
162
184
194
160
267
117
144
154
149
178
152
174
112
277
190
315
254
146
314
317
135
165
132
184
333
95
120
375
339
113
332
84
84
121
88
85
153
438
165
301
209
377
264
205
175
423
268
427
100
112
105
102
177
164
164
164
187
189
199
290
283
121
308
194
203
197
165
159
3038
3603
3732
187
211
330
4260
1152
4941
182
212
219
3830
5495
1063
5282
887
4049
219
236
252
266
320
233
227
310
197
207
253
268
227
227
528
121
129
139
278
202
200
209
191
210
155
246
5294
491
5515
1648
1655
5484
1680
146
206
5189
509
1071
238
191
347
257
497
194
5606
486
917
510
214
290
555
436
581
493
604
315
285
205
591
381
399
330
5752
342
209
210
264
272
245
243
539
312
722
307
306
1421
1156
369
669
5842
788
701
745
6200
695
216
230
242
263
273
849
2035
358
449
427
670
583
329
329
343
352
406
416
451
2994
232
233
580
236
406
342
310
330
649
325
407
387
383
575
659
622
622
644
641
659
640
292
691
646
715
754
662
377
292
319
296
310
295
295
510
356
584
651
270
269
261
299
311
324
332
492
504
764
476
434
720
430
402
256
272
292
350
372
336
227
255
264
215
224
234
249
270
281
299
664
333
731
592
397
260
300
600
306
290
324
333
695
720
737
557
275
292
291
313
353
384
470
437
254
264
261
311
325
771
823
772
805
372
256
289
328
266
773
285
285
766
303
333
332
330
350
359
413
795
447
527
515
730
254
765
359
399
738
425
805
286
251
470
392
257
330
220
217
281
386
639
619
383
366
405
204
225
187
227
200
240
308
745
400
226
717
400
390
440
433
404
358
368
304
478
416
424
420
397
449
397
397
1202
285
330
229
257
564
512
642
618
361
609
248
257
316
314
546
1223
220
263
298
282
310
326
488
1241
265
322
381
1374
1373
263
1202
353
658
230
238
256
1379
380
240
249
1254
277
198
214
185
384
359
182
201
1467
1524
287
426
726
324
282
551
539
530
376
488
642
620
619
1380
667
384
392
703
240
247
272
1498
286
831
417
653
640
707
851
605
1527
307
366
409
1090
1259
430
1652
305
402
619
395
665
1269
274
272
295
380
309
460
288
640
257
237
278
298
306
316
325
1621
444
451
511
612
787
483
676
240
265
263
282
373
1051
340
975
673
1134
261
1805
841
324
287
345
442
425
690
451
1018
1047
741
713
294
313
320
340
1289
764
451
1152
450
302
291
1164
568
1145
1604
407
2085
355
473
383
1151
1155
702
718
367
2036
2010
2111
1718
310
332
364
358
379
365
360
444
941
312
343
342
339
286
365
729
520
728
763
241
241
274
282
290
314
330
338
248
260
302
337
433
339
853
712
560
710
720
505
443
950
1027
303
318
369
624
707
706
698
816
708
346
307
313
328
640
401
409
362
285
290
303
364
419
426
404
647
630
320
779
610
242
311
282
339
348
355
572
609
476
469
477
496
801
749
646
262
295
300
306
311
316
330
391
463
919
948
938
288
301
308
366
522
889
895
529
428
336
207
214
233
233
851
859
389
360
426
421
733
365
674
204
184
685
186
197
214
718
240
309
721
308
306
303
285
405
289
737
748
858
593
450
462
324
359
366
956
786
606
897
519
698
330
612
619
672
871
569
875
680
413
410
404
386
400
434
390
419
441
221
230
255
267
408
989
398
303
324
360
362
369
380
400
408
464
481
500
484
545
684
1025
732
1073
634
633
708
764
632
702
621
623
389
733
1188
284
296
312
312
319
1201
433
428
773
768
781
359
760
1195
1181
679
716
1195
378
1156
476
483
490
544
792
801
605
621
748
713
372
700
818
412
608
693
427
417
676
392
447
1140
438
431
640
635
1303
1158
754
276
275
287
300
298
328
317
444
438
456
830
714
783
1171
1290
1073
713
486
494
325
346
347
483
468
467
402
489
1302
854
1055
385
287
288
287
309
308
309
328
342
344
361
360
395
394
390
429
426
418
446
584
591
621
346
346
270
288
311
335
343
352
360
590
701
607
600
397
402
261
307
319
360
397
418
307
411
372
362
523
427
407
433
402
352
353
541
371
545
894
553
566
607
902
273
281
302
707
313
338
354
321
389
754
458
466
677
419
425
225
225
255
263
271
279
288
314
342
312
321
391
451
749
558
495
452
452
504
467
507
415
345
377
275
835
616
616
631
621
382
281
293
300
695
773
719
789
898
928
787
881
618
421
745
673
833
332
328
323
324
848
310
327
344
293
291
291
834
384
308
331
338
363
230
240
278
286
327
335
692
444
439
793
779
780
813
814
489
455
469
498
472
765
541
401
314
323
323
503
503
479
478
637
978
984
494
325
331
358
366
379
378
389
426
921
1098
1015
1021
468
696
518
334
415
819
740
568
383
388
401
197
213
221
229
280
389
498
955
945
954
538
391
284
485
803
803
497
299
307
907
271
446
420
777
422
222
233
765
440
635
594
711
920
938
703
797
352
719
727
734
471
567
749
479
677
235
258
280
627
731
301
294
290
345
680
415
259
252
212
490
239
220
651
194
229
256
236
255
266
316
361
326
700
735
645
824
821
662
653
255
293
347
428
626
672
791
797
452
582
579
588
543
543
444
341
284
293
309
556
449
445
451
292
311
326
335
376
350
372
896
319
337
394
330
681
791
812
889
331
337
350
365
429
867
680
827
756
687
707
649
421
436
452
1037
966
221
259
267
268
267
292
301
313
321
336
349
357
394
378
386
395
408
421
430
458
482
655
184
199
471
481
496
505
480
259
276
277
370
327
475
445
567
354
362
368
429
876
501
680
795
844
375
296
366
643
662
746
794
650
316
325
337
345
1126
1140
1127
424
443
523
523
1031
848
829
686
1036
951
979
1196
518
1194
1049
1215
1253
1260
1201
890
432
439
464
455
481
492
862
493
503
498
511
422
413
423
432
468
444
502
517
557
577
427
419
632
675
573
478
472
473
473
1098
605
605
663
762
324
338
857
661
657
659
817
264
333
345
355
366
380
395
403
512
417
592
448
448
456
1173
1221
1008
696
818
1074
1200
547
884
553
564
1220
1201
1054
354
402
475
898
1270
1127
593
1049
1145
607
1360
610
621
976
1106
1123
1253
220
310
325
335
379
380
618
627
765
620
628
661
1377
441
476
870
753
753
753
758
993
691
541
1418
1167
1166
1176
1183
1149
368
544
488
312
319
328
335
345
519
698
669
638
672
694
659
355
362
370
324
336
358
643
808
855
676
838
849
768
783
751
750
705
887
754
1509
495
458
476
498
453
467
495
836
550
680
409
408
418
424
437
448
457
1679
465
621
617
628
402
968
761
335
358
353
392
401
397
374
498
481
503
566
542
507
507
274
327
343
351
365
378
388
396
545
1173
703
723
736
316
604
339
312
713
650
725
733
722
649
649
435
453
1065
310
320
1121
1322
537
366
699
1138
1303
714
713
849
905
887
747
403
374
902
1197
1303
1011
498
934
363
488
890
796
950
965
423
856
497
503
874
872
328
337
352
365
373
381
403
303
314
321
543
544
524
290
313
320
353
446
476
1013
313
331
340
352
1155
1142
1157
1027
1038
1038
1049
1004
594
1046
1010
743
665
666
754
676
297
308
367
377
456
1131
663
622
667
602
592
600
611
839
467
566
519
398
391
592
592
861
911
403
463
919
930
936
929
968
1039
647
922
963
606
615
1069
678
621
646
651
490
480
489
496
413
413
944
926
387
487
496
965
322
384
357
388
361
362
395
395
371
395
377
379
353
326
1034
1034
1114
910
1057
1084
1140
232
260
256
257
282
296
308
316
426
360
333
373
393
402
424
435
517
1251
1024
688
723
731
716
639
603
595
587
331
314
344
293
329
353
1220
1104
1232
778
787
1115
330
372
403
1131
601
435
466
1018
796
789
824
802
299
297
295
710
704
841
482
767
949
1379
883
1366
962
552
479
448
467
539
575
545
369
367
383
517
631
557
558
443
498
447
581
492
551
779
1477
943
451
811
864
481
403
576
465
391
408
453
466
475
848
1152
1475
875
610
482
475
383
889
452
420
393
405
406
437
454
449
513
1380
1705
1196
1189
1697
1517
527
496
1650
652
813
1777
838
1268
1032
628
823
1111
848
1214
690
691
691
298
308
319
521
539
598
613
614
806
421
443
485
577
471
449
462
505
505
482
509
528
549
602
601
601
593
626
636
675
663
695
676
707
691
719
678
387
309
255
870
848
1120
327
874
1104
478
497
358
499
1126
547
1146
981
554
492
659
705
714
614
456
491
552
688
1055
1043
1037
879
742
701
794
757
750
552
1108
1201
649
507
703
1073
1290
499
703
391
397
597
519
538
761
690
866
1122
619
780
1053
762
473
469
495
466
474
472
938
655
533
532
1093
1299
628
383
412
431
439
448
462
487
494
502
512
511
529
905
849
573
1110
566
752
572
690
898
1271
941
952
620
462
445
459
453
466
472
612
552
536
502
525
462
470
478
488
458
469
476
527
457
469
502
484
407
442
440
452
462
494
427
436
378
333
339
370
376
386
385
425
428
430
431
420
484
464
463
461
480
479
749
306
313
320
327
334
352
438
490
843
802
808
636
646
656
583
595
371
453
454
300
320
320
462
533
560
531
474
475
463
464
346
363
574
481
739
495
546
595
755
564
756
619
951
603
599
624
603
528
411
1096
924
1030
1127
980
1083
852
1144
544
1151
551
1109
1078
857
432
430
587
625
632
633
633
642
1137
916
294
301
316
323
353
364
376
408
420
466
481
487
979
752
762
1035
399
465
513
1119
1163
970
346
1099
944
1172
1106
1170
459
479
676
394
610
417
705
453
404
469
710
411
432
430
841
869
838
920
620
1156
959
953
1149
804
1166
944
921
971
965
653
426
421
418
417
431
442
456
516
523
621
1040
1253
990
991
625
632
408
422
438
463
472
482
579
674
902
909
923
665
439
435
395
456
479
486
508
588
740
1028
726
724
647
728
734
742
652
660
655
658
635
1113
1112
1124
1065
1143
1154
1102
1147
809
1113
1135
1143
410
596
620
588
427
386
394
403
420
441
450
724
620
554
928
884
893
855
906
952
427
470
492
525
1078
1070
1094
905
431
463
1120
1126
1075
519
401
399
355
1449
1157
547
650
566
586
565
1476
1228
1381
1438
1188
1196
1268
1462
1251
1226
420
420
420
420
415
928
511
1150
1021
487
495
1634
515
514
525
537
620
812
1349
1206
1218
1216
835
339
331
295
295
368
402
381
437
437
431
428
414
1016
582
1045
513
524
594
595
593
593
593
598
592
584
586
585
576
577
393
978
993
1009
996
1021
1021
789
409
1003
867
535
572
413
1179
1204
1222
1208
1013
1109
1090
1201
1202
1230
529
550
669
701
1227
1054
1254
1285
1182
1097
653
865
862
420
343
354
366
356
386
385
386
441
435
444
475
475
475
490
498
521
520
1174
949
918
952
1063
566
617
585
595
581
576
577
996
1016
1081
700
381
548
547
542
404
405
418
440
449
462
721
1148
657
1270
667
584
1295
543
1383
639
1172
759
756
499
490
488
506
1246
478
467
474
564
1172
679
584
563
574
542
544
544
534
514
516
529
509
594
1219
1574
1123
713
951
563
551
559
550
613
624
553
541
540
559
560
559
624
670
1344
1228
1123
902
627
879
805
841
853
855
643
375
384
391
400
409
449
458
494
502
539
540
548
567
578
585
616
642
649
656
672
680
720
368
375
444
944
442
630
886
545
596
703
498
613
592
618
619
805
683
815
601
816
733
839
868
723
749
856
735
728
438
445
484
501
516
535
541
547
558
429
435
444
491
1266
1276
1264
1281
1090
1277
1266
1100
1036
664
692
673
724
725
332
339
356
440
428
427
468
475
487
498
506
938
690
696
553
1057
629
647
261
404
405
501
611
1154
611
311
885
881
886
1081
1157
639
334
575
545
567
735
784
373
566
896
590
888
896
1287
893
961
910
613
816
790
832
747
605
453
593
889
868
883
246
900
356
356
352
352
337
347
344
445
426
408
477
474
474
475
504
503
305
306
334
330
332
330
525
1411
1333
452
464
475
634
609
439
398
411
639
641
643
1499
1568
307
333
346
326
349
363
370
389
395
669
729
664
729
1112
377
418
451
468
786
801
712
1631
1132
1623
805
1092
1743
628
671
720
715
1566
817
801
722
731
614
621
947
964
1237
859
1728
1184
711
1727
932
1242
1408
483
481
1524
1236
932
922
935
942
1487
1545
456
484
479
517
546
591
1568
1456
692
1512
720
1445
1544
1423
944
1160
959
391
465
515
683
696
1234
1232
1220
1249
943
1222
616
689
697
418
452
428
598
1542
659
672
1585
1542
1051
1581
1589
434
391
393
446
429
445
429
474
450
550
698
705
985
1447
1459
1099
922
343
354
391
545
505
412
411
410
637
648
648
886
1189
1212
654
684
1790
938
1218
381
406
414
421
436
1738
1238
1152
1562
669
677
1266
423
1160
1139
1139
1105
640
650
619
1125
623
623
1180
627
1120
601
1181
1115
815
651
635
684
448
497
499
531
531
529
536
552
392
424
432
415
412
501
515
667
669
1140
672
687
1008
1015
1045
1171
1147
1209
1171
1162
386
474
484
489
617
707
621
887
888
936
1191
1431
1332
1209
696
517
413
455
471
481
495
507
514
526
534
555
664
1438
1516
774
1434
1329
1439
791
801
1279
1287
1482
1234
1340
1374
1323
1599
1627
1338
1313
1322
666
575
622
648
674
728
1078
1043
1081
1024
829
477
528
565
581
589
600
609
621
645
653
661
669
676
685
1022
1018
494
507
507
485
503
502
500
535
548
557
663
721
779
1163
1164
832
866
648
647
699
706
476
489
559
595
633
1234
1229
1099
677
382
470
480
489
498
510
607
1105
1101
1097
1106
1102
1103
1132
1008
402
409
420
430
444
458
466
473
486
514
613
829
1025
1056
420
455
477
488
1090
561
513
526
739
588
1423
1403
1414
743
742
1354
1120
507
576
567
567
565
564
562
562
654
661
670
676
684
787
443
452
472
482
490
531
539
547
566
583
595
609
605
612
715
1309
1271
1431
1303
1314
1042
1227
1198
1278
1212
837
844
759
759
736
737
773
773
405
445
452
458
513
514
524
531
538
546
556
562
569
635
696
1018
923
930
941
936
950
1247
849
856
409
507
1202
613
640
806
1515
1037
653
1018
1258
496
531
1536
1109
1116
881
1599
1292
1252
1277
1281
1099
1077
1084
1100
490
499
1660
1578
986
1862
1060
1758
1615
577
504
517
519
523
537
543
549
558
564
477
482
510
516
796
795
711
706
724
723
724
807
1234
1151
527
1053
1167
1269
1054
1185
1201
1172
1634
1084
561
564
560
568
583
528
535
1644
1631
1257
1519
1657
1670
1828
722
639
766
640
720
658
643
1352
639
1295
456
455
455
451
532
511
488
525
504
678
1372
1024
786
793
849
867
851
862
873
887
930
930
922
357
357
397
479
487
504
512
519
526
1139
1117
755
1148
882
1136
1148
906
641
688
1623
831
747
714
555
412
470
424
635
652
635
647
601
606
1109
1214
1114
1691
1277
1260
1591
1595
777
1283
780
538
548
555
562
569
581
591
598
1238
1164
1357
650
671
979
1746
1922
1970
1733
1765
1972
995
916
1776
1315
1253
1150
631
638
650
663
663
709
705
745
729
1199
649
545
553
560
566
573
676
676
693
1374
1232
857
394
410
419
558
567
575
627
645
641
812
782
646
694
913
938
911
908
768
471
695
521
508
528
482
483
498
501
510
1027
1248
1846
1806
1043
1276
1240
1205
927
1205
1090
809
1059
1074
665
534
533
542
520
520
701
660
573
572
1162
1288
1329
1163
934
1167
962
1167
1179
1312
1336
1335
1342
515
517
515
570
1695
806
683
1926
907
821
1473
1479
1334
837
1487
1494
539
636
532
640
611
757
755
671
923
866
466
476
642
1351
1358
1351
756
637
635
805
753
1565
745
1566
814
774
798
817
342
375
381
392
403
434
480
458
466
481
502
510
522
531
616
1626
848
840
842
691
1039
1046
1727
1410
1586
1277
1076
1085
1087
1099
1096
1104
938
1096
1109
763
754
763
881
1116
540
477
507
520
548
533
581
583
661
605
602
603
744
1721
1759
1693
840
840
1563
1042
1730
1638
1807
1705
924
753
738
756
947
959
965
679
1468
1829
1468
1735
1507
1841
1807
1719
1958
1774
1780
1981
1186
851
848
582
638
659
671
537
570
1564
548
674
624
615
1808
372
451
443
483
469
511
539
1143
1580
1324
829
837
1251
1247
1239
1236
1224
1275
1272
1269
1270
777
845
851
679
428
428
425
447
456
464
479
490
498
507
527
1084
1009
1290
887
1290
910
693
497
1276
802
651
698
694
702
555
533
511
533
544
1180
705
886
1593
1585
903
1031
1246
1419
1584
1222
1219
1038
1507
437
443
526
488
496
520
527
533
550
556
567
582
649
1345
1355
1287
661
651
490
509
525
520
535
545
550
582
638
664
1375
559
504
513
534
637
622
724
1119
1208
1156
1156
1067
1093
756
714
761
1127
1158
381
466
489
497
509
517
524
531
556
608
616
628
636
645
662
670
683
682
694
759
392
433
403
448
448
458
468
474
489
637
752
1433
1566
1578
1159
1315
1306
1352
1327
1519
1533
1101
1273
1298
820
864
839
836
903
901
679
792
377
432
876
1184
592
819
716
1006
1004
1013
863
564
577
568
542
739
740
1150
1348
1252
1362
1331
1346
1356
1581
1345
1615
530
691
633
1393
825
835
656
1341
1552
880
1440
923
1495
1557
1463
984
986
1534
1624
1625
705
722
740
745
746
719
729
739
598
594
481
579
562
561
559
608
607
605
606
629
648
642
657
680
709
719
726
733
743
751
799
806
834
1515
1606
1508
949
1496
1518
1297
1294
429
420
444
465
483
482
596
602
592
612
670
835
1208
1359
1547
1379
1297
1509
1556
1386
1368
1366
1378
1402
1478
1486
1512
1530
1488
1518
1538
1459
1540
1310
1317
857
880
970
1477
1284
1309
1573
1254
1278
730
847
840
848
855
612
627
626
981
1420
858
896
1039
1036
1024
1113
1140
724
857
607
540
548
572
561
599
1235
1549
1553
1523
1340
767
664
1805
1482
664
1094
1094
1107
1114
1056
1584
1594
828
829
680
641
631
615
614
1365
1609
1294
1279
1287
1372
1290
1382
1370
604
595
608
622
1653
666
692
822
818
1719
1709
1493
1478
1636
1657
681
691
850
1743
1665
830
812
1038
1366
1129
1503
822
808
814
821
827
832
838
854
852
539
534
577
588
599
600
613
622
642
651
684
691
698
711
719
732
729
736
746
756
788
767
777
817
812
820
808
821
807
852
852
847
895
903
927
935
954
315
388
320
390
409
444
433
446
435
432
443
625
777
1126
849
960
1022
583
583
598
605
615
613
676
646
695
708
881
721
1269
1308
1345
873
905
959
458
1954
797
644
800
557
597
1926
1182
1694
1286
832
762
764
760
766
721
722
601
607
614
580
1316
1313
1378
737
1876
736
1332
1863
671
563
579
783
1789
921
914
1507
1802
1493
698
714
1535
1520
1528
644
642
802
1442
1450
1616
1465
1207
835
1175
1144
1491
1194
444
450
459
471
483
496
550
567
593
601
612
620
628
637
698
755
755
755
753
752
734
782
788
807
804
804
815
864
1008
1063
1000
1636
1474
1383
1409
475
491
486
516
524
530
538
549
547
587
572
566
603
614
623
752
845
874
1838
1842
1837
1468
1883
1858
1492
1872
1441
1747
1511
1498
1088
754
876
904
711
477
485
624
624
624
625
621
627
719
793
1728
1154
1729
1838
795
939
974
969
978
1108
1110
1128
1135
720
466
1566
1654
808
737
612
573
730
735
634
787
1666
1234
803
805
807
528
542
567
1301
547
539
536
1726
564
964
576
741
1317
1670
1672
1345
1324
771
675
504
520
517
524
1379
1197
1192
1537
1535
1231
574
1258
1244
1007
1049
1509
1065
1544
1377
1125
1396
1576
695
684
1630
1373
1629
868
653
731
647
752
486
594
622
572
920
867
891
890
880
744
736
611
612
613
578
935
1367
1800
1026
1008
1391
943
940
1033
599
983
582
973
555
549
1013
960
974
1029
988
975
973
1039
1015
1061
1038
861
875
778
700
655
644
671
646
613
645
618
620
682
624
625
624
589
552
1806
973
968
864
977
987
765
1013
753
796
802
927
933
932
949
954
561
622
565
643
619
581
596
637
726
1668
2034
514
1763
1805
850
849
1035
1048
1040
910
1959
1969
1829
654
1657
1318
798
635
537
560
550
572
560
592
629
638
653
2026
1881
2074
572
739
739
825
804
656
610
608
592
644
1426
1271
1292
1429
1415
1444
1435
1444
1473
1471
1488
1500
804
2365
1805
2136
2363
2160
2158
2310
2315
1359
1359
1370
1318
1636
1643
2277
1191
1347
1353
1367
1381
1729
1368
1375
1382
1247
1400
1458
1396
1353
1250
861
874
890
672
767
775
609
586
583
618
620
621
617
617
617
1482
1214
1228
834
878
457
465
473
481
488
528
576
552
569
579
586
606
615
623
631
639
646
690
661
702
699
725
819
841
915
842
927
832
885
854
768
836
648
520
696
779
819
1691
1849
437
374
397
376
382
391
428
446
445
445
472
506
504
501
458
438
444
452
458
444
1160
1195
1208
1320
1208
1506
704
1184
1246
670
756
761
555
499
752
759
776
955
850
857
866
523
529
522
528
525
534
530
676
1017
668
656
1221
1216
1259
1258
1243
1282
1283
1281
1416
1411
712
1363
700
701
716
725
720
687
698
1409
1625
1360
1422
1746
1579
1277
1532
1161
1346
748
1626
1623
822
827
1317
1197
647
733
708
1231
840
765
577
553
560
574
582
590
599
522
529
542
548
558
565
587
605
606
603
612
628
489
514
534
542
583
592
599
1747
1334
1625
1768
772
715
693
688
593
1751
598
596
568
561
562
937
1902
1871
1834
1900
611
590
603
596
621
614
627
614
615
616
633
691
696
778
989
1854
2069
1995
1128
1850
1200
2125
2047
1298
795
944
1090
1097
755
692
707
774
710
776
764
635
634
624
621
689
688
676
676
813
831
2038
1470
1057
1901
1907
1229
1902
1341
2065
2158
2083
2201
2093
1331
1815
2215
1381
2318
2189
2214
1524
2204
1489
2264
2241
2105
1304
2286
1870
565
412
567
564
544
1620
1452
1483
1466
1481
1480
1481
1521
1589
1542
1539
1607
1606
1619
1634
1659
1579
1594
1011
918
1029
820
881
896
1077
1553
1654
1005
1633
938
725
781
618
614
1009
1138
1620
1818
1619
1795
875
906
925
925
1082
1003
1002
1102
533
541
566
567
578
585
595
1726
1726
1831
1866
1588
1736
1793
1087
1740
924
755
939
1791
1076
746
703
1814
1771
1820
1175
809
1170
826
974
814
1076
1026
773
1161
1147
1868
1748
1237
1855
743
1789
1948
1961
832
914
674
692
706
722
738
745
752
769
782
795
810
1835
1883
1944
1470
1053
935
902
904
1287
1296
1362
1287
1315
1306
1775
1791
950
957
1805
1801
1812
1329
1222
1241
1249
1262
1121
930
816
826
829
842
790
810
858
895
882
965
997
805
820
829
838
839
849
1678
1815
1814
1153
1057
986
747
758
786
817
827
854
841
883
862
881
890
904
594
602
619
689
708
743
756
764
799
962
1072
1688
1715
1316
1345
1321
1322
1370
1365
1360
1395
1062
938
979
637
628
656
699
1110
1106
1808
1797
1655
1144
908
898
786
761
689
662
674
631
1065
871
879
949
1146
1572
1565
854
979
977
697
681
843
699
700
676
694
693
709
1494
914
910
1249
1475
980
1104
1583
1117
1445
1464
1530
781
819
1462
1479
1494
777
777
771
771
762
761
775
783
967
1017
1772
1675
1630
963
963
960
970
1735
969
1064
973
1813
1821
491
512
512
557
576
589
601
613
613
625
641
645
663
682
675
726
738
755
755
756
775
783
830
843
850
858
866
880
997
1785
1229
1189
1185
1193
1251
1086
1095
545
638
645
771
799
904
972
1135
1131
1132
1146
1146
1094
1268
1705
1129
1763
1714
1835
1166
1587
1657
1654
1656
1656
586
658
666
641
667
1107
1953
2074
1604
1680
2073
1841
1716
1561
1640
1616
1826
1848
1668
1661
1632
1913
1847
1035
1080
1245
1243
879
843
829
647
646
736
714
697
704
717
724
754
750
775
781
787
799
861
655
688
811
1190
1662
1132
1145
969
821
1790
1654
1172
1400
980
788
676
693
690
769
577
585
702
704
700
625
617
452
450
470
462
611
608
607
573
1406
1527
1439
1507
1514
1381
441
464
437
451
449
479
491
1481
520
532
831
724
571
927
985
600
954
970
1496
1007
992
869
1296
869
1431
1323
1323
1335
902
1577
1090
1011
990
997
1004
1012
1019
910
1044
1125
1079
1065
1078
1790
1482
1453
1185
1212
1105
1522
1449
1299
1320
1328
1460
754
782
796
804
597
686
693
700
711
722
730
737
744
751
758
764
775
777
788
798
805
814
829
828
928
781
782
402
409
502
517
502
502
497
541
548
555
563
572
586
2241
1397
706
715
712
713
707
753
764
773
1886
802
815
1261
1462
419
735
745
2273
892
1536
906
2207
776
777
672
820
2310
952
2163
929
924
2253
2176
2151
964
782
978
905
951
1935
1117
1002
953
1666
2473
1675
1551
2546
788
1127
1127
1231
1140
814
878
1126
1157
803
1557
1038
977
1186
2309
1196
1410
1579
2643
1175
973
1798
1201
1203
2361
1434
737
1492
770
760
761
774
1902
2177
1894
1910
2184
1299
2423
824
2374
2768
2062
959
979
1279
1182
1166
2715
2708
2382
2216
992
1191
1873
2581
1209
637
550
550
590
645
632
649
644
837
831
711
711
873
885
875
874
865
709
912
979
1312
1665
1463
1473
1228
1227
1224
1535
1224
1335
1331
1330
1064
1382
1348
957
938
641
710
789
1422
704
696
516
517
468
480
492
565
559
552
551
561
576
557
572
579
494
787
965
1095
451
1687
480
479
510
521
528
553
549
549
577
699
611
881
1704
1028
923
1323
1317
1251
1247
1046
1046
491
503
502
1698
944
1109
1478
1112
1583
1297
1371
1614
565
566
573
620
679
567
554
570
796
957
799
371
400
426
423
440
441
451
431
576
531
532
598
515
487
486
506
819
757
840
1131
1121
915
1145
979
1143
1158
1160
1619
1606
1018
482
483
524
689
642
537
643
890
544
526
903
844
856
925
917
925
875
1772
1480
1775
1488
1748
1787
1829
1404
1797
1824
1810
1472
1693
1699
1524
1692
1364
1703
1729
1605
1613
1533
1749
1290
1557
1451
816
1313
1775
925
999
1829
866
1014
1867
1367
996
1898
1036
895
895
873
811
688
685
686
621
644
660
660
674
691
760
758
776
785
782
796
1181
1180
1191
1151
1180
1934
1622
482
514
505
526
599
612
625
640
648
656
664
680
701
708
716
732
744
1059
1101
809
507
531
539
547
558
568
576
585
604
603
721
762
852
720
866
1307
822
876
958
966
492
492
502
519
626
668
1012
1074
1039
941
1398
626
699
965
1699
1457
908
908
953
907
569
557
565
573
584
608
607
611
610
616
635
647
649
663
664
673
616
625
633
1642
2008
1532
1429
797
790
922
1469
2412
963
2452
953
942
2196
729
1851
997
777
827
851
798
737
824
764
764
756
749
798
787
814
760
2315
906
2516
1606
1579
2591
2295
2320
1628
1099
1651
1612
2588
1626
2575
2586
2571
2634
1524
1534
1524
671
678
774
782
789
798
806
918
944
967
634
837
1658
1560
933
1491
1750
1683
2601
1586
2625
2751
2743
2149
1613
861
606
674
705
699
691
688
1062
982
1787
1767
1865
2900
2314
2058
2330
2319
2144
2116
2172
1991
2292
655
666
692
700
708
718
744
754
791
803
814
834
928
1107
1046
1326
1253
2376
1189
1352
1374
1224
1338
1253
2418
1346
1165
1255
1279
1290
1369
1250
1378
1279
1183
1288
1365
2442
1298
735
782
808
768
831
838
877
948
1025
1093
1181
1002
2151
1737
1722
1741
2170
1644
768
782
797
805
813
837
877
893
986
2330
2338
2203
2122
2198
1223
1268
1733
1706
1968
1737
1251
939
900
893
931
651
736
774
783
800
807
815
827
925
931
937
1133
1703
1579
1590
1600
1609
1617
1633
1684
1731
1731
1743
489
667
761
770
785
809
959
989
1097
1875
1107
1532
1614
1627
1641
1643
1655
966
1555
1816
888
779
542
536
546
542
479
1347
1728
1994
1994
1692
1692
1805
1881
1236
849
1235
551
548
547
549
542
577
451
1079
1049
1049
1045
1060
1042
1076
1065
1407
557
584
716
727
531
573
532
533
639
635
643
508
564
573
1009
858
1313
1285
1831
1513
1522
2038
1528
1654
1653
1019
1552
1559
1675
1692
2516
1066
630
649
697
705
714
724
737
760
751
765
765
933
869
2397
2196
2434
2610
1970
2619
1441
2422
1947
1165
1966
1854
1497
1499
2634
1542
1511
1521
1237
688
750
687
714
714
727
774
824
825
823
811
820
829
858
2302
1657
1671
1171
1431
1382
2338
2307
2372
2419
2092
2348
2209
2118
2115
2198
2525
1940
1273
2158
2148
1156
1279
1329
987
1080
1088
707
2331
1572
2270
2216
2094
2120
2122
2007
1578
1996
2370
1796
1600
1002
1020
819
827
955
959
959
1436
1485
1446
1372
1457
1464
2084
2096
2215
2207
2204
2140
2413
2248
2215
1744
1921
1218
1277
1114
1109
1136
1195
675
692
704
713
723
738
746
758
2506
1824
2526
1121
1131
2300
2392
1143
1840
1858
2381
1851
1878
2555
1842
1859
1569
1009
839
852
1879
1877
1899
1914
2581
1891
1919
2441
1337
1962
1912
1951
1347
1365
1292
1972
1101
1565
1171
1156
1542
1967
1173
799
808
803
897
804
800
799
802
890
919
904
897
922
889
864
877
1224
1232
1208
1011
988
983
983
962
1024
2668
1025
1063
827
741
763
764
782
771
850
830
828
900
1919
1770
1934
940
947
760
873
766
856
818
809
808
802
872
874
811
968
978
1979
2005
1987
2140
1477
1497
2527
1016
1032
1514
2341
2156
2293
1736
2154
2372
1623
1151
1214
1229
1146
834
1594
1147
1127
938
1382
1369
1127
1608
1152
921
926
905
936
935
929
929
715
722
734
742
758
753
759
776
804
802
779
822
831
839
846
852
859
866
951
918
928
920
938
949
956
964
1702
1635
1673
1646
1665
1171
1134
1212
1204
648
683
669
693
707
719
727
750
759
766
778
787
794
818
870
888
882
883
892
1001
2212
1449
1558
1795
2195
1470
2117
1998
2008
1157
1165
1151
1150
1382
745
735
733
1299
1315
841
847
874
895
916
653
859
1297
774
766
773
780
808
872
870
870
773
1108
1249
1141
1152
1569
1575
1281
1266
1282
1279
849
810
810
823
832
982
1606
1628
995
970
987
992
647
674
727
678
739
706
719
820
836
833
693
720
817
825
553
598
604
605
586
619
628
631
646
659
665
673
679
690
696
703
714
732
741
836
760
756
1442
1374
1347
1348
1382
1380
1402
1413
1423
1030
1043
908
882
537
545
566
574
586
598
608
616
624
690
658
778
881
1408
1113
1089
1014
1061
1069
1150
1441
1031
1104
1160
910
802
822
828
834
814
846
855
910
934
958
1021
1032
1017
1045
1036
1038
1031
1052
1048
1081
1548
1361
715
722
722
734
729
747
755
762
1259
1500
1487
1503
1522
1716
875
1484
1493
1502
1514
1526
1016
1014
1196
1122
1128
1651
1749
1657
914
653
655
657
669
775
1536
1533
1828
1512
1522
924
933
942
781
790
797
806
815
824
825
839
871
879
859
865
700
767
805
1034
1727
1705
1421
1672
1555
1508
1500
1498
1511
1535
1577
1219
943
1017
1072
1743
1736
1109
1099
1050
1124
1116
1133
1440
1374
962
1084
684
693
701
710
724
736
743
751
1043
1065
1457
1069
1569
1035
1042
1112
1194
1070
1759
1612
1656
1114
1636
1635
1646
941
962
1161
1153
1154
1147
2065
1995
1901
2069
1328
1324
1418
1500
1184
1184
1177
1204
1126
1224
952
967
974
985
1003
1011
1039
1520
1537
1870
1832
1455
841
843
1900
1912
1467
831
772
837
775
774
763
777
762
752
808
752
784
1118
1069
1627
1254
1210
1022
1085
1086
1074
1091
963
1083
1025
1000
1092
1110
1011
1084
1036
1012
1095
1018
1047
528
526
730
729
728
728
678
726
682
701
571
793
793
806
853
838
852
884
832
878
888
895
903
918
928
1022
1450
1419
1335
1866
2250
1768
1075
1025
1155
1145
1092
1312
626
641
641
665
873
937
1428
1430
1523
1763
1412
1327
1345
1036
1054
2091
2236
2220
2224
2252
1851
1819
1819
1891
1405
1766
1764
1761
1768
1750
1769
1799
1806
890
1805
1180
1180
1420
705
858
855
885
896
924
658
669
725
738
873
1220
1158
2447
2310
2307
2315
827
724
713
910
910
1859
1977
1987
1998
2021
2030
1037
960
1977
1978
1978
1542
1550
1471
1416
1419
1747
1804
2046
912
922
933
956
1233
1072
2159
2157
2225
2217
2210
1657
1676
1749
1854
1761
1771
1770
1095
1100
702
711
720
758
767
775
787
803
865
980
911
926
1014
993
1054
2486
2463
618
533
588
600
593
617
617
632
632
664
650
669
682
733
746
798
800
800
897
1009
1075
1295
1218
1850
1711
1996
1911
1912
2066
1826
2065
2334
2352
2074
2334
2335
1772
1289
1114
935
943
945
708
821
1252
1304
1306
677
747
711
785
847
958
532
1338
512
1278
542
1522
521
1215
1345
565
528
558
596
589
1370
1605
1359
539
570
551
549
1422
555
1176
1633
1269
1844
1131
832
1442
1291
612
597
546
671
1602
1693
1813
1153
1640
1687
1176
1844
951
1224
1003
1886
1679
2155
1120
1122
696
654
661
671
909
915
912
1055
940
1059
1167
1172
2671
2647
1072
2690
2529
2743
1704
2342
2551
1046
2800
1037
1966
678
689
696
689
697
695
721
728
2875
2617
2630
2200
2530
1175
1181
1173
1340
1340
1446
1412
1742
1516
1716
1813
1672
1812
1750
1607
1665
719
679
672
672
787
780
770
914
779
659
673
800
808
689
718
713
712
814
814
812
811
689
698
711
989
993
1000
996
1948
1490
1694
1886
1503
1922
1944
1632
1819
1805
994
2032
1807
1863
1790
1692
1784
527
526
538
582
555
565
607
590
601
610
607
623
663
661
678
768
758
749
742
743
736
819
863
871
883
894
902
910
942
961
993
1000
1033
2062
1222
1941
2148
2013
2121
2070
590
597
604
804
1125
2125
1124
2011
1109
1970
1974
999
975
951
1487
1215
725
1049
1151
743
1170
1304
724
1282
742
743
734
774
735
1193
737
738
1338
794
1242
1035
784
786
1321
1322
2390
1840
1378
1349
1378
2052
2351
1374
2424
1868
1411
1419
1634
2337
1593
2309
1464
2241
923
942
960
1082
513
507
517
525
480
543
482
1465
668
514
529
536
1658
937
928
643
955
686
722
663
956
969
745
714
967
886
751
1363
1004
1583
1158
1013
1023
865
921
673
2154
850
858
853
850
857
2526
2564
2289
2150
1010
858
718
897
875
876
874
864
851
870
791
824
824
836
780
776
1168
1045
1046
1046
1060
1069
1077
1107
1120
901
612
634
616
635
633
633
791
1212
1208
1035
1513
1986
1284
1488
1614
2008
1477
1490
2243
2341
2240
1787
1524
1531
1477
1442
1553
1610
1385
1386
1221
1470
2290
914
1597
1665
1244
1241
1352
1139
937
1065
1072
975
1002
985
948
962
987
942
956
946
1624
930
1589
1658
969
1723
958
968
1728
1783
1658
1285
1299
1306
1250
1731
802
820
830
888
942
828
810
810
827
821
932
895
1143
1022
1145
1150
1237
1250
1347
1296
1296
1218
1269
1259
1266
1371
740
739
811
742
795
795
795
795
780
824
824
846
855
862
870
886
899
907
947
928
940
947
964
974
988
994
1002
1014
924
981
1031
1459
1334
1491
922
890
1171
923
976
1179
961
951
951
962
949
838
845
856
862
870
842
1073
1018
1019
1706
1633
1540
1503
1466
1570
1552
1570
967
882
972
914
923
960
975
649
960
953
956
1012
973
979
1002
998
736
1002
1002
977
948
980
857
859
1056
1089
714
768
768
1110
817
817
837
836
1500
1517
1526
1522
1519
1528
1540
1866
1752
1729
1722
1684
1699
1689
1744
1739
1777
1605
1224
1271
1267
719
727
734
1250
1261
965
1231
921
1065
1053
970
985
1331
1008
1692
2164
2155
2152
2050
2132
1430
1438
1434
2157
2068
1450
2124
2012
1679
910
812
902
925
797
798
926
804
874
1033
1049
1503
2203
1357
1686
1232
1476
1936
2451
2245
2159
1941
1759
1773
1850
1475
1408
1356
1490
865
927
1150
1179
1187
2143
1672
2377
2280
2280
1695
2341
2401
1292
1691
1310
1205
2187
2365
2174
1736
2132
1589
2179
2404
1763
1669
2515
1749
1626
2055
1762
2412
2432
2482
1639
1172
1029
1016
1030
1031
1318
1325
1826
1829
1311
2537
1836
2641
976
988
998
1032
1048
1066
1114
2643
2537
1510
1509
2676
2521
1507
1452
1483
1548
2249
2253
1492
2268
1547
2562
1921
1947
1503
1590
1928
1346
1346
1345
1346
1347
1223
828
834
1052
1114
2404
1363
2347
2344
2586
2570
2034
1798
1850
951
969
985
991
1055
1000
1038
1076
1125
1076
1074
1066
1065
1126
1054
1067
1218
1196
1154
1144
1198
1152
1142
1139
1125
1124
1265
931
928
942
1420
1432
1417
1393
1346
1386
1332
1329
2100
1201
2575
1007
1056
1103
2264
2375
2374
2280
2289
2381
1974
2262
794
822
830
837
859
857
869
876
887
895
901
908
1081
923
932
948
1094
959
1082
1984
1981
2034
2394
2095
1517
2650
2115
2114
1388
1207
832
843
1013
1064
1464
1458
2767
1441
1240
2206
2273
2293
2254
2545
2296
2307
2329
2307
2339
2309
2351
1543
1261
1145
1064
1076
1085
1093
1129
1128
1309
2235
2671
2638
2905
1543
1575
2907
2588
1332
1682
820
808
807
805
806
914
935
950
963
974
1011
1018
1099
1098
1121
1120
1161
1172
1178
1186
1192
1203
1211
1222
1233
1248
1257
1269
1294
2263
2385
2378
2270
2389
2387
2416
2279
578
587
608
616
629
637
710
710
720
797
807
949
1015
1314
2047
2195
2205
2234
1407
886
894
1025
999
1029
1083
1080
1078
1162
1219
1237
1361
1402
869
854
864
875
892
1499
1498
1966
1960
1974
1947
1979
1157
1163
1118
1158
1546
792
815
941
1221
1402
1385
1152
1178
1427
1406
1438
1232
1235
1206
1431
1175
1187
1189
1303
1484
625
642
607
607
599
621
609
616
640
616
617
617
703
701
1100
1097
720
841
938
1156
952
1166
1605
1427
1300
1442
1146
1077
652
747
1362
1979
1368
1141
1152
1148
2099
1950
1295
2379
1983
2038
1329
2062
859
884
1003
1132
1751
1707
1708
1746
1752
1775
1782
1776
1783
1817
1785
1869
1828
2131
1886
1138
898
975
946
935
923
939
937
933
1049
1057
1065
2892
2890
2876
2690
2884
3046
3118
3044
3085
2880
2884
3043
3187
3096
3151
2896
3168
3185
3125
2195
2093
2184
1002
883
876
996
996
1018
1046
890
911
898
899
885
1072
1033
1258
3049
3209
3317
1786
1325
1151
1130
511
510
687
678
699
707
731
751
765
775
783
800
807
820
930
1058
1248
2304
2019
2278
2355
2281
1849
2377
2041
2059
2498
2380
2380
2080
2343
2335
2332
2107
2362
1474
1477
1479
1481
1498
991
1009
1015
1000
1279
1068
1017
1037
1028
1072
1072
1165
1030
1050
1082
1338
1559
1550
1561
1946
1566
804
989
1637
1646
1653
2146
976
1159
2165
2374
2626
2574
1723
1416
2182
1370
2168
2532
1481
1477
1734
2758
1753
1430
1492
1482
2761
1434
2325
2232
2636
2765
2200
2233
2240
2063
1452
2219
2085
907
928
801
953
822
841
864
850
902
884
874
925
867
912
931
952
908
1912
1614
1933
1983
1976
1996
1993
1984
2015
1980
1920
1736
1734
1696
1687
971
983
1107
1122
1070
1309
2034
1692
1964
1813
1699
1696
1689
2033
2050
771
772
792
800
793
812
827
826
853
851
846
850
897
895
920
921
989
997
1014
1058
1067
1130
