11
8
59
5
6
12
19
6
72
8
17
11
7
55
104
53
6
6
6
11
13
25
31
17
6
79
145
148
80
18
15
15
12
60
127
177
130
62
162
15
15
14
18
18
15
19
19
32
40
44
69
34
56
26
14
20
15
91
92
90
143
151
79
78
80
37
24
13
23
30
16
18
35
72
68
76
75
121
107
65
60
72
34
116
58
60
53
50
25
55
33
34
29
117
46
51
58
66
97
64
68
72
60
48
44
53
128
43
56
93
119
106
113
126
112
137
65
49
52
171
96
75
89
113
74
84
62
55
174
99
91
100
131
120
115
107
79
62
70
68
26
47
169
78
77
88
80
80
95
96
96
99
58
134
73
85
87
71
106
68
63
79
49
50
76
44
60
61
67
74
114
96
94
105
131
105
92
105
99
87
66
175
97
103
119
98
91
103
96
157
140
116
94
112
99
96
165
92
116
166
101
175
124
154
193
188
193
198
218
175
137
148
217
130
129
66
115
77
84
73
181
116
107
95
114
94
96
107
141
149
92
111
60
92
104
85
55
80
116
133
126
114
115
138
141
228
203
200
213
253
226
166
228
186
174
175
155
168
158
93
106
96
86
87
87
89
89
140
94
238
93
93
140
135
102
95
100
125
170
112
113
111
123
117
179
139
191
134
128
135
177
124
132
119
131
122
123
101
180
95
140
96
104
98
131
103
134
181
148
167
155
145
191
170
126
131
150
164
117
127
223
101
76
223
97
241
136
132
140
171
165
200
201
211
215
247
263
302
246
266
241
174
167
280
194
200
131
130
76
270
197
170
62
72
140
84
77
54
81
156
57
86
59
53
61
68
81
132
63
62
63
49
124
55
64
72
169
104
72
138
86
162
118
147
131
99
179
138
167
100
118
103
170
108
89
148
196
176
109
120
77
207
185
79
118
61
62
79
176
48
58
106
116
62
106
92
87
103
59
67
78
193
59
49
63
84
59
86
200
150
119
138
125
149
102
123
180
119
117
92
109
201
120
181
99
114
114
159
153
127
210
166
119
101
164
149
164
109
125
161
142
103
124
136
154
156
76
124
92
116
128
147
256
285
86
95
234
94
164
113
204
96
96
113
162
174
136
180
142
234
161
151
190
206
163
236
254
208
267
180
163
184
171
187
321
236
187
200
150
340
128
145
213
309
346
300
158
195
113
151
132
130
105
134
193
277
136
163
154
179
129
119
130
148
233
130
168
103
122
151
136
316
100
128
92
82
108
108
212
94
76
85
81
103
188
141
97
181
133
104
83
101
174
197
132
120
188
180
142
171
173
139
137
148
220
212
145
142
203
156
130
105
216
110
87
129
94
95
108
96
89
203
243
96
114
266
213
98
92
90
86
84
237
88
86
162
164
100
93
93
108
106
119
214
159
139
205
144
93
121
132
189
163
157
155
115
103
243
193
117
287
100
247
157
187
111
103
90
93
209
118
144
120
212
158
193
127
159
194
163
156
189
159
157
148
174
150
135
249
169
148
169
238
147
134
121
210
206
152
105
120
118
176
91
106
125
158
104
112
96
104
249
115
167
99
236
101
107
169
135
166
180
139
148
142
194
206
181
157
238
177
242
236
185
205
242
201
221
239
220
250
293
176
177
173
287
156
189
158
187
226
202
172
160
269
294
188
150
156
214
170
169
181
141
370
368
180
109
157
151
199
288
95
94
134
110
271
110
178
120
129
108
100
105
306
131
150
158
133
160
133
141
325
342
183
144
251
251
174
218
180
182
214
160
159
227
189
167
295
188
140
296
171
150
159
159
119
312
141
211
227
116
284
210
214
151
172
264
124
162
198
245
142
192
191
160
250
188
156
151
151
155
258
260
178
209
107
130
149
147
163
301
178
186
94
244
121
305
137
155
77
87
183
118
207
90
101
208
239
100
146
327
208
128
192
126
153
129
211
146
142
196
142
151
138
172
145
130
142
167
234
287
190
176
267
168
336
166
305
203
176
234
191
245
297
200
185
182
204
247
248
178
268
377
237
209
240
209
211
235
195
289
187
297
173
221
356
218
184
194
164
333
168
185
196
267
192
198
181
306
220
279
181
191
208
313
253
426
414
231
225
280
229
226
334
256
227
246
343
178
196
219
232
243
331
191
146
270
167
366
244
239
197
270
170
170
140
163
397
204
373
162
225
208
182
317
130
176
327
198
216
187
441
141
153
166
480
173
375
284
376
203
251
254
266
339
245
332
378
246
368
362
235
225
232
339
285
271
250
239
401
334
100
116
124
164
152
208
191
336
428
390
240
147
146
159
276
473
359
361
316
180
176
438
203
138
156
428
228
431
102
126
134
334
191
324
222
224
122
143
180
160
156
287
166
132
508
141
353
163
514
139
138
160
340
102
149
138
132
131
183
271
284
109
335
209
227
229
144
198
115
173
214
180
156
376
115
340
298
133
202
186
99
108
138
126
101
112
114
269
285
167
369
206
173
348
104
141
295
99
105
126
307
110
293
152
141
166
136
334
270
305
109
123
130
188
175
289
247
338
305
289
275
378
121
97
139
156
163
104
194
91
90
116
115
391
233
160
161
179
95
106
230
357
120
181
208
305
153
116
284
130
137
107
115
137
144
343
360
353
118
117
113
222
281
254
321
130
127
121
128
178
174
310
377
5459
163
3783
129
128
162
179
278
291
281
148
117
125
133
267
132
193
80
310
293
111
219
114
176
287
121
153
209
320
954
232
272
274
272
146
143
152
163
746
330
341
230
308
211
3693
142
103
127
141
513
171
180
205
216
448
246
424
339
174
487
151
363
462
316
469
168
145
131
129
153
148
134
164
202
129
137
158
326
315
136
233
202
110
150
323
321
426
393
294
294
160
457
205
226
140
468
464
214
240
143
153
121
260
267
254
152
130
165
351
266
160
368
160
158
139
171
346
249
260
540
227
197
560
228
168
208
185
212
182
210
178
589
253
157
523
169
167
383
278
202
198
454
461
122
175
637
409
116
131
564
346
421
254
469
136
445
178
305
200
622
682
326
219
201
316
170
161
213
204
226
206
223
232
642
638
712
102
150
671
169
180
192
232
253
616
166
280
167
352
238
498
168
376
391
380
379
302
539
371
366
546
147
202
562
220
220
236
387
208
171
151
148
155
276
278
134
134
123
135
146
277
539
268
425
404
563
232
247
244
171
179
220
379
632
582
632
447
489
98
192
302
268
221
219
232
459
464
313
515
317
482
337
155
167
166
554
486
501
303
518
398
390
270
185
202
170
398
603
399
620
423
164
175
204
654
648
647
209
731
217
206
222
514
291
292
553
216
217
269
234
561
184
203
218
226
166
175
248
180
256
129
270
276
433
432
334
179
499
521
474
194
293
304
605
527
511
497
567
560
298
283
614
636
641
216
243
529
253
291
228
273
170
177
310
341
340
330
428
561
598
556
201
198
600
498
359
146
155
162
182
311
510
651
238
256
219
216
492
173
201
199
215
633
464
491
498
249
514
658
261
375
681
600
295
555
417
302
254
263
444
304
310
453
158
143
181
209
218
228
267
268
288
287
300
310
319
327
336
460
457
148
557
270
217
183
230
419
168
267
305
366
229
201
485
270
222
210
245
495
229
522
282
534
549
462
442
443
194
425
446
262
287
371
260
179
240
208
243
191
228
234
317
248
237
252
405
396
331
224
208
205
183
196
204
187
346
204
236
232
438
405
433
220
228
526
589
536
238
266
266
526
520
453
266
283
558
339
357
317
316
217
271
347
323
332
342
334
364
622
259
228
238
288
355
499
370
332
377
672
547
254
347
329
349
274
292
288
249
258
289
315
785
270
252
291
568
537
541
568
569
169
192
194
355
201
290
557
318
820
261
755
149
160
169
196
288
271
565
217
167
611
254
628
375
654
392
290
653
305
232
257
282
517
224
245
255
753
252
251
361
820
794
328
213
283
594
572
595
487
481
591
270
353
281
570
219
231
288
342
351
218
382
777
737
681
313
216
420
235
246
252
284
438
394
756
398
819
222
571
338
344
750
832
787
310
331
716
282
552
586
552
530
310
594
248
225
222
270
279
297
308
321
483
458
513
485
145
161
182
179
513
524
691
282
243
267
264
279
290
342
430
492
204
551
418
299
208
314
188
237
376
383
561
495
199
207
223
218
319
258
356
258
455
330
374
470
243
247
256
562
368
212
194
215
210
200
343
402
246
192
308
306
265
187
197
204
212
493
401
202
253
188
188
209
177
227
234
230
187
239
225
192
222
167
221
377
528
185
222
194
419
220
286
257
164
199
423
376
276
281
177
411
467
466
279
270
161
178
179
170
167
271
141
167
214
482
242
285
274
466
175
447
216
227
144
180
170
184
195
201
177
171
198
245
157
158
223
215
468
488
192
502
170
168
292
204
558
796
477
284
603
321
423
336
328
627
450
809
765
634
573
925
896
953
903
236
247
253
293
175
184
192
206
756
272
297
298
235
871
515
557
290
311
193
314
196
815
182
827
803
833
412
445
271
507
392
244
284
251
265
290
205
261
829
480
507
839
529
865
933
539
791
493
227
233
276
275
178
175
247
216
228
254
334
292
438
347
314
349
153
161
255
352
316
367
601
554
198
452
710
541
305
318
165
302
474
160
168
486
186
193
201
221
337
356
717
209
462
458
439
221
348
480
478
440
411
225
228
227
391
662
232
165
138
154
154
166
176
183
195
203
628
253
237
247
267
278
499
355
299
173
173
185
196
193
200
307
222
222
200
220
312
328
305
247
174
230
229
449
188
174
190
176
172
180
409
411
215
237
262
448
266
528
547
270
281
275
296
149
198
206
262
469
401
451
424
240
266
180
541
362
591
297
265
227
530
278
264
297
542
263
269
544
592
369
467
356
265
300
294
215
254
271
181
172
423
253
172
206
203
393
218
497
210
151
173
175
147
299
201
391
165
299
520
549
195
211
491
607
264
211
645
514
430
527
240
221
220
246
211
245
344
210
184
228
474
423
328
486
309
480
457
585
561
538
642
623
539
546
574
220
241
307
638
477
639
663
615
220
564
666
595
477
490
176
176
210
230
317
278
174
174
217
538
607
637
340
609
207
782
608
810
346
244
260
261
278
308
290
624
332
535
232
259
257
250
249
275
288
459
382
518
441
334
570
405
574
652
256
252
258
272
324
310
299
315
322
316
267
238
224
282
349
236
308
332
302
245
323
197
248
202
190
314
246
390
212
204
432
621
434
287
713
214
263
527
497
348
734
317
344
328
334
829
231
245
130
400
430
330
773
510
177
201
234
201
267
726
251
204
269
280
271
257
328
310
324
277
519
818
196
405
369
327
297
206
541
423
317
196
567
576
433
190
244
445
437
645
432
227
238
258
215
227
234
567
341
536
183
198
205
270
357
612
606
468
437
617
314
403
344
355
151
201
224
325
342
314
342
341
367
356
340
346
344
375
336
290
322
167
336
208
336
400
229
282
372
539
535
317
224
255
395
339
558
528
351
334
392
615
245
264
267
399
461
754
283
453
602
657
606
471
292
280
724
649
779
546
854
311
376
433
510
768
365
725
704
536
407
423
417
833
350
578
567
759
263
302
751
377
281
260
272
288
430
234
259
258
256
276
285
322
218
225
221
222
221
248
256
203
309
523
379
397
356
663
276
520
251
211
191
178
224
243
321
282
559
215
335
660
343
631
288
360
605
351
412
603
611
326
645
381
232
252
289
281
307
314
326
695
263
300
363
376
392
425
277
393
390
260
255
275
264
367
375
549
542
838
852
895
262
269
278
294
351
587
648
367
920
714
917
918
858
933
366
966
899
926
476
812
679
878
667
366
391
398
410
417
738
918
786
663
684
692
707
706
734
741
759
434
434
379
326
403
416
492
727
723
729
915
764
274
274
274
261
260
257
697
535
518
536
461
451
361
369
402
410
421
438
435
253
266
279
570
712
517
549
558
398
969
399
381
398
281
379
256
256
406
303
291
268
298
296
432
440
368
333
342
371
323
344
760
675
828
727
872
896
832
768
696
1102
900
1108
1115
1188
1106
386
412
452
540
393
387
459
372
199
199
289
297
286
310
318
330
351
359
395
413
656
509
859
845
865
442
374
707
696
356
1024
252
271
366
642
231
244
241
236
271
270
496
303
230
282
673
403
762
771
777
770
880
878
369
334
301
245
688
355
234
248
249
229
241
426
422
780
799
396
805
904
751
221
242
266
230
239
321
844
786
836
820
442
459
311
447
445
436
446
465
395
389
414
424
241
248
254
262
455
370
441
938
951
466
611
910
1007
626
625
640
938
994
311
295
360
308
1039
675
283
300
301
282
291
352
340
640
359
639
640
161
170
189
235
309
1207
920
717
260
262
261
281
273
354
340
353
532
540
1273
808
820
810
471
452
436
780
271
308
336
320
332
286
801
1223
991
889
354
990
1283
649
1106
385
1293
667
530
1403
719
1115
387
397
407
422
794
578
588
529
571
488
338
619
505
408
714
694
526
665
773
991
758
594
431
443
461
502
406
404
276
398
337
515
712
738
682
378
863
780
597
381
422
417
413
409
407
439
472
569
579
559
753
760
772
787
928
294
327
338
347
359
371
575
525
578
597
595
396
401
411
421
556
674
687
210
224
244
234
240
255
262
278
285
314
304
358
430
339
573
339
340
353
384
351
500
583
389
310
330
430
613
363
379
483
523
516
521
343
520
349
572
223
231
258
546
289
311
321
309
316
313
344
364
369
380
393
394
406
415
423
435
179
274
184
179
377
230
357
243
241
230
231
240
245
240
241
259
280
305
305
317
435
432
371
320
398
403
410
437
496
624
512
754
767
747
524
397
403
511
466
520
521
506
656
504
282
320
299
298
339
325
317
498
514
511
372
371
669
628
669
614
636
503
504
537
373
329
349
345
753
375
323
355
411
407
406
429
509
522
605
594
706
621
398
405
390
396
697
659
430
377
359
357
394
403
403
407
417
542
597
455
412
590
513
513
502
639
353
666
420
370
383
258
398
273
405
317
401
658
447
447
463
462
430
483
491
498
277
649
345
352
366
378
388
762
310
473
509
581
582
482
568
630
708
698
692
689
390
391
759
755
499
411
679
697
741
718
766
405
804
785
781
431
329
353
785
353
501
660
491
628
381
571
514
747
368
376
382
727
365
315
339
942
341
356
369
372
444
370
305
316
327
354
362
371
389
280
285
295
341
336
348
361
334
358
352
367
386
389
447
448
461
1002
1033
769
923
440
527
576
577
586
392
379
387
400
402
397
418
410
435
448
842
620
573
822
673
750
1063
679
280
353
751
766
418
437
435
434
349
466
811
818
1101
656
477
479
1006
941
1083
1212
496
1015
1120
624
331
846
356
331
264
353
361
256
306
275
326
841
479
493
490
510
448
273
281
289
300
312
331
265
907
1032
921
919
770
764
999
915
530
945
554
1030
330
350
362
385
386
379
401
1066
607
615
1012
830
857
1053
1129
1111
623
387
401
555
631
265
381
322
238
376
295
374
393
405
417
450
671
746
603
579
496
496
233
791
276
461
514
387
405
405
232
262
266
468
280
280
392
418
417
416
441
455
458
486
492
682
491
244
236
242
257
262
330
331
676
669
700
699
713
335
234
240
256
302
398
750
744
881
712
385
409
357
556
615
617
541
256
256
258
258
315
338
309
292
314
383
399
744
743
345
300
354
626
635
754
673
638
225
246
229
251
261
674
375
368
389
607
365
374
472
245
260
259
317
255
274
1004
282
291
296
302
1027
943
813
630
255
262
283
289
295
291
364
356
978
1005
645
766
784
733
704
1007
1061
332
324
341
388
397
416
278
294
313
333
329
330
739
490
715
396
433
444
432
448
624
650
438
486
476
315
316
336
751
395
452
410
371
382
291
292
292
344
353
800
427
510
721
392
471
810
541
828
346
347
473
474
497
882
525
924
883
535
907
362
389
388
416
1000
819
741
925
367
374
386
385
403
411
432
498
771
743
986
1040
975
467
535
749
953
290
348
399
411
421
429
499
911
266
298
286
581
539
565
780
758
738
813
615
444
267
262
282
306
314
456
483
452
523
532
428
794
814
392
552
837
557
843
1095
429
870
321
330
420
922
752
971
353
331
465
444
935
939
749
476
821
851
368
368
392
391
427
456
616
459
718
730
479
451
484
469
468
263
361
348
343
361
354
840
830
801
868
688
669
694
317
414
456
539
541
543
536
509
718
399
381
402
353
362
383
284
351
372
485
646
326
347
433
641
362
383
662
661
1032
1177
864
945
379
998
1003
1051
1048
940
1186
1184
1029
1080
1188
530
419
471
553
1091
564
467
771
624
353
308
454
322
381
388
411
397
927
408
420
440
475
488
501
853
1059
801
956
804
345
1117
359
366
372
378
406
426
514
588
633
639
863
870
311
395
443
1142
804
1052
817
530
1003
316
332
327
340
317
312
349
343
325
435
509
495
800
324
378
372
274
290
267
317
332
352
471
462
479
270
294
291
299
400
388
432
1227
861
503
501
286
294
310
340
339
339
402
411
992
1324
936
434
788
436
601
972
969
920
565
978
818
359
447
417
346
1329
1031
650
660
500
507
525
1056
780
774
1092
437
454
488
494
298
341
373
1450
1397
1255
1342
1405
1490
568
880
538
776
1479
1574
1340
1345
1229
1570
389
472
523
1192
826
826
534
544
862
858
1040
1276
839
837
872
906
908
1055
409
443
443
485
493
479
513
446
943
1000
777
554
509
371
393
420
375
374
418
428
445
456
851
463
767
850
410
318
410
416
940
939
432
442
471
571
631
1077
835
513
526
403
401
558
808
515
900
852
557
528
691
804
550
355
363
374
384
408
420
974
284
299
317
325
340
348
1187
1187
362
413
434
433
720
664
549
633
637
690
1222
814
908
640
649
484
484
478
366
372
394
390
452
411
412
413
524
581
605
791
800
738
747
917
320
339
346
427
679
1132
1139
622
876
627
1306
1300
1236
529
929
1083
1293
1254
1220
521
478
467
454
342
356
353
375
385
393
408
416
465
899
345
435
1274
839
463
569
411
1200
1083
1056
1162
1057
850
1038
961
1075
759
1359
1367
720
491
847
1202
816
1318
1303
857
414
414
467
464
460
449
449
446
570
988
1192
895
797
568
875
750
582
404
404
419
439
452
474
483
523
546
812
946
600
364
389
397
410
418
424
448
455
463
469
492
1032
1018
814
649
649
290
304
303
304
347
347
340
342
338
338
384
383
405
523
557
615
645
645
631
687
806
1062
817
496
508
542
530
538
1071
335
352
375
368
595
585
549
1100
549
545
465
443
316
330
340
352
288
288
343
883
635
476
635
817
640
437
638
996
584
651
671
529
406
1077
778
665
399
406
432
397
984
782
932
709
531
547
546
678
572
644
585
870
480
488
504
412
448
416
421
464
503
590
1026
624
950
506
642
658
645
1043
841
465
396
422
587
699
502
440
450
460
460
624
603
629
975
867
764
735
769
735
322
328
368
384
419
426
435
443
456
466
475
489
499
507
515
521
535
543
554
636
601
1122
610
616
644
299
306
313
328
347
960
406
414
428
434
444
451
460
527
821
530
293
480
415
636
718
941
941
489
499
510
635
635
606
745
749
990
998
380
314
470
1002
693
694
902
908
496
510
526
638
554
442
970
1038
1028
302
324
397
407
430
438
447
454
461
986
540
535
353
353
474
1202
1080
356
371
349
351
348
347
744
394
442
1063
1131
1173
333
856
602
513
436
562
616
563
554
582
1031
1167
607
583
1288
1302
596
1327
1312
1199
1199
381
383
410
426
433
462
471
486
501
498
506
519
519
529
548
555
325
379
378
389
428
1287
1082
429
436
449
506
461
594
1013
1489
1207
1387
1104
1483
1279
1142
1447
1103
1382
708
847
890
518
1000
886
1391
310
318
333
340
385
393
408
507
1225
1452
986
1032
1421
1042
324
301
335
871
956
527
472
617
891
571
496
631
562
552
1025
492
557
985
1025
493
593
639
917
768
664
971
703
914
649
834
1083
705
633
1079
1122
1106
448
348
362
717
471
464
992
931
371
407
408
442
441
462
1096
1215
360
378
393
376
389
697
421
430
422
450
455
650
644
653
787
340
660
628
660
985
513
514
620
628
866
532
400
404
403
401
457
523
453
447
464
458
625
522
514
628
643
694
678
285
293
318
312
313
339
339
341
355
364
424
473
570
411
402
402
403
404
426
476
474
817
588
595
1069
361
586
689
703
352
361
865
766
810
833
390
390
784
800
597
444
331
333
322
321
337
358
694
477
801
908
747
746
663
494
725
498
465
478
489
488
464
467
355
363
412
406
428
437
443
924
479
476
668
837
842
510
686
753
854
777
596
858
505
450
514
452
502
465
855
756
823
883
849
659
660
861
862
897
440
469
464
447
444
460
495
516
520
541
546
552
560
568
581
595
429
435
446
455
471
485
493
507
514
526
552
619
643
1066
1058
933
1014
725
669
618
608
614
592
489
593
409
420
492
465
487
494
491
508
516
529
916
637
766
617
994
383
381
422
413
896
841
352
358
603
454
567
566
458
533
557
482
1067
984
1055
1075
1080
1066
723
958
733
727
431
445
466
473
482
575
609
560
480
512
920
921
589
935
436
436
481
463
470
334
340
353
370
392
402
417
460
477
484
500
513
523
667
680
621
640
639
657
641
674
355
417
480
581
610
829
833
1117
1099
681
692
597
554
659
641
388
1069
654
760
950
1290
1303
1289
935
1058
1084
1010
1452
1115
1093
1103
488
860
573
478
733
1280
981
1260
1086
1206
432
439
447
454
527
655
1267
1149
1136
511
386
598
600
537
855
867
876
1212
758
1237
332
329
343
403
353
623
617
591
573
928
1060
968
954
978
552
1058
569
629
599
599
623
651
1199
1214
1199
412
421
431
446
746
1351
760
347
358
352
397
397
444
444
536
474
470
1113
610
784
614
716
755
1126
739
1004
997
1228
1250
963
969
876
978
843
359
458
371
401
394
394
1410
1058
505
580
597
1080
1078
1069
1065
1114
818
1045
1381
588
1229
1059
1344
670
683
684
1218
920
1252
558
953
626
627
480
478
498
531
1252
430
1328
807
673
1035
549
682
688
1392
489
483
510
520
530
544
662
670
820
926
375
421
416
463
532
541
551
606
390
408
407
394
404
400
450
907
1142
1152
1161
1054
973
1137
1152
1057
1066
1076
1192
1171
436
495
517
589
633
627
642
953
1157
1242
1066
1159
1053
443
453
459
469
477
486
501
514
450
470
465
494
501
760
963
961
611
408
384
407
404
404
545
588
615
629
449
466
465
499
630
1100
584
1117
739
655
745
459
466
450
576
613
532
533
492
538
527
519
436
447
465
476
486
505
512
519
527
533
539
569
1501
1767
1181
1191
1668
1182
1971
1925
877
834
854
857
901
686
1038
1027
1040
353
373
429
438
1304
1294
1147
1355
1140
1094
1168
1182
1258
706
528
531
600
588
600
626
621
629
642
651
1267
1709
829
932
984
735
743
572
564
564
576
1404
598
446
462
462
473
482
1119
1128
1145
1282
1276
1508
1366
831
1536
707
686
1434
1506
1517
1451
799
851
858
821
566
575
576
1562
1482
1267
1123
1055
1036
1019
1027
1036
955
1074
736
879
963
1194
866
777
756
1073
718
1255
824
624
953
1066
600
608
605
627
643
640
710
664
684
736
1014
816
630
542
550
988
814
378
385
394
413
413
416
430
487
484
445
481
481
466
465
1073
1071
641
638
712
585
595
610
618
1212
1223
1232
1330
765
765
643
689
698
717
717
715
741
740
740
757
780
771
800
814
812
1001
897
1047
1036
1179
1290
1277
1055
1011
386
385
386
907
490
490
408
916
930
704
507
708
513
726
518
749
568
566
563
580
595
621
593
602
626
624
622
840
960
658
669
678
685
826
706
1213
1211
1211
844
527
523
1156
470
482
457
480
480
532
543
564
1198
558
579
844
930
921
928
599
608
616
626
735
1244
1310
1052
1185
1026
1059
1086
1280
1302
1319
640
646
588
589
648
638
1325
650
525
535
558
550
594
616
1107
1146
564
472
449
543
478
535
542
464
504
445
558
496
451
430
439
451
471
465
467
462
449
457
451
444
432
463
418
433
491
323
310
323
501
419
353
342
528
764
809
779
493
531
476
397
486
550
478
477
489
549
545
483
442
441
964
384
395
402
585
938
797
747
789
966
691
693
433
445
723
711
711
722
739
733
958
407
429
417
886
659
572
903
576
1071
1092
1013
1020
1057
1032
1115
461
544
543
439
497
566
533
672
532
889
622
577
679
682
704
469
514
677
733
656
695
674
713
714
770
1205
686
1237
1023
648
1140
1018
798
826
833
822
1172
845
931
1295
1213
1239
444
548
1263
968
967
1284
1260
666
821
798
480
479
473
474
473
500
532
540
592
614
637
655
1016
383
427
428
428
426
424
423
423
460
1522
786
801
713
775
486
496
568
575
582
314
392
368
376
363
413
762
708
824
1495
749
755
786
756
816
854
570
561
1650
453
746
714
755
913
1076
766
597
581
575
590
568
1029
1019
1131
507
1047
1117
1117
1088
1079
1075
1075
1748
546
1339
1460
1651
1459
1003
1100
487
483
484
522
518
530
519
544
1538
1406
1404
1420
553
503
516
514
548
1029
1076
1078
1066
1202
1123
1205
1204
523
538
538
557
598
1119
1197
1067
835
772
863
459
472
489
581
629
1234
1182
1106
1113
656
591
592
591
612
377
386
393
477
312
320
330
337
346
376
384
393
422
428
351
674
683
680
676
328
355
367
459
416
511
982
914
991
725
638
637
646
357
648
634
945
942
767
382
407
1470
1478
1399
1422
1348
1404
773
780
332
340
365
374
376
386
393
406
421
1511
921
533
666
447
357
373
400
393
449
371
409
600
557
610
624
581
642
592
799
881
1036
1044
1073
1067
1051
1081
1080
1118
385
409
416
431
435
456
543
569
1016
1048
540
578
584
1263
1029
1027
379
379
401
399
401
399
433
442
452
515
539
763
985
1092
828
899
1027
1094
325
337
335
359
368
381
388
395
420
438
444
462
515
481
477
1431
1176
1412
1406
1031
1310
1134
1145
1080
1157
1168
690
761
564
1274
377
428
430
430
458
958
606
524
581
346
358
364
372
381
390
413
411
427
436
444
459
473
436
491
1389
666
1040
1285
1150
680
668
669
448
1414
1349
619
1470
1148
1382
1288
1160
1372
445
447
467
474
482
566
585
565
584
599
605
1002
1231
1060
1144
872
825
873
883
883
1115
981
1531
1428
1240
1119
1120
1082
1486
1556
579
578
576
574
599
663
1195
1420
1407
1634
1739
1085
956
1157
1566
1628
1351
1090
558
548
569
577
587
564
588
598
687
704
1398
776
1161
1380
1436
1135
756
877
1515
1331
1463
774
808
807
466
472
478
490
503
518
563
571
579
586
602
640
670
691
712
745
494
508
1860
1287
1288
1448
1456
1320
828
657
498
504
542
542
780
745
1309
915
927
927
922
909
462
461
483
476
466
465
454
500
508
516
630
637
718
475
465
480
479
865
897
912
919
934
1363
1382
1406
1209
636
509
523
532
568
599
631
483
499
497
507
531
537
862
842
897
1332
1339
1264
1272
1309
1286
529
550
564
658
981
1159
742
1193
1246
718
734
508
540
578
622
506
513
523
529
1274
1141
1260
1379
1426
1436
1391
1403
1196
1217
1243
1226
1234
1241
1253
1255
705
731
439
499
505
530
666
703
541
559
544
544
522
389
396
443
556
636
1647
1631
1249
1316
859
859
494
745
946
813
1003
856
792
1010
1020
786
1026
803
369
372
451
454
416
415
403
482
482
499
507
523
581
595
650
789
960
983
1701
1396
1099
1000
621
996
699
571
500
1476
724
605
1414
706
1694
710
1118
1505
1817
855
1130
1162
1148
1439
1452
1444
1396
1903
1356
1249
1316
1088
1206
1206
618
615
632
724
730
405
414
517
526
537
537
552
571
570
608
587
598
612
621
637
451
1356
1262
1132
589
614
644
387
388
416
414
478
447
468
467
464
496
512
641
640
640
605
1209
1211
783
1428
1235
1241
1439
1402
375
436
456
464
496
562
624
688
681
699
677
1356
1370
795
764
814
1256
1246
770
1209
825
803
840
815
510
525
548
658
1134
1659
1418
1431
1550
1698
586
601
608
620
629
653
662
670
678
682
715
743
798
2018
1713
1831
1110
1109
669
701
722
829
570
571
572
569
605
617
625
633
644
652
669
682
698
697
727
736
760
884
1197
1275
1887
896
899
732
779
850
575
583
616
641
640
639
638
661
776
569
1017
1248
1270
869
871
889
702
796
830
1885
1873
1885
1744
2054
1143
1384
2055
1393
1380
1422
1774
2077
1782
739
749
775
797
870
1022
1418
867
547
544
597
604
640
640
663
833
854
1806
1450
1494
1080
2041
1829
1921
2197
1459
1475
1423
447
454
461
590
627
1901
1723
1674
1473
1480
1875
1878
1381
1509
1381
1472
1548
1460
802
1056
766
784
941
947
746
512
526
519
537
550
531
897
899
897
765
750
771
766
1324
751
752
1334
726
1333
1343
951
1335
1519
1519
1518
421
453
475
468
547
515
560
524
575
1160
1184
891
1752
889
1394
1408
901
1409
1438
1462
904
894
1540
950
960
1289
1388
801
809
822
1018
1026
1242
1254
1267
1259
879
619
635
898
556
571
1448
1456
1477
376
383
438
454
462
473
483
481
506
516
539
546
568
578
587
609
643
1741
1787
1784
712
1172
855
1737
721
1220
1463
1456
1453
1489
1484
541
557
572
621
523
659
1519
1571
1541
413
395
407
411
417
434
443
459
487
495
501
1127
927
920
933
944
945
953
884
966
662
1053
1335
905
1339
702
696
764
699
696
773
1245
512
524
531
557
574
619
590
640
1038
1588
927
926
932
930
857
861
862
1603
866
1633
953
1636
1603
1608
798
565
532
555
574
554
562
608
649
651
631
668
704
480
481
481
499
513
538
547
536
585
607
612
647
700
1670
1597
1688
1698
1342
1752
1326
1342
1773
806
815
848
463
468
482
494
503
525
534
618
703
1221
1611
1787
1301
1192
1201
1298
878
1309
649
660
656
657
666
414
380
436
433
468
477
494
514
525
535
548
566
567
579
691
929
1140
753
1151
1133
828
858
872
737
533
831
840
616
1100
1157
1190
597
591
1134
1268
570
585
567
586
598
515
514
514
512
539
551
609
603
1112
1515
825
1363
1259
1200
1259
598
649
684
1475
1676
1547
1662
1668
994
993
1689
1603
1307
1272
1271
1281
1291
582
579
637
611
611
611
778
778
1064
586
347
426
461
451
451
453
604
712
536
560
627
615
647
660
387
395
417
423
814
821
827
834
1228
1452
707
490
581
452
466
899
896
914
909
908
920
820
1060
1517
1624
1237
1427
1445
1167
1176
1172
1654
1345
1668
1691
1197
1316
1495
1113
572
573
600
611
622
623
640
723
1030
1393
1385
1416
1385
1005
1014
755
769
771
1628
1800
1796
1807
1717
1787
1716
1175
1181
1177
1188
1790
1822
1735
1304
1356
1350
1366
808
814
820
631
642
700
711
718
732
833
821
861
1046
1062
1058
978
1069
1075
1362
630
645
657
664
743
829
834
927
1506
850
1510
1527
881
883
884
898
974
1006
552
564
668
697
798
1748
1955
1755
1506
1242
1752
1742
933
905
883
883
1699
1594
1435
1405
1549
883
479
487
532
538
559
607
604
620
627
640
650
668
678
699
692
700
706
720
728
906
1204
1214
1210
1220
1217
924
1079
1506
1502
1379
1376
1378
1356
1382
1361
1813
1423
1600
1431
1611
1587
1597
1749
1646
1595
1767
1625
1436
1037
617
617
626
633
645
653
661
744
759
821
847
882
790
1442
1449
733
597
604
725
579
619
619
619
621
794
935
767
609
617
642
657
667
674
748
1341
1337
1337
1347
626
638
939
801
808
818
961
2079
1975
2078
2088
2097
2164
2032
1459
1527
844
1561
521
528
539
545
550
556
560
565
577
595
611
616
622
677
684
690
790
849
2174
2036
858
866
1113
1560
1805
1424
1560
609
621
621
631
658
792
706
686
489
499
585
591
600
613
612
611
631
638
653
678
655
661
667
682
677
1019
888
1030
1510
1330
1328
1350
1646
1431
1515
1542
682
771
803
830
841
865
1654
1701
1383
1404
1693
1400
1595
1126
1420
1420
1438
1097
1477
1477
987
1228
2065
1235
2054
1243
2068
2029
2089
2024
1947
692
617
677
679
676
727
739
862
1020
1631
896
930
1399
1703
1702
1650
587
657
607
687
707
800
785
691
812
1884
1902
1879
1514
1753
1518
536
546
554
569
575
583
595
621
636
652
659
668
681
687
696
780
526
537
609
614
852
844
846
853
856
502
512
521
541
550
561
568
584
580
598
606
613
620
767
833
1712
2108
1719
1075
2138
539
562
573
580
590
603
1044
1607
1031
1662
1663
2019
954
783
934
1031
591
600
609
621
628
635
721
741
779
916
2094
2103
2094
2110
1805
1124
1130
1769
1811
1142
1703
2078
1732
1966
1093
863
1505
1522
1531
1528
1566
1567
1657
2137
1791
1684
1108
1686
1675
1306
1319
1321
1712
1334
1342
1350
1291
2218
1183
1547
715
730
741
753
765
772
789
795
907
856
1568
854
1567
1591
1591
898
2019
1511
1755
1470
724
825
838
652
730
1022
1548
1555
1565
1567
929
944
928
1061
632
642
650
672
681
870
890
1689
1687
2228
2241
1524
1349
1500
1518
879
869
855
863
878
915
915
1559
953
952
947
941
928
937
979
987
647
592
630
660
639
580
618
600
612
602
555
728
736
747
755
841
1279
1274
1285
2418
2205
2197
1285
1292
417
424
430
496
508
517
537
548
565
564
574
581
592
608
615
622
634
648
660
668
680
2042
1159
2065
1751
1826
987
1020
1026
1033
1203
1213
869
791
1940
1425
1432
983
1955
1032
1038
715
617
606
601
602
764
796
929
970
692
701
710
907
913
920
1913
1968
1372
901
1581
1000
1520
1482
519
534
572
582
602
613
611
740
885
799
888
1897
1892
1397
1408
1450
1459
1471
871
737
657
673
752
1121
948
804
811
820
1329
1440
1491
1466
1467
1465
1555
1519
1527
1577
870
653
660
674
681
691
700
711
709
725
740
814
840
850
1440
1429
1431
1445
1453
910
913
922
546
541
548
557
588
595
612
622
694
663
662
712
721
692
707
722
741
751
793
799
850
946
2130
2127
2125
2020
1536
1638
1807
1729
1828
1889
1344
597
610
611
627
719
835
900
952
1426
1699
1692
1628
1972
1198
1465
1127
810
825
830
501
608
625
626
636
645
662
1642
1533
1184
1503
1358
1496
930
1113
1118
1123
1129
716
796
803
809
851
858
895
1035
1036
986
992
768
776
858
1444
892
756
593
604
624
631
650
647
630
638
1032
1034
1609
1476
1508
1491
2089
1640
2099
789
814
720
1082
1087
1640
1610
1004
1646
2005
1703
2410
1679
2031
1695
1709
1723
2506
1750
886
887
918
935
948
982
964
962
681
691
715
719
710
928
889
906
907
924
1003
990
1017
1695
1687
1688
1687
1902
1956
1855
2750
1715
2672
1539
1588
1585
1813
1725
1178
1194
1805
1814
1829
1826
1846
1856
1219
1218
1228
1156
551
548
567
582
681
689
682
711
704
711
720
740
750
783
790
804
855
855
855
854
839
873
882
893
911
923
933
942
950
962
2196
2007
1808
1399
2125
1635
1728
1053
1059
1183
1212
1226
2084
1884
735
2068
563
559
577
2069
2007
1558
1128
1353
1672
942
1088
1010
1005
1012
1091
621
633
794
784
1005
2262
1548
1611
2286
2276
1622
1154
1155
1400
1406
1401
1400
1418
1464
1433
1454
1448
1480
1486
1492
878
895
987
1929
612
1240
1819
1823
1967
1529
621
616
657
651
1659
1659
1430
1442
1448
1447
1448
1688
2123
1688
1666
964
948
964
2034
777
764
809
780
780
794
809
820
820
1548
1397
1681
644
573
581
591
602
608
1401
622
628
634
639
648
659
678
676
695
701
712
710
760
1730
1522
1696
1621
1623
1747
1539
1309
1404
1385
1460
1475
887
954
962
592
973
968
698
700
542
588
572
568
563
626
587
676
1640
1436
1032
1044
1041
1047
754
755
1563
1445
920
893
892
903
818
581
793
691
785
800
705
712
794
678
812
800
1055
571
617
582
644
633
584
661
668
675
684
962
927
1110
883
727
938
934
594
665
546
554
527
542
531
565
600
615
1017
593
1057
635
645
566
596
604
876
676
645
801
783
807
840
865
862
868
869
843
841
584
590
601
609
617
630
650
646
692
660
728
689
690
690
738
749
766
764
772
771
792
800
806
1195
989
600
612
621
640
674
682
690
698
825
1068
1414
1063
1426
1074
1322
1395
1346
1353
1369
1606
1351
1626
1584
1373
1364
935
1389
1379
1626
1611
850
856
680
1642
1636
993
986
1245
995
995
761
751
771
834
781
791
805
1035
1383
1126
1132
1350
1358
1384
1411
1334
834
907
836
993
1022
1269
936
851
831
668
675
850
845
832
763
771
1510
1454
1455
1562
1481
1685
1631
1788
1464
1553
1491
1650
1795
1582
1810
1698
1098
1522
1729
891
936
871
940
888
908
696
1457
1586
1665
685
692
700
935
934
867
662
692
700
724
1133
1220
1713
1728
1790
1745
1242
1246
1249
1409
689
732
746
747
803
803
799
771
843
841
839
865
615
630
701
620
628
625
625
718
738
738
751
714
726
714
724
755
785
793
803
825
569
580
878
1748
1758
1283
1134
1491
661
661
653
615
666
687
952
899
942
913
547
587
587
579
647
633
613
670
678
1118
890
845
950
1666
1594
1135
907
797
1146
1567
1144
1097
972
1194
1155
1093
1173
1161
1619
1323
1016
942
473
612
510
498
498
759
739
735
645
1749
2008
1111
1774
2010
2061
1744
1428
572
582
615
598
738
1798
1818
2073
2084
837
1197
1196
859
1715
953
1689
1748
1696
1747
1158
977
1246
564
593
594
605
634
632
707
1814
619
619
609
706
623
645
565
564
643
661
892
1153
1142
1751
1638
1765
2193
1998
916
906
1140
1198
1200
1200
1215
2214
1208
1231
1235
574
647
587
580
592
667
641
681
697
760
862
875
1271
1190
2282
1787
1604
1793
1784
2328
2295
1210
1327
1238
2323
2254
551
527
609
602
622
633
1502
2362
1410
1600
2365
1129
1172
1557
1370
1301
1529
2266
1161
2320
1085
1894
2077
2342
1201
2051
1190
1209
1756
1766
1202
1215
1202
1116
1450
1551
1557
1266
901
1000
746
1497
1511
1478
683
1446
1492
1475
1496
1495
688
652
707
708
724
721
735
761
758
775
849
1718
1695
1737
1052
1077
1075
1179
1196
1189
1189
836
1430
451
500
458
467
487
486
499
508
540
547
556
563
773
1421
911
1431
1291
1212
1018
964
829
1304
811
1476
848
814
858
982
817
853
959
1326
874
1495
870
1351
1030
907
958
661
669
1649
1907
832
752
1255
1299
1495
677
1854
850
830
838
1795
674
601
600
675
611
616
727
1614
1605
1612
1459
1478
1182
1190
1360
1359
1309
673
744
684
706
679
1326
838
1632
839
1482
1551
1242
1538
1504
1513
1539
1510
1533
1524
1568
1797
733
727
761
705
781
775
801
814
821
839
890
773
969
977
1141
1266
944
1147
1197
1484
1646
1792
1656
718
724
729
755
754
754
779
785
790
799
805
817
825
833
867
847
883
897
906
947
947
1002
1029
1106
1113
1672
1433
1970
1770
1946
1937
1778
2118
1996
1809
1820
1802
1963
1708
1975
1010
1581
664
671
682
681
692
735
741
749
755
765
777
795
823
828
835
844
851
859
870
877
884
894
900
907
960
997
1022
1059
1110
738
746
923
1307
1337
1376
1633
1610
1870
1158
851
993
1222
1228
1495
1457
1425
1496
1519
803
761
805
825
806
805
591
790
593
565
486
645
643
626
672
670
692
702
712
1062
1188
923
883
887
885
704
736
722
1484
1657
1231
555
566
507
568
456
467
486
507
517
510
543
613
620
621
1140
1135
1547
941
755
596
672
645
707
956
1183
1247
1253
1052
1009
814
820
1979
1494
1611
1645
1627
1634
855
839
866
1664
868
1858
1820
1820
1800
1340
1886
1828
2052
1824
1676
1824
1888
1687
1843
1912
1693
2046
2050
1888
1920
1968
1343
1991
729
711
720
646
648
838
790
804
740
836
781
883
896
816
699
915
1457
1464
1470
1971
2111
2090
2103
1654
1370
1608
1672
1785
1793
1804
1823
1818
1827
1852
1172
1180
1179
1186
883
785
805
797
806
780
833
680
1881
1876
2272
1767
1894
1769
1896
1875
1782
1898
1878
1905
1570
1072
1067
1074
1042
1029
1071
1062
1232
1234
946
1568
1769
1280
1285
1089
1095
1103
1000
1001
1002
1003
1286
1288
1291
1299
1305
1307
1317
991
989
1067
1097
963
971
823
987
703
797
806
814
835
847
856
865
1060
1282
1422
1429
1450
1224
1465
642
653
684
692
687
695
690
714
727
745
756
763
776
793
814
829
838
847
895
2182
2431
1150
1228
1718
1154
1127
1169
1165
1199
1746
1189
1754
2404
1611
1694
694
793
989
1969
1070
1080
1081
842
833
865
878
901
1750
1744
1746
1668
1697
1721
1754
1755
1724
1734
1775
1752
1752
1787
1798
777
786
834
852
816
847
866
837
911
916
893
890
848
850
883
924
2187
2390
1746
2401
1172
2186
2478
953
2218
1044
2012
2080
2120
2239
2079
1032
1054
1048
1023
1042
1079
1695
1679
1115
1226
856
858
889
820
817
888
897
873
2339
2369
1038
886
932
2129
1097
906
1085
953
1163
780
772
781
779
757
830
816
816
852
852
874
1080
872
1290
1297
1211
1122
921
1324
1254
1047
1040
426
1805
573
580
637
614
631
630
691
637
698
714
713
785
813
822
835
1945
853
863
976
1028
1611
1606
1763
2144
1245
1877
1574
1587
1915
1284
1219
1289
1617
1134
1313
1320
1532
1038
1625
1159
969
991
608
965
1066
832
568
538
545
558
557
654
664
613
609
618
613
662
673
663
658
658
659
660
661
716
1688
1698
944
962
1707
1694
965
623
637
635
809
800
851
852
1833
1020
2394
2326
2358
2152
2335
2365
2360
2424
2420
2405
2296
2376
2346
1109
2422
1274
1054
1498
733
753
942
924
1495
1509
931
730
685
694
705
738
965
956
1575
1601
1601
1433
1474
1595
1595
1617
1624
707
705
704
753
798
805
836
901
844
1871
1866
1765
1874
1773
1866
1887
1770
1871
1470
1869
1783
1485
1753
696
644
607
730
722
613
737
755
715
643
634
657
686
671
789
674
857
802
823
835
866
573
567
573
599
596
610
616
636
731
730
782
858
912
927
1010
1236
1242
1249
1339
1680
1336
1346
1701
2200
2244
1362
1353
1698
1694
1644
1731
1655
1662
1966
1945
1201
1228
1235
1493
1487
1097
885
499
901
1456
1508
1489
1411
1115
1516
913
1512
947
531
934
650
659
661
673
705
809
853
1001
1346
1219
1199
1188
1004
1190
1020
1027
1137
1064
1295
1070
1073
1972
955
688
662
561
562
555
689
546
557
558
569
584
595
602
1494
1503
881
884
776
762
1545
1536
2135
1708
1732
1596
1644
866
2016
1650
1735
1743
888
896
628
641
643
652
659
671
677
686
687
700
701
729
732
768
2275
1761
1714
1741
1688
1112
1110
1120
1127
1110
1929
1566
1116
1151
1122
1139
1156
1157
1957
1154
1845
1233
1642
1841
1588
1871
894
908
934
959
980
991
980
1361
1362
1777
1671
1783
1864
1942
1810
1807
1705
1705
1833
1883
878
867
882
843
863
863
870
845
905
907
934
934
987
998
1004
1141
593
644
664
647
663
662
692
777
736
754
785
784
783
777
786
778
875
870
878
924
938
950
955
962
985
981
975
998
1063
1109
2086
1263
1271
2122
2177
2308
1768
2364
2188
1780
1985
2102
1101
1087
1110
1102
567
600
1044
910
541
510
519
537
544
540
604
1020
912
631
631
664
661
656
613
608
615
606
649
608
651
648
641
603
927
939
875
898
883
807
866
729
1023
949
938
935
933
933
929
922
1732
1429
1725
1430
1430
1417
1406
1405
1396
1550
1769
1519
1505
1546
1520
1510
1532
1577
1531
1552
914
658
936
1384
1382
1019
1391
1392
1419
1027
758
758
1593
1583
1581
779
1634
685
666
662
685
713
678
695
695
714
715
690
736
894
1048
1046
1768
820
955
1766
1345
1470
1350
1470
1239
1661
1214
876
787
793
1711
1884
1809
1718
1695
882
1451
1601
1536
876
875
1596
885
893
910
915
921
1633
965
966
977
1733
1732
1155
1846
1504
1563
1850
1777
2059
2064
1823
1849
1774
910
948
948
949
946
917
916
911
1000
1000
1097
1211
2318
2072
2114
2303
1252
920
982
972
995
1013
1037
1052
1135
1194
1354
1366
1366
1378
1276
1316
1358
1353
1354
1392
1040
1054
1062
1077
1101
1203
1936
1932
1917
1955
1699
1929
1920
1458
1467
1963
1945
991
992
1000
1005
1012
1027
1039
1106
1115
1143
1152
1373
1386
1394
2086
1863
2121
1250
1124
1145
1355
1355
1367
1502
1533
1544
1546
1561
1543
1577
1554
1565
1831
1830
1850
1848
1861
1881
1900
818
832
841
852
1026
1046
1026
1046
1156
1164
1171
1177
1183
1196
1204
1212
1220
1283
1282
1306
1317
1327
1339
1348
1370
1384
1390
1398
1126
1409
1117
1165
1162
1248
1168
1175
1443
1450
1206
933
1005
1014
1027
1037
1046
707
773
785
792
807
817
837
847
1362
1361
1924
1923
1140
1073
1090
1432
1516
1317
1022
2157
1176
1596
1146
1113
1189
2178
2134
2206
2200
2234
2245
2246
2244
1255
1582
868
804
801
745
891
1112
1142
1311
1267
2176
2385
2332
2436
1436
2067
2229
2271
2303
2264
1238
1308
1306
1329
1871
1873
1591
1592
1602
1030
1038
1103
1975
1531
1351
1359
2887
1379
1384
2496
2607
2569
2534
2930
2876
2414
2468
2762
2675
2679
1442
2353
2437
1584
1622
1567
1558
2648
2172
2589
2563
2983
2592
2580
2982
2979
1471
1469
2561
2602
2578
2040
2574
2804
2554
2561
2541
2536
2593
1564
2548
2746
2421
2495
2428
1389
1100
1081
954
1126
997
995
1002
989
1111
1147
1110
1228
1220
1231
1231
1261
1301
1309
1317
1325
1334
1354
1349
1358
1399
1388
1388
1388
1428
1437
1609
2240
2888
2787
2743
2756
2248
883
898
937
914
943
954
962
984
996
1009
1170
1277
1494
1774
1774
1772
1773
1789
1796
1806
2957
2979
1914
3021
3042
2974
2695
2719
1673
1683
1245
1466
1524
571
804
763
810
771
771
787
821
820
818
853
890
899
1039
3069
3089
3048
2036
2034
2034
3087
2949
3060
3095
1813
2146
1436
1325
1544
1435
1557
1378
1371
1491
1556
1593
1589
1593
1186
1236
605
606
2482
649
2057
2074
3054
3045
2086
2068
2084
2102
2533
983
2121
719
713
730
738
745
751
761
770
804
781
801
802
819
820
842
1155
2277
2305
2279
2278
2308
2319
2421
1793
2435
1092
543
553
560
574
623
636
644
640
656
2273
2052
850
861
851
792
785
785
784
799
846
845
846
845
846
847
846
852
851
851
2139
2133
3303
1524
3315
1218
2224
2231
1130
1541
1342
648
649
699
620
702
636
728
640
668
630
743
687
653
711
733
1042
1059
1061
1051
1064
952
948
968
971
1957
1990
803
765
765
891
2073
2110
1251
2165
2125
2214
2214
2220
2215
2120
2129
2241
1828
1768
2234
1278
906
918
673
687
684
691
647
648
723
743
751
771
778
810
859
1134
1939
1388
963
908
1087
1101
1097
1378
1627
1141
1153
1135
1021
1146
1192
1140
1895
1902
1461
1637
1199
1754
1229
1694
943
952
960
951
877
939
1992
1977
1225
1743
1086
1462
2001
1707
2119
1325
925
685
682
695
705
712
722
734
764
763
789
819
819
820
820
895
876
874
869
868
868
867
865
1459
825
1640
1344
1517
1634
1369
1186
1361
1399
1378
1198
1403
1406
1385
868
879
1333
1048
2734
1064
1076
2565
836
2632
788
788
759
862
862
844
797
798
985
1487
1475
1526
1506
1019
1021
1023
684
693
692
782
708
714
780
778
726
737
744
755
754
775
771
772
816
842
856
863
871
908
921
983
1342
1331
1338
1344
1445
1443
1426
1506
1528
1498
1531
1544
1152
1158
1164
1170
718
739
767
766
816
888
917
968
1185
1089
1638
986
1080
1058
1069
1051
994
1123
1124
1111
1100
685
779
696
574
758
764
784
763
719
768
753
743
755
821
815
890
1019
1348
1637
1388
1641
1631
1644
1675
1676
1747
1791
1841
661
645
652
622
695
590
608
606
680
810
600
650
738
737
748
773
744
1514
1581
1678
1591
1601
1694
1071
1058
1087
1117
1123
1133
1139
939
964
