210
2823
190
338
955
261
1232
1012
176
2392
1657
216
301
4066
356
1255
630
214
210
237
671
326
172
273
179
3470
143
809
315
223
161
323
129
124
1206
211
162
147
141
3511
150
668
160
176
1809
181
174
159
221
867
83
91
73
69
91
69
98
1767
888
101
448
73
1122
2136
57
681
39
38
60
30
23
99
236
433
15
14
17
14
11
267
1889
32
22
20
3593
2390
67
70
926
43
45
1518
44
1423
1281
46
47
44
3818
1012
1763
1486
956
109
892
3840
3624
3005
394
147
1221
519
702
163
1108
1908
487
237
458
2562
535
580
969
1909
222
333
755
646
216
1035
1658
1132
978
782
2510
214
265
1716
318
1614
1461
292
362
184
231
167
187
1226
368
300
3574
238
196
1164
774
1485
370
366
236
676
242
350
250
235
292
190
236
234
2333
2598
4920
2402
2410
311
1587
448
466
335
3171
271
288
314
331
486
502
2338
276
310
328
345
1525
2235
497
530
814
301
1043
377
445
307
466
288
300
311
326
367
254
254
212
243
260
205
231
3098
438
315
256
280
388
593
1123
286
323
3199
277
231
811
2950
309
238
247
370
173
389
158
142
163
157
169
143
197
120
140
491
424
101
131
95
108
128
52
82
27
17
24
1100
2246
45
3034
40
979
14
39
666
1195
26
1196
2750
1207
1917
1062
986
68
66
2113
1275
83
397
130
1439
119
626
929
3507
3406
1174
155
3480
139
808
804
156
1004
119
151
648
121
132
107
97
104
129
91
1241
125
123
110
119
96
114
74
96
124
982
991
652
60
81
48
66
1332
70
73
1175
3792
1348
97
114
110
132
906
60
93
758
70
1165
51
44
1236
38
53
167
49
45
33
42
37
735
37
1532
2120
69
2872
57
2147
2660
42
29
44
60
34
34
23
16
16
1126
1396
1122
3440
116
79
42
28
2345
20
684
4105
618
3318
106
61
70
26
2203
30
672
22
845
113
2631
50
1173
60
56
2192
92
843
73
706
73
2943
2720
80
1262
843
85
83
1863
125
1049
806
1865
1086
1931
771
100
77
2271
217
905
130
988
60
936
813
105
85
61
133
63
53
53
1373
112
53
62
916
60
46
40
40
2484
69
611
1415
1908
1544
130
1425
170
76
2686
1137
966
106
124
708
685
1200
1538
1428
140
123
2743
84
92
125
2753
91
81
103
103
173
50
59
137
77
66
66
96
95
86
100
1576
129
102
2687
74
99
2934
1012
117
74
82
2888
1611
2990
89
117
919
162
125
156
185
3212
897
3018
227
393
192
4033
162
121
157
247
4062
139
289
137
2251
163
142
154
137
93
122
95
135
180
201
214
110
3315
101
83
4463
123
154
100
1985
4240
119
131
1442
1227
4557
1251
1905
1204
1222
1782
2895
4472
222
1278
920
296
310
246
1131
842
258
1404
4684
1450
169
228
238
2853
1057
185
367
207
179
188
245
381
312
273
230
240
231
202
343
2166
1233
211
3258
216
202
211
229
224
225
181
316
1313
359
207
316
1228
3119
323
365
316
247
231
3127
2939
3392
1831
244
5206
5068
1902
194
344
190
359
164
353
4236
199
143
1532
257
120
220
102
135
1191
229
110
118
101
108
93
71
74
1141
81
130
87
1112
1747
1253
1195
80
86
98
1176
1449
142
110
1203
104
133
95
59
85
56
27
16
17
1943
46
1908
34
14
1438
1870
1569
28
27
1560
1630
507
67
67
60
313
2068
511
5133
658
1788
47
64
60
80
2039
1969
50
59
1711
68
56
65
75
69
61
61
85
4391
2281
109
105
114
167
120
98
133
1287
112
163
1164
90
1566
4042
6047
143
1145
124
101
93
97
159
84
125
97
1774
2091
119
97
100
1478
1488
1449
155
1332
2197
165
1558
178
86
1417
93
1388
4504
970
103
1486
4895
1637
1786
98
170
121
98
137
81
1316
80
2832
4503
133
1368
4427
127
5043
943
131
111
127
99
196
2058
1987
1154
100
122
92
103
1960
86
73
89
74
84
91
105
1580
140
135
4038
4621
1704
149
174
71
57
2058
48
62
30
43
111
42
83
55
80
2229
1606
1057
143
146
726
152
954
1297
48
139
4422
1980
1838
77
1765
4317
86
1359
94
116
95
71
1260
796
145
2308
2399
187
1537
200
126
169
160
93
121
5127
106
102
97
4538
109
1892
705
124
1553
1253
135
102
2497
1517
1034
4926
1149
1727
145
127
2619
130
2209
6205
146
1136
2041
1921
163
167
4951
155
146
130
1022
189
2012
2013
1199
167
148
142
141
112
108
2289
2769
103
95
95
181
147
92
99
98
96
1263
175
112
5115
129
153
88
5909
87
2760
94
1663
2373
2400
1608
168
114
73
1343
108
149
3243
5672
2580
2246
2452
2305
110
5176
136
105
82
79
143
5846
106
5398
3031
2779
140
100
106
144
121
159
98
97
124
112
86
68
141
5273
2285
145
72
38
1085
35
2326
53
1952
43
1648
7229
96
110
25
48
5653
65
5373
54
69
58
80
18
48
28
2142
1653
5941
113
5781
811
135
114
121
54
56
1244
67
1351
69
58
1761
81
4904
110
6450
5124
1442
139
129
124
44
60
68
90
119
2275
75
1972
110
2690
104
4277
126
3039
1718
1913
122
44
1490
44
51
39
38
2602
154
49
46
2703
58
4973
108
66
95
1676
47
1807
43
1259
48
32
71
43
4620
62
54
1469
1484
61
58
52
2604
64
2394
19
2899
81
30
25
23
21
25
103
16
265
319
13
9
832
15
12
1547
1534
39
29
28
72
23
22
23
24
2368
12
7
1688
9
9
1365
30
45
12
10
1506
905
2220
2799
719
38
33
33
30
28
24
33
25
2736
53
11
21
14
6890
2488
19
3519
2452
2658
2125
2766
2695
2117
3220
5719
2533
4491
920
965
5161
8136
851
3473
5726
101
99
97
94
127
2528
92
161
2258
2108
141
117
146
962
5770
91
94
1401
2023
2916
92
92
85
97
104
134
118
3302
2504
907
2481
62
117
115
115
113
114
1946
62
2111
133
104
188
144
5496
2838
168
115
75
193
67
75
76
77
80
73
67
101
82
5325
104
2515
84
54
49
45
46
5073
2619
40
29
36
61
17
9
1760
11
2451
11
55
8
16
1986
11
5303
2075
14
2449
3108
5183
51
53
31
6472
2235
59
7109
72
49
2800
87
74
69
55
5875
46
53
2425
55
62
3066
2493
2702
1446
64
16
123
39
26
948
96
32
1550
34
35
820
29
44
28
25
22
1227
1812
1066
5670
76
50
46
31
20
39
37
1319
30
1187
1211
39
3013
71
65
93
5349
1944
73
2282
56
88
1226
107
47
1384
2994
51
50
42
8097
31
6408
31
17
1206
30
2650
39
27
1402
7
7
2878
2309
2767
64
2983
24
12
14
35
7
2691
6
6
25
6
3329
2650
1848
1655
13
1249
17
34
7
2042
9
7
1858
13
3253
11
1050
3108
2555
1285
75
2127
3380
1325
108
87
1667
3126
33
42
42
39
46
1760
70
47
62
66
2152
56
1666
30
30
50
25
38
2846
4412
1382
3536
51
2512
83
31
38
19
4771
20
39
3594
42
29
3951
72
3024
30
2357
2683
3626
173
3510
3846
185
124
129
3343
216
1686
3985
3012
1770
2410
190
7950
165
144
240
130
139
2751
3109
3407
228
3400
3095
329
8227
8053
282
1588
258
208
185
221
189
178
129
138
112
263
216
132
148
165
149
147
128
193
113
96
102
126
3911
130
152
1927
152
2578
185
187
2856
143
138
143
5090
171
175
171
163
125
2934
2878
89
3280
863
104
2698
110
99
94
3185
97
117
94
74
69
785
101
70
71
57
3254
5405
66
2265
7813
7640
3923
5942
91
815
2680
92
7162
168
104
105
116
76
90
45
49
46
53
3109
81
3206
2171
98
77
3101
7376
1095
6084
419
706
5403
2216
6942
173
175
261
2069
110
138
2405
2241
5003
99
1792
136
106
128
149
124
117
189
120
2244
2795
2736
119
130
3850
2192
8928
2761
160
162
6578
123
112
104
117
133
119
8977
8555
162
102
118
894
1330
676
116
3571
52
3324
134
173
77
71
132
57
165
59
57
93
74
63
49
789
26
1108
34
1989
1012
9098
31
985
3040
3609
8110
10258
8827
1538
119
2055
2248
133
1689
2232
188
140
3240
8688
225
2202
8934
184
9664
1277
7829
168
176
1535
177
146
163
173
182
102
254
154
113
2219
95
103
274
4600
139
140
3455
169
169
151
160
1480
1767
1134
181
6270
8391
131
189
209
4604
8464
2561
2605
278
1856
150
1554
7924
129
153
2952
6851
136
122
2076
193
103
126
107
116
131
78
108
2535
135
92
87
200
3484
101
180
86
73
63
109
104
53
67
83
59
168
67
56
6857
135
45
83
11
4096
16
9
3436
33
81
77
7159
99
11
95
1532
642
18
9072
7215
62
61
70
35
3022
32
2061
1942
29
69
46
42
50
99
101
94
57
45
4483
10183
82
6611
3685
2525
95
84
1114
79
2034
67
119
2120
2272
2774
128
115
83
3341
2057
69
45
138
1429
1376
2525
3955
1231
163
123
6205
6052
1905
2376
83
112
8035
6131
90
6765
2660
8126
114
108
609
1330
102
10297
1506
2864
2854
180
2441
155
210
177
169
171
814
159
160
216
162
157
151
178
3138
1608
246
209
255
1532
187
212
279
221
1280
1807
2180
11499
249
241
203
178
1489
118
211
277
132
133
130
99
95
105
179
172
96
81
80
5573
111
5736
2435
6232
140
145
3226
3451
6443
4301
2597
3492
1395
1261
6194
1583
6545
183
3303
167
2264
171
200
138
152
143
298
175
131
128
136
128
2498
1888
175
149
2046
3262
3067
6174
182
2078
266
3619
194
3466
2040
2384
10070
260
267
3026
184
2659
3090
217
2774
197
303
6615
7642
5686
193
281
7649
3091
290
2582
2997
9496
2286
243
324
328
2790
3277
6010
3284
246
193
174
168
182
238
298
263
263
285
318
138
178
186
229
182
167
2697
277
163
4101
1938
185
132
142
163
177
4715
5271
242
2945
2355
170
137
177
2021
207
198
207
213
135
131
184
178
167
4658
149
2639
187
187
183
127
3129
1872
207
142
3313
187
3880
215
150
113
132
4450
56
184
95
55
8088
28
71
2076
139
203
60
44
3595
67
2250
47
107
84
10292
49
104
38
39
61
5035
3008
1794
49
3547
1709
1868
4050
106
1675
1812
5332
107
88
70
93
66
5579
56
80
77
72
2989
3830
10704
107
108
129
115
5147
3946
7046
138
130
127
2571
5257
194
278
1175
169
4249
209
205
2615
617
7564
257
4765
3076
220
238
258
2735
677
329
340
238
236
190
205
237
2387
6322
262
191
373
3383
2111
224
224
2142
216
225
238
284
2947
372
284
334
198
244
273
287
160
366
2363
342
157
314
231
212
193
193
319
339
191
207
3119
325
5015
2244
2263
1755
2199
8483
2917
240
2569
289
5846
175
2488
4856
2935
3126
1860
200
292
325
362
203
145
2685
6565
1432
216
1744
1225
9733
19636
1538
1601
3649
202
239
240
289
216
5604
2313
3452
317
212
225
179
202
227
335
6870
2677
287
2443
2937
9106
178
193
205
189
276
1426
195
2430
2512
207
307
8471
172
204
326
3685
4612
2288
7008
3183
3358
234
373
369
2476
2597
259
272
313
349
2763
291
396
2839
1742
272
291
3052
6856
249
320
7061
228
218
249
134
187
210
273
303
3636
239
360
301
301
107
136
270
1882
299
697
370
215
228
1227
6243
241
226
219
217
201
5048
2910
209
234
308
217
1308
2771
376
474
229
3208
153
242
178
149
295
295
183
125
146
159
167
143
128
147
3831
102
166
124
118
116
84
143
92
2147
173
2993
3480
2405
3355
3348
175
2538
7646
113
2149
232
3079
133
149
4821
124
217
134
122
136
139
2266
215
2413
159
165
149
2079
1758
7663
3575
150
168
2139
3668
2387
3795
157
3620
231
168
3187
3341
136
2899
163
175
3118
2508
289
3938
3356
3782
4992
9253
3085
1933
256
237
254
2605
1718
1593
7507
343
267
4028
312
4958
3428
2699
10691
2846
271
299
2461
8925
2002
3212
366
345
366
526
2227
1030
4036
7915
7593
4714
2576
2450
3906
4180
430
365
3025
4387
380
390
405
413
2367
1904
2592
1070
623
630
529
305
405
405
406
381
443
437
456
528
623
506
299
315
1465
608
593
4022
404
403
500
5051
274
486
496
436
572
323
312
306
327
509
374
317
326
2184
339
378
331
340
348
357
376
3183
341
349
359
371
196
250
262
269
310
318
328
340
373
382
446
2482
231
242
250
320
400
451
451
457
477
8626
8014
347
296
241
251
278
501
499
507
448
467
3860
369
2828
2731
406
3134
3282
425
534
2342
2581
2527
2023
8601
5174
367
374
385
420
439
2515
1950
523
295
307
308
410
403
426
2071
321
579
3833
2284
524
425
530
2450
2462
9972
5277
2475
1776
324
402
558
2562
344
326
360
375
603
462
7550
238
248
418
571
374
202
202
389
3269
4153
234
531
307
3439
227
261
464
3601
3659
1058
260
270
285
404
367
7453
317
252
266
285
331
4480
432
3638
6710
2385
2882
271
2990
3296
218
284
330
4754
3331
7952
1370
1437
1376
255
241
259
287
2872
210
244
2042
453
319
1444
2915
424
486
3211
324
4766
261
406
3652
309
391
292
222
237
249
344
196
169
181
403
329
283
210
192
190
243
210
220
203
196
203
221
325
239
231
346
1383
3765
2849
218
226
278
389
4208
3049
260
3463
2746
383
2266
2314
3264
8417
2367
3511
1708
1937
10949
1953
2102
2524
2405
1973
1861
2442
198
260
338
2176
2925
294
195
225
325
128
140
151
163
171
2533
1697
4154
175
293
3239
7245
220
2563
4288
273
4366
212
176
186
195
169
177
189
3637
7096
3332
172
255
300
369
144
175
3970
287
215
175
153
168
3550
1958
208
5253
179
1493
1363
2806
139
166
177
2574
201
2591
147
2624
1855
2164
6583
2808
2677
222
171
183
196
218
226
264
504
2193
11406
2734
232
3004
2827
1627
2725
281
2822
3531
7568
5666
1813
2009
2323
2491
2909
2320
2373
6893
227
235
270
281
292
306
1975
329
12616
2378
3035
2113
6371
2935
4615
2424
4547
2929
306
317
359
396
2160
248
255
262
269
439
3990
2935
2968
5585
320
410
4733
228
241
247
258
265
310
3926
407
210
225
262
231
203
222
198
210
346
226
208
224
208
217
204
217
231
250
364
365
246
277
303
226
234
264
5242
370
4675
255
303
241
251
266
275
301
3678
250
296
240
382
577
374
207
222
276
4561
305
234
241
235
222
204
215
224
1643
250
570
273
207
224
239
340
518
193
202
211
244
302
3674
3654
981
3150
581
3963
3638
182
199
272
300
1981
2617
194
289
1421
1408
192
204
146
1470
197
169
1026
866
1562
232
1418
308
1400
266
278
1353
2566
2264
3551
3159
253
251
331
3957
6740
207
1794
156
277
2954
167
142
157
181
4929
2277
120
302
1762
250
123
178
7022
91
100
2474
294
104
141
301
115
111
107
132
2516
4900
165
164
191
2293
161
2800
149
162
3098
106
80
99
3095
245
2354
101
198
90
183
2191
108
151
90
87
144
78
85
3061
3010
157
178
104
3197
11281
96
186
143
99
67
71
73
59
135
109
85
2252
146
92
65
4218
100
1624
69
154
1908
78
7663
3600
59
7749
57
286
86
2281
65
60
83
65
108
89
3601
3643
3384
8877
3905
132
126
136
124
2995
7805
167
11217
2785
140
129
127
126
3457
4155
7723
3501
201
170
3147
2719
2303
173
160
3763
284
3590
3453
1978
191
169
176
159
178
284
284
10172
182
168
3698
10443
188
182
279
173
4436
2817
188
220
416
134
165
180
204
216
150
190
3217
3765
263
288
138
150
143
154
4434
145
2341
149
197
200
138
3272
152
173
182
206
7037
252
240
170
175
157
157
213
168
9432
154
145
153
4455
144
4568
4768
4662
8505
174
219
228
213
260
3835
4294
160
174
183
201
171
9344
150
157
176
123
107
113
99
115
103
136
99
151
7949
2823
186
161
213
5986
2678
96
119
110
107
73
75
118
62
99
68
78
62
47
46
59
11
13
3639
2965
6
6
3440
45
3266
8
52
7
16
7
3866
18
12
3666
14
24
3563
8
7
3898
6813
9
10
10
3273
3182
3826
4731
3702
3157
33
3720
46
34
48
19
33
46
57
39
24
30
27
31
27
34
40
38
7
10318
3425
3057
24
16
3127
3015
4249
54
51
3859
73
92
50
3110
2286
49
2136
4339
99
73
4273
2449
3384
114
121
89
58
53
95
85
54
2834
3384
88
28
1948
31
55
27
37
4823
28
2290
97
148
134
28
45
150
59
84
30
74
63
5460
4881
10
15
3588
69
12
13
9
17
4012
2422
3994
2575
4168
4215
2691
2519
3482
3883
3732
3682
71
3680
3655
62
16
23
48
1574
141
3159
32
23
20
27
40
132
30
26
23
22
80
7802
48
5120
35
2829
4987
7430
61
3554
28
55
38
33
27
12
12
3762
5350
3051
3683
4622
3169
6693
5025
4015
5742
67
54
54
29
50
108
25
25
115
3853
39
35
44
105
28
38
3395
63
66
5813
2575
4098
4556
3879
4765
10098
3314
5544
3227
3162
164
4339
1956
144
2620
122
116
125
3975
3216
5539
57
67
77
98
98
98
84
84
83
3633
63
88
75
92
106
83
3434
105
81
90
100
7860
79
87
5715
5971
7805
9557
5874
122
69
78
90
104
116
5975
136
155
82
6114
156
5620
2853
4571
9883
4547
127
148
5095
106
114
145
154
96
106
66
106
2942
74
107
109
3133
97
3450
69
78
95
103
3156
2635
4897
119
4025
3158
5018
9243
152
171
6009
171
153
246
163
4857
3608
3170
230
170
95
85
115
4832
5041
3603
57
58
2386
75
100
98
68
76
85
92
185
270
73
100
88
96
104
4774
89
99
5644
95
83
91
106
57
79
86
100
109
148
2581
32
32
27
18
36
2317
3934
33
49
4388
85
8661
2338
2322
2308
2052
2471
2505
1916
70
55
65
84
56
65
87
78
40
69
68
43
52
42
37
48
46
47
2454
5059
4850
3572
2359
2343
2284
2547
2304
2550
3948
2448
3133
4378
5079
4690
7522
2684
250
9747
9251
5861
155
158
178
176
204
216
4530
8440
9799
4121
179
188
8465
5043
155
165
185
200
216
197
1969
2107
3881
199
175
1982
4208
2200
188
219
8773
4548
6104
11895
301
7550
2174
2239
243
254
216
232
242
5446
267
277
339
313
372
234
4768
251
278
2165
3585
4803
8825
10516
302
329
257
268
4728
3525
5363
5352
6427
3728
248
331
4090
402
5166
351
3490
307
478
4905
3719
4842
347
359
5797
3985
3788
9069
3806
9784
3618
3797
8981
339
334
448
396
462
505
250
273
311
351
359
446
8701
572
397
3919
230
2385
2316
526
483
405
528
4077
532
486
468
632
631
2601
266
276
323
335
351
377
389
194
202
270
278
498
396
342
188
171
180
223
175
227
193
201
219
177
184
138
183
4170
2615
2854
9736
153
11378
152
227
142
114
12467
123
92
112
84
12984
8494
134
45
64
72
53
5741
77
2817
70
30
2552
17
17
19
2754
62
2695
41
2329
2471
34
32
2855
35
33
2488
56
69
30
51
63
82
2392
91
2406
40
27
41
59
53
14
24
12
2307
10
10
2617
9
12
2481
7
13
1988
7
1441
47
32
1466
50
35
29
21
16
4290
4322
4625
4716
1801
4454
4397
58
4702
66
82
4387
65
59
52
67
30
18
21
13886
9
4712
4371
22
8
4452
2126
11
4515
11
17
6
4724
4580
13
8
2311
12
4626
11
4336
4396
4440
4499
4423
20
25
24
10
22
4272
4613
4522
32
2513
11483
28
38
18
95
4586
4084
4577
4221
4370
68
4233
2419
4727
100
4568
59
4606
38
24
32
11
54
7
4640
11959
21
31
13
4839
11620
4063
4638
4296
44
2664
4270
4912
4968
67
4370
12137
37
4995
4324
34
31
4482
58
70
4810
4606
2820
5042
4573
33
4163
4960
30
4152
4470
50
48
32
34
4259
34
12344
4557
34
4641
4506
48
4306
4351
46
58
2934
44
4364
4820
49
3992
4036
4694
3018
45
26
4452
19
16
91
4773
24
108
12677
4515
3925
40
3139
13314
37
39
33
13711
41
12
24
19
7
4699
12781
8
4239
4202
4245
4463
4123
3375
3819
3531
2983
4556
4250
3362
76
4372
13750
3394
105
72
45
95
114
68
54
12425
59
56
48
4649
50
50
50
36
48
3543
29
4483
18
17
23
39
3814
59
4614
83
3538
14366
94
92
17
4706
3798
3528
3014
49
25
40
18
47
21
20
24
22
4983
4997
31
3562
35
25
2753
13
3005
30
2645
25
3418
2765
4575
61
71
51
86
66
78
4318
4992
2787
45
5031
35
43
53
2586
2504
2406
50
4696
73
67
57
73
111
56
2292
32
2104
52
134
5234
123
72
57
50
2016
45
14212
4689
2371
66
52
61
55
53
46
91
36
2072
53
2143
18
35
47
4447
34
36
2074
47
29
42
34
15
4566
31
5150
14
26
12243
14
17
2171
5678
2074
28
18
14
12
12692
79
5294
39
27
2119
40
26
108
5535
30
25
27
4653
62
5483
2231
21
4829
5184
42
47
21
13779
4392
94
4554
76
4436
4345
4472
78
4274
76
66
4716
107
2357
5378
2312
4945
4917
5352
4526
5427
4568
5006
102
100
143
4381
13164
4329
4474
5124
87
99
202
14304
190
198
53
68
162
156
5110
241
2890
73
90
99
116
116
71
97
90
143
31
45
5655
11
4612
5334
3978
23
4375
42
252
18
12608
255
17
24
24
5173
4953
11872
4374
5071
14802
62
13907
2865
13882
13600
3899
2860
101
42
56
99
48
55
94
36
53
66
2908
55
14210
57
87
63
24
69
3939
4265
73
84
84
21
29
3911
3027
4162
9
16
32
3893
15
63
2839
41
52
17
17
20
4256
2890
2904
29
2866
9
9
9
9
19
2612
2856
2746
39
15
16
16
16
16
3949
102
4093
2560
39
13
29
12
16
14587
2666
53
47
15
28
35
2460
7
8
4104
15013
15
36
6
2585
7
7
2661
7
6
51
2587
15
20
9
32
8
4171
4217
2731
6
7
19
6
14
7
41
26
11
13
3967
39
62
4407
69
17
29
79
2933
4046
11638
40
14001
62
27
36
38
33
12985
13337
3548
38
15498
12274
16363
53
4146
85
58
58
3918
15272
3109
81
53
12783
56
4378
4320
73
15801
68
68
79
4150
3796
4118
3813
119
110
12062
13006
3753
62
71
3743
3915
78
12081
64
3199
43
71
48
21
19
3437
3368
4457
4135
38
16694
3328
17121
14889
40
40
30
35
43
29
37
45
37
27
4323
3320
3266
4045
15894
12632
3325
44
2962
2989
43
62
4187
61
3033
55
4113
62
49
68
98
44
43
101
12018
51
46
54
75
42
14
7
12767
4354
9
4316
3250
11
3290
3294
4436
3425
30
39
26
39
13112
3370
3231
12318
3186
41
54
27
3350
49
56
64
43
60
38
50
57
68
47
92
58
12421
3309
63
3298
44
24
28
30
31
24
74
26
27
12729
4610
17
13
12586
12584
12528
23
19
15
13294
12198
22
4722
12693
37
12396
3269
13493
44
43
41
46
12744
12006
89
46
3433
43
43
42
4923
36
12577
12568
12406
43
12209
48
39
44
53
56
3406
12515
84
63
14
3483
3293
4988
30
3637
12628
11762
48
48
43
60
31
43
60
13193
4977
30
82
101
42
4888
33
33
3532
3495
5106
54
52
12839
3316
12364
43
22
45
11782
30
38
69
25
3358
59
50
31
59
5237
3190
11
8
17
7
51
7
11494
9
3496
30
3209
19
18
12984
3055
26
33
23
2902
3249
2926
30
2823
5319
72
39
39
43
4985
12799
47
43
2917
60
79
91
12852
11243
12931
12922
12118
3237
114
74
129
129
12339
29
28
55
62
69
79
65
54
51
64
50
53
62
11881
11280
11581
83
54
40
36
48
38
12402
11760
56
53
12864
78
12188
97
11691
12164
11965
23
52
3108
3328
3340
76
56
90
55
55
109
48
105
46
70
78
5681
49
17
21
6
19
7
55
9
21
14
26
8
59
7
59
20
23
7
6054
12361
45
13
10
12112
12602
12998
43
20
21
12303
5639
13001
3512
12516
12930
12299
5747
12302
3685
110
93
91
87
86
3738
72
104
12088
12637
96
104
48
72
12505
12871
64
85
67
91
75
87
79
105
74
89
18
12588
17
25
13
5974
5860
21
15
5822
5824
12832
5909
3946
12949
13116
3606
5777
32
3689
34
32
42
38
5611
5925
5842
5851
5404
79
3510
78
110
127
70
63
5877
51
3468
58
38
21
9
15
5542
13093
5446
21
5920
3584
5793
22
21
22
10
14
7
14
7
3717
8
7
3299
9
5337
29
3572
62
31
31
44
44
32
47
40
25
37
4796
5267
12818
4803
91
92
83
76
118
73
137
12069
4952
76
158
116
102
133
11682
143
12386
141
12259
71
11819
39
48
128
160
116
51
44
59
13436
65
57
12451
377
79
78
66
96
63
70
113
11736
20
99
109
12556
12594
5133
78
88
105
3966
40
52
106
70
118
12004
11941
13623
12210
5737
68
75
12402
136
4121
64
5316
62
12118
78
75
4965
100
3860
88
84
107
64
134
5559
153
105
124
5162
11673
12337
80
4052
58
55
4188
5628
126
12056
101
11756
121
140
130
103
160
5714
174
11637
11987
121
103
115
143
196
12146
94
102
5835
88
87
117
91
5476
5577
104
114
5664
13052
177
12410
4183
12187
93
12575
96
177
191
116
12496
78
92
73
197
130
170
78
5657
5834
62
94
92
12661
101
116
57
94
62
42
13
6
35
33
37
21
17
36
12608
352
23
6139
33
4417
12333
11860
12980
12627
61
12662
12543
70
101
5531
12512
12694
181
12700
12841
13176
195
5446
5613
206
187
187
188
230
215
231
4804
141
151
12188
260
4861
12068
105
116
123
135
171
4145
158
6047
12831
166
5869
5605
105
114
124
143
153
160
6490
6196
4805
4789
192
409
468
444
450
4601
12856
13178
13160
13650
12804
211
244
6806
260
4416
4618
4467
13113
12985
213
247
264
289
301
183
323
13163
336
4674
4792
271
182
196
204
212
220
231
242
252
260
272
281
6197
4059
199
221
229
13098
272
201
399
506
13034
4763
4721
4815
239
247
537
598
268
4493
189
196
204
225
271
328
335
343
352
362
373
213
196
205
214
222
230
306
374
381
272
325
421
278
13394
12917
13063
13607
13357
343
355
362
374
230
476
5980
13122
4427
4306
235
135
147
154
187
208
217
235
244
252
269
277
314
124
136
314
371
4576
3980
163
4492
167
205
4149
209
234
6594
393
227
141
153
168
167
3896
149
169
3971
82
94
171
95
153
122
93
105
127
94
102
150
104
4009
69
152
63
60
49
48
38
13351
97
6567
3955
43
3948
13760
157
55
39
27
3843
31
28
7037
13373
3901
3784
70
68
44
39
53
44
3780
45
83
47
49
51
7023
91
3823
117
4370
7540
169
164
221
7112
4236
96
54
54
58
88
152
5198
99
7149
92
100
4219
4627
3692
13764
90
89
3809
4222
14140
13681
7188
6773
4341
4306
5382
7459
147
6047
4870
150
163
170
128
151
172
130
130
111
4152
167
5512
12945
143
4197
116
5449
110
5427
87
95
119
13644
189
4094
157
7434
194
109
118
4487
133
3871
217
110
119
4401
118
7802
14749
13882
140
102
97
106
101
109
100
109
99
109
97
4589
112
14861
107
123
151
119
116
6428
134
118
5557
133
118
4166
177
191
3994
196
174
164
7352
174
198
172
4051
128
13971
108
115
222
197
4031
122
131
94
4070
90
104
74
3869
86
94
101
166
87
4033
65
98
79
89
99
88
4335
82
87
79
78
80
107
100
104
6846
104
98
109
124
98
4043
99
7044
4000
4043
128
153
104
121
7950
7061
3492
238
3949
3949
231
3959
3565
4197
189
7252
199
4167
278
3513
7148
7179
3999
7201
171
5227
141
163
155
15030
157
168
155
5071
167
177
167
4495
4231
251
177
169
163
174
187
3717
137
165
140
247
210
159
147
138
130
130
3422
126
137
129
5178
119
132
192
181
109
131
109
110
3606
3875
3706
118
5080
3665
147
5102
1267
189
7774
220
197
185
186
251
158
200
5885
14328
241
5924
193
217
190
216
14656
257
14161
3871
284
5106
3902
305
3920
297
246
259
268
14529
331
332
266
279
3712
239
3754
179
211
3740
367
377
337
207
277
212
360
14808
333
218
242
6078
6502
3862
14995
226
268
180
195
238
189
286
257
14855
150
187
308
304
150
160
168
3737
162
156
153
162
169
6415
3727
177
3818
153
169
176
3839
4086
4078
286
181
3837
263
12808
261
226
226
199
234
231
228
6417
218
269
4201
175
6371
188
233
193
173
147
221
271
164
163
172
178
165
7540
5215
163
151
255
4144
4178
4176
4172
7799
4253
4202
286
288
283
294
234
4229
296
340
3921
4059
4101
3995
3663
301
315
205
309
298
203
372
4388
4038
242
253
245
4005
4363
4231
4479
3601
3322
287
286
280
227
238
251
258
205
213
228
239
249
261
231
347
15289
4257
4566
172
195
318
12578
193
316
4233
305
175
190
211
226
4328
259
204
3448
233
3453
4414
12682
201
208
245
3556
4403
4371
347
291
202
228
205
216
4589
308
228
237
249
270
293
414
12249
212
211
276
217
281
360
3468
214
3425
251
3490
250
234
212
103
127
167
106
136
105
185
198
97
105
160
3654
3673
3602
3681
3629
3559
2032
2027
2131
1270
1298
1279
1839
1944
1316
146
178
2186
277
2175
2208
232
233
290
3343
113
13366
3317
125
197
3633
3730
3337
162
135
144
155
165
174
184
131
145
154
213
3656
72
86
86
110
136
145
154
163
209
3410
3805
3840
148
223
196
3794
3544
5204
3890
3760
3611
3779
3840
3528
3569
5104
6151
7316
16501
14409
3573
231
247
261
271
281
3700
3724
191
204
220
231
240
249
256
278
287
299
14434
4446
5136
113
183
5049
209
218
340
3544
5096
5157
17235
569
182
4968
4751
158
194
6492
6192
3888
5128
263
236
3623
285
294
309
372
172
3583
193
225
239
247
4803
15315
664
14416
14186
14923
15014
234
248
230
241
222
240
17450
6403
212
220
242
298
3736
288
258
272
320
265
219
236
258
270
279
209
225
233
241
265
328
256
280
323
208
307
244
15040
14150
545
237
248
4301
261
273
342
3585
3723
5951
3842
3294
3651
389
383
4324
7232
7242
177
247
3575
397
3546
13727
6686
3883
272
282
4030
18117
15163
4007
336
5126
3834
292
14821
15552
362
3205
3144
290
3414
276
305
314
442
334
382
3184
491
4115
4144
3473
486
312
326
337
3392
11109
4795
512
3429
3318
385
3372
297
336
314
4243
5039
5081
348
323
301
5105
4786
371
5147
388
405
368
3594
4282
3653
434
563
551
511
3574
795
763
629
5415
438
368
377
457
491
4392
330
337
345
466
545
445
302
586
325
338
350
288
296
306
317
359
421
510
618
508
625
250
372
191
199
206
381
293
237
246
3596
233
243
252
4682
5329
4645
4708
4687
3738
3667
3577
291
287
3811
327
399
717
15306
433
248
261
273
294
313
335
262
418
12507
300
383
291
291
302
311
323
457
4344
463
4639
3399
4988
3764
7729
5389
308
339
408
3599
296
279
296
304
4626
4623
440
4464
341
314
312
311
330
4289
302
297
240
445
359
275
261
271
6313
456
5271
321
267
289
281
297
299
482
4918
4463
4968
4781
3973
439
441
327
4335
4375
3680
3722
3779
4264
4851
16811
276
200
264
272
288
395
466
485
226
317
4651
4525
12215
15628
4424
3814
4397
212
222
232
262
664
578
3915
356
419
4977
4948
220
234
256
3689
3981
225
234
292
3996
3996
363
219
219
209
5506
10909
3534
5819
4700
4043
15311
405
300
125
125
153
148
158
178
177
582
210
225
238
245
263
3776
389
3868
3659
189
152
190
168
166
192
191
190
211
267
128
136
144
164
190
197
191
167
178
152
166
311
3586
10824
161
135
160
161
187
192
193
204
11466
153
221
13087
4040
3914
3904
4376
3907
3671
3623
3676
3943
3899
159
11475
3629
3612
12847
3641
3649
202
219
164
151
167
201
198
150
161
171
4373
4243
4265
3746
3670
4351
5396
3773
264
232
3744
128
196
210
3803
227
241
4277
3959
4479
213
301
162
3833
208
217
13370
249
133
189
198
128
184
180
180
3882
3857
5191
157
3908
178
192
130
160
160
157
190
11353
193
5144
4457
123
130
143
161
170
4492
205
120
3662
124
168
198
11520
3712
134
116
124
138
11864
5427
166
174
182
190
3758
304
13744
5424
13918
4289
5505
182
180
162
170
184
155
5131
17282
100
114
126
138
221
106
109
260
189
99
137
12287
116
126
103
115
3666
102
4922
196
171
120
142
5115
115
4442
3807
3757
5232
142
103
3741
56
3899
95
43
52
165
53
53
53
55
47
59
39
40
69
10
3709
3557
3978
5548
4461
5486
4475
13338
14581
4484
54
65
79
94
4024
4036
12521
18679
3570
4005
81
95
5631
12029
74
88
106
3490
13655
4103
108
92
101
111
3479
105
129
157
105
4684
108
91
163
122
96
109
104
95
154
105
114
109
123
4565
3500
10357
114
130
138
117
135
196
127
108
3514
110
142
108
208
232
10780
187
9154
14985
92
162
98
68
14900
3471
87
171
3666
98
4784
3662
140
140
211
157
179
141
205
170
134
214
102
179
72
178
150
87
86
139
123
4956
96
121
112
3841
3972
3852
16228
5174
3706
5183
5547
3908
425
9939
3805
4012
14608
245
3691
305
5069
3867
3993
3881
5270
10019
5184
15149
3923
4227
5175
3802
5473
263
313
263
287
229
202
214
227
159
293
15635
223
273
159
189
179
210
173
212
147
378
374
3950
3906
15126
309
320
152
160
178
256
274
164
3881
4274
3886
266
10235
4267
3825
207
210
227
3783
292
315
205
484
3802
4070
3879
242
207
214
223
232
248
349
229
264
223
221
259
199
213
159
266
235
195
187
304
10649
152
163
175
184
196
213
231
173
184
5541
4326
190
115
4691
161
95
280
255
283
131
145
75
99
126
233
124
13046
137
103
4253
3884
147
157
5748
132
16086
105
134
3938
3805
71
3966
177
77
3794
4268
3786
96
82
94
77
11797
3797
102
96
91
3735
117
96
3852
112
4190
101
5673
3816
3889
118
135
59
68
93
94
128
115
158
168
233
3901
6126
114
3964
3871
3860
151
3997
112
126
144
42
36
83
52
67
130
144
162
3807
70
164
3876
3885
79
3867
93
94
110
101
96
112
104
3903
3923
77
4516
4683
3967
144
116
2342
3787
147
65
56
67
4459
165
106
5262
132
5203
4615
109
97
104
3841
5033
114
106
126
109
108
5004
113
91
147
74
147
72
109
138
11633
140
5376
5538
11929
113
87
84
156
88
88
80
5574
96
5682
10607
4893
14481
5571
10792
11784
162
194
2421
210
5706
86
101
5510
10711
16160
150
160
179
186
182
4860
5051
12397
208
210
5904
14630
202
226
120
131
14673
4768
134
297
5925
190
154
14581
5036
162
176
185
5075
187
209
122
284
299
298
250
304
480
139
13161
14804
111
112
227
187
156
146
159
242
5085
5109
160
158
84
82
159
103
5452
85
5069
11870
48
29
65
5277
57
6021
32
12335
6022
65
59
29
54
39
17
9
56
22
11
9
64
8
17
12
21
14
4994
23
4907
6426
16296
4608
6458
11960
4882
4519
59
98
52
4585
15158
5312
87
5225
78
77
4870
4670
13801
16035
4798
83
91
13383
6050
5397
113
79
90
97
105
5434
5435
123
67
67
78
85
93
105
172
132
85
92
99
4842
5483
6087
5504
5463
5448
6257
6065
169
13850
5562
6223
194
187
195
189
13413
179
203
244
5644
5663
148
6186
127
13917
139
201
149
5714
5667
127
5677
5743
152
5803
82
116
214
116
172
5792
101
147
10133
109
5852
93
105
120
59
58
172
180
40
26
25
20
6206
31
11
5006
11616
12642
18
15
297
311
300
41
21
24
52
53
34
4891
5067
10845
5024
35
50
6037
38
12643
87
58
55
10771
91
6121
66
75
68
4812
11575
4961
4827
5902
12153
5147
4956
176
4902
4877
5029
198
207
255
4913
243
10999
268
312
330
231
4890
4724
11299
4930
286
4569
138
146
155
163
151
151
135
145
154
168
146
144
4666
144
165
142
154
128
138
234
161
462
147
155
4508
177
225
220
229
231
240
168
186
209
6799
6694
141
164
6572
6582
142
177
210
135
129
138
185
135
231
133
141
148
109
145
168
80
200
69
87
67
97
133
75
4729
4715
50
6796
4581
108
4769
47
66
43
4720
46
11846
53
61
4656
4812
79
78
70
7022
6658
79
4802
56
6742
4699
84
70
61
59
4693
119
72
69
65
11929
56
71
60
106
12189
68
6779
68
65
6812
4812
6558
6553
92
53
70
12772
51
37
23
6621
57
12359
12267
12785
44
49
49
6548
46
40
56
5050
34
18
23
14198
7
51
6751
11
59
72
35
5088
15
24
32
53
6852
47
56
5154
86
45
55
48
57
102
101
5247
44
53
57
66
63
70
47
42
64
39
59
257
42
108
34
17
29
7215
6919
6781
95
7143
7166
55
5390
142
61
44
123
63
39
22
13736
106
7318
80
12746
73
65
53
53
5195
6964
3357
74
47
5444
73
47
101
33
26
22
6526
32
14018
33
5264
11
14
60
35
6688
37
46
32
6661
6767
25
6854
5527
5367
5498
52
5553
33
33
6734
45
34
36
36
11422
6800
13409
55
5449
11597
45
68
37
70
40
6832
5353
54
36
35
5512
13126
6859
71
6671
65
6931
5619
112
6741
13184
91
6685
100
89
6844
80
12919
72
72
62
81
5337
13194
6809
75
6829
83
135
115
123
143
54
5431
176
65
6958
6977
13519
5308
83
14609
67
5435
77
121
79
131
125
111
13620
5484
94
123
118
139
49
5340
5349
123
141
71
81
70
77
72
88
123
87
116
118
76
117
33
84
72
124
152
62
43
34
33
51
59
27
45
5748
5579
32
20
20
22
19
17
272
307
283
321
305
290
27
7501
25
22
7386
5671
34
5652
45
5948
62
5728
40
39
34
33
30
27
48
36
30
15
5735
9
5755
10
11
