171
142
610
493
490
619
133
221
92
191
88
86
245
116
255
170
142
473
186
611
612
627
168
153
173
509
423
476
466
299
296
244
279
292
496
176
185
243
150
171
179
188
151
884
724
186
173
131
209
223
139
557
507
160
158
163
141
149
156
127
147
220
558
553
541
732
733
548
254
289
507
270
246
288
209
123
135
499
1037
113
715
241
105
148
142
127
737
213
154
242
233
1191
179
784
982
252
234
225
480
250
447
482
494
457
500
327
541
681
586
202
224
676
926
254
349
195
229
381
206
409
398
262
400
360
354
285
280
835
879
256
241
271
285
405
1220
370
171
1039
347
372
572
627
731
395
744
1148
224
188
224
291
197
207
445
1131
209
178
204
256
799
604
229
239
185
267
240
1067
641
4791
4815
4796
5474
2614
2197
737
1107
750
713
720
303
784
440
270
365
255
374
255
433
220
356
393
261
241
182
386
379
273
190
186
186
185
308
788
213
193
204
150
167
182
196
204
215
230
262
230
683
730
739
220
232
308
747
252
474
756
771
826
226
207
272
259
3856
165
183
179
674
283
403
634
937
3954
1270
228
464
436
358
297
266
278
2875
3242
529
663
3304
578
1166
350
1000
1512
437
281
303
312
789
1086
328
299
296
304
219
320
394
244
245
181
480
1094
738
233
229
247
200
176
243
758
225
127
136
422
295
542
164
112
1178
519
219
838
878
908
312
186
255
997
689
926
215
660
295
236
207
227
223
265
314
1010
1075
203
220
940
883
931
502
398
1137
766
202
226
235
788
385
343
203
225
233
284
206
259
564
1273
490
226
219
203
233
603
300
314
378
278
1267
241
233
232
274
284
269
660
1348
805
1209
289
233
242
251
331
1506
917
1491
324
272
283
738
750
269
279
336
1102
278
292
488
618
1108
1599
1473
368
472
677
462
332
257
257
319
353
715
831
797
361
297
363
417
228
199
216
427
352
411
410
464
296
231
353
402
568
240
309
1467
861
578
1104
537
266
1236
268
236
243
412
1337
1231
387
287
208
252
212
1433
333
1321
279
565
238
432
673
235
1422
257
443
450
1132
1685
860
541
759
248
277
310
641
998
335
1655
1546
1579
307
1150
442
435
337
513
1134
464
500
502
950
1353
1249
1125
1109
1048
514
789
876
1223
298
868
341
332
358
423
689
528
344
232
249
506
425
403
368
491
258
249
260
799
240
251
496
486
676
346
316
315
324
774
910
997
1039
1346
1022
876
948
368
377
412
413
425
449
1294
439
322
693
867
858
401
1188
712
517
554
1312
897
309
319
351
351
1116
284
243
1169
379
233
346
939
267
472
311
289
300
314
330
873
762
705
1054
727
269
308
315
321
338
349
358
198
1136
338
729
739
811
302
315
333
360
437
456
235
229
443
424
459
484
486
415
423
391
366
757
768
266
782
453
418
363
721
1373
1094
1379
1470
1039
1140
360
340
352
361
666
438
941
1021
712
671
757
675
402
410
399
475
814
304
314
327
336
362
372
455
478
765
760
696
554
253
281
294
320
374
335
324
398
488
557
578
609
447
313
349
383
638
616
666
573
402
306
304
324
403
1163
1184
1172
281
289
299
329
307
476
476
370
232
299
320
266
306
316
325
465
486
289
412
1060
257
228
727
340
951
885
894
503
420
857
291
992
1053
983
878
927
1083
831
270
291
438
762
278
273
317
790
258
268
285
388
449
427
396
432
459
585
360
480
482
480
229
240
261
282
281
296
365
255
470
714
319
798
818
818
298
295
1253
458
786
1345
533
1295
490
1368
1373
433
360
359
503
411
934
815
309
923
340
497
950
284
432
288
758
262
255
253
244
231
230
231
287
783
172
184
192
210
289
374
493
225
333
324
828
1114
998
589
282
257
276
288
298
307
1169
324
332
383
367
256
511
1118
267
1128
1144
987
295
328
670
1241
704
687
1693
396
305
316
1329
950
331
351
1151
1185
882
998
1209
659
513
513
513
523
767
477
847
459
788
495
806
697
518
327
337
497
1110
736
1093
344
359
374
395
880
627
1407
936
1026
373
494
395
368
397
406
746
724
1007
838
842
876
385
396
417
973
1012
463
500
837
385
393
390
385
418
418
567
557
579
641
628
996
987
891
633
913
905
388
396
431
497
527
593
592
590
572
378
392
400
1021
355
380
635
638
701
712
1079
587
442
493
394
509
893
891
909
942
419
428
437
356
394
413
425
443
591
511
1027
653
716
362
370
382
391
411
422
451
516
960
602
712
721
610
612
287
286
304
391
409
417
455
494
569
571
614
1036
1030
484
360
952
952
329
291
315
331
340
350
560
357
317
329
275
305
319
319
344
543
490
1337
1312
337
383
1016
551
546
544
351
362
384
395
403
1271
953
982
449
1339
868
1330
743
556
1153
1034
1259
363
387
368
403
412
1067
493
950
1035
1022
311
388
580
966
566
430
432
476
353
354
510
865
776
396
391
240
283
268
518
493
273
363
278
264
290
214
224
234
248
257
285
295
217
226
208
284
331
354
278
637
939
639
215
356
357
932
1501
944
970
1041
1007
1020
986
997
331
317
283
588
626
636
998
659
872
798
341
1129
663
901
699
1132
595
722
597
723
1157
604
544
178
197
206
239
247
1608
469
1748
315
356
375
391
586
1763
396
233
243
251
258
304
553
551
551
1735
780
780
1809
474
425
1810
736
840
801
846
757
1544
997
919
1832
1541
1838
556
462
459
479
492
501
525
607
1399
1698
534
556
578
571
590
1824
507
2021
600
2104
796
2120
541
566
584
1465
455
480
492
499
523
566
575
930
307
395
394
578
937
1899
1137
526
590
598
439
345
352
363
394
357
341
687
447
1196
1048
668
705
735
469
1255
619
626
539
371
381
416
402
420
435
976
894
938
938
595
640
329
315
358
350
443
453
479
585
593
1474
409
269
346
666
517
531
557
610
619
624
629
364
372
388
1130
812
616
593
332
340
601
690
689
651
621
490
1234
1284
1066
1578
656
1086
1668
724
1669
1316
1683
1666
583
1581
1631
780
789
393
409
417
426
437
453
373
381
696
621
619
618
613
611
628
599
567
593
1054
1873
1894
1673
769
592
610
603
1489
940
1011
988
1016
440
450
458
479
486
493
1207
1547
1948
630
961
1013
633
569
434
441
434
356
392
414
430
450
444
466
966
414
424
475
505
296
477
294
355
347
635
637
932
1510
1456
1005
620
638
665
653
639
680
693
403
424
434
448
1508
1602
867
558
1062
541
1415
519
473
452
461
414
667
1023
676
1073
698
1056
1102
1720
1715
1151
1137
684
645
653
1627
1035
386
1360
1547
1884
1476
590
1638
1084
1221
1672
1225
1269
311
362
378
398
421
1757
1304
474
458
475
478
457
714
442
366
540
548
408
512
484
335
347
1172
1184
286
286
324
357
367
376
392
612
619
1280
1025
279
292
361
407
449
1066
660
822
1328
311
391
661
663
606
1055
1070
1039
1056
1043
492
903
900
505
514
692
363
375
413
1035
1136
329
548
578
1404
1284
1302
379
370
393
470
1366
1271
1463
1452
1701
1296
1202
1212
1348
579
530
525
1653
1320
1408
1481
393
472
466
449
427
467
489
546
512
1752
406
415
498
1377
802
801
807
785
813
752
1654
1686
698
725
585
474
436
328
479
476
463
462
483
1368
1249
1168
939
482
538
519
500
475
472
330
339
357
355
377
388
402
425
440
449
350
466
1259
661
407
517
985
1006
1049
972
665
1017
1365
647
924
419
454
480
439
574
551
582
1140
1079
1005
1468
503
404
419
432
450
1272
459
1116
472
482
520
514
587
998
1010
1097
1069
1008
1248
471
472
473
473
471
498
560
631
1055
1010
1334
687
691
693
562
480
495
515
507
555
436
469
484
496
511
762
694
700
804
790
825
730
727
741
737
500
472
495
508
522
529
627
709
1317
741
674
499
495
1418
456
606
703
523
1090
1156
1157
1097
1298
1302
375
386
432
451
451
471
480
570
1443
690
797
626
1473
429
439
460
527
444
682
631
334
342
352
391
404
322
338
345
360
367
551
541
300
1155
598
1286
670
663
758
689
664
701
776
819
787
1306
1202
1294
722
1298
632
978
973
1180
1171
1103
671
647
686
1293
1306
694
1206
517
723
506
1143
695
613
551
508
1023
542
588
368
413
379
416
423
439
449
476
487
485
506
502
510
519
394
451
508
1021
1013
1047
1031
1045
925
400
407
492
630
528
588
644
644
666
968
966
974
1088
929
584
598
605
618
553
553
510
506
528
593
1073
987
430
476
483
506
513
529
545
565
574
582
596
621
1556
1332
740
485
1570
1442
1590
1588
331
352
442
366
456
464
474
488
589
643
679
609
616
638
609
604
611
632
1008
844
1131
592
487
475
704
784
709
809
755
1132
1045
1048
1047
1071
1075
667
410
433
446
456
464
511
523
533
563
399
408
423
434
456
1243
1260
1339
1074
1118
1333
1112
1089
820
820
589
618
394
410
401
427
493
559
492
547
789
634
636
343
359
372
474
926
637
1099
508
596
602
1109
1204
670
1164
389
682
678
685
697
1312
1296
1409
1384
1369
1297
1136
1139
1336
1328
764
1324
1253
497
509
518
1189
552
534
1490
433
441
449
457
471
481
540
623
1389
1048
1563
1574
1509
1586
1057
630
371
426
443
460
474
512
499
574
1156
600
584
414
428
440
458
470
466
543
1113
1128
377
386
483
652
725
778
1064
720
779
774
1084
1091
742
814
799
431
369
378
401
400
425
423
450
460
455
454
1350
1028
828
756
829
1454
535
1242
784
1332
1365
949
880
844
530
505
504
532
558
613
606
904
895
920
1304
1198
1314
1021
467
475
484
507
505
527
530
552
600
645
934
1319
1328
996
1317
1347
1327
1225
1487
1245
1231
591
599
1259
747
895
927
543
534
543
380
486
428
418
392
507
480
459
506
497
565
556
688
699
590
377
355
374
386
368
670
720
788
749
871
387
387
434
656
592
294
302
344
351
364
389
380
400
405
425
440
491
268
277
292
299
311
378
581
600
1452
410
451
465
492
567
577
1016
674
1143
674
1082
1159
696
431
701
404
723
679
524
535
1072
1138
1052
576
1014
718
1057
1206
1215
1039
1187
760
1215
427
449
428
524
544
708
553
643
635
1391
1215
1122
1226
1397
1192
692
1103
1422
971
1004
1218
1239
1249
1148
1247
1247
1055
403
416
552
567
581
413
678
668
444
336
436
448
447
1507
555
427
420
432
407
415
431
414
356
432
758
989
634
1304
1307
1229
767
1225
877
1320
806
794
786
797
1126
955
460
460
598
571
453
469
530
1175
457
458
414
422
416
686
428
837
905
849
984
1058
1127
1085
1076
641
567
388
395
423
662
1197
681
1709
565
673
492
532
549
550
1146
1631
445
360
410
421
451
448
621
848
850
761
1104
1974
1966
1120
1226
1233
2154
859
1767
1270
1100
1135
595
715
1979
660
622
622
666
660
1075
1350
1169
821
712
683
568
578
586
600
607
619
660
675
675
688
696
703
456
562
575
605
628
1243
1252
685
379
713
861
724
732
1152
841
726
466
473
508
1194
512
495
1285
940
542
1313
850
795
1331
788
1575
1603
1545
1278
492
503
602
602
406
419
474
491
497
505
515
548
760
760
928
967
834
953
1366
950
957
950
408
487
588
647
1303
1310
1625
1352
762
793
627
623
1192
1320
717
621
658
665
657
387
395
429
420
442
457
516
512
622
863
838
849
864
1495
1173
1329
1022
955
1025
1620
1335
1526
488
514
512
512
513
538
1120
1398
1590
1583
1451
622
364
373
592
658
756
696
619
1083
1098
1095
1092
1109
894
1127
388
429
437
489
487
509
593
1036
1088
1086
1087
617
642
643
656
664
784
784
378
424
434
445
490
502
497
555
601
647
454
462
485
477
569
467
521
523
494
486
1187
1938
1312
1822
1933
1828
1971
1217
624
711
583
1175
1981
1991
1177
2016
749
950
1041
942
1047
1904
954
1054
1065
968
1199
980
975
563
464
565
566
482
605
623
670
463
473
484
495
503
511
519
1235
828
834
1278
1292
648
733
1096
928
653
1010
723
431
512
501
477
476
524
599
768
1040
587
371
422
443
530
629
707
1237
1070
1210
1108
500
1225
645
733
747
535
528
552
1336
1980
1272
1252
2002
1233
869
604
618
538
544
440
457
553
464
434
457
610
610
604
603
617
608
404
425
440
450
472
483
491
651
690
1384
1391
1246
761
811
1175
1206
796
2076
1912
2190
1459
1486
2153
672
796
809
503
606
671
813
812
645
1134
1802
2307
505
516
624
1190
2371
509
530
529
750
1010
960
1013
1174
822
764
669
1577
1447
2126
2378
1369
1245
1433
2146
1450
1336
920
1166
727
662
1276
1754
1740
1472
1485
1863
1298
2717
893
2237
2008
1349
652
661
703
716
725
1736
1549
1823
2294
2055
833
1327
1195
782
754
724
465
456
614
656
653
689
678
678
627
628
619
526
1207
1305
1326
1665
512
509
695
733
782
981
757
1893
1460
1477
1344
1501
1446
1471
466
461
487
484
500
509
517
527
539
547
1701
554
699
1745
1396
903
2040
907
1059
914
1604
670
484
523
547
554
566
670
1103
1871
1650
1122
901
881
1627
1871
875
912
2047
1280
1445
1044
1056
920
489
506
526
565
578
612
678
777
1811
1807
2221
807
814
1804
1895
430
507
536
550
687
1434
800
714
675
714
825
812
916
1456
824
1450
1459
2013
1492
1512
1419
1419
1297
1478
419
544
528
544
968
1241
1642
722
605
585
556
555
541
623
622
619
383
436
467
487
513
606
649
1352
1674
1715
1433
1629
1638
1657
1657
977
986
1518
1370
838
837
1061
1079
904
1021
1031
1082
1096
701
888
407
415
483
494
495
532
541
552
564
572
585
650
660
688
798
849
1234
1749
1295
473
488
577
632
665
694
693
697
785
946
1496
1463
1534
547
571
624
788
799
855
1006
2081
1814
945
1578
2068
2065
1347
1403
1391
1355
1403
603
621
643
639
647
667
686
699
708
718
726
737
755
769
873
1232
1240
1268
1252
1604
1610
1410
902
885
973
788
820
753
728
737
649
645
644
637
610
624
692
693
714
723
631
765
760
754
681
736
667
748
771
687
696
884
1659
1647
1644
1081
783
818
612
630
638
763
621
1058
967
1052
1026
822
1423
1347
1372
1490
1896
1450
1485
1753
1508
1065
536
651
672
669
669
811
1079
975
871
1123
1744
611
1400
1342
1397
1011
1018
987
1776
1790
584
613
629
651
637
618
656
886
763
765
757
749
749
750
550
563
589
643
630
667
643
657
674
694
693
757
808
851
1823
1820
1088
1225
1231
1240
614
626
656
1561
1756
1585
1598
1610
1359
1505
1543
983
1065
883
903
912
525
626
653
755
861
995
989
998
1006
1013
1559
1594
882
816
819
831
905
901
900
488
602
612
627
637
650
807
1555
1533
1564
1554
1547
1388
1061
1062
925
868
1493
1412
1405
1688
1557
1564
792
781
1011
1014
1672
796
727
554
571
615
629
738
746
537
545
555
577
588
595
966
967
924
1826
1622
1211
1405
1457
1369
1650
1465
510
552
605
615
623
636
644
665
731
822
956
1918
801
892
829
881
834
943
1005
447
459
549
602
611
621
629
638
649
755
1056
1059
1996
2002
2013
1468
1498
1484
1561
1559
1586
1521
1070
985
1560
1585
1014
1085
984
1113
822
942
854
953
966
1402
1542
1532
1532
1819
903
1012
1009
909
1004
952
958
593
602
611
675
708
707
707
708
709
713
715
751
751
770
779
792
935
1086
499
507
518
533
542
552
564
1862
1612
1794
1568
1609
1565
1563
826
617
625
710
736
1659
1776
503
497
497
520
617
545
1338
1564
1519
1530
1584
1866
771
783
1464
1418
841
839
852
716
1015
1306
1444
1745
1508
1737
1530
882
1740
1544
864
1529
867
571
749
818
814
777
786
1288
1862
1420
1456
1347
1472
1757
1467
1349
697
909
1429
865
1435
1455
1456
1417
1209
867
824
818
830
764
825
795
803
819
836
771
1294
1601
1292
1300
1603
1599
948
869
869
819
831
863
871
888
735
775
785
793
832
1211
1219
1561
1710
727
724
810
787
798
785
794
788
855
964
500
546
649
651
649
648
717
717
706
685
744
755
763
771
778
787
450
470
455
429
452
462
487
589
596
735
967
947
1163
1758
1408
1181
1192
661
1395
762
901
909
919
920
978
932
1063
981
485
492
527
524
521
514
509
573
698
1512
1501
1511
1596
1456
1465
1466
1761
1303
1580
1621
747
765
492
504
973
1082
1443
1700
1455
530
510
677
871
577
555
793
1099
1154
1389
1057
1278
1032
1135
1141
624
717
804
1576
1550
812
816
797
1620
775
1627
795
784
798
1636
791
810
1591
1293
1425
1507
646
691
702
697
719
815
719
738
757
780
787
812
2089
1981
2100
1772
1851
1839
1836
1780
1860
1804
1876
1463
1899
1863
1724
333
452
476
509
912
921
530
529
568
566
611
642
616
646
631
660
667
674
680
687
728
757
1730
799
797
797
796
829
1793
862
440
455
463
474
485
496
549
414
760
1086
1059
888
516
850
750
917
600
722
1048
890
1725
893
891
1813
916
1295
1083
1764
1104
1618
1600
1473
940
1217
2241
1889
971
1975
987
2290
681
694
718
740
765
776
787
796
1446
2064
2401
2315
2142
1609
1424
2337
1627
2007
2449
1865
2442
2027
1413
1424
731
733
731
752
760
774
781
794
804
866
881
934
1417
1241
1452
2557
2292
1641
1083
532
580
590
598
607
633
785
764
745
780
810
824
833
847
855
884
896
1050
963
977
991
434
373
382
399
431
413
495
491
524
1072
1084
1084
1086
1123
1116
1137
1151
1166
1163
1145
951
1075
1082
871
637
1733
1736
1746
1755
1766
1775
852
1144
1136
1031
1036
1133
1136
838
664
710
543
572
567
567
592
601
616
625
644
661
1423
1449
1459
1105
1320
778
778
678
736
1542
722
680
647
599
611
654
664
1431
1358
830
837
2242
2275
1230
2231
1361
2278
1371
1366
1516
1545
1332
1475
1365
1413
1473
1411
734
744
844
1644
1133
1105
604
613
631
645
654
730
739
753
817
2614
2532
1062
1068
1929
1076
2541
2380
641
670
680
1696
1236
2366
2544
1665
2536
946
1019
1020
510
539
546
555
563
573
598
605
641
650
668
692
723
733
816
969
1010
1068
2132
1093
1131
1121
1095
632
680
743
959
1179
970
1224
1219
1234
1234
1975
2002
1958
1941
2994
2015
687
686
732
769
990
731
739
769
753
715
778
728
747
830
2689
2304
2331
2497
2329
2876
2418
1648
1636
1944
1921
1045
1070
1048
1125
1076
745
763
770
778
848
857
1011
971
1039
966
965
1751
1682
1677
1596
985
1770
1770
1771
1772
794
818
808
839
971
2578
1108
1625
969
988
988
987
1014
1148
557
790
944
1696
1720
1600
1761
1740
1764
1740
1208
1211
1665
1812
1771
1651
990
1806
1068
1073
1083
604
639
653
669
680
687
926
1065
1068
1009
1034
2221
1033
2221
413
418
420
436
509
532
539
547
562
582
590
604
621
714
722
745
765
774
814
845
417
443
461
471
479
489
512
513
528
537
832
2423
1359
2077
1234
1088
1303
1130
1306
1271
2010
1173
1183
753
760
785
485
522
531
1232
1221
1231
2100
2512
2551
2529
1026
1248
1260
624
675
755
465
475
486
504
515
523
536
545
554
563
590
601
616
629
646
1134
1135
847
914
921
943
948
957
534
544
1585
1759
1569
1710
1778
1633
1650
2812
1640
1653
857
688
741
759
778
1318
691
705
2647
1078
1091
1101
1112
808
788
2682
1139
1132
2830
2730
1018
1033
1157
1402
579
597
615
624
633
536
546
555
585
607
619
636
848
843
855
842
1247
1258
870
783
791
800
815
824
832
843
896
606
617
636
631
668
664
751
808
1855
1722
865
1201
872
827
1249
1262
2019
2041
1538
1281
1538
2173
1804
2018
1557
2031
2025
596
609
621
631
642
651
817
826
1348
1373
805
817
881
631
656
653
654
721
695
573
575
580
600
610
676
685
694
705
1150
935
934
858
1519
1334
3034
1346
597
618
631
650
739
807
515
628
926
1091
850
3026
1098
2377
507
606
619
790
923
926
849
849
810
855
886
1613
2986
1656
1442
1435
2571
1055
606
532
671
637
636
639
674
668
668
681
700
710
733
773
884
1064
1054
1003
1001
1068
1070
1603
1589
2837
3572
867
689
759
754
781
799
812
2276
2910
557
566
608
607
605
644
713
699
718
732
791
1008
2033
3520
2878
1697
1652
1719
2644
699
878
1034
583
674
689
696
702
713
727
746
758
929
1694
1647
3316
1660
1778
3862
1801
1560
1771
3257
1822
3440
1821
1580
2262
637
777
788
825
920
1055
3422
1851
1099
1121
3530
2349
1513
1522
2388
2374
598
593
597
859
2316
759
731
726
725
720
1116
1645
1076
658
1680
2368
830
2432
870
1340
722
733
1085
1088
1454
2536
1642
1690
1629
1640
1681
1706
1753
1513
472
601
615
638
650
853
1504
1012
1013
786
2636
912
1795
1768
1809
1602
1866
1802
1837
442
451
469
494
555
564
576
596
605
619
629
816
1915
1012
1049
827
1633
1029
1640
985
1003
1671
1044
1693
1340
562
657
754
796
1020
1025
781
772
796
1009
1710
1970
2163
1022
1220
2010
2677
1052
1064
1892
961
2111
1817
1099
1313
1900
2046
1948
2046
2171
2086
2165
1256
1124
2036
1276
638
646
689
748
770
765
1104
1090
1101
1114
1652
1602
1044
997
1025
1086
3328
3338
3129
2967
3129
3214
1377
1384
934
729
738
792
805
839
848
858
871
880
891
901
1191
1190
3099
3091
1314
3289
2964
2757
2976
2903
3160
710
719
786
795
803
818
834
842
856
871
880
897
906
914
931
942
953
1022
1062
1165
1041
2198
1379
1258
1306
3265
3116
3124
2767
3309
1845
2925
3659
3320
1839
1686
859
830
876
846
743
831
742
733
904
1001
1056
1079
2322
2307
2208
2202
1865
1979
988
1237
680
695
704
720
730
739
748
761
770
783
792
807
828
848
857
1031
1373
1464
1291
629
637
646
655
1749
1657
945
788
846
897
944
674
683
696
674
660
638
590
582
595
689
554
562
916
1477
2370
1255
1850
1836
1824
1981
579
589
602
702
1103
1185
861
1698
1675
1702
1801
1648
2099
863
640
649
661
677
693
718
937
2664
1905
2169
1068
1086
1435
900
971
907
906
905
905
904
903
902
876
1783
1143
850
794
767
730
729
727
725
725
2745
2756
1188
1179
1187
2915
2929
2934
2906
1693
1090
1096
625
656
665
691
733
745
745
761
773
784
815
824
831
846
888
960
701
1045
1046
1038
1015
1002
990
2887
3100
3136
1723
1712
3147
3006
985
849
930
679
703
712
675
687
601
702
1237
1238
1056
1650
915
1096
1019
1031
1031
1048
1361
1090
1543
1381
1703
1389
1579
1403
1398
1572
1573
1401
1577
3439
973
843
839
834
834
833
832
828
827
826
807
807
799
798
901
2319
3206
2121
3400
2023
2018
3406
3185
2733
2354
2175
2890
1909
2204
2067
3550
2096
2248
2110
3566
2098
1944
2389
3462
2131
2110
2443
1737
1672
1098
1755
1114
1122
788
798
806
826
856
864
904
932
943
1011
1051
620
626
644
667
682
776
798
826
833
844
3404
1061
1098
1122
1129
1012
1018
3086
2638
1804
1813
1835
1843
554
563
727
725
752
856
2859
2876
1128
1025
1034
1140
1048
1056
1022
1071
1037
1999
1154
3311
953
2114
1828
1312
699
733
715
747
921
677
697
706
717
731
721
703
713
720
1350
1349
1360
1361
1298
2045
1718
1983
3650
1960
2014
2146
1392
1206
1207
1207
1250
1248
1279
1264
871
885
893
902
915
946
965
964
976
1026
2489
2249
2700
1435
2571
2192
2096
1458
2135
2100
1990
2221
2541
2423
2428
2782
2589
1709
1843
1219
1861
1861
1718
2013
2780
1411
730
885
965
976
1007
1009
1010
1006
1005
1036
1045
1054
1068
1076
1108
1126
1273
877
1022
879
1260
1230
1230
1857
1866
1899
1919
2445
2594
1935
1946
1966
1972
1972
1995
765
786
923
924
935
975
1213
1236
1255
1276
1366
1373
1380
1273
1136
2400
897
679
895
902
913
1111
1456
1446
1452
1457
1463
1469
1212
1223
1231
1361
2176
2173
2211
1411
1419
1487
1801
1988
2010
2011
810
818
826
836
879
887
902
910
919
941
941
1179
1393
1394
1183
1953
1922
1937
1604
1939
2479
2474
1932
903
903
897
876
960
1059
819
834
842
851
862
875
930
930
947
703
767
792
810
821
837
855
1360
1285
1493
2472
2012
1410
698
697
698
759
753
750
783
795
807
820
913
1008
1034
1085
1255
663
663
679
687
779
1273
1192
2066
2061
2065
1772
1938
1786
1062
959
980
1016
623
632
640
648
788
663
830
830
1402
1412
1399
1416
1352
1357
1366
1367
1376
1522
2288
2261
2045
2068
2076
1129
2242
2231
2260
1362
1964
1605
1604
2288
1610
2277
2337
1619
904
897
882
1492
862
842
860
1673
809
1119
2435
2430
2443
938
1221
1503
917
834
986
935
981
1046
2472
2127
2320
2690
2696
2080
2341
2076
2089
2106
1420
1422
928
921
909
916
916
897
897
992
1098
1134
2823
2844
2830
908
917
2268
1143
1623
1481
1637
1640
1636
981
1048
1124
1137
774
880
910
918
931
931
983
1003
1016
808
1189
1137
1139
1913
1996
2472
1537
2451
2443
2867
2872
2475
2460
2907
2484
2477
2488
717
728
740
748
755
924
952
965
977
988
1008
1044
1220
1296
2708
2700
2443
2713
1417
2314
2680
1345
1342
2418
2730
1359
1188
1251
1294
1472
1479
792
869
851
851
848
834
831
942
913
906
908
908
952
993
1193
2876
2444
2192
2546
2546
2602
556
573
687
761
771
779
787
796
812
824
834
869
893
904
921
927
996
1072
1116
1932
1414
1612
1565
2261
2289
2288
1934
1585
1250
2149
2152
1353
1628
1122
720
732
741
756
1107
892
2573
2596
1977
2206
1001
1030
2029
2648
2002
2035
2007
2105
2850
2057
2087
2121
2091
891
1041
1001
697
690
701
724
696
748
709
765
772
925
1156
944
939
938
1828
1357
2055
1182
3047
2093
1149
1329
2867
2851
1158
1388
2865
1404
794
909
925
1362
2110
1418
2905
2934
1280
1833
1850
1854
2398
2795
1319
1390
1330
1331
2817
2680
2817
2336
1902
1634
2067
2076
2375
1730
1414
1246
1231
1224
2339
2121
1443
1964
1001
948
1028
1018
1001
1006
989
705
716
728
772
752
821
769
827
792
787
830
885
899
912
912
990
971
1004
976
958
1052
1052
1053
1043
1118
1048
1049
1089
1101
1111
1127
1138
1148
1156
2623
1950
1930
1868
1911
1992
2001
2013
2634
1393
1395
1365
1282
1784
1439
1024
1255
781
634
670
719
775
782
788
796
803
811
818
826
863
873
882
891
897
904
913
919
927
935
944
984
992
1051
1439
1461
1090
1126
707
610
609
606
1688
2455
1679
2723
2507
1807
1229
1771
1780
1774
1295
2142
2117
2180
2237
2767
2757
1278
1845
1752
2783
887
1169
1037
1157
1153
815
899
1147
858
910
693
704
712
745
756
765
786
786
809
822
834
1665
963
1715
1018
1185
874
961
825
846
1103
1551
1551
1633
1726
1644
1662
1942
1980
1980
1996
1936
2000
1359
1994
1976
1434
1439
1164
858
886
1840
1930
1966
2007
1955
1953
1976
1651
1676
2059
1636
1424
1899
1608
1605
1617
1624
1059
1066
765
773
785
792
808
809
825
957
973
1006
764
1012
1356
867
721
712
709
742
823
744
737
737
855
855
841
1088
1080
1001
821
761
774
783
792
613
699
682
703
695
756
757
741
751
782
795
804
812
824
570
602
650
642
623
624
694
678
694
703
1099
1037
1039
1107
1306
1271
1300
1217
1248
1247
1296
1243
1231
1285
1129
1397
1100
563
560
579
575
580
576
599
594
614
613
626
628
643
651
660
675
958
870
815
1286
1008
1595
1883
1820
1615
1377
1343
1611
1915
2190
2428
601
615
692
2080
1876
1235
1380
1936
1904
1927
1252
1845
1858
1979
1660
2201
1659
1658
1890
1936
1702
1303
1294
1734
1456
1970
1444
1305
1234
1686
1654
956
1244
1116
826
847
1228
1455
1651
1661
1122
1123
1124
1123
1127
1148
1146
1151
779
786
793
769
782
789
797
802
806
819
825
832
842
862
1750
1229
1229
1555
964
936
952
975
938
609
617
790
878
898
913
936
2030
2017
2049
2010
1102
1129
1144
1123
2051
1140
998
997
789
797
936
796
793
816
656
710
725
937
1520
1190
1135
1102
1083
988
702
697
725
722
722
776
772
772
772
808
809
808
827
826
836
998
1958
1892
1939
1941
1250
1761
1843
1217
1224
1653
1792
2086
1834
1866
1688
1683
1643
1149
1255
1153
1171
1279
1148
1087
1095
1277
1080
1082
1269
1084
1101
1298
853
875
904
936
978
989
2317
2328
2324
2298
2286
2292
2340
1122
731
733
729
754
754
800
806
813
822
828
835
847
859
861
862
899
922
922
921
936
953
976
984
997
1005
1017
1025
1038
1047
1058
1574
2306
1583
1116
1077
916
988
1067
857
851
842
839
888
866
891
899
1153
1144
1282
1824
2471
1823
2438
2447
2207
2122
2124
2444
2474
2488
2208
840
838
850
866
1040
1210
1262
1859
1860
1747
1742
1762
1624
1615
1605
1605
1461
1822
1201
1834
1329
1164
1166
844
747
765
1032
855
869
778
764
980
1197
856
868
891
512
623
623
620
620
750
866
864
895
896
893
920
1315
1308
1886
1895
1947
1960
1138
1134
1155
1171
2046
2148
2134
2254
2425
2438
2320
1394
2183
1425
1442
1443
1432
1439
693
702
820
891
1189
1201
1269
1195
1293
1198
1211
1508
1305
2329
2329
2343
1999
1104
2515
2755
2345
1532
1561
2756
1512
2392
1534
2769
1533
2438
2410
2336
2192
2304
2407
2447
1316
2534
2323
2454
906
1046
2668
1614
1633
2801
1829
1836
1844
1471
1474
1553
1465
2415
2376
2432
2152
2440
2345
2171
2378
2390
2363
1459
2003
2002
2483
2182
2054
1347
1444
1462
1487
1021
1112
1134
1141
1161
1170
1177
1195
1203
1211
1218
1226
1234
1242
1252
1260
1271
2595
1771
897
909
1051
1062
1119
1809
1807
2803
1820
2811
1820
1819
2133
1482
2238
2240
1482
2271
1472
1303
1355
854
849
942
959
937
977
976
1028
1043
1053
2643
2697
2691
2631
2698
2891
1585
1588
1602
1272
1276
2768
1716
2217
2209
2399
2205
1753
2954
2834
2346
1803
1571
2786
855
1816
847
1291
1235
1157
850
943
937
874
821
829
898
828
952
2521
904
953
945
976
1247
1977
1983
1638
2256
2303
2317
2266
2251
2308
2455
2325
1670
2262
1696
1704
2361
2351
2367
936
949
958
1078
1105
1127
1490
2136
2144
2151
2162
2817
2669
2431
1510
2819
2319
2357
2353
2338
2350
2369
922
1031
1040
1090
1057
1075
1074
1087
1100
1107
1112
1367
2762
2738
2715
2754
2729
2933
2772
2770
2762
2755
1321
2961
1341
1669
2149
1292
2161
1358
983
984
983
1006
1006
1208
1218
1235
1248
1264
1326
721
832
838
845
866
872
878
888
896
903
959
974
992
988
1002
1013
1020
1029
1038
1046
2978
2385
2821
2395
1574
1572
1575
1532
2845
624
749
727
751
748
805
832
840
852
917
886
902
935
1090
1166
1213
1295
1309
2498
1112
2187
1331
2384
2960
2186
3007
2975
2973
2202
724
748
761
776
784
790
804
815
835
864
1002
1059
1104
779
787
1392
1309
3161
1608
3089
1413
2642
1367
759
773
772
787
798
816
828
840
848
994
1016
1590
1698
1516
2695
1610
1706
767
765
762
890
766
767
835
774
874
1350
1288
1360
1618
3451
1328
946
987
871
887
906
865
848
849
849
2317
2333
2192
1588
1595
1693
1609
1616
3401
2865
3681
1514
1642
1331
926
926
827
837
879
896
3181
3564
1267
2386
2400
1705
2477
763
858
849
858
877
877
1100
1128
2860
3153
2826
2176
3454
768
1333
1249
2160
2233
2256
2279
1180
1163
1167
1181
1182
1183
1194
1253
1272
723
732
819
855
864
875
883
919
931
949
970
982
1007
1003
1061
1183
2863
2805
2833
3106
2589
3222
3130
3415
2764
2488
2926
2940
3432
3168
3436
2888
3130
2842
3143
2708
2409
2429
781
750
826
893
870
899
916
915
934
935
947
971
1099
1709
1563
2608
2448
2090
2091
2110
2111
1285
1351
1366
1355
1327
1631
1221
1263
737
756
769
776
786
795
810
817
829
837
848
862
869
876
942
1074
1117
1418
1420
2061
2120
1500
2081
2057
2068
2077
1539
1583
685
998
702
763
757
767
786
984
1600
1355
2842
2848
2015
2191
1986
1121
1154
1469
1480
1480
1491
988
1016
1111
1831
1815
1000
997
1014
1358
1371
2769
2977
2974
867
936
785
1346
1244
1884
1925
2109
2071
2179
1285
1133
1293
1922
1018
2698
2128
1645
1653
3087
2178
2139
1298
2151
2192
2194
2159
1068
1067
1087
1103
1346
1354
1256
3428
2955
2134
1744
1759
1760
1753
1827
1785
1870
1989
1999
2007
2016
1342
943
1001
1016
1024
1022
1056
1067
1079
1090
1089
1102
1121
1133
1132
1154
1316
1942
2704
3117
3127
1471
1167
1194
1205
1031
1059
1238
1170
1180
872
889
906
980
1017
1067
1062
1062
1040
1091
1083
803
810
818
825
845
854
860
876
884
905
942
950
958
1441
1441
1407
1406
1460
3288
3293
1983
2186
1222
1188
1070
950
975
1056
662
674
683
913
898
919
1507
1499
1374
1470
1309
1467
1492
2120
2220
2220
1737
1524
1538
1708
1773
1418
866
875
889
899
910
925
1159
3217
3206
2316
1605
2188
877
887
896
769
889
857
853
890
876
930
946
956
1364
3773
2022
2022
2056
2234
1399
936
741
847
867
876
884
893
900
920
931
946
955
971
984
1144
1082
1168
1226
1739
2299
2326
1840
2316
2329
2293
2350
1709
1631
1713
1891
1945
1954
3752
1912
1967
1909
3467
3753
3606
1523
1523
1124
3637
3643
4085
3835
2289
4062
3671
3664
1556
1651
3658
3679
823
870
904
928
937
949
957
986
1037
1136
1197
1215
1454
1271
1465
1230
1211
2269
2507
2507
2425
1523
2548
2563
1845
2548
2570
1222
1054
1046
1080
1129
906
907
1616
1629
1481
1392
2547
2395
2507
2523
2413
2400
2536
2536
4118
2298
2490
3894
2511
2521
2531
2510
2509
2508
2497
2528
2400
2400
2338
1577
1524
1079
1092
1109
1126
1135
1156
1183
1192
1201
1221
1230
1265
1274
1491
3615
3643
4223
1670
1775
1596
1777
1784
3671
3691
4343
3747
4114
3582
4352
3580
4346
2411
2467
2202
2467
971
985
994
1018
1025
1032
1046
1055
1065
1070
1079
1090
1133
1141
1148
1164
1178
1186
1202
1210
1222
1398
1405
1418
1428
2377
1710
1415
3532
1842
1889
2706
1354
1245
1312
883
895
924
936
1128
1127
1194
1202
873
882
894
909
910
924
933
1514
1462
2299
4208
4088
817
1864
1124
819
1108
1760
1596
1603
1508
1487
1495
1508
1516
1525
4877
2434
2422
2431
1464
1632
1032
1042
1066
1067
1084
1667
2094
2095
874
942
951
985
1035
1043
1058
1066
1075
1084
1095
1110
1120
1132
1142
1919
1837
1533
1531
1525
2680
1813
2642
2643
2637
1819
2441
2778
5182
2788
2810
2790
3804
4141
4831
2771
2761
3634
2774
2702
3834
2785
2730
2723
2860
950
959
973
999
1008
1109
1152
1159
1165
1174
1219
1225
1256
1256
1254
1245
1423
1457
1491
1510
1912
1490
1502
1469
1505
1465
1509
1498
1506
1547
2755
2806
2738
2768
2805
2760
1905
3335
2749
2714
2690
2038
2299
2410
2734
2304
2317
3056
2330
2012
2321
2728
2348
2857
2334
2496
2441
2357
1652
2879
2901
1715
1109
1238
1841
1572
1527
1310
1323
1261
3485
3365
3483
3499
1898
3513
1656
2259
2592
2283
2715
1476
1561
1561
1562
1593
1583
1601
1724
1618
1733
1478
1027
1200
1033
1033
1761
1514
1774
2750
2789
2869
1749
2768
2837
2761
2596
1468
828
946
946
844
965
976
985
997
1007
1015
1061
1069
1130
1138
1152
1161
1395
1391
1944
1954
2032
2025
2039
2137
2285
2283
2487
2498
3708
3797
3785
3890
1806
3939
2003
2001
2008
2032
2026
1033
929
840
842
891
745
947
1042
1039
1036
1033
1008
1010
1003
999
998
1104
1123
1252
1281
1410
1713
1713
1367
2390
2329
1373
1381
4153
1754
4004
4041
823
788
805
813
829
830
843
863
863
873
881
910
910
909
928
942
953
967
979
1142
1309
1269
4291
1683
1685
1686
1255
1265
1261
1281
1269
2576
2414
2407
2473
2480
2489
4404
1546
1707
4317
4345
1527
1060
1054
1096
1125
1153
1167
819
913
929
972
979
986
996
1005
1059
1065
1096
1091
1087
1088
1529
1529
1532
1551
1550
1568
1572
1565
3607
3546
3789
3509
3778
4522
3511
2304
2314
2588
2588
3270
2589
2466
2466
2500
2501
2522
2533
2082
2530
2102
2519
2534
880
936
1018
1022
1043
1051
1070
1080
1088
1106
1251
1271
1364
1385
2068
1628
2139
2089
2088
2847
2838
2219
1775
1355
2867
2446
2463
1386
1267
1406
1404
1414
1425
806
815
863
886
885
900
926
1053
935
946
971
979
1021
1011
1018
1035
1062
1048
1074
1085
1097
1109
1124
1134
1200
1292
1318
1929
1257
1277
1275
1238
1452
1459
1609
1473
665
636
645
730
669
677
697
690
748
817
843
851
1462
1250
1187
1108
1006
1004
932
945
916
1389
2969
3021
2976
2959
1584
1593
1442
1421
1464
2304
2615
2311
2615
2326
1338
1259
1272
787
1125
1141
1394
1067
935
874
827
821
715
1470
1477
1483
1489
1485
1180
1168
2246
1525
2427
2386
1783
2434
2788
2923
2406
2595
2422
2626
1480
1509
2480
1520
872
874
876
959
967
977
988
997
1006
1115
953
931
923
952
951
966
974
989
1003
1621
1353
1278
1249
2244
2197
2210
2243
2227
2289
3131
3034
3154
2565
3137
2272
2565
3171
2592
2577
2462
2592
3451
2624
930
1038
1046
1055
1064
1095
1103
1111
1121
1131
1167
1177
1241
1293
1286
1304
1356
1634
2309
2547
2309
2318
2315
2438
2372
2011
1690
1970
1979
1079
1086
1095
1194
1111
1157
1426
3091
2003
1885
1741
2633
1755
2028
1901
2041
3091
3069
3096
3071
1568
1578
1567
1385
1393
1391
1392
1386
2599
2346
2205
1981
1981
2888
2887
878
917
934
942
950
1090
1146
1155
1164
1177
1187
1234
1284
1302
1328
1339
1346
1588
1597
1510
1598
2268
2308
2303
2298
2306
2299
2338
1604
1613
1608
1625
1353
1404
1522
1863
1864
1881
1883
1877
1885
2249
2494
857
1093
857
848
1021
1034
1164
1159
1158
1152
1155
1151
1150
1130
1124
1120
1149
1071
1071
1066
1826
2210
2739
2218
2224
1472
2723
1840
1589
1456
1455
2275
2271
2280
2302
2274
2281
1696
1700
1702
1697
1701
1682
1557
966
971
803
1027
1039
1028
1055
1066
1089
1089
1106
1105
1127
1306
1293
1393
1413
1526
1768
1782
1326
1388
2981
1546
1712
1832
1179
1189
1207
1244
3041
3015
883
892
911
991
989
992
985
984
985
986
987
1039
1261
843
852
953
932
953
952
969
984
984
1307
2289
2342
2352
2475
2489
2547
2536
1353
1393
1333
2098
2101
3033
1243
1161
1138
1127
847
1008
1023
1034
1033
1598
1608
2613
2629
3224
2532
2526
2563
1354
3051
3030
3005
3010
3272
3067
3265
3068
2659
3277
3044
3298
3318
2518
2694
2681
2787
2693
1000
1003
1018
1028
1029
1040
1048
1055
1115
1123
1136
1158
1172
1190
1360
1597
1529
1519
1349
1638
2840
1920
2860
2862
1058
845
858
918
928
940
1075
1087
1100
1113
1139
1148
1158
1168
1203
1218
1239
1246
1256
1288
1309
1323
1394
1422
2701
2071
2078
2928
1732
2783
2084
2081
2092
3052
3000
3015
2957
2824
1774
1781
2863
1612
2967
2966
2758
2772
2843
2597
1829
2951
2977
2964
2784
3024
1666
1686
1679
1728
2519
1533
1770
1772
869
878
894
902
912
920
934
945
1076
1104
1113
1129
1167
1208
1205
1204
1237
1494
1562
780
779
903
911
972
1491
2686
3290
2731
2703
2506
2717
2806
2795
2749
2714
2722
1361
2406
2427
1714
1412
1413
1656
1650
1647
1665
1499
1511
1722
1730
1123
1302
3143
2111
2121
2522
1721
2489
2520
2534
2535
2535
3372
2316
2323
2313
2313
2339
1618
1625
730
758
766
870
872
846
891
982
990
1004
1013
1063
1062
1085
1084
3470
3314
2962
3043
1491
1570
1601
949
1077
1151
855
865
878
889
1443
1195
1483
1740
2861
2869
860
870
879
895
894
910
963
973
994
993
1006
1014
1057
1068
1343
899
907
916
925
935
967
1396
3068
2430
3070
1493
1440
1442
1446
1438
1449
1456
1449
1458
1471
1461
1460
898
899
899
893
916
1037
976
974
1013
1028
1024
1049
1046
1062
1069
1081
1088
1104
1111
1118
1132
1143
1173
1197
1267
2401
2648
2843
1429
2617
2412
2428
2622
2622
2864
2635
2811
2830
2824
2816
2847
2803
2846
1455
1390
2160
2613
2927
2443
2904
2701
2938
2949
2395
3029
2710
2711
2219
1441
1519
1475
2307
1478
917
925
932
945
953
978
996
1012
993
986
986
986
1065
1113
1122
1134
1135
1151
1159
1168
1185
1199
1199
1216
1226
1316
1398
1441
1474
1512
2730
2693
2714
3148
3123
3217
1378
1390
1351
1384
1397
