228
261
275
229
270
495
489
480
179
191
214
181
206
230
216
215
388
387
337
218
214
479
241
237
264
244
251
235
265
342
252
250
248
285
416
413
558
267
336
374
296
321
518
324
254
262
263
475
414
300
272
517
338
298
383
431
287
236
473
465
192
576
398
475
447
419
426
467
230
197
217
351
360
281
180
189
226
309
427
274
164
176
481
283
203
307
287
161
254
434
207
195
204
453
428
162
180
193
187
188
288
212
221
509
202
184
192
200
501
160
314
388
175
364
183
178
188
195
231
260
260
193
210
187
366
286
366
177
206
284
174
196
277
179
214
171
195
193
340
338
228
191
214
232
211
411
418
206
265
245
219
379
361
267
165
185
236
228
251
171
206
184
171
191
203
389
396
180
320
174
181
300
194
200
215
185
227
215
313
320
375
301
300
205
238
173
196
190
210
307
235
172
217
170
177
210
194
215
211
421
289
161
147
258
152
152
255
190
191
204
181
290
189
377
353
295
218
217
287
233
243
207
229
284
378
290
301
294
242
389
211
225
324
298
236
401
229
214
292
267
318
291
309
240
271
186
234
236
249
174
187
195
157
168
337
352
283
331
165
172
359
256
174
165
159
182
377
194
364
150
161
196
181
213
339
240
168
168
167
183
205
206
178
149
165
162
170
441
388
298
249
191
263
196
287
202
212
200
325
249
221
207
309
261
233
342
232
342
395
343
347
272
338
263
251
296
250
372
424
352
279
280
359
277
289
313
287
451
296
338
309
387
323
262
315
315
376
409
436
303
496
387
295
280
298
330
312
573
490
253
305
303
281
373
531
601
265
353
378
264
230
210
268
260
218
365
219
219
538
558
551
268
231
218
226
235
243
411
420
224
443
281
291
356
248
240
245
417
317
386
276
276
307
221
311
276
594
492
335
471
492
211
322
397
276
404
368
249
251
289
252
283
297
282
421
275
368
298
421
233
272
314
266
308
532
559
361
270
347
467
256
289
549
544
450
162
171
238
272
554
510
257
257
241
225
325
228
521
309
391
424
425
307
340
601
179
460
626
220
434
283
281
184
192
480
170
199
245
538
266
275
250
468
203
599
631
181
195
212
249
202
222
435
445
307
406
180
214
173
477
299
182
190
408
350
160
148
159
177
381
403
455
198
238
532
338
307
285
245
234
210
207
196
178
199
448
477
241
238
164
181
198
224
297
190
277
212
182
158
235
250
308
265
296
138
166
613
480
403
425
206
161
160
192
486
725
234
156
239
631
551
272
228
208
189
252
595
324
577
355
364
521
499
539
184
242
460
266
225
223
282
458
564
673
625
261
221
548
603
177
438
189
230
244
220
353
306
343
308
239
180
375
301
453
144
297
378
364
202
167
159
189
489
447
232
742
717
438
224
760
781
535
653
270
149
191
223
212
241
125
156
149
169
296
208
231
129
140
185
150
397
305
180
193
444
694
659
571
562
510
231
163
150
148
127
200
188
531
384
353
385
380
206
208
163
550
219
429
220
221
84
85
121
145
154
177
174
170
240
203
86
96
102
108
98
279
254
200
201
140
184
297
144
346
564
301
293
353
424
314
283
186
369
298
224
115
126
193
181
189
200
98
134
160
130
236
443
256
113
95
105
140
393
103
127
184
213
488
367
506
143
153
363
209
386
143
340
121
130
149
93
167
109
190
315
406
117
378
162
423
225
217
418
385
186
238
110
119
209
164
145
210
474
481
171
128
134
170
348
350
243
335
154
143
151
362
502
546
237
223
233
217
218
585
207
186
120
156
100
107
128
172
95
215
343
114
119
220
442
313
189
137
136
134
452
223
349
374
500
346
337
276
84
341
195
201
426
130
154
170
156
199
103
120
149
102
135
192
402
260
255
146
154
181
199
130
146
155
242
117
128
198
142
149
179
171
161
426
94
304
90
115
449
468
191
197
185
105
133
110
407
399
407
137
227
196
168
128
145
392
178
187
299
149
108
197
336
327
324
345
133
163
152
167
429
370
106
229
190
224
310
115
110
334
186
160
179
216
323
135
313
241
331
153
149
173
351
313
358
434
416
255
234
237
202
239
163
187
196
241
364
399
162
181
207
211
303
3455
3667
3789
1889
3482
4065
247
271
331
206
323
457
668
2390
2927
1053
4623
1788
3554
406
435
3063
357
235
236
250
266
277
954
1461
3958
299
514
372
381
312
381
341
588
399
221
206
219
344
356
2278
255
253
619
4301
1469
2582
1849
2604
295
398
1871
1065
1952
4120
337
658
325
617
236
246
268
334
341
313
322
335
320
355
352
365
564
189
240
260
286
347
764
1446
767
1458
1464
845
303
313
337
153
167
175
220
5918
346
558
398
376
384
601
239
240
259
258
274
306
320
6076
455
463
395
229
514
213
426
510
300
579
348
761
308
298
268
296
641
495
490
498
447
396
636
426
301
331
453
304
315
414
735
327
340
290
279
235
253
261
320
281
122
107
255
256
241
349
362
230
282
281
143
304
270
532
275
517
187
320
248
249
555
535
560
589
547
602
279
364
501
575
534
184
580
197
498
269
613
241
355
382
255
272
597
607
614
404
217
612
620
530
256
255
254
262
276
286
336
705
193
217
219
219
222
215
221
218
223
265
273
282
291
306
314
322
331
341
349
357
366
303
269
231
230
242
280
535
444
302
308
314
340
788
788
853
758
864
352
873
783
565
358
249
344
352
521
576
973
300
987
608
322
529
414
408
812
361
377
361
409
451
379
387
1049
778
346
346
1160
295
921
925
911
1222
890
434
869
272
399
413
1009
314
322
424
408
428
378
378
482
484
485
486
433
483
447
663
1019
364
967
928
1092
664
423
358
392
444
450
1031
261
357
629
647
1020
650
602
609
648
526
519
560
511
565
568
738
320
337
318
337
359
757
744
763
336
343
357
385
347
560
322
267
290
309
344
378
363
389
360
758
749
863
782
414
895
272
290
351
350
395
352
388
728
650
328
337
437
349
355
477
425
476
293
339
345
498
498
480
360
352
347
355
373
413
408
363
371
343
358
424
402
329
347
371
243
281
329
338
348
256
281
274
271
268
603
585
583
599
409
296
327
462
690
464
473
603
673
658
655
267
267
277
638
644
637
454
679
463
737
239
247
262
261
644
639
426
234
759
822
395
331
191
694
694
670
259
205
211
207
187
185
205
307
571
572
665
622
790
560
244
252
238
331
279
394
261
383
254
519
684
826
877
785
707
733
380
870
804
311
727
323
588
584
604
259
338
328
254
254
255
255
736
392
398
338
317
350
379
386
189
200
208
215
396
351
370
568
413
240
377
522
586
218
243
614
635
634
567
270
379
665
665
412
625
229
239
260
735
744
594
677
503
695
752
237
301
619
278
298
304
310
280
320
295
308
276
456
704
591
598
314
487
297
268
276
316
421
428
339
300
251
248
265
381
290
457
474
373
493
225
235
251
263
254
277
285
305
615
519
288
311
670
712
288
305
323
689
300
317
487
360
578
633
231
243
672
274
281
678
300
308
324
380
392
419
290
325
577
417
492
669
636
649
634
366
326
357
378
376
340
358
357
349
562
728
459
477
548
842
850
860
846
454
343
350
374
374
393
557
492
523
716
890
883
790
872
905
814
584
564
506
906
568
380
472
461
445
444
438
948
591
843
616
985
386
395
579
312
324
339
364
367
387
425
526
898
927
904
909
868
341
518
625
619
428
491
497
497
518
654
362
353
365
366
752
698
935
757
589
1141
992
1018
706
735
1033
315
338
355
363
1124
1130
1135
986
626
524
508
508
637
232
233
232
228
228
1213
1208
448
272
516
345
365
378
376
369
350
625
626
644
622
1268
381
955
382
663
511
425
303
519
1327
531
525
255
262
272
303
594
1111
345
326
663
558
667
671
754
702
1011
408
1211
987
830
629
912
308
338
395
554
539
306
558
508
384
816
790
406
336
336
316
338
447
657
546
319
326
334
351
406
429
387
436
599
590
561
559
241
252
259
267
273
283
296
308
364
378
428
426
808
234
240
251
254
292
265
328
404
666
663
376
455
475
394
271
268
264
626
626
464
387
411
411
417
217
312
497
563
712
794
885
870
841
827
813
785
682
439
385
398
360
313
329
330
329
484
781
423
357
395
861
762
812
820
883
637
511
897
685
742
479
316
335
350
372
377
384
397
421
770
503
773
712
802
305
985
340
362
343
236
249
261
268
276
331
366
365
365
364
824
534
880
906
919
486
623
200
293
208
496
541
327
315
327
403
209
219
226
235
240
856
701
737
663
866
590
702
201
230
253
256
971
379
739
294
304
241
256
256
324
318
360
741
478
743
430
374
817
828
758
537
763
708
396
410
779
851
862
845
303
304
306
363
316
311
324
892
892
324
726
327
372
442
740
847
634
570
664
274
282
297
344
340
343
341
488
320
591
571
532
535
640
266
916
624
497
282
431
293
310
780
770
371
981
434
464
423
656
818
310
310
306
326
854
320
662
538
657
653
318
352
830
707
735
694
701
738
752
392
444
280
355
317
329
375
375
401
418
433
444
682
511
492
493
737
782
834
902
426
469
447
387
386
383
374
333
314
345
477
549
480
531
571
449
579
979
310
320
325
335
345
352
477
866
673
680
729
742
426
307
328
324
315
1019
1013
340
352
463
465
286
295
306
315
325
245
251
283
304
314
473
494
424
800
797
607
363
302
269
250
303
302
516
832
830
409
310
318
386
422
421
1237
1152
882
1258
1235
1191
1231
1130
1226
1147
542
516
806
974
713
779
846
1206
514
433
448
387
388
429
413
448
456
464
475
501
458
514
515
524
365
372
406
416
424
435
436
447
1500
268
290
392
399
476
652
1196
326
299
384
470
468
1099
771
469
477
546
503
504
562
609
1054
1060
760
1074
761
475
1271
1094
741
487
744
492
375
299
307
319
327
756
779
802
792
797
717
344
822
340
416
820
815
455
774
670
391
801
461
316
242
270
267
478
320
267
385
275
483
468
484
336
494
235
254
266
275
433
461
470
461
411
712
226
234
245
252
263
270
277
290
396
705
704
874
771
534
240
257
265
704
918
708
507
460
331
315
349
242
267
642
725
721
731
744
737
594
535
775
404
439
715
527
534
540
394
715
716
394
631
663
391
429
314
320
337
748
1094
787
650
362
349
479
397
494
785
772
688
361
334
329
362
917
922
355
349
348
945
709
702
806
974
940
756
370
907
393
415
402
426
673
675
388
406
389
446
1050
782
1057
931
1128
733
1008
624
948
760
775
1003
637
1069
340
333
341
511
378
376
349
339
778
1211
777
809
797
784
617
471
500
531
869
525
885
619
592
634
577
592
626
617
582
604
567
548
557
517
530
542
436
468
463
627
545
380
424
432
453
512
879
898
615
614
613
482
488
496
506
402
411
879
1029
956
648
900
517
562
575
939
526
646
1041
990
1130
1167
786
787
1159
933
548
557
564
589
597
606
628
972
1276
966
715
690
608
608
677
590
552
541
613
617
692
675
672
672
662
1313
1319
551
590
601
667
757
753
1409
585
497
566
552
550
550
531
621
646
854
820
862
604
556
462
477
743
1009
1396
1082
724
662
1102
471
1146
1107
589
464
449
450
373
368
719
572
1039
1327
348
364
378
511
548
550
1390
1157
972
1364
499
653
687
688
536
523
522
1126
1140
1169
1129
1236
1164
1230
1243
1200
394
410
417
426
1441
1079
1320
1147
1261
1239
1361
1107
1309
1170
1221
1287
1281
697
719
1236
414
441
454
454
466
474
504
712
664
700
771
893
1003
880
1407
789
1369
1332
1399
1332
1241
679
448
552
559
566
641
826
647
645
1505
1250
1517
1464
447
456
541
833
715
744
746
1078
551
561
558
558
560
586
594
605
846
736
744
853
860
1130
1715
1720
1059
1369
573
560
576
591
597
603
699
581
541
534
589
589
587
581
730
1079
1057
723
1241
1206
1196
1221
1174
779
505
516
533
543
555
650
692
708
967
556
565
515
550
558
1143
638
847
716
727
375
519
612
1447
1631
1611
1607
1543
1457
996
1569
1167
1167
1570
1515
408
427
448
447
439
395
447
394
483
491
511
650
736
744
1092
635
1104
385
433
426
417
417
415
539
382
424
433
433
742
744
1579
390
407
408
409
348
356
364
421
420
417
598
1714
1687
1118
1243
1247
408
416
426
618
665
513
681
1603
1623
1209
975
1766
1108
1822
1785
1187
665
1200
678
989
1787
1137
451
460
672
1531
615
1141
1225
1063
1082
1081
353
363
429
444
451
481
481
503
572
1163
1223
354
362
372
397
948
942
1047
945
1058
927
683
695
545
628
620
653
645
534
599
570
567
581
694
700
351
391
439
536
667
712
565
658
1449
846
664
659
668
781
1466
877
839
816
940
453
466
477
558
845
574
583
426
462
474
486
738
1103
1180
852
635
753
668
589
1190
1130
1135
1233
1219
1323
1140
1197
1194
586
666
598
594
493
544
542
502
563
503
642
547
547
547
1348
1128
1260
1129
1321
1263
1126
764
775
505
512
603
616
705
1495
649
1052
664
1052
664
798
794
852
980
981
850
856
868
1473
1548
421
429
450
459
467
507
536
648
1458
520
520
764
787
820
405
423
462
554
998
994
1092
688
1107
513
713
559
313
331
338
365
401
424
422
418
1400
402
410
542
701
1409
1334
693
466
351
348
375
371
366
1247
1162
928
1067
1141
1109
1095
1114
1093
601
487
483
446
979
1014
1238
951
565
628
1006
1003
458
471
486
459
456
456
476
463
462
595
993
600
531
418
417
406
415
364
386
321
340
379
604
675
1121
1229
1245
1202
1086
1065
547
480
1229
1282
1004
1295
1169
440
429
438
389
663
662
870
728
1245
1272
1269
1518
1426
755
746
380
399
410
430
437
444
453
465
474
484
499
508
602
1474
1185
1196
665
1065
678
1067
994
783
775
789
1365
790
1392
1129
1409
524
533
547
594
641
1090
956
832
751
970
673
734
958
567
655
546
558
579
642
1092
1084
1467
1323
515
499
1326
512
438
446
565
678
566
1152
1149
1176
528
1348
568
1350
1424
584
821
1288
1181
1181
1288
1282
1223
410
438
445
454
463
519
533
545
611
627
658
667
386
392
399
411
456
787
811
809
357
356
714
673
668
690
1293
1307
1519
1304
1470
635
568
501
432
568
609
614
620
385
1316
1510
1184
1305
750
392
508
408
1061
1205
452
1349
407
629
451
608
392
327
336
370
402
497
1071
1146
627
1045
1044
522
667
667
654
837
1454
843
1008
1455
662
338
343
396
395
409
408
449
462
543
587
921
922
1244
1244
1551
1632
478
477
501
1268
1312
1302
1216
1305
614
624
423
415
406
360
405
373
356
338
328
363
812
549
1080
944
1127
1084
945
943
610
617
624
632
428
367
387
396
536
489
541
558
569
491
1454
1056
1292
1345
906
931
353
369
400
406
440
429
436
448
463
470
535
1239
566
892
905
552
641
680
335
359
375
409
417
429
438
502
519
901
1338
909
909
941
512
385
419
413
867
873
1003
896
529
546
512
578
421
487
385
807
624
1284
852
908
1296
406
413
424
435
495
386
440
422
409
659
586
571
623
1223
918
973
944
924
1068
1052
613
433
442
564
578
600
913
1094
1105
470
452
460
503
495
491
1371
577
1192
1115
813
1222
1159
1166
1415
502
510
1426
1462
1371
738
1364
1282
1375
1359
757
1388
1381
1383
1417
770
703
654
713
708
715
559
552
562
581
583
539
574
628
628
629
628
669
669
663
712
1585
1313
1080
632
588
711
1423
523
537
561
572
582
592
723
1176
1478
1260
1223
726
437
446
467
479
493
502
512
523
542
648
361
405
421
929
1052
1147
1118
639
596
628
531
382
389
405
733
734
687
1122
709
1370
494
445
1388
497
1386
1322
1064
525
467
1330
651
1066
1049
1073
492
556
585
456
1231
1304
1159
1159
1298
1327
1236
944
570
1244
1043
1068
1018
633
1052
634
594
433
501
478
480
510
506
584
1187
271
340
310
305
386
373
367
338
428
344
441
450
483
495
502
572
1157
885
1127
1024
686
503
464
316
224
235
261
593
1125
594
629
598
295
304
300
300
273
285
293
1044
382
1048
410
753
492
426
540
436
705
766
281
304
300
298
688
981
821
673
337
472
1403
497
714
844
853
677
847
858
959
387
682
727
970
707
883
709
902
885
591
471
477
1061
593
753
1501
1419
1341
399
1194
511
680
762
659
1395
666
674
1278
590
578
552
561
490
535
1028
1028
758
974
326
515
338
338
435
384
521
520
520
469
439
549
1053
448
975
1131
1126
285
479
476
299
322
332
331
347
379
352
353
459
407
409
410
396
404
415
397
1163
1023
963
1230
1079
1262
1211
1345
1285
1280
693
538
624
711
504
557
331
939
330
339
347
361
371
372
444
776
908
823
910
655
840
867
874
607
597
508
514
527
517
940
829
825
712
546
846
957
458
387
392
399
410
994
584
579
545
765
984
743
1126
857
807
959
822
964
993
437
1256
1365
1456
927
1369
1329
1036
582
589
643
1427
1425
682
651
675
1138
954
1155
1085
1304
1005
763
1629
983
1023
1515
1624
1180
568
575
593
602
610
624
637
645
657
723
733
741
754
593
1291
1765
1245
1162
1308
1241
1382
1252
1379
1390
585
1273
676
696
707
592
630
565
539
487
504
500
494
485
454
499
1332
495
687
515
398
895
826
846
759
774
782
1026
645
641
641
607
604
611
640
623
629
653
643
663
653
661
681
681
813
1028
1045
602
1068
588
584
585
626
1140
556
626
801
690
425
337
334
381
439
384
1041
477
448
440
695
699
976
791
1105
643
516
497
419
438
1130
548
531
582
544
547
599
1118
1281
1068
1295
1150
1299
1275
563
570
1134
1271
1212
1288
1318
853
1405
1327
720
1227
1268
750
578
582
656
607
607
607
1262
854
1243
991
1456
1307
1231
1461
1471
1545
1446
1515
407
469
482
508
528
581
506
585
537
524
513
541
514
537
636
647
679
690
697
705
1379
1093
1351
1362
257
264
272
288
302
310
326
326
339
365
522
477
393
530
539
535
556
566
844
877
877
676
964
913
912
906
571
563
754
384
390
350
1135
674
681
663
678
811
806
822
423
424
455
1085
412
616
445
981
388
415
1002
999
763
1020
1028
1033
425
1161
1049
1186
430
442
1005
1223
1007
442
439
452
459
453
1056
1306
997
542
510
504
558
454
451
497
470
636
1133
677
689
671
677
687
484
451
453
520
519
518
539
539
559
555
571
599
652
1259
1290
1264
921
1311
1325
1315
1315
1253
949
1266
1467
1189
1314
1345
1287
308
258
318
326
334
350
360
385
1208
541
1195
1362
1313
684
1507
444
515
467
476
476
488
489
500
513
519
526
535
561
568
575
598
608
627
633
639
645
712
1589
1549
1419
1598
875
836
875
828
837
878
841
850
920
910
926
1193
1420
428
1355
514
1025
525
506
553
1056
1057
717
879
1046
522
1024
1045
1044
668
710
600
888
1105
1104
1121
760
1127
1469
790
706
466
487
450
450
453
467
475
492
509
489
499
501
520
520
1611
1621
1387
1081
970
840
1055
1558
1072
1097
1072
1605
1021
1032
1043
986
1129
1110
670
1080
1268
1202
1259
1084
1069
1168
1084
669
686
779
774
759
783
758
779
775
812
809
862
1226
864
972
967
866
884
881
976
1247
974
1113
1121
426
443
443
476
478
479
477
477
514
516
516
530
537
548
562
586
566
585
708
811
723
856
874
902
1141
514
330
551
927
1048
252
270
511
867
766
772
957
903
973
887
881
992
863
948
534
450
458
431
453
451
447
490
533
462
536
509
504
609
604
599
578
579
579
579
576
640
648
654
714
771
1043
991
692
832
921
921
847
849
518
1047
1020
1028
1035
1094
1100
1130
559
639
1270
1180
452
451
470
447
456
1289
1157
1062
1069
1035
821
640
1158
719
845
1205
846
737
1221
756
674
761
1209
1093
920
574
563
565
556
606
580
523
557
587
748
1060
1517
1192
1258
1262
1415
879
1414
725
885
1408
1440
1432
1452
863
914
908
820
818
825
1466
1160
893
936
1069
932
1535
1338
752
738
744
777
589
590
640
623
617
669
669
653
649
726
733
771
1605
1241
1093
1254
1285
788
624
619
820
532
623
623
598
484
491
607
515
546
530
512
541
528
541
560
575
538
574
1046
881
672
673
724
697
497
889
619
745
559
737
570
740
581
525
775
875
753
724
772
732
669
380
838
583
729
876
875
880
937
864
867
370
367
412
411
430
670
670
609
1203
1155
1226
623
612
623
480
453
465
493
476
466
520
1229
1294
1225
1271
1245
1223
1315
1289
1238
1336
1323
632
534
592
537
563
467
548
1099
650
1246
1137
1123
1124
1233
1286
681
604
633
672
479
458
459
456
449
518
518
645
551
714
707
786
658
755
673
685
680
677
713
713
695
711
476
420
480
514
527
539
564
586
597
604
617
685
578
1506
1393
1420
1413
832
741
487
498
497
409
419
412
458
449
486
486
486
474
1599
1638
567
1637
730
1617
903
525
508
504
458
460
421
445
467
461
461
482
1074
1836
788
1053
1037
1134
1077
1073
1774
640
511
624
681
681
697
1228
1197
1198
1189
1197
1204
1196
714
725
725
745
552
1374
1376
1384
1597
1826
1714
1386
2020
787
1257
1339
1241
1147
1365
1261
1378
1283
2110
2066
1360
516
525
538
579
552
2156
607
569
611
583
590
704
624
607
1981
1965
1338
1346
1984
1980
1261
1434
2225
1887
1324
1356
1293
1360
1375
1358
1370
1407
605
448
501
631
882
872
851
871
901
891
888
880
1435
1260
847
854
952
662
556
556
570
595
597
596
596
756
747
758
745
783
795
1477
993
820
449
458
466
478
487
1609
1489
1499
1566
1499
1489
1090
619
668
1007
1006
1583
1449
1449
1475
1568
1569
1457
1457
1240
1361
872
1063
491
517
531
541
550
559
567
576
585
596
607
622
629
637
1264
1260
1230
1273
715
1299
1359
1324
1720
702
514
529
538
1168
903
1271
1083
1097
1086
1675
678
561
559
559
559
554
593
601
618
614
684
1647
880
1465
733
739
748
738
634
619
743
1843
1551
1300
751
562
521
590
598
612
623
851
870
727
728
1718
1053
1926
884
1723
881
868
849
881
924
865
896
1820
624
572
580
588
597
609
619
636
645
656
767
1811
1758
1923
1796
1781
652
668
674
700
741
493
502
519
535
523
534
542
581
589
598
610
621
629
697
711
721
747
739
739
879
1986
1336
1026
2212
1017
1032
1297
2135
2128
2232
2148
2145
504
490
497
510
510
497
552
565
577
584
593
627
626
625
650
657
664
681
689
890
904
829
755
1128
1037
1147
1418
1086
1439
1158
1619
1780
898
1297
1078
1478
1799
1219
819
672
718
767
568
577
613
1034
1033
903
1044
1052
1069
872
1076
760
639
679
614
543
841
996
910
1484
1403
1441
1479
1447
1520
1687
1453
1446
1517
1509
1536
1525
1539
888
701
723
884
1470
1000
829
1653
826
965
766
783
780
726
744
724
733
639
650
744
744
744
610
621
639
671
679
1113
1075
1077
1498
960
1770
1059
1058
1101
1065
707
783
917
548
562
590
576
591
606
737
747
762
586
1114
1224
1067
1050
1067
939
927
904
1924
699
840
1992
1963
1961
1073
1129
1124
1132
1141
1133
1012
1143
1152
964
976
1560
1044
980
1605
1156
1319
1336
1295
1173
1309
1321
1177
1174
1148
1193
1159
1521
1032
1635
618
631
709
755
752
770
771
802
812
820
829
848
857
866
873
1733
1668
1668
1226
1045
1238
1661
1645
1680
1691
2168
992
974
966
685
983
891
687
696
1765
1534
1919
1950
1951
2339
2327
1247
2343
1972
2203
2404
2380
2309
994
902
918
781
796
1185
1317
1183
1180
1197
2361
2110
2103
1765
1773
1927
1737
1962
1871
1869
1877
1887
1167
1166
1306
2006
1194
1228
1260
1241
819
802
809
825
852
852
840
1138
2386
2462
2508
2506
1880
627
591
621
617
637
635
761
748
749
832
795
794
849
860
929
938
2002
1674
1264
1271
987
479
508
521
538
547
569
720
733
899
2366
2356
2360
1184
877
1197
1205
931
1725
1938
1264
1946
579
638
666
685
1134
481
598
1717
2229
2498
2430
988
2265
2582
2571
2370
1740
2375
588
599
614
624
2322
2198
1100
2191
831
1685
884
892
1696
662
674
692
719
708
743
1653
1626
1664
1645
1807
1801
1825
1805
1684
1825
1671
1620
1654
1827
1492
802
712
595
656
656
644
622
700
1584
492
474
571
557
521
1870
1073
1084
1100
1769
1933
1906
1127
2267
1108
1127
412
542
566
564
829
749
2219
1976
2000
1657
1480
1681
1849
2013
2038
2375
973
1676
1622
939
1683
1646
485
499
541
1051
768
989
1805
1835
1608
1369
782
1098
674
1063
1930
1666
1661
959
1217
1219
1179
972
932
992
1101
786
1987
2092
2024
2077
2069
1778
2051
666
628
651
664
634
766
1093
1089
1315
1104
1315
2169
1504
1519
1630
646
724
798
835
829
839
822
774
877
856
817
795
813
687
695
866
850
2185
2177
2210
2220
2012
1058
1065
797
885
857
826
614
639
648
660
669
690
689
712
723
731
740
755
766
786
795
805
812
1072
902
1173
712
776
1185
1193
1190
1544
1758
1836
901
869
1704
1654
1592
1768
2230
1854
1231
1247
1211
778
775
764
772
665
1018
1804
901
1063
1444
1193
1018
1692
1669
1811
1861
1892
1075
1852
1859
1856
1694
1106
1101
1662
1859
1813
684
672
690
706
723
750
738
771
770
1063
2046
2059
1017
1015
1084
1072
731
754
754
1140
886
785
763
1159
948
1854
1599
1326
2064
1984
2089
1991
588
589
589
580
637
648
659
671
719
870
732
865
874
802
871
919
927
922
924
920
955
1007
1024
1696
1170
991
909
771
677
673
2013
2021
2013
2021
2189
2125
2165
2264
1847
1595
1596
1229
1236
1036
712
658
658
676
676
695
695
745
734
727
727
744
777
778
779
1016
1034
1070
1188
859
1728
1728
1375
2009
1309
933
942
950
1056
966
1035
690
675
755
748
748
748
740
747
711
819
814
813
851
849
847
917
946
1268
1290
1291
1157
1155
1972
1702
1024
718
731
871
900
921
590
691
720
728
1078
927
1270
1693
2195
2097
1280
2209
1949
677
1068
843
1692
1642
1650
1764
1761
1671
1677
1692
1326
814
696
704
1016
770
576
633
642
691
515
524
595
593
518
788
1445
1402
1514
1392
1427
1539
966
843
341
359
365
374
381
443
451
481
489
496
505
551
579
588
600
611
620
770
1803
1714
1733
1730
1843
1834
973
984
705
387
474
573
631
985
997
1514
1510
1507
1527
750
761
805
840
848
601
697
1200
1220
1184
1036
1107
1037
1231
1242
1712
1651
1736
1077
1153
1282
1699
1744
1656
1848
1732
1670
1819
1186
693
622
684
696
698
698
741
723
723
759
658
652
1045
1556
872
853
1607
2052
2317
2103
2175
2222
2313
1305
2167
2164
1255
1243
1450
1269
1268
1260
1467
1270
1278
810
807
584
531
538
568
568
565
564
605
597
688
709
704
722
730
750
776
2278
2304
2252
2460
2280
2259
1777
917
1086
954
708
1966
2175
870
1018
1024
717
851
848
565
1931
1549
1020
1523
1500
1710
1965
634
641
640
637
636
834
1092
1714
1820
1649
1100
1859
1837
996
2056
1131
1642
1638
1679
1471
1034
1034
1592
1852
1296
1306
1509
955
642
655
662
693
706
687
686
812
1637
1866
1114
1665
1936
1931
1136
1398
1724
1554
1468
1544
1816
1088
1568
1560
843
807
822
960
1185
1870
1367
1421
1454
1462
1485
713
726
785
783
790
802
810
819
831
839
847
859
865
883
1655
641
649
661
668
726
744
760
789
796
809
821
833
1044
1530
1487
1496
1508
1540
2372
2327
2039
1490
1563
1560
612
623
793
897
939
1016
1052
1091
993
1169
1509
1509
1982
2268
2075
2074
2320
1117
541
574
591
598
609
616
626
645
697
690
671
669
668
720
728
756
2361
2077
2074
1062
543
1408
1980
1887
2531
2426
1954
1428
2203
997
1111
1166
1169
868
886
859
883
660
667
673
686
686
704
718
773
814
1231
1247
1127
1517
1539
1501
1519
1518
1555
656
663
676
683
693
702
709
510
582
607
594
603
1204
614
1335
1581
1558
1525
1567
1562
1609
1593
1592
1641
1376
846
1247
1240
1250
1264
1182
1209
1267
1211
1412
1408
1552
1564
1544
959
964
1091
770
1093
1431
1395
1435
1360
650
616
615
613
616
616
646
678
756
862
538
580
589
598
610
618
631
640
805
838
501
508
505
505
497
508
502
503
581
594
604
707
478
487
1326
520
533
612
701
1051
1050
1056
797
724
746
752
759
427
422
441
447
454
463
472
487
486
516
502
589
557
577
607
603
603
603
457
464
1490
478
1942
1926
496
502
562
684
1307
1409
1605
890
804
810
817
819
829
593
804
2024
1380
2003
2021
2015
942
805
1156
1801
1555
1513
874
1562
1650
886
1645
812
819
612
1197
1991
754
1144
1227
867
620
614
621
630
590
620
621
665
667
667
668
669
696
697
1683
1457
1672
870
1075
1183
2161
888
1292
1396
2122
517
529
515
591
688
686
615
635
633
631
629
623
715
726
723
734
788
944
956
962
1494
1163
1721
1436
1418
1430
1424
1393
1393
1467
1741
1435
1451
1469
828
826
824
824
823
856
856
894
889
906
597
599
587
600
599
620
627
762
866
1471
1343
1824
1356
1687
1099
1096
1097
824
708
707
532
550
551
552
882
833
833
832
1264
843
1373
840
847
838
846
1008
1391
589
1397
1458
1987
1838
1833
1677
1362
624
621
636
840
578
1367
884
707
754
818
767
813
825
567
567
749
625
648
644
645
644
688
671
621
620
622
753
707
777
576
590
630
608
616
1402
969
900
1504
916
933
915
883
926
1527
640
630
630
1071
814
821
775
1166
1115
830
837
846
646
645
633
630
628
748
763
953
961
1363
1519
1684
1527
1515
1360
640
657
657
665
662
721
663
664
664
709
777
1340
1340
1146
800
678
685
693
704
831
811
790
850
927
955
963
979
956
964
970
967
1026
975
589
720
707
727
724
714
671
679
641
614
721
1082
901
1468
1470
1488
1537
1536
1882
1856
1450
1859
1895
1895
1909
410
417
506
489
518
535
547
571
583
1781
592
1540
1540
1528
1146
1383
1370
1108
1367
1115
755
827
886
918
1221
1222
1084
1040
1027
1029
1838
1826
576
567
562
606
723
765
841
835
847
826
834
847
833
808
879
1061
1032
877
867
1972
2057
888
1635
1075
2094
1204
2001
2029
1980
1797
1832
1812
1851
1852
1864
1845
1860
1208
1518
1525
1383
1395
880
1885
1081
1131
1089
1787
1053
1734
1722
1809
1953
1688
1696
1714
1724
1194
1226
1303
1078
1301
1257
990
781
994
775
912
803
623
721
722
680
703
710
687
745
739
735
808
816
991
876
847
1050
1012
1052
1011
885
1868
1706
1822
1503
1448
1562
961
972
951
962
806
902
887
578
578
553
1912
1677
2317
2003
1823
2056
2097
1843
2148
2096
2379
2162
1940
2133
1914
1950
2142
2384
2039
2038
1821
662
675
865
1853
596
564
648
656
624
656
651
661
684
650
705
679
1241
1035
1052
1119
2111
2280
1957
1760
2226
2262
1253
1270
1476
2423
2539
2428
2156
1484
1682
1881
1672
1062
620
777
720
721
739
752
760
781
776
789
885
928
1261
2390
1404
2098
2395
1265
1033
1034
1273
1273
1849
1270
2337
1666
2200
2300
2286
1456
2439
2158
2217
1400
2452
2211
1484
2210
1800
1482
1408
2375
2195
2534
1766
1417
2209
1906
1284
2238
2354
2246
2405
1033
747
757
736
833
983
857
1026
1994
2452
1924
1901
1927
1002
1195
1206
1208
1152
675
673
687
694
707
715
722
734
753
797
804
816
815
828
1016
2306
2756
2753
2306
1309
742
903
2017
1690
1379
2067
951
980
956
967
988
1191
837
910
590
687
694
706
707
722
730
743
752
802
796
829
828
844
852
511
532
538
544
508
517
509
612
623
616
610
583
581
552
1198
2126
1910
687
684
961
796
717
710
712
2185
1927
2276
2262
1601
2276
1615
2265
946
565
573
581
632
1821
1802
1822
1819
1844
1846
1836
982
624
758
801
819
553
630
567
609
560
579
596
601
632
647
1098
1097
1062
1554
2140
2370
563
547
553
560
566
583
615
624
682
720
700
846
936
937
934
1509
1791
1495
1501
1556
1734
1718
1272
913
831
633
654
652
686
720
615
607
662
650
633
664
1665
1692
1695
905
716
734
730
810
946
925
962
952
946
953
731
731
761
934
1499
1469
1451
1379
1858
1828
1670
1678
1024
1549
1548
1524
936
988
975
984
1002
1001
631
695
714
707
670
620
566
576
666
751
746
754
742
749
686
694
715
724
731
830
830
827
867
880
933
926
929
944
1031
1049
1261
1267
1282
1272
1297
1296
1298
1915
548
594
600
596
603
619
636
637
646
741
967
2301
2147
2173
2073
2095
2120
2165
1164
824
488
498
683
1087
656
929
799
797
807
1267
1273
1506
1705
1663
1575
1762
1553
1509
1596
1298
934
1223
1582
2144
1241
1223
1147
1253
1743
1750
1191
1812
2158
2166
1255
1600
2169
1593
1807
1633
1775
621
615
636
615
652
864
1294
1248
1212
1186
1259
1034
1022
1472
1417
1473
1700
1380
1753
1740
896
895
895
885
885
895
886
885
1531
1531
1361
2313
2023
863
827
1060
1068
877
1217
1217
1230
1103
1230
862
748
755
767
775
793
805
818
827
835
851
861
868
876
883
1700
1718
1707
1717
1490
1360
1814
1507
1508
1469
1635
1603
1617
1580
1723
1608
538
544
540
523
529
540
549
557
545
571
632
640
649
656
703
740
748
764
787
795
803
813
820
832
841
851
906
913
907
985
970
938
1017
1049
1087
1052
1053
542
549
633
638
643
653
662
674
676
703
692
902
1053
1979
1589
1598
1601
1600
754
580
581
577
638
634
634
633
804
911
722
758
470
472
484
493
506
521
532
702
2003
1957
1102
1128
1166
1573
1589
1129
1416
1416
1434
1463
1988
1985
2041
1172
1167
1183
1043
1264
1179
1187
1466
1457
867
878
1057
591
586
561
577
564
562
664
825
1112
1109
1111
1118
2220
1116
2073
2012
925
1129
976
982
884
1153
665
1540
660
655
665
666
692
715
696
678
716
700
776
739
1460
1304
1390
1387
1422
1583
1403
1586
1552
1204
1003
2428
1219
1224
685
762
801
815
868
883
1307
1374
1307
1384
1339
678
690
698
727
734
763
772
996
974
845
1458
1309
1484
1420
1504
1552
1560
1500
639
652
660
679
758
783
782
789
838
809
902
1499
1505
587
579
614
614
616
617
608
543
606
713
723
1061
1222
1220
1156
1171
1182
1190
1255
1201
1179
1276
1252
1260
622
678
684
679
709
717
723
730
740
837
924
986
1013
1798
1707
1565
1709
1136
1757
1735
952
1570
1572
1583
868
1581
1552
969
1529
1299
985
1244
1795
1669
1779
1678
1810
1798
631
713
720
734
743
762
770
777
784
791
802
878
927
2208
2350
2278
1955
2122
2401
2184
2351
2397
1080
1097
2399
1092
2388
1281
2445
909
1030
1122
1137
635
689
711
698
696
738
745
882
911
1049
993
1577
1586
1548
1787
1389
1247
1145
1249
1248
1156
878
869
1632
1632
1631
892
1735
1735
1726
1704
1694
1687
1667
1673
915
757
869
894
727
636
767
714
802
794
805
712
1032
1024
1042
1038
1043
1047
1025
1058
1034
1039
1071
1075
482
511
510
508
510
814
889
906
921
1223
1045
1269
1240
1065
907
904
1083
929
1679
1675
1673
1674
537
545
558
565
582
582
596
604
613
622
637
684
659
1734
663
748
1915
1168
1168
1930
2105
1031
2089
1064
1799
1813
781
792
1719
2138
2144
1791
1811
1683
671
673
686
696
721
736
746
783
811
705
647
647
648
613
614
975
1407
1415
976
1177
2139
986
1955
1936
1959
1939
2175
2157
1016
2023
1030
1947
1971
2033
998
654
698
650
665
703
665
681
708
691
696
685
691
732
733
743
754
766
781
789
850
954
1541
862
998
873
971
2324
2108
2322
2236
2341
2179
2243
2285
2231
2038
638
650
741
644
698
716
706
717
706
748
754
760
753
726
839
871
907
1028
1079
1089
1107
1126
1068
1082
1577
1403
2422
2409
1580
1580
1581
1576
1585
2058
1440
2076
1792
1118
1632
1621
1689
739
650
665
696
704
721
720
740
779
789
805
826
889
946
1039
1086
1067
1062
1077
968
984
1301
1314
2018
1271
2220
1318
2202
1319
1336
1333
1798
1580
1966
1543
760
747
753
804
806
861
933
886
1428
1671
2024
1704
1549
1722
1743
1709
1720
1664
2010
1471
572
640
733
607
615
635
640
645
664
659
681
679
701
715
723
744
756
769
786
807
914
967
1681
1805
1717
1830
1823
1681
1851
798
529
569
570
660
1672
1818
1685
1810
1609
2147
1692
1696
1590
1056
1013
1025
967
992
978
1034
1030
812
851
868
540
536
527
492
528
535
447
607
606
600
571
592
604
598
650
658
668
700
989
1627
1615
1636
1775
1782
1600
899
899
1189
1217
779
654
445
520
706
449
458
527
528
504
505
531
537
536
497
569
1340
801
729
1052
1058
670
754
950
1088
1510
1345
1188
1322
1626
996
997
539
617
662
634
880
879
867
1418
873
1615
1429
1430
852
1145
1144
1141
1154
1151
1149
1162
1576
950
943
949
1606
1667
916
700
696
712
723
732
750
766
1101
899
1114
1886
1906
973
975
1491
1488
1469
1471
1493
1474
1460
1468
780
797
805
796
806
926
940
905
1645
2168
2063
2164
1852
1840
1510
2185
2325
1594
1761
1518
1525
1548
1559
1559
1558
949
957
1002
998
1147
2246
1241
1243
2375
2255
806
810
833
844
878
887
844
933
932
910
908
923
1020
1036
1048
1218
1227
1188
1216
1216
1221
1221
1220
1218
1243
1240
1260
814
808
829
837
872
863
873
882
924
951
980
987
977
1135
1169
2311
2265
2134
2331
2276
2144
2141
2453
2322
2285
1863
2333
2466
1870
2566
1630
1985
1789
1799
2601
1886
1516
2479
1805
2577
1793
2160
1793
1793
1591
1592
1589
1597
1273
729
723
769
788
788
788
790
778
790
781
829
827
849
875
1068
1927
2167
1669
1261
1674
1676
1449
1564
1254
1172
1258
1269
1275
1325
1399
1400
943
1032
1063
1071
1078
1090
1102
835
1077
1102
1124
689
688
688
706
745
753
772
779
786
802
802
814
823
831
839
858
879
1010
1036
1080
1162
1271
1485
1492
1488
503
511
544
1358
1403
1397
1257
1343
1884
1881
847
806
955
583
597
666
674
694
713
721
729
738
749
757
770
770
784
966
1538
1697
1697
1697
1707
1701
1878
1732
1580
1715
1560
967
974
768
767
1878
1847
1856
674
791
790
1675
1675
794
800
1695
1862
1691
1739
822
1326
1506
1654
1667
889
935
676
684
698
711
718
725
734
746
748
759
765
775
783
799
1521
1431
990
999
1751
1520
1049
1464
1799
1752
1796
1785
1798
1787
1512
1239
890
903
960
957
958
967
1038
795
816
822
829
874
943
747
814
838
829
830
984
1235
990
2269
1256
1155
2201
2205
2103
2128
2152
772
780
788
794
817
867
873
858
858
979
1003
988
794
789
838
795
797
807
753
718
735
724
725
717
748
722
929
1195
1206
1187
1188
1197
1892
1198
1196
1215
1223
1237
1244
1222
2264
2505
1939
1903
2144
1386
1382
1395
1406
1116
1240
1324
1467
1463
1364
1476
1361
1162
1004
960
978
977
738
799
