12
6
55
5
4
11
25
5
86
19
9
6
6
60
108
57
12
9
5
12
19
32
46
33
41
22
17
111
206
260
167
126
77
19
9
18
45
45
101
154
173
178
217
127
187
78
90
55
42
37
17
40
49
17
60
65
158
173
180
231
187
201
137
123
131
146
100
101
84
78
73
52
32
28
37
133
156
202
258
353
465
471
505
413
415
379
365
319
206
233
68
127
74
56
57
51
47
49
73
188
79
137
149
148
162
210
199
167
154
249
199
210
134
263
143
135
117
139
170
84
97
87
98
105
96
185
44
56
64
102
114
47
58
51
58
47
84
66
361
160
256
273
263
274
289
285
343
340
336
201
215
341
237
157
147
382
134
95
96
100
124
142
113
236
107
227
206
109
120
107
192
107
135
177
149
180
172
181
206
258
256
215
204
277
378
377
220
262
305
388
184
180
190
184
327
160
191
141
258
125
110
91
184
69
89
97
78
79
381
83
98
86
107
86
80
87
199
474
152
165
173
506
171
161
179
147
192
440
150
158
164
350
290
175
316
203
294
189
322
350
224
233
255
157
150
146
262
210
151
148
175
139
146
141
264
135
127
119
158
124
226
368
101
111
129
105
118
191
103
96
240
180
105
199
92
103
105
134
201
240
189
239
202
186
194
198
222
213
251
350
222
238
203
171
364
248
183
163
210
308
372
176
147
156
366
276
249
162
150
178
226
196
152
143
194
129
171
128
139
162
163
158
273
164
165
180
144
381
131
154
250
137
198
211
166
154
147
161
147
129
205
309
143
357
141
231
169
155
157
151
161
251
259
248
238
237
216
245
201
340
227
292
282
246
242
274
228
241
323
330
176
210
155
290
189
276
179
170
338
145
129
180
132
128
165
343
133
180
142
142
178
298
194
150
161
169
145
219
242
166
172
171
226
288
211
196
215
205
204
273
233
223
353
237
231
397
265
234
245
402
246
288
220
298
252
301
222
208
249
293
443
234
221
297
223
259
250
303
350
497
283
287
291
278
411
309
358
313
345
313
296
274
277
245
294
283
468
165
183
191
272
254
270
125
136
209
435
172
188
199
175
460
428
300
479
174
151
176
143
142
135
149
303
212
181
286
328
210
213
212
271
210
222
231
312
234
244
324
319
349
327
279
380
295
259
296
357
275
290
195
196
324
193
245
327
340
196
166
161
321
176
189
291
311
223
191
223
261
300
198
193
239
211
207
204
213
227
244
239
309
248
263
210
334
235
400
431
335
212
219
328
438
277
223
222
210
217
225
292
192
197
195
162
165
165
188
171
183
201
254
323
200
200
477
216
327
233
250
208
247
260
411
311
245
483
270
272
426
314
283
348
265
480
334
345
287
425
323
315
303
353
286
334
330
399
304
286
532
507
502
486
339
485
297
264
299
365
371
395
369
198
213
194
272
463
564
242
222
267
221
233
541
201
209
194
354
160
242
519
272
175
178
462
252
628
202
367
242
174
198
184
223
203
145
407
504
139
434
405
256
315
263
232
441
182
177
202
207
366
179
191
314
218
367
160
160
243
350
159
171
274
260
156
357
196
187
168
242
186
381
150
149
379
160
198
148
162
189
418
327
173
170
446
603
185
449
578
651
262
293
205
166
593
194
241
644
420
138
274
241
403
392
149
153
141
230
478
251
158
406
627
150
190
201
625
209
432
217
236
436
212
339
500
240
208
216
213
208
651
270
224
171
255
169
287
219
344
244
143
418
133
142
213
221
170
170
151
219
199
271
167
176
196
217
149
171
196
186
362
352
170
477
195
900
258
196
186
181
182
888
842
236
277
199
237
453
301
388
381
147
193
160
222
366
906
295
883
314
374
671
374
232
309
722
246
258
233
212
684
211
294
404
243
236
233
584
335
556
485
529
470
655
463
359
540
391
552
335
310
321
483
321
319
345
412
439
350
298
576
585
456
305
319
399
311
328
462
360
444
437
353
354
340
655
356
427
332
332
445
384
815
646
694
353
765
420
593
408
637
695
338
331
360
689
337
322
832
735
311
396
294
305
728
478
411
264
732
409
282
597
274
266
335
274
309
261
314
660
281
293
247
262
271
358
268
449
448
402
434
319
290
652
263
561
286
642
607
601
413
409
385
394
310
375
360
413
496
369
312
506
280
554
549
258
879
372
1033
601
331
419
380
296
596
277
914
864
536
856
284
294
304
295
255
241
323
318
365
361
341
614
622
417
518
274
326
307
688
546
302
216
225
538
220
721
255
228
246
588
270
172
215
602
456
181
763
314
296
207
212
206
215
805
845
525
212
224
513
845
296
249
221
274
192
784
295
231
210
439
281
239
291
217
204
420
785
437
420
215
231
189
475
252
343
325
193
329
301
295
349
246
248
454
272
625
265
540
219
239
316
137
313
289
273
200
202
174
395
247
181
296
328
752
293
260
260
291
372
196
330
255
223
207
215
246
497
174
286
472
175
400
257
257
187
205
179
191
188
351
399
182
202
184
184
240
270
191
364
252
642
492
1090
1093
474
455
704
1213
288
1204
270
283
442
467
381
383
645
434
365
365
340
379
400
688
528
358
373
311
313
614
567
6054
277
296
311
312
325
314
1680
627
608
651
404
1501
886
303
313
340
586
478
579
452
732
276
289
419
578
196
261
288
331
626
1152
749
203
212
287
1649
308
149
162
173
201
215
742
698
409
400
242
226
839
772
336
411
240
206
222
199
943
2391
295
186
186
221
798
690
829
920
299
267
212
187
202
210
226
270
393
413
203
369
575
731
184
290
145
658
106
202
338
250
131
905
779
258
255
244
314
264
399
218
704
647
982
153
168
626
782
780
507
676
523
451
523
170
208
237
257
436
176
439
170
452
231
193
194
193
290
896
288
777
937
899
206
274
179
196
209
1055
1223
349
193
212
788
1226
471
457
786
855
224
580
541
1057
538
385
222
274
294
534
614
667
1068
589
1066
679
1026
240
260
269
995
1078
220
232
234
299
204
1303
227
242
257
386
247
349
983
218
217
214
260
270
349
549
580
215
489
285
230
224
222
371
394
220
221
260
340
318
1301
395
633
659
418
1295
642
299
602
303
139
158
143
719
307
284
475
314
330
254
249
291
303
1007
563
338
485
1064
1156
615
454
374
374
685
613
1223
1109
1347
338
346
360
1566
263
261
284
304
320
343
353
385
520
1244
403
282
305
371
497
399
596
564
691
254
327
418
693
521
491
526
313
377
790
662
916
646
816
375
814
286
306
394
518
340
438
445
407
778
844
922
306
306
290
330
932
530
549
552
482
542
293
301
319
329
341
407
789
776
939
804
889
573
927
611
645
860
463
705
712
677
300
513
482
524
843
782
426
474
482
335
334
1178
350
370
1204
1110
885
536
554
302
331
339
799
817
745
1156
926
305
314
336
344
357
267
278
300
317
447
909
796
806
409
425
832
394
457
528
557
564
317
359
390
835
1059
1036
276
287
303
734
684
828
806
283
318
367
712
319
351
1183
328
1152
343
439
436
429
284
272
392
314
261
292
292
1079
489
489
474
499
342
334
283
307
985
817
817
574
412
814
879
875
738
370
525
629
1047
306
303
309
225
259
336
456
457
368
303
278
307
310
405
778
785
755
872
397
361
357
355
511
490
428
727
371
376
376
479
407
408
389
411
403
395
315
399
385
864
926
867
253
265
356
522
503
975
265
416
283
994
1024
509
517
580
841
1053
919
275
800
923
356
652
224
271
284
296
574
469
599
326
1149
414
411
508
527
796
281
454
377
459
1158
260
261
255
1346
473
393
389
377
893
892
942
1262
1340
321
338
382
376
957
922
459
341
357
759
1074
1082
296
291
337
344
1431
365
374
383
1462
436
292
331
414
284
411
744
363
232
301
311
782
782
420
259
255
1361
259
250
251
405
1424
1214
481
568
1386
782
288
279
277
281
281
1213
335
356
824
425
350
406
774
768
546
529
641
982
387
330
338
322
447
544
674
849
857
352
340
386
897
540
789
525
526
646
440
1093
1106
1112
415
429
950
929
493
284
300
359
490
779
873
760
980
931
509
559
334
334
361
362
373
383
405
438
450
580
260
268
276
284
300
417
1025
818
664
509
439
542
576
312
1227
253
262
270
277
357
345
817
904
930
518
524
542
613
626
1047
939
870
341
326
326
388
880
753
683
885
332
398
902
1436
1324
326
339
346
354
478
1392
477
822
849
1129
930
510
478
648
394
391
370
473
397
373
361
362
363
364
470
629
439
287
295
341
341
302
273
508
516
457
808
839
1065
324
377
320
446
274
348
336
293
452
588
695
429
444
452
308
321
330
359
368
1168
1130
801
1100
484
406
537
451
460
965
842
859
873
1097
753
397
319
376
390
526
857
509
905
999
960
733
880
536
892
951
382
377
420
436
522
514
706
764
476
399
413
331
385
476
825
282
308
482
280
1176
292
307
629
929
1040
358
393
500
579
465
931
1280
1288
1143
1137
1132
345
356
361
372
387
393
400
420
529
931
965
974
984
371
447
466
888
887
1076
1254
911
1351
431
331
370
748
386
458
785
709
372
605
730
621
319
328
384
1015
1100
689
1440
1041
1049
1140
659
731
1131
1124
384
400
413
423
439
461
469
478
566
391
1326
1293
1389
1521
1519
941
581
574
573
673
506
1367
836
923
922
1465
488
487
501
399
442
426
467
477
491
499
536
1108
607
614
1123
473
538
323
581
804
969
976
608
438
414
372
387
610
265
273
288
979
321
327
381
389
410
996
807
437
290
290
356
501
498
509
507
507
333
348
363
363
413
439
576
477
493
492
498
320
328
342
349
516
1697
1767
1670
500
507
359
264
273
285
303
315
337
352
369
543
944
564
846
844
552
853
854
336
360
390
443
1184
486
998
1014
291
284
313
305
787
901
1973
995
908
1009
578
784
848
850
458
388
388
387
418
438
452
1095
332
367
404
340
371
357
401
2138
1839
458
504
549
411
373
541
422
516
554
556
330
339
603
611
434
636
1959
795
657
360
381
615
1042
1015
1761
1965
1030
1024
879
867
895
871
879
465
2113
2103
370
443
422
459
438
431
460
270
277
290
427
350
381
390
926
425
1410
884
497
441
451
377
849
503
252
376
870
476
475
832
262
791
810
1943
1519
826
333
354
346
374
724
762
869
2151
722
742
1923
270
288
2118
311
405
402
398
397
389
384
459
792
314
2170
406
2466
746
741
842
728
533
483
471
292
838
314
337
389
375
556
475
363
478
493
525
270
284
299
308
407
665
722
1686
1851
845
485
288
310
2006
813
1961
356
374
346
385
360
328
488
469
729
740
749
756
512
282
301
308
333
369
383
391
398
484
977
909
475
790
848
850
2270
926
324
333
352
464
504
801
1935
874
2168
613
545
809
584
523
517
329
387
404
421
431
455
903
634
495
593
594
660
360
384
502
2162
568
397
394
394
350
358
399
389
412
630
588
1177
546
924
901
579
576
625
348
401
415
424
494
552
547
556
677
490
497
506
357
365
417
481
1620
793
794
917
999
567
545
920
911
326
393
405
415
432
599
500
605
607
651
534
557
395
1561
1033
975
387
728
1602
549
738
553
553
2905
342
312
367
393
407
417
504
439
553
547
613
307
306
306
336
359
382
467
983
2060
441
440
984
256
342
393
935
616
999
990
622
291
376
938
273
2880
467
886
851
939
423
1997
293
303
314
355
958
954
367
397
314
275
285
299
441
341
321
325
305
432
778
327
247
282
299
323
951
927
447
319
787
770
784
2501
226
254
861
279
284
297
438
530
561
476
334
515
208
294
333
950
396
802
717
908
1833
809
938
2015
424
405
738
721
724
941
937
957
937
2430
359
343
355
370
452
863
1017
956
683
783
779
463
474
349
357
384
393
407
417
433
2269
444
458
1017
1128
2099
1305
854
307
322
335
350
798
374
394
420
446
863
513
852
891
268
277
289
305
315
476
589
923
1086
452
579
380
339
337
554
861
871
823
2488
941
2489
2049
2167
893
955
2465
953
962
2102
1608
615
1011
433
446
456
467
474
330
360
376
385
399
424
446
458
468
485
493
501
609
733
543
859
295
304
327
369
501
871
639
918
651
371
378
386
409
417
427
435
442
463
482
523
302
596
638
627
580
591
298
317
329
339
351
359
976
1014
352
299
355
368
375
917
553
1085
720
878
3549
2791
805
2947
448
367
381
393
732
468
385
403
410
691
754
881
778
383
495
565
499
697
578
913
376
392
404
436
448
3536
1050
542
532
545
506
478
504
620
619
616
624
661
660
630
552
495
454
475
495
496
507
515
522
410
418
484
493
400
429
430
682
862
621
670
423
437
445
472
482
535
569
427
435
563
679
931
573
574
2534
450
463
484
494
502
513
563
669
639
639
653
683
506
707
1038
2051
1033
1055
1078
675
356
483
744
689
1065
2387
2049
2137
873
893
891
427
361
369
436
547
613
614
628
375
467
628
610
1130
1734
1614
2414
1065
393
404
603
605
391
694
686
2287
1105
703
711
2094
310
328
339
348
425
440
451
459
564
2353
1061
1041
845
983
692
699
1670
1152
2482
709
682
525
732
342
333
510
444
452
284
1632
2052
492
558
219
1030
1073
1012
548
558
439
318
421
562
1186
1683
991
1146
1244
955
1249
1267
1158
1282
958
740
1901
1176
384
292
292
328
325
365
362
599
681
1098
635
1305
1053
605
1806
635
181
707
364
458
200
262
270
279
300
350
1162
494
352
363
436
445
405
419
740
1467
718
1436
202
202
213
251
226
238
246
263
258
267
254
1185
320
1498
788
494
258
1217
282
218
218
234
234
259
497
499
596
562
319
258
287
389
2286
2257
362
1087
1722
1698
1208
305
369
346
953
361
395
385
408
1768
721
2787
289
339
287
319
900
2345
872
727
450
407
1441
1212
410
289
331
388
381
242
297
314
325
333
1528
1263
1423
904
1783
379
459
707
2542
798
729
2514
1814
1325
319
502
444
1715
2788
2463
722
406
354
364
374
429
429
509
509
365
429
994
896
1147
327
336
350
379
394
413
428
1201
1586
979
955
1386
1004
354
306
317
388
400
581
496
625
2125
565
482
962
1086
1465
982
1497
1456
1474
904
404
413
473
489
620
2642
2081
620
958
1553
3021
607
383
424
433
443
524
983
2327
754
790
1176
742
399
409
419
599
860
798
1200
1248
1595
724
1617
1034
1217
580
486
375
308
405
374
346
404
417
432
459
458
1350
1305
488
1264
521
534
877
529
945
1220
482
739
1004
999
750
947
660
669
449
329
395
415
413
428
447
460
469
937
957
636
953
676
377
375
1455
2208
1815
877
563
629
383
372
1194
1435
1004
1599
1411
501
575
2935
572
359
375
388
400
418
381
535
535
3001
418
451
506
403
372
381
390
406
428
584
967
864
654
395
405
418
435
435
434
468
507
825
837
581
553
579
397
420
428
441
780
688
430
443
354
353
352
386
385
382
410
428
423
446
446
1866
862
1887
659
1908
680
705
388
386
430
419
353
398
700
2505
1864
1932
613
477
642
688
550
538
504
504
496
365
398
436
550
650
350
363
372
998
935
1012
725
566
757
449
493
1025
1077
997
1007
499
512
617
491
514
415
379
337
344
362
376
410
433
432
454
588
1066
1101
1051
1011
473
469
1130
332
2304
446
362
373
470
843
840
648
1070
1040
561
635
1037
637
1040
588
1164
634
641
1150
674
646
2386
334
356
365
383
513
797
607
591
579
649
438
447
461
472
481
499
515
366
366
374
390
670
475
461
618
625
633
626
450
475
634
557
763
449
466
1037
599
2092
614
949
612
1067
1082
974
696
555
542
1143
984
703
1115
715
963
1173
1029
2673
1227
615
552
568
568
706
2936
1082
554
582
623
642
622
619
438
446
455
490
538
553
570
590
599
949
956
1077
1132
1216
1228
2784
516
730
607
696
775
713
662
1121
3223
1320
1344
1098
1290
1118
648
453
464
478
494
514
1147
2612
1137
411
860
793
2278
451
421
431
440
459
471
378
431
638
2797
1071
2724
2596
3486
585
3162
529
568
376
458
498
757
2808
2512
2889
395
429
440
450
472
585
723
1219
1272
2480
1232
1185
2882
1288
446
445
458
471
483
492
499
516
525
623
2816
446
501
761
601
625
625
1977
818
1189
737
792
1301
1366
1260
755
1322
487
512
592
619
646
667
398
354
453
1261
1466
1474
1282
1148
1168
1504
787
789
508
1333
1333
1024
689
732
326
401
410
427
1590
1133
1509
715
681
498
415
311
346
417
427
724
696
996
665
564
600
715
394
493
519
3013
1114
1305
1147
1139
748
2630
1172
1185
1185
920
1326
1351
1065
707
718
451
463
472
481
503
637
644
590
890
884
905
803
653
664
675
675
1107
591
497
497
439
454
464
473
489
518
525
506
398
434
442
457
465
1107
371
517
568
563
2669
1293
662
495
3006
671
666
685
514
706
2604
387
1098
404
425
679
746
647
648
648
393
402
422
430
440
458
479
488
536
405
404
416
355
371
415
364
382
378
387
482
489
502
517
559
3932
3844
988
706
1067
999
703
1041
469
1010
542
330
340
363
427
459
641
648
1015
968
933
361
386
893
441
922
428
437
946
1298
1059
1293
439
446
466
627
854
3204
941
991
4340
298
342
354
384
405
419
439
452
552
3758
525
326
345
356
370
446
485
587
842
849
452
675
675
802
632
636
760
3299
628
1050
1101
1047
1008
406
963
971
1100
1136
1150
1148
1048
1085
386
421
436
452
679
1047
628
506
989
1055
1066
474
487
599
564
603
578
3234
569
1014
587
478
466
484
543
583
957
1039
1080
1080
1059
364
374
441
459
479
487
3887
3294
720
728
718
1115
1393
1183
571
462
453
463
456
452
452
453
448
449
1352
1249
1286
1353
1363
4042
680
1082
387
414
409
405
439
2962
1252
858
827
3533
809
843
3495
824
841
597
578
563
355
401
399
519
1140
573
679
499
3005
373
383
273
281
374
383
472
463
3676
449
599
595
960
622
1097
992
1106
633
1200
4080
462
477
580
958
945
882
573
580
298
309
322
330
379
388
416
426
440
457
470
479
488
497
505
515
524
532
542
560
577
585
595
618
220
863
450
339
384
391
406
413
442
205
387
447
231
244
257
266
294
939
934
943
923
628
563
565
566
568
663
432
302
459
877
312
311
318
309
318
949
711
740
951
643
956
889
736
992
877
701
382
397
424
825
657
4867
405
5064
404
401
482
561
492
272
280
288
296
318
326
795
797
344
357
370
382
390
399
453
246
279
322
693
336
344
361
394
274
539
583
534
546
537
549
537
375
282
281
225
309
308
305
332
327
247
559
622
666
462
569
575
556
581
461
251
825
776
364
419
331
319
319
324
263
272
439
444
461
789
919
899
878
914
439
358
370
640
698
853
3709
875
898
372
407
445
392
368
375
383
406
3781
4481
329
534
201
297
305
327
381
471
211
220
227
235
251
584
781
626
626
277
512
761
328
257
278
279
297
382
1119
833
831
829
836
759
760
798
363
781
871
496
772
783
4838
277
285
494
429
885
206
289
325
447
411
478
458
448
239
250
260
272
285
441
491
503
776
462
441
218
228
226
226
225
260
315
199
241
288
247
226
154
166
201
219
229
327
336
675
984
982
1087
1001
1084
968
681
396
1107
1011
1019
963
636
678
617
587
1081
1005
714
1172
373
341
387
4160
5219
1118
3836
396
750
291
1164
693
249
283
279
279
303
317
385
379
380
421
3968
232
243
258
272
282
299
360
4554
269
273
668
479
841
824
315
5862
5153
5862
6349
977
1394
429
498
644
6517
287
328
336
350
362
5248
376
385
398
415
431
439
449
4761
1039
783
719
4799
4097
4170
385
427
472
518
553
4335
5394
5021
4641
446
466
3544
516
603
808
475
412
407
580
582
554
427
350
284
349
303
824
510
814
598
307
418
622
600
622
852
309
317
522
615
591
589
673
608
214
258
351
512
514
1118
1133
4590
1003
291
476
616
612
540
547
5097
762
292
307
333
341
351
407
1232
582
979
475
502
906
918
357
303
294
293
1048
909
262
271
5978
487
583
523
5953
543
857
887
856
885
573
784
791
725
732
731
836
5308
967
1149
971
5048
1070
5030
501
4758
434
452
459
391
383
6532
5104
415
368
305
329
337
344
356
364
377
388
400
408
448
482
483
332
402
491
833
800
637
595
464
410
270
405
492
509
723
292
551
798
809
829
5076
268
281
293
303
312
324
333
799
460
361
799
4270
324
320
329
323
360
5457
355
880
793
440
1003
663
289
750
961
6454
5311
269
292
299
307
468
732
3932
6283
694
482
287
303
304
849
319
392
508
509
688
774
553
564
571
574
591
325
333
362
370
358
408
435
607
607
574
425
763
577
417
349
357
385
397
5569
5502
5915
5688
542
574
491
439
807
818
829
515
305
313
348
363
396
408
416
566
530
745
1018
323
353
353
355
351
350
380
462
567
550
913
900
885
917
909
866
945
748
626
567
574
554
919
459
487
486
499
316
334
348
360
373
909
390
574
916
245
327
305
286
937
289
290
356
946
340
956
892
446
203
254
287
293
300
490
427
428
803
815
818
753
427
392
250
246
274
258
274
274
295
308
460
338
286
293
378
500
615
616
676
636
354
780
775
841
239
315
284
292
300
324
353
416
377
658
276
222
233
240
248
257
266
291
299
308
324
336
392
787
665
175
489
399
430
447
442
511
506
276
356
397
771
754
788
394
229
228
245
252
4768
761
751
776
254
267
784
785
749
1114
692
356
688
697
785
744
351
363
379
387
401
240
251
307
320
329
359
373
454
376
677
745
251
170
178
259
241
249
262
285
324
352
476
537
323
544
536
241
692
201
198
514
522
435
539
231
543
555
459
788
381
752
7209
920
857
958
592
284
683
7837
1094
571
773
259
268
311
318
331
1144
636
703
661
295
290
383
721
662
335
3787
427
424
871
655
359
319
466
296
346
260
284
316
411
5942
3834
219
230
245
252
261
287
493
465
474
527
484
420
336
435
763
776
240
254
262
864
592
788
546
496
5935
381
447
288
289
193
202
222
231
271
281
276
294
942
939
946
396
374
949
445
315
315
315
295
281
245
324
287
639
204
247
242
259
258
280
328
439
6998
6239
587
614
315
338
330
681
568
285
337
306
313
322
276
289
317
339
6784
781
335
457
262
263
491
303
264
328
319
302
332
5313
7995
826
604
849
576
845
578
310
330
341
380
401
490
546
581
930
299
337
345
411
5389
4183
6955
6542
623
638
984
282
323
323
371
481
457
457
445
460
469
492
303
328
336
357
381
453
245
252
463
431
314
327
344
275
762
770
813
877
866
369
299
578
725
515
472
394
295
295
6375
872
837
516
952
511
436
468
374
339
916
798
4235
470
406
408
349
855
479
267
277
299
318
328
423
278
277
278
775
313
5554
4974
853
871
806
658
860
416
243
258
375
377
374
368
357
358
610
507
616
636
633
835
516
6865
1080
860
5279
739
761
763
3729
417
455
541
1204
6798
1207
1316
4757
371
5472
1199
1332
548
636
427
590
491
1384
861
995
888
931
958
459
558
853
561
309
319
327
337
365
385
424
478
526
540
222
253
279
289
308
7195
1102
1102
408
612
618
358
273
280
292
303
356
278
290
300
465
940
471
364
270
333
348
279
478
463
344
862
443
618
546
927
234
277
314
322
330
348
362
383
672
274
821
711
717
805
959
414
354
287
992
267
268
428
1019
1008
909
850
895
1257
397
324
458
312
306
388
356
288
298
240
7459
7281
290
298
6735
263
363
672
256
827
332
274
1049
268
254
288
461
730
1085
455
275
283
328
206
270
278
287
465
465
478
467
368
352
481
361
443
851
875
885
762
7607
291
848
875
488
792
314
258
269
281
292
306
308
323
335
346
355
735
149
138
154
167
591
185
606
300
355
441
339
335
342
349
366
374
381
390
734
776
226
385
644
206
214
226
239
249
552
238
252
555
552
637
588
654
208
358
309
388
397
618
642
140
152
198
207
224
239
253
262
273
282
173
323
302
359
377
356
378
190
199
206
212
224
285
315
290
302
467
591
603
330
286
288
286
305
318
319
295
531
719
347
365
364
377
329
354
569
372
381
307
564
436
587
265
276
335
436
434
434
522
322
287
264
280
299
267
446
7965
503
4826
8406
386
449
545
509
507
747
267
337
5971
352
361
8195
468
480
5937
9521
200
11214
263
273
343
343
314
464
8690
7126
7163
247
824
325
346
363
814
864
529
821
443
450
541
239
261
270
289
463
880
749
893
894
753
481
772
757
1041
391
549
525
509
539
998
1051
1024
1007
1024
1025
419
462
550
707
707
555
818
490
490
553
557
526
353
362
382
699
517
556
587
588
428
476
140
155
165
175
183
192
202
211
492
509
227
365
374
370
347
356
372
382
361
485
468
169
179
197
212
219
722
256
253
268
245
871
840
833
527
837
534
556
325
633
672
663
677
247
246
677
529
606
721
366
381
374
359
360
384
777
361
416
478
769
543
537
393
393
391
433
433
401
341
352
345
373
398
415
344
293
292
332
330
330
630
1010
509
375
421
475
336
8198
10177
782
1124
1134
1111
1122
1114
807
4468
460
564
10481
506
339
386
391
221
323
342
407
461
488
476
561
956
587
290
298
517
516
501
958
973
958
458
984
921
591
827
956
553
324
310
319
356
368
377
395
999
975
976
897
279
340
439
414
429
468
1014
263
471
449
484
493
469
394
405
918
258
257
272
286
406
698
700
3732
803
1175
814
851
816
721
855
425
1037
920
929
357
407
250
289
313
322
330
383
681
234
221
232
292
300
359
426
393
393
372
311
283
302
656
278
303
9374
682
677
698
623
702
8850
278
338
664
670
323
288
302
312
325
325
344
290
303
387
331
344
361
266
272
305
332
324
229
727
719
709
717
357
272
402
448
211
176
238
233
250
291
444
290
401
302
213
220
228
243
301
295
218
228
239
394
319
379
675
623
299
270
277
421
763
398
297
254
292
272
273
568
276
319
8788
246
664
688
731
738
208
220
239
292
359
719
9468
391
443
459
198
209
216
274
440
697
495
507
700
374
382
378
7144
506
518
381
383
240
484
791
355
368
334
425
258
304
439
290
242
265
277
290
423
441
742
251
295
347
431
743
675
614
689
247
313
451
444
726
328
413
5138
300
307
6330
294
6873
456
326
279
280
276
7004
383
450
267
249
268
279
734
200
759
309
199
206
311
276
6028
739
167
710
707
211
151
183
782
525
254
139
741
724
259
760
717
241
256
296
280
245
109
108
159
199
198
726
113
576
158
176
253
106
121
130
832
132
472
144
184
1011
157
166
188
802
942
173
182
137
148
166
178
193
204
251
485
941
322
988
971
546
474
1019
452
438
243
504
140
184
213
989
256
140
165
145
257
1159
447
662
326
198
139
183
153
155
183
146
155
163
235
454
174
187
198
141
154
187
743
306
1271
339
618
202
386
243
407
507
160
160
1145
409
494
222
317
636
705
433
403
183
197
179
407
183
163
195
187
172
162
276
225
169
210
174
167
194
170
179
190
223
599
326
359
181
177
200
245
132
146
166
198
311
312
158
146
170
270
266
267
614
525
274
147
438
165
150
637
7497
13108
235
194
481
480
649
730
601
143
166
184
415
199
209
256
8914
10595
13932
301
229
313
284
278
286
238
137
10247
394
333
11777
11508
204
420
10897
195
177
160
214
205
217
172
162
161
219
404
436
468
255
124
141
302
276
195
113
120
149
118
156
172
99
222
161
153
350
499
320
119
126
163
128
155
102
115
123
147
99
95
103
110
92
96
160
93
334
399
357
333
7681
10201
508
507
149
173
11762
155
574
81
193
399
85
432
8163
91
298
308
160
131
654
330
98
304
164
95
686
686
177
368
384
417
171
553
132
159
226
11528
246
435
162
160
11431
463
180
159
174
182
190
269
11722
221
10578
11286
137
144
151
204
199
222
10315
389
9862
11552
12625
398
188
240
381
213
252
161
171
308
115
115
242
159
136
252
198
95
114
287
148
115
151
252
198
173
163
212
247
167
188
452
120
117
73
84
76
100
98
85
84
72
74
194
181
102
126
373
394
219
479
213
225
255
298
9649
481
165
421
8605
423
431
294
338
198
101
115
210
74
87
117
81
89
247
105
85
100
112
281
343
361
351
334
190
153
333
126
134
148
161
12269
214
11304
11699
435
216
467
496
496
443
485
460
212
226
238
258
457
453
232
244
214
284
527
137
404
8920
8462
370
244
10150
133
276
265
247
8545
330
152
162
173
193
165
358
367
377
535
239
6815
222
173
181
7832
489
525
533
649
123
137
158
168
181
194
210
527
524
701
262
97
110
141
152
162
207
230
267
214
247
183
365
161
185
150
159
245
172
221
193
125
137
146
193
194
297
389
401
212
10618
284
12279
9574
8936
444
216
226
233
7415
314
13817
274
217
175
198
224
240
248
285
327
345
273
284
212
220
422
243
366
10107
154
319
128
499
202
318
174
395
215
263
230
223
590
256
9506
12797
8620
441
10274
12311
293
498
396
521
285
258
9232
235
243
251
150
150
172
182
189
235
244
255
270
287
412
412
144
196
276
400
375
243
167
453
329
202
190
202
212
265
455
461
469
265
490
446
409
166
174
184
210
520
134
155
168
163
198
10758
10392
279
10463
9238
120
150
137
145
156
375
151
160
190
400
153
170
413
461
131
151
204
360
405
411
424
397
397
511
467
442
378
224
230
703
525
210
146
468
520
228
219
225
350
360
147
248
247
145
165
475
339
165
172
131
138
151
158
173
191
229
390
187
219
268
240
170
162
169
178
165
218
155
169
175
210
207
262
261
132
147
157
167
180
382
401
142
185
474
436
238
342
400
347
172
129
385
456
148
166
204
405
224
200
209
220
207
218
389
221
432
419
5305
239
287
277
405
423
300
11722
180
317
325
10254
12720
283
231
231
14125
10937
12605
12435
194
300
12968
13850
382
322
321
14632
538
546
500
546
511
799
801
488
432
263
264
251
326
320
286
294
266
239
238
395
618
578
224
321
386
669
221
190
197
205
184
196
205
399
346
221
332
162
162
532
255
250
309
319
130
157
166
180
136
469
238
224
497
240
148
158
170
177
123
225
156
164
212
435
107
131
11386
124
184
470
532
579
207
12246
585
567
583
573
12214
11920
232
249
785
596
648
769
651
611
560
559
814
168
176
184
204
201
215
261
308
325
323
322
367
512
296
375
208
426
433
236
147
410
244
432
451
124
124
121
129
148
155
163
171
272
282
185
385
433
430
415
443
248
489
513
391
166
455
367
255
227
228
229
225
255
227
226
194
172
181
198
204
180
247
214
208
202
197
193
376
8391
747
684
413
498
498
509
289
318
5502
527
507
519
11446
12929
8768
10207
601
275
291
614
316
166
306
298
309
412
201
211
299
236
348
626
330
471
721
714
284
306
217
238
363
353
366
9520
14199
12519
12959
13693
15817
607
575
122
168
154
523
556
198
199
13041
468
404
253
270
298
430
428
462
304
348
303
337
298
350
340
264
158
142
150
156
172
384
455
183
457
13270
481
747
415
420
736
154
160
169
177
173
182
152
171
204
183
189
459
281
609
556
306
175
185
190
207
241
254
147
154
175
183
195
203
223
233
240
267
262
273
238
153
185
320
118
295
289
583
310
400
150
158
168
389
163
217
145
369
411
384
402
127
135
172
10122
310
196
14051
192
8396
293
8341
490
311
163
173
6920
235
216
194
205
302
278
336
209
279
157
126
135
143
475
468
515
519
345
316
260
10412
277
403
532
437
265
816
623
558
527
505
155
181
286
12982
533
272
494
563
12048
913
170
203
203
200
653
125
153
128
749
145
479
721
698
668
589
784
274
240
117
105
104
483
122
319
266
292
157
166
175
349
344
217
226
236
279
1043
235
727
545
814
254
173
173
173
192
808
1136
806
220
226
333
618
168
176
196
402
401
205
223
217
239
252
461
1174
517
156
164
172
180
200
213
229
238
250
258
323
319
288
263
374
159
171
171
191
192
192
230
211
246
247
259
270
372
153
162
170
183
195
214
221
218
232
240
304
304
383
380
310
383
235
282
180
159
174
182
190
416
247
240
251
227
254
250
246
417
396
232
227
164
173
232
361
112
154
163
173
376
185
211
95
182
280
198
307
335
338
443
746
187
186
261
397
195
581
405
535
458
581
602
602
328
321
331
12926
485
368
498
12532
245
277
13143
14057
235
369
393
14217
293
144
203
349
356
490
203
168
181
192
264
229
252
261
272
283
296
364
763
524
209
220
240
824
753
238
220
755
840
767
560
782
10621
291
504
11924
14930
215
10596
227
178
175
187
371
688
156
143
171
190
214
202
259
15443
9283
276
276
246
474
13119
12110
11662
320
340
13053
216
462
11141
14149
14559
11877
251
271
531
822
535
14646
12534
361
235
611
620
610
14084
247
330
330
522
316
504
538
275
275
354
243
368
467
6459
378
10408
386
189
210
226
234
207
353
355
370
165
247
367
373
316
205
205
205
372
545
287
376
372
389
560
214
222
230
241
271
466
194
349
483
530
243
159
621
168
315
531
175
562
570
636
559
193
502
495
510
571
611
506
464
243
615
355
399
207
215
230
254
263
272
283
294
152
145
164
178
188
220
249
586
112
153
143
166
174
186
198
211
297
261
192
159
171
180
14509
6190
524
485
590
429
466
563
192
9205
221
8937
473
256
353
494
148
201
217
235
247
260
466
489
558
492
356
142
152
196
277
716
221
195
184
353
245
216
217
281
317
226
478
477
303
302
254
212
220
228
237
551
543
566
577
243
254
198
249
268
149
317
312
276
526
150
502
573
172
246
188
569
163
170
518
261
567
467
661
602
640
446
436
629
236
203
211
219
228
236
506
628
627
138
134
235
463
224
237
250
266
633
169
182
562
269
212
174
466
268
281
296
233
210
189
198
205
222
190
198
215
327
179
158
170
182
190
152
162
171
184
137
147
169
166
304
402
189
256
232
164
283
284
283
242
302
202
124
136
156
164
142
256
164
426
427
145
152
176
143
105
123
141
128
504
551
144
252
572
305
334
268
315
343
577
695
319
214
420
414
409
298
389
483
509
541
320
320
497
382
292
300
285
339
426
312
177
195
204
212
418
134
141
223
173
183
206
388
229
409
10090
232
530
484
545
547
717
181
208
224
251
571
157
165
184
197
210
226
20915
339
257
279
231
202
14545
12723
195
192
11156
16928
11484
135
127
137
151
159
236
562
177
140
338
411
367
229
138
437
161
224
212
622
337
349
604
799
216
515
243
282
277
244
193
175
171
190
207
305
725
252
330
292
347
175
183
197
204
306
488
202
216
785
801
691
817
708
728
182
454
218
226
456
220
151
468
499
507
168
170
185
222
489
391
391
170
161
150
459
168
178
185
152
161
208
183
420
115
111
196
228
420
438
121
152
389
347
147
139
16090
182
158
11319
10442
15362
186
147
182
405
187
172
193
12221
252
17581
441
14395
202
261
15327
204
254
11172
171
276
471
464
477
159
300
207
148
158
306
316
448
288
484
245
235
445
432
319
114
122
230
198
113
131
238
227
211
219
226
116
126
236
236
209
168
126
134
141
158
169
178
112
125
137
146
156
186
482
172
89
140
140
159
338
271
79
87
99
167
174
296
134
152
288
159
260
114
95
93
325
161
153
72
85
72
82
293
66
174
231
78
153
199
157
106
254
233
249
265
263
112
208
76
90
206
104
120
104
86
115
254
297
308
321
118
129
332
225
220
105
123
133
144
155
96
215
252
133
74
88
99
117
99
84
173
69
106
103
101
229
284
153
145
112
158
357
138
259
317
280
161
131
218
228
139
193
115
163
222
71
218
155
94
264
226
113
109
117
89
187
278
188
183
224
209
199
115
190
149
175
325
117
85
267
104
226
316
301
163
114
146
117
118
59
48
56
211
73
229
86
247
61
75
102
168
63
58
441
57
314
37
74
108
361
209
84
64
76
70
16566
15247
66
72
184
201
11873
85
114
81
88
83
195
103
70
118
64
180
54
43
33
27
42
53
157
51
111
16263
38
128
29
52
44
24
137
139
35
56
38
112
57
38
56
64
57
7852
7173
81
95
76
11327
13655
5390
90
99
208
145
177
175
171
149
55
68
174
162
184
157
275
155
41
60
158
158
80
88
213
271
67
62
70
86
119
132
148
67
74
91
125
69
88
74
73
73
62
62
68
62
123
77
91
117
77
193
193
173
181
76
213
47
226
233
202
113
133
81
98
72
92
154
121
242
216
77
99
99
100
281
50
74
72
69
65
110
157
56
64
106
237
299
300
85
310
86
81
82
107
88
89
87
92
80
86
53
53
104
75
83
92
100
114
78
64
80
75
60
64
78
56
102
70
77
83
61
69
59
75
128
53
8693
75
63
196
106
131
135
257
206
127
163
244
233
205
154
222
187
222
191
129
202
140
109
123
245
69
103
127
129
125
88
71
83
122
121
83
105
108
297
103
125
317
301
98
112
104
112
220
123
111
94
87
122
91
125
260
239
107
144
241
148
209
229
211
241
147
238
156
254
261
139
169
135
127
189
116
116
137
117
99
71
98
80
77
65
74
87
66
67
83
73
66
73
90
156
109
98
105
104
97
105
121
101
116
115
109
117
90
121
97
91
122
133
180
127
119
148
163
192
153
194
153
188
158
209
167
185
180
258
249
255
223
174
175
184
193
292
153
197
141
223
123
120
117
146
133
139
304
177
148
209
189
188
165
190
155
144
219
150
158
145
224
151
151
151
143
129
241
134
106
153
137
155
113
110
118
89
102
112
84
173
82
107
83
185
122
129
187
129
155
179
198
147
215
218
214
222
204
210
16837
199
153
154
158
256
255
248
167
153
154
95
273
152
94
94
106
94
89
199
114
93
101
132
101
110
102
118
113
105
118
112
112
116
121
119
117
15427
190
118
7955
112
116
154
122
158
119
125
127
122
125
132
185
174
169
182
197
191
200
225
207
230
199
261
247
217
252
299
188
161
160
180
348
285
151
265
166
336
150
147
163
196
306
184
369
391
364
195
167
192
151
204
198
262
206
155
167
153
229
148
165
141
133
135
293
144
247
156
151
166
145
280
153
224
197
149
152
172
156
199
135
156
175
216
216
285
245
289
293
277
274
249
268
276
342
358
317
312
319
318
295
391
205
204
223
402
157
190
411
208
228
225
189
146
210
232
284
446
122
201
147
194
188
122
488
458
159
201
161
156
164
156
163
143
150
157
139
148
154
180
254
149
244
135
158
172
203
228
135
143
162
176
169
135
148
159
178
178
169
257
193
204
266
211
307
206
223
241
233
190
187
218
246
255
199
280
220
218
198
248
207
341
207
226
227
218
302
276
258
414
438
398
366
313
459
282
436
450
397
388
322
177
210
262
356
307
326
372
192
211
279
510
380
260
197
356
376
412
434
408
438
197
206
216
232
253
334
320
194
290
214
223
237
237
256
163
165
210
208
205
241
438
558
325
331
278
373
391
426
187
178
309
477
280
319
251
343
262
380
287
268
215
282
274
234
462
260
215
252
429
403
381
430
370
282
401
270
257
458
261
260
293
261
190
215
230
221
215
186
296
302
296
331
317
305
266
197
214
325
335
221
222
205
252
337
352
280
282
284
299
242
211
225
231
241
260
268
227
227
237
244
251
384
288
293
271
236
265
510
314
500
8515
490
524
454
291
244
265
276
292
294
308
316
382
371
9181
283
256
276
298
270
267
282
536
444
557
474
515
9198
304
268
279
268
292
301
311
348
355
311
260
303
555
540
567
293
302
311
599
628
349
529
537
532
440
580
591
658
316
587
394
530
384
546
466
415
635
629
592
439
452
387
403
433
633
637
495
368
376
499
432
474
475
485
516
347
360
369
376
614
497
522
678
688
372
412
397
406
416
489
562
513
406
428
428
450
459
471
503
614
622
500
470
769
11848
477
841
750
633
835
369
7501
821
847
902
889
901
289
305
291
272
361
431
405
812
419
363
353
527
507
920
566
497
560
636
715
858
421
581
356
595
525
522
537
376
429
259
257
252
348
345
413
778
445
761
646
472
502
370
469
459
290
327
388
426
394
699
486
373
647
648
309
320
332
348
508
445
538
247
245
259
278
292
313
335
547
428
395
433
365
278
278
476
424
403
470
562
500
698
370
371
607
394
389
748
701
349
360
395
360
477
477
385
407
360
371
369
421
375
355
356
371
359
597
526
523
429
548
539
413
421
423
405
545
689
712
689
544
748
464
474
476
798
496
533
841
839
834
535
659
602
595
427
435
469
587
764
773
781
680
873
535
535
332
438
795
464
583
401
256
268
647
517
525
598
501
384
284
501
462
456
487
295
334
885
521
428
415
562
305
315
324
207
220
257
369
858
917
473
463
8141
870
863
881
908
921
570
561
1002
1003
892
9345
291
302
968
490
497
496
475
475
480
507
585
477
478
386
420
466
920
369
887
360
302
528
491
418
873
421
504
898
553
586
571
618
293
645
404
772
931
852
872
955
973
1040
942
868
762
886
786
395
503
525
939
714
10662
618
813
13621
621
804
432
848
810
348
288
416
431
431
432
433
489
362
444
493
539
539
422
485
570
572
557
868
514
526
481
434
617
296
304
324
316
343
341
332
376
384
409
427
551
595
921
878
906
928
928
1027
980
548
346
348
356
244
369
497
306
322
332
342
426
1103
974
546
558
617
656
609
663
418
450
462
473
519
999
664
267
261
350
710
589
611
636
627
751
706
439
440
404
405
415
314
339
339
339
397
421
434
945
939
600
432
421
326
333
343
451
459
467
479
374
335
343
361
379
387
396
418
426
434
446
464
473
481
493
501
510
518
574
572
353
386
740
736
753
728
574
778
400
413
411
424
434
444
456
456
475
360
371
425
437
829
760
730
730
575
782
883
826
740
498
552
562
439
640
646
406
449
482
461
513
712
482
536
482
520
302
330
519
513
519
372
356
382
323
313
331
331
323
306
249
267
339
290
340
274
380
384
285
330
305
363
386
785
584
517
821
538
536
360
838
479
277
341
354
447
407
296
406
241
236
373
640
448
399
472
509
567
575
282
271
373
360
810
742
753
796
485
833
823
832
800
789
821
370
288
452
747
762
381
685
601
635
415
455
675
323
496
517
386
479
654
6784
311
328
342
360
393
597
471
608
288
288
318
291
330
425
442
449
258
210
221
228
244
256
280
279
399
423
592
544
430
209
210
229
237
260
717
315
358
487
298
416
417
233
295
482
390
502
4670
484
480
486
4665
501
366
421
286
298
311
341
4910
5478
687
5498
752
414
4783
4946
694
710
271
279
291
303
311
318
325
337
344
685
386
424
441
434
264
272
278
298
331
331
346
366
470
456
4836
434
373
246
312
323
371
5058
623
361
296
244
244
282
6082
1772
651
6408
665
365
274
286
294
300
308
326
387
720
1947
668
691
691
321
292
269
300
334
391
419
2014
756
4420
4443
4321
6197
6089
2041
4890
2148
870
4838
1236
4731
1167
5255
2183
8709
4918
10927
6324
1206
4765
1204
4620
4701
2774
2753
4711
1313
2237
4554
521
527
537
583
649
693
11595
695
709
660
638
708
2903
10486
682
740
790
1010
11073
1373
4875
760
611
6667
12310
550
542
538
568
560
12930
993
667
689
1104
669
2983
2456
2384
679
790
331
360
369
382
393
401
503
515
524
531
569
548
599
593
594
620
671
10011
1919
11275
1157
1450
12057
9372
732
376
408
394
452
5255
6977
10776
6594
415
429
435
443
456
464
472
481
489
498
508
521
529
537
546
565
700
6964
2248
1194
2215
778
285
763
7042
294
306
316
328
339
352
406
1254
5429
1145
493
408
426
437
453
449
476
1887
1686
5630
1333
1315
503
608
1986
2309
830
1082
1006
415
417
1211
2043
2358
1430
1294
2332
386
396
684
748
1503
453
440
450
463
1128
868
5749
9153
2652
878
3621
1165
1276
3479
1423
1521
1371
594
1437
1189
3685
9893
9913
12491
419
443
476
511
509
534
532
608
617
633
733
732
1628
835
347
368
380
1577
396
408
432
440
449
457
1545
470
1471
960
764
5999
765
523
545
547
545
547
569
581
594
587
631
632
643
720
714
802
1525
905
1591
1691
883
554
569
3440
926
931
1738
1188
1560
2495
1086
798
1260
1123
691
626
436
446
462
488
487
487
512
512
525
629
1148
641
1250
1154
1121
1143
1154
1152
1174
1165
741
742
1212
1164
520
519
554
567
1079
2194
666
797
1273
1322
1234
1227
1300
1308
1296
1335
1336
1392
1392
1374
1413
861
868
668
677
687
696
710
719
727
744
765
773
812
7879
1291
1336
1333
1295
1307
1308
1340
1285
1287
476
477
488
490
497
505
519
552
548
567
583
603
627
636
644
656
662
670
671
682
688
694
703
757
766
774
793
899
978
445
565
573
580
587
602
633
699
1111
1645
1653
1619
1319
1673
1653
1717
1656
1685
1634
1140
1141
1145
1156
810
544
565
562
564
583
1207
1200
1197
1029
941
1159
1160
1168
764
547
979
839
1013
1016
1015
1016
1018
1036
700
714
710
618
612
605
613
597
614
610
627
616
600
621
629
1479
1479
1233
1172
1257
672
671
707
754
785
820
732
689
688
687
683
698
737
1582
1542
1709
1597
1636
1385
12462
8585
704
711
733
742
794
801
810
823
823
833
928
895
1336
1530
9498
7458
1352
1352
981
964
976
983
800
554
561
569
578
586
667
668
666
668
713
783
781
781
823
819
815
831
827
823
823
