12
6
54
5
4
11
20
4
73
14
16
8
5
54
103
56
11
9
5
12
20
28
27
13
6
136
78
20
15
9
7
61
107
158
58
123
10
13
17
11
15
14
20
23
69
74
79
91
59
42
58
18
36
13
11
91
91
64
167
86
87
59
65
72
41
55
13
20
75
77
128
146
101
99
47
176
13
28
16
47
15
22
173
24
16
23
15
32
27
27
40
44
56
60
85
54
89
72
48
75
31
44
22
33
27
27
103
104
101
125
110
168
156
79
175
87
81
83
99
36
47
138
41
40
30
46
33
28
50
41
35
32
49
30
77
64
65
76
83
97
123
130
83
97
99
97
98
39
74
34
169
43
49
21
27
32
27
159
53
57
64
68
71
99
113
95
83
74
62
74
72
76
73
60
55
152
36
47
74
57
42
60
40
47
53
96
90
110
109
92
109
137
138
156
126
155
103
100
90
99
227
103
107
104
176
103
111
117
36
104
187
118
29
37
45
31
37
33
34
83
158
47
48
87
98
93
106
123
111
116
124
97
109
120
60
79
154
50
44
51
35
41
80
40
148
90
72
79
84
95
92
124
147
137
147
144
177
192
136
179
146
138
151
149
102
87
90
188
57
112
77
79
79
78
80
104
157
86
86
69
84
116
113
68
66
69
73
64
87
67
68
65
60
130
51
59
122
115
105
101
122
98
125
115
128
136
139
156
133
114
116
111
112
113
212
119
234
117
123
122
122
192
122
110
118
181
117
105
82
197
204
166
164
142
165
144
152
142
152
151
151
157
241
204
188
112
112
108
209
120
112
111
125
118
138
134
149
171
160
127
217
133
131
122
132
123
159
151
136
181
199
135
135
104
127
106
181
115
121
118
165
159
154
156
170
172
137
112
120
143
160
181
226
184
208
170
211
148
146
140
144
207
144
144
128
257
119
227
73
89
91
200
76
74
97
80
143
131
88
100
253
92
110
101
125
147
90
97
88
74
123
73
198
94
130
78
101
74
115
86
67
84
86
83
113
204
62
123
85
148
104
117
112
87
82
157
108
141
105
99
99
109
94
94
171
88
103
209
97
164
81
124
99
87
192
92
116
148
118
91
160
225
123
104
117
111
108
108
158
120
153
126
127
134
131
145
136
174
141
161
146
144
147
149
146
140
133
114
145
224
131
107
116
134
95
92
212
87
89
124
116
103
216
285
132
98
172
108
127
106
108
225
114
125
123
112
170
100
99
120
104
147
108
110
101
175
228
108
114
138
127
183
82
89
95
124
155
95
245
72
81
78
147
105
172
91
89
69
94
83
92
136
149
87
107
103
141
148
116
125
218
149
109
123
113
133
124
120
128
135
137
197
193
148
132
134
132
120
124
293
150
146
142
230
318
201
279
133
225
127
107
115
125
149
117
117
189
111
124
139
103
113
109
249
114
112
111
237
119
174
256
182
118
130
121
135
107
125
105
80
124
138
148
94
88
113
154
98
102
103
120
102
108
135
142
114
128
114
130
184
249
138
143
128
186
157
147
129
147
170
120
134
246
126
142
129
161
162
227
155
144
267
264
153
225
217
195
162
131
177
140
140
130
199
159
178
195
185
160
184
159
232
245
169
166
177
166
174
180
160
172
180
216
225
159
167
178
148
110
273
144
156
131
129
135
143
170
275
283
160
162
306
181
179
175
182
162
177
176
166
271
174
241
179
187
244
187
187
172
191
240
205
293
171
183
164
156
179
163
220
168
177
192
175
238
363
182
215
182
356
230
167
173
166
139
232
169
162
163
205
263
186
172
175
170
218
237
212
210
180
270
312
310
216
191
190
217
293
192
214
206
186
181
198
147
146
164
233
178
210
225
260
128
173
270
136
128
140
125
226
137
135
232
227
146
133
136
143
143
253
181
159
168
158
173
153
151
149
138
137
152
135
146
141
249
140
136
232
228
143
143
142
162
129
146
135
129
151
136
142
165
217
174
293
297
185
320
272
191
201
197
202
192
243
247
185
195
201
223
195
195
207
286
199
301
221
217
210
257
161
249
284
287
194
151
169
189
244
169
169
268
139
156
154
178
141
152
195
156
191
155
166
173
190
239
254
148
164
164
115
154
151
157
153
197
109
189
122
123
170
160
122
133
150
129
241
142
163
145
138
207
195
170
195
173
282
304
250
187
344
185
186
202
242
242
225
213
181
194
208
208
269
262
255
208
211
273
232
197
322
197
190
184
283
324
338
198
209
199
185
212
243
203
366
232
329
244
240
232
218
217
238
226
280
216
425
289
214
223
216
306
320
221
297
251
233
250
228
214
224
197
204
414
205
209
216
225
362
250
297
227
270
372
272
392
224
323
215
346
243
233
274
225
296
222
197
190
238
292
198
200
253
356
213
196
250
229
211
328
208
210
193
164
210
217
187
176
181
181
173
318
290
318
331
364
179
184
176
204
193
191
193
199
243
211
205
176
204
190
289
257
194
316
193
282
182
222
215
198
224
206
204
353
216
211
221
285
283
354
236
299
296
263
260
282
224
261
354
226
345
211
298
324
279
295
215
247
236
214
237
225
211
195
291
299
324
197
197
188
194
314
235
181
186
429
184
217
284
168
179
340
327
271
140
155
180
136
307
149
165
160
184
154
127
157
226
199
138
257
128
147
246
177
141
139
147
164
120
127
140
145
213
192
189
252
144
163
183
129
313
149
148
170
274
131
155
376
187
230
157
171
160
220
276
157
160
291
148
155
250
190
185
179
259
186
223
180
181
179
257
258
204
200
255
230
218
251
278
235
279
214
197
411
375
196
183
243
388
423
213
454
249
213
186
214
324
181
179
178
242
206
143
152
181
147
258
146
297
458
303
313
262
240
279
285
174
402
181
196
196
168
195
168
166
202
186
215
239
190
264
181
234
177
274
342
173
189
168
155
205
173
235
407
180
265
168
221
208
247
287
202
246
259
194
193
160
171
179
155
408
301
318
255
188
200
237
298
218
208
216
400
376
236
288
252
260
219
311
369
254
256
225
240
241
221
240
346
377
476
276
251
281
259
348
281
379
482
271
521
247
305
275
269
289
255
239
382
246
248
524
401
413
362
382
272
351
348
373
426
502
579
221
247
314
258
464
223
232
285
243
406
617
408
254
277
331
325
245
301
408
195
228
266
202
253
316
215
359
278
216
268
425
406
328
245
407
231
308
267
218
227
566
592
285
285
404
253
218
245
339
637
499
276
339
401
480
333
213
214
265
246
262
196
205
232
306
212
208
217
408
248
220
361
187
362
474
228
200
269
281
204
241
350
344
371
217
286
264
383
266
265
361
280
364
462
314
514
305
369
299
316
331
454
341
289
275
408
346
276
311
406
369
341
406
278
380
430
298
354
324
424
336
473
336
359
311
286
395
263
272
502
300
272
298
343
468
261
439
302
261
259
466
290
211
220
261
234
340
223
585
578
404
469
313
308
317
361
204
231
240
272
234
166
180
208
469
219
202
341
223
413
337
205
196
184
180
180
166
223
163
278
167
158
395
367
177
193
223
329
206
200
240
317
211
299
198
208
219
299
202
321
357
226
434
362
218
182
200
325
401
222
229
250
159
176
197
217
327
337
281
331
179
193
237
294
180
189
210
362
171
374
130
169
470
168
204
173
207
220
362
229
196
303
398
236
177
200
416
301
465
377
295
186
199
481
441
306
194
168
211
268
276
260
380
241
178
269
213
227
169
185
216
310
250
200
154
176
162
434
157
377
189
257
165
173
370
257
166
358
220
213
220
269
218
385
382
162
186
223
449
305
213
240
429
241
252
221
196
197
226
217
225
204
200
229
177
556
195
360
194
593
336
493
353
213
275
215
340
205
282
278
510
239
291
215
431
333
229
359
213
204
238
254
431
346
227
250
266
256
330
241
175
155
177
175
397
448
168
192
241
183
185
276
242
279
238
308
335
319
207
204
214
331
206
376
198
239
193
350
490
201
250
233
299
196
214
224
192
189
238
180
502
477
222
191
446
385
348
292
248
236
196
232
208
205
336
180
197
357
234
447
326
229
196
216
200
298
187
211
183
177
174
282
380
268
203
245
210
200
208
194
205
326
272
250
395
430
429
404
414
202
196
338
230
280
313
196
236
187
320
233
438
161
179
225
202
321
229
203
183
445
204
198
364
194
201
198
224
240
314
178
168
159
172
186
211
199
177
172
178
342
418
344
252
441
271
182
191
180
366
308
161
173
186
338
467
239
225
271
531
235
347
196
212
222
535
170
177
197
205
164
161
334
187
529
262
190
202
237
286
340
283
240
210
204
197
384
445
242
192
241
517
436
249
211
383
192
194
381
224
402
193
213
253
206
260
340
379
242
220
412
437
159
247
152
164
443
289
336
284
373
382
301
243
256
299
175
185
239
368
227
233
189
315
243
208
189
317
296
308
179
268
407
186
195
258
242
376
318
176
412
221
176
184
179
232
220
332
349
260
190
173
182
267
200
167
193
230
228
200
197
392
346
216
201
504
242
282
341
200
505
223
324
176
213
221
236
265
379
416
198
499
306
203
196
204
201
176
203
202
196
317
218
196
412
153
284
213
351
198
179
346
149
140
150
175
154
316
148
221
116
259
167
166
195
271
231
152
195
274
167
295
327
363
194
299
192
242
179
203
178
168
209
189
175
195
205
184
228
210
298
288
348
233
205
233
226
188
271
284
204
328
188
194
200
450
215
353
463
227
204
209
199
244
215
170
240
356
207
457
500
220
292
180
223
183
298
255
229
192
202
379
417
209
325
317
254
207
196
210
473
605
216
480
307
509
263
322
232
247
243
211
245
263
269
219
229
267
197
207
196
376
387
468
366
366
338
216
307
216
237
210
225
364
238
294
370
499
206
241
271
279
515
199
195
259
278
408
250
497
510
230
389
261
431
280
327
405
275
391
260
210
319
223
241
260
210
218
230
447
259
211
229
257
168
208
225
164
372
174
468
328
256
471
286
208
189
233
198
217
213
183
192
215
416
433
277
214
201
211
260
207
386
225
234
209
223
219
294
280
202
437
346
421
237
302
325
263
242
217
312
246
436
304
244
307
260
268
424
175
239
201
251
204
189
242
182
208
204
233
413
298
350
368
247
415
405
380
438
365
273
269
279
263
260
286
251
220
294
260
234
315
289
249
265
267
467
483
250
413
279
317
292
261
429
368
314
259
432
253
239
240
299
223
216
520
289
235
234
387
235
520
224
239
260
212
397
414
411
395
393
223
349
492
400
258
261
476
326
194
327
193
191
184
220
204
267
222
261
302
199
200
188
195
395
208
245
212
221
208
258
381
384
361
246
369
276
255
223
233
491
248
172
191
229
240
232
534
539
396
324
420
299
336
309
204
213
207
322
298
353
517
328
288
307
220
454
157
334
460
242
177
151
169
264
263
261
208
502
180
256
248
180
188
200
360
156
156
371
163
199
196
386
173
417
345
308
172
216
196
347
168
190
190
256
211
227
179
185
200
255
191
190
275
226
228
211
325
321
229
171
191
450
324
242
201
196
221
220
306
249
279
233
444
438
227
238
345
228
246
347
370
229
275
334
291
260
453
498
435
330
290
374
291
229
222
291
312
259
325
292
301
301
230
321
463
281
349
301
384
337
166
161
177
221
234
313
258
423
402
314
284
220
269
266
237
320
147
203
196
255
404
225
163
173
207
213
212
148
326
317
230
404
212
369
164
162
164
175
148
175
310
312
349
269
212
278
358
215
202
210
219
396
231
222
261
324
278
308
296
310
261
359
298
376
378
227
256
251
245
290
277
300
269
291
412
384
434
355
255
351
271
334
200
209
218
233
242
255
267
399
304
333
155
292
381
231
287
463
180
156
450
191
229
180
256
166
205
406
487
262
328
405
256
175
184
198
335
207
277
188
200
241
238
304
264
245
327
268
292
300
243
496
391
322
179
259
217
252
172
318
464
256
183
194
336
577
361
197
246
206
177
192
199
318
291
224
276
242
186
175
353
185
218
379
224
222
418
389
199
211
376
246
399
214
221
340
249
224
213
202
190
207
345
269
263
269
254
247
214
353
558
313
322
334
272
383
314
301
309
427
264
284
379
289
422
601
554
329
556
619
310
366
322
329
735
358
266
515
439
446
512
334
311
328
362
315
406
444
371
259
307
344
363
264
274
558
497
425
464
245
302
322
371
220
250
363
289
283
621
324
556
563
237
244
265
698
710
295
523
486
459
273
308
347
217
228
341
585
333
543
307
331
319
335
190
218
216
235
572
365
275
529
736
233
216
256
278
238
446
214
312
213
216
728
413
226
203
221
238
300
281
445
292
426
444
223
230
257
296
233
631
327
327
282
614
552
259
498
411
456
446
277
322
573
505
289
263
271
244
254
423
630
368
374
306
255
467
404
414
261
283
286
476
378
598
537
262
298
265
274
568
254
236
603
225
244
238
337
235
611
611
584
582
518
643
652
616
423
420
422
497
508
369
397
340
561
304
311
425
568
294
305
329
535
574
593
321
331
305
437
469
350
408
854
376
787
352
412
578
357
278
407
782
776
595
278
291
305
305
306
579
329
445
318
307
316
323
445
558
564
338
734
354
363
835
720
625
552
574
486
379
285
284
297
306
330
279
584
408
355
242
299
361
692
334
345
225
237
254
269
246
232
242
700
254
260
355
354
489
299
730
383
323
275
321
323
566
619
316
427
486
487
523
319
309
308
328
347
353
427
416
296
516
464
469
287
298
373
386
397
326
397
347
469
449
291
378
311
233
247
245
217
225
242
354
338
403
395
384
253
250
248
283
499
505
491
381
7583
464
527
569
291
320
611
509
6564
370
2903
609
9528
5481
5067
336
357
364
376
390
396
2939
7087
644
6717
5538
2226
864
818
796
384
926
892
422
10479
464
483
384
462
443
453
3150
8192
7888
451
695
295
311
343
342
370
454
7084
10439
6526
513
310
318
342
361
368
10156
6105
4073
545
525
547
2577
552
377
411
315
309
693
7609
6389
6862
465
897
329
343
231
225
275
291
291
305
315
333
461
5424
607
821
355
388
381
374
382
395
616
408
424
2849
8382
405
337
346
716
286
295
342
369
895
324
340
321
330
717
687
686
653
721
710
288
311
218
727
309
535
701
635
712
249
326
355
345
311
318
361
300
329
406
425
668
560
279
277
570
290
300
441
432
307
261
263
285
240
241
409
811
406
263
521
276
254
274
280
348
349
491
578
543
538
373
594
454
433
710
425
399
319
315
287
298
305
313
328
348
357
292
405
354
496
446
382
347
345
636
353
454
572
370
322
328
643
604
360
493
654
641
679
635
668
620
566
714
465
589
626
606
377
465
427
405
358
505
612
591
480
636
360
381
414
427
537
596
413
318
275
374
340
401
407
474
311
472
275
261
452
275
431
332
952
510
289
834
520
279
870
288
299
309
479
363
421
650
395
316
249
317
333
340
359
652
350
308
203
238
248
711
708
231
265
430
261
360
676
245
239
227
222
710
218
301
406
247
188
195
208
203
226
253
237
315
316
500
302
341
348
582
219
207
243
235
243
290
491
432
234
224
251
626
361
334
394
1204
379
237
515
352
310
228
267
280
280
594
289
224
245
328
525
275
278
303
304
348
326
289
290
290
288
185
218
242
266
306
314
340
503
184
197
489
232
178
193
292
310
294
337
336
218
252
301
522
552
268
556
215
563
1393
289
296
322
1500
505
196
224
248
518
505
553
571
167
251
422
515
1608
184
160
171
181
197
561
305
368
181
236
542
1662
463
338
462
1666
1634
188
163
182
197
197
220
499
307
574
441
213
252
159
168
176
189
257
556
423
471
517
288
242
131
214
251
157
452
303
181
384
467
240
276
193
576
613
621
629
139
165
159
193
218
216
492
398
132
132
164
145
186
201
357
171
177
312
223
162
171
214
203
287
161
211
263
1944
1677
210
220
214
199
181
189
181
223
276
234
287
88
229
229
312
146
163
164
182
197
210
225
236
254
316
1311
335
295
204
220
171
362
199
2250
162
173
2140
327
201
439
203
398
2272
345
2274
338
127
197
205
223
231
265
108
117
155
168
185
238
1958
129
279
289
289
246
155
186
324
257
208
246
314
438
435
138
184
1820
2428
446
386
369
436
236
150
244
195
242
253
158
526
1538
507
325
220
160
172
255
2035
192
183
159
188
176
172
175
236
366
213
403
166
166
171
266
235
418
437
1094
478
295
108
209
356
177
249
180
178
500
242
226
484
466
1997
209
249
374
1183
1422
537
218
210
219
1200
1081
1062
215
1286
1206
411
264
117
123
140
148
171
188
223
230
250
260
272
280
228
268
230
231
379
222
211
446
490
177
497
403
377
153
152
1866
197
209
354
307
306
198
227
2071
409
218
216
1128
194
203
1159
190
218
1412
193
2021
1375
189
238
213
178
200
1365
352
239
921
262
216
231
198
204
211
231
238
199
217
1278
1261
306
1021
955
1391
396
317
259
307
782
524
1155
1399
751
197
214
329
153
184
194
342
323
303
523
517
304
327
143
196
360
578
517
583
308
129
149
570
366
356
560
321
290
584
477
261
191
177
185
284
700
588
184
199
199
221
186
184
267
667
764
320
339
279
310
285
326
327
330
343
221
246
455
275
229
467
397
350
264
519
503
494
239
248
231
299
263
248
610
160
168
454
215
387
206
261
375
575
669
135
143
152
162
170
340
384
260
229
219
623
230
322
331
426
478
446
248
242
254
258
317
166
191
197
330
316
236
232
233
251
341
342
239
215
194
192
346
164
179
182
134
132
151
147
157
168
177
185
194
434
306
103
105
118
193
357
241
167
165
167
213
210
210
229
242
346
474
436
385
472
456
428
447
249
382
353
298
444
209
440
407
484
383
215
513
465
420
388
483
368
196
203
325
275
468
464
375
240
187
205
217
224
184
196
180
167
178
187
133
214
298
297
299
294
302
277
273
220
186
196
172
180
204
178
176
165
156
162
169
310
304
231
250
204
205
259
219
456
438
251
455
479
495
149
226
220
343
209
199
355
240
184
195
140
160
160
161
179
180
126
128
129
131
127
180
152
190
190
204
273
149
206
142
209
641
2391
5376
680
5379
5390
208
2746
2736
426
433
439
2777
5281
4658
4254
2447
271
776
1590
1774
1751
1860
2024
1684
3706
1617
2042
3980
1735
872
599
291
303
311
722
808
527
552
532
395
447
166
252
243
5460
261
230
269
253
255
253
260
375
388
583
589
159
168
177
185
195
205
214
229
241
250
499
3122
516
3338
2703
395
343
492
387
311
323
331
337
546
792
3168
982
4569
776
784
5781
4091
220
227
292
262
257
275
284
6195
316
605
333
5009
673
666
248
243
244
269
297
313
4133
5435
1118
2298
852
3565
382
1157
953
978
741
3447
274
274
242
279
278
671
6353
302
338
4547
2591
892
4633
560
290
292
285
358
356
358
359
386
394
377
373
1028
770
575
1256
979
269
281
303
311
325
333
375
388
459
487
4835
4230
519
1251
529
375
390
348
717
689
1031
796
440
1059
731
818
1196
591
412
4573
780
1309
1176
1240
346
361
418
461
773
781
790
6337
4813
841
934
1266
781
791
803
801
787
367
375
383
484
1290
771
4890
3528
1210
796
4893
1301
967
480
653
5083
860
5055
1381
691
371
362
916
876
962
1003
851
1439
3602
316
323
330
336
362
370
376
461
442
914
971
1664
838
864
842
586
183
211
247
241
238
239
240
269
282
291
299
449
315
365
377
385
394
401
410
416
423
432
441
451
458
1067
953
953
832
630
829
829
841
550
376
401
307
314
326
333
345
355
368
368
379
872
789
766
431
413
746
735
737
422
840
704
484
727
448
452
466
492
501
510
483
880
779
589
557
571
524
547
556
573
520
528
538
553
902
794
796
543
549
556
566
1041
602
647
449
474
483
492
503
512
543
580
588
596
376
383
414
424
433
441
455
479
516
526
534
637
675
830
853
564
604
352
365
386
395
408
566
754
442
502
503
659
557
338
282
298
306
327
460
685
567
574
581
589
629
635
323
336
444
1041
1031
519
528
473
473
1026
534
880
428
454
623
1050
1103
1026
1034
1510
1571
420
433
455
481
489
561
1003
610
1666
1598
1659
1665
1604
557
507
648
643
664
670
481
464
463
1556
1694
1563
1689
1716
1564
1710
1667
1482
1487
413
411
437
438
456
452
469
482
653
678
685
734
696
750
737
753
767
376
283
290
418
301
404
784
632
594
610
607
614
626
644
686
705
714
722
732
740
742
750
758
845
583
626
386
511
579
340
1455
421
926
442
430
903
937
439
454
462
875
504
476
520
886
966
512
514
1692
1550
1682
1596
542
881
588
1841
828
1713
838
577
589
432
362
439
1813
1074
345
338
322
395
403
387
395
405
465
493
978
1619
1802
660
259
267
278
309
638
638
542
1867
405
372
362
363
324
646
238
235
789
490
455
342
1487
1503
2070
2049
1417
794
776
783
771
779
785
819
830
909
1951
793
1545
831
865
849
856
856
474
626
916
744
501
929
949
948
878
797
472
480
493
510
1598
966
857
2113
878
1035
363
371
379
390
2421
618
626
1900
1790
1912
455
455
453
483
491
522
531
580
619
832
866
1031
1026
998
1810
249
215
253
255
256
251
250
671
1094
2542
602
704
509
511
318
427
681
741
673
672
426
433
443
776
449
469
485
492
507
504
799
592
599
606
613
618
687
2488
522
613
772
634
785
1259
901
548
1100
2302
424
856
661
660
425
2384
821
428
875
428
430
928
904
817
1415
1430
1361
2740
921
1459
1221
1451
2624
913
1030
968
2871
961
969
930
1463
1385
895
1029
2010
1591
930
599
488
501
513
515
573
581
1036
1010
1064
642
639
366
376
385
408
431
440
456
474
495
508
517
528
544
598
622
501
554
730
668
442
639
634
624
430
444
451
459
470
845
734
741
785
439
444
451
460
472
479
489
896
544
550
402
420
427
446
458
466
485
536
558
395
408
419
427
447
463
468
984
636
399
398
410
415
426
458
487
510
523
573
400
408
616
615
622
937
948
957
1000
1009
319
405
412
419
494
506
520
918
745
922
933
947
954
936
579
835
847
605
954
979
893
892
927
887
873
365
395
410
548
927
486
501
532
520
547
629
640
346
353
387
385
480
399
388
560
566
548
1304
564
547
397
647
1216
338
432
347
357
362
367
396
429
427
973
1261
540
561
961
537
1190
1161
1207
1362
1173
1198
410
500
340
352
339
363
364
393
406
414
425
433
439
502
364
977
909
857
919
915
928
997
1002
1231
1229
1252
420
459
501
1267
524
946
904
897
910
874
790
347
379
380
450
435
481
490
517
510
510
496
496
497
711
280
299
296
348
573
553
486
512
511
1088
986
989
989
996
990
1126
964
467
465
372
379
1200
389
396
426
438
447
539
1433
1443
1270
323
345
343
354
360
365
376
377
1281
1066
1163
1080
1000
619
1106
1112
1321
602
583
616
1228
609
1330
622
633
624
494
912
544
379
1127
1162
1106
413
602
704
494
453
451
450
448
447
442
639
709
761
1436
762
1367
483
603
611
459
466
485
523
522
521
555
553
548
571
665
863
1037
1071
631
1076
473
473
473
1223
1229
906
1006
1022
1096
1326
1319
696
554
551
542
542
1132
1396
1369
1071
1069
1099
1091
1165
1155
1427
1123
1125
925
932
940
947
967
974
981
988
994
1004
764
895
624
631
625
1499
566
561
562
561
562
651
704
539
546
575
588
622
1639
1561
1599
1697
380
1579
490
393
537
527
527
527
528
561
1516
1515
747
1525
1613
1522
1054
1054
740
735
743
1023
1023
313
320
328
387
905
905
978
690
697
1496
1039
388
396
403
411
418
426
436
449
462
477
486
500
501
722
995
826
887
884
893
908
908
286
482
950
318
329
344
352
361
380
388
1153
1140
529
431
458
435
508
451
465
464
450
450
521
565
547
680
541
537
555
541
538
537
536
531
953
1123
762
758
777
777
773
763
759
958
802
782
778
1121
984
1183
923
924
451
468
476
421
417
433
535
440
447
455
473
633
1141
1159
1147
1055
1050
1170
520
516
536
536
1185
1171
990
1124
1127
1314
1076
724
736
1092
1094
742
682
650
652
1259
1303
1322
507
503
771
594
539
549
791
752
749
508
822
1025
532
541
709
844
993
700
754
771
766
675
674
815
787
684
619
619
841
670
649
657
687
694
702
710
718
817
749
758
827
903
411
412
456
749
446
444
455
464
662
519
524
533
539
545
551
569
577
599
610
618
627
636
648
660
668
676
748
825
726
736
749
757
767
784
407
407
433
434
495
440
563
430
449
432
528
441
443
455
501
499
571
563
575
559
547
564
543
550
559
651
631
631
633
633
623
579
787
691
776
1041
999
919
1055
857
1016
943
925
936
944
754
832
858
855
862
859
422
419
435
531
532
485
471
513
608
609
595
594
594
595
587
588
576
578
571
595
558
674
683
957
975
972
934
725
1133
1133
794
533
539
530
541
554
1115
557
991
486
475
489
501
514
522
723
770
737
703
813
1041
952
653
956
721
722
1119
869
862
873
682
683
772
750
687
695
784
714
716
718
726
784
718
1318
777
1272
919
1294
1274
673
697
684
615
1317
704
949
707
729
878
734
650
467
467
490
485
637
764
782
568
579
586
663
675
683
853
872
882
534
529
402
401
415
427
434
460
467
475
483
494
502
511
520
554
562
571
579
640
741
761
654
660
641
388
388
388
406
417
425
463
716
655
1043
1053
534
403
418
431
431
426
453
449
768
776
712
969
486
521
961
996
409
366
381
427
411
406
450
457
467
539
903
612
903
898
620
620
617
958
969
954
536
1068
1099
1081
1076
659
656
1048
1011
1070
1122
1015
556
562
408
416
595
785
1070
1077
515
513
620
908
957
1027
353
472
507
507
446
836
720
1095
577
1102
842
1108
802
440
397
411
435
530
560
558
550
558
724
721
723
738
737
916
601
583
607
697
708
709
609
726
766
380
381
410
497
425
541
1431
1463
874
972
978
891
758
567
547
546
562
597
622
1145
1277
1525
1485
1269
1147
1028
648
655
561
561
561
545
573
583
502
519
505
523
656
562
560
412
401
421
508
515
599
1432
1079
1062
1255
1085
1095
1405
1276
1287
1418
1094
582
965
886
886
495
588
489
981
571
591
566
492
552
583
584
595
520
573
526
626
599
1012
1020
1041
948
1057
925
425
436
444
453
467
574
530
898
719
416
493
936
393
394
402
408
413
424
437
444
782
958
949
799
344
408
403
422
440
478
509
786
1056
1077
1079
729
928
994
968
1118
1112
295
320
342
338
439
516
554
569
569
624
568
628
409
403
410
405
429
436
444
438
478
486
469
506
506
505
530
344
352
370
371
386
429
476
1146
1109
1151
550
636
631
641
686
698
489
571
313
558
663
569
673
746
1091
679
939
928
1595
572
1016
1023
403
410
426
441
450
457
983
728
729
737
533
459
724
425
440
938
644
975
869
707
629
639
625
386
395
404
414
433
442
451
466
515
985
964
567
574
603
1652
1719
1800
1820
1825
780
512
452
462
1776
1852
889
1503
1225
1615
657
682
459
444
445
494
488
511
527
682
675
610
620
871
864
1413
1350
1944
908
1412
952
943
1057
961
1920
692
1031
680
470
513
485
499
498
533
551
557
564
575
583
592
600
660
696
1457
1085
890
1051
2204
751
746
398
432
440
448
460
467
481
493
515
529
528
541
562
575
618
686
1379
2116
848
1549
1856
2114
1983
842
1993
1589
1564
767
814
710
560
1393
2077
2371
2038
1394
1055
1030
1082
1089
903
750
756
629
675
747
755
1506
1471
1350
2243
1055
1043
515
528
682
681
1000
1426
998
1476
698
1320
1334
1408
1482
734
766
698
1258
816
825
665
659
659
1057
573
567
587
595
602
615
626
626
1415
1421
1204
1163
1106
1106
1107
784
803
388
401
462
420
484
406
418
521
605
584
607
499
709
685
672
641
760
749
1304
827
1152
551
652
714
361
373
381
433
464
473
494
556
298
377
406
530
1531
1573
1224
1249
1163
586
743
751
799
858
870
875
821
704
803
1256
832
826
828
1214
1091
1092
382
405
418
427
435
454
461
473
484
610
1076
1404
1186
882
1655
1366
830
841
1057
1759
784
1500
737
743
750
1845
875
819
888
835
818
852
1836
851
1847
1893
1402
930
923
539
547
556
612
656
802
804
1040
1253
1305
1172
813
753
1824
844
929
830
828
1323
1429
1278
1346
575
596
606
617
628
658
670
678
698
1281
1175
1205
1213
1192
1227
1298
1312
1307
1324
765
1341
454
502
502
536
546
655
663
1379
681
768
2155
2121
2126
2104
430
430
502
501
535
550
1388
1221
783
803
817
839
901
803
777
1483
1401
871
567
628
741
1407
1394
1333
482
528
480
533
477
487
563
396
488
404
479
479
502
604
543
486
591
620
611
589
573
369
415
416
432
443
437
444
462
469
480
487
584
1705
1718
1606
1482
1545
1687
1201
1213
1213
1007
884
886
805
796
795
808
717
682
322
352
370
378
452
550
551
557
568
705
777
502
536
513
519
527
539
538
546
558
567
579
588
1155
1584
751
896
744
670
684
701
712
386
394
419
419
1333
1131
711
710
1232
735
741
544
629
1229
1223
1209
1119
1118
1480
1269
1042
1263
1500
1509
1258
491
507
470
1115
1103
951
831
609
969
1042
979
855
722
890
1547
1554
1263
1209
1419
1293
1365
1232
1370
663
664
657
886
904
1476
906
908
925
925
932
885
604
612
627
634
1049
1056
676
1728
1440
879
1729
871
1072
1061
1052
989
1814
1782
551
545
543
616
616
612
612
599
613
611
599
612
666
665
500
431
430
1095
1092
524
557
508
559
635
532
626
589
586
572
467
545
464
767
573
695
559
591
650
1937
577
488
487
521
506
713
507
710
1058
845
712
666
412
406
414
408
431
448
458
944
954
988
617
991
980
713
833
675
1177
1194
1221
1173
728
1384
1272
1170
1179
1232
1244
1252
819
1070
1061
1070
1213
1049
1078
1247
1273
1523
1306
1294
811
817
549
579
1243
1238
1168
1264
1196
1211
1513
1330
754
785
565
606
606
456
607
610
604
511
608
1282
445
459
698
998
896
1260
1447
1376
1450
1107
1402
1411
1185
684
550
693
1331
1279
643
468
444
463
490
497
511
543
551
627
849
663
1454
742
1390
1390
1318
740
753
768
753
1484
1408
1486
1578
896
763
758
789
626
513
511
524
526
523
425
432
444
452
460
467
483
504
504
523
522
540
541
583
558
589
584
593
688
691
698
614
855
997
856
902
869
937
1014
1021
422
467
445
471
482
519
526
545
552
571
580
589
627
661
700
867
815
815
1013
989
1089
1084
992
1045
363
425
432
469
461
467
503
476
495
509
521
551
635
661
698
705
598
1039
1137
1194
1364
1373
1382
1743
1612
1723
478
593
608
338
346
354
363
375
394
390
426
423
445
482
536
536
550
572
584
598
1123
759
648
827
838
628
378
385
397
404
411
417
425
441
449
492
882
883
724
980
1248
907
983
725
740
736
1296
735
1214
1165
1268
772
1180
1161
1197
1194
1209
1206
811
845
847
822
832
653
746
768
419
410
410
467
443
454
463
468
484
503
499
500
770
1428
1442
781
789
541
551
560
1008
574
609
900
627
1277
1459
676
1418
1520
1317
1036
1692
1240
1369
605
1352
1524
1378
516
525
533
524
569
578
1297
1302
1059
778
612
638
634
1517
955
749
742
1534
1528
752
760
702
668
1255
1269
1257
1051
975
997
1016
635
640
1013
1000
518
539
539
531
532
574
1010
1082
1070
1014
454
450
449
448
447
479
488
506
513
519
534
542
1128
1071
1311
1168
1198
1313
1176
1172
1202
729
730
744
751
638
982
958
988
506
506
523
523
534
542
551
622
940
948
1313
1011
970
778
800
825
816
824
819
834
808
820
820
658
377
399
408
433
441
910
562
904
898
917
527
1213
1084
600
594
561
574
560
576
548
556
633
642
665
554
488
554
544
415
422
444
441
439
1236
1240
459
1055
755
1106
743
1029
884
1230
1236
756
694
695
666
1066
1062
728
726
795
787
787
787
787
760
581
466
496
476
946
954
591
604
1053
542
541
516
524
463
478
486
493
499
510
517
524
539
551
557
569
577
583
593
830
832
723
846
733
1119
1168
1099
1079
877
758
866
881
1165
1173
1180
1193
1195
728
735
519
527
542
550
579
587
615
629
657
689
723
1427
1263
761
1279
1287
1099
1080
737
525
531
560
570
577
585
600
1416
1135
988
1430
1042
773
774
1471
1477
1051
1341
948
925
1192
1433
1229
1094
968
746
811
563
519
529
552
568
585
595
612
620
632
1107
1660
1123
1366
1125
1369
1148
1566
1571
741
501
527
539
556
553
572
580
588
579
602
750
1095
779
779
1109
794
859
829
868
721
486
495
502
509
517
530
571
640
1223
1225
704
1117
514
526
987
994
855
1115
1076
1164
540
741
559
572
583
582
554
553
773
577
1212
789
1223
1145
624
648
668
690
578
570
602
595
627
652
1197
1192
1175
1193
1108
1345
568
566
541
583
601
1121
1103
1126
780
1174
1049
777
1053
778
1104
480
484
476
481
495
506
513
526
532
542
553
561
568
592
632
698
1223
1230
848
1258
1253
1272
1268
850
737
763
770
1089
1115
1087
1167
1105
1140
1294
970
652
610
572
756
1212
768
764
760
778
1184
411
439
439
435
478
552
566
675
668
690
778
760
1388
1405
1402
1458
733
1147
768
378
378
388
398
409
408
414
427
480
474
480
495
493
526
547
539
576
778
763
713
1409
1358
757
847
1263
1376
1410
1371
1468
1466
1276
1382
870
1416
1548
1400
418
407
417
490
486
450
457
450
451
537
549
546
544
590
611
682
356
547
1012
939
1016
805
909
892
1211
816
1410
1406
1075
1245
680
687
726
779
779
1069
629
649
734
1266
1263
842
419
325
375
337
1127
1299
405
422
414
426
437
467
481
1157
713
1165
1177
1018
1183
711
683
696
706
714
725
726
738
586
594
603
613
630
645
679
676
1092
1701
1716
847
855
890
963
471
480
494
502
1194
1236
1198
1268
1220
840
1659
1413
1567
551
557
562
555
635
1276
1450
1303
1428
875
1240
729
1260
1225
1177
1150
1223
1341
1332
764
1403
1246
734
770
746
1440
742
1342
1091
803
808
682
608
647
669
786
1605
1637
846
1500
1493
1324
947
866
1192
842
686
1493
1382
1608
1231
1004
1130
1346
1214
1257
1228
1528
1113
782
786
795
1395
1726
1397
1589
874
948
769
817
817
827
629
640
741
748
777
783
791
658
584
592
609
636
644
675
674
603
582
528
603
610
901
1360
1066
1372
1024
1267
1081
528
509
560
527
537
544
1309
572
572
526
526
961
541
760
658
1255
755
807
827
828
828
842
863
892
897
547
446
452
464
474
484
523
530
538
554
572
580
594
606
614
622
631
696
741
847
846
846
846
867
375
394
437
449
456
468
489
496
506
520
527
535
547
555
562
571
578
585
622
1343
2135
1793
2071
1285
1786
1281
1343
914
840
916
924
731
770
799
475
490
509
853
748
748
760
864
871
623
638
677
695
465
477
491
500
1703
1292
1409
1398
1300
2145
2430
659
794
792
797
789
736
739
1191
1257
698
682
826
1859
1856
908
908
748
1569
1226
2101
2122
1228
584
614
633
640
647
658
689
704
1178
1465
1601
1937
1876
1427
2190
1723
1696
1746
1753
1655
1635
1957
1760
1550
1352
641
660
728
785
856
865
1667
1672
760
729
738
747
762
739
728
728
761
750
1318
1456
1203
1416
1432
1216
1787
1177
1184
1419
1191
469
477
542
549
562
573
580
645
643
637
668
718
727
743
752
768
765
784
806
822
866
926
970
1299
1745
1774
1780
1875
1746
1793
1790
1812
450
459
554
543
540
554
554
595
583
613
849
1713
1761
1708
1715
1770
1605
1547
1766
1378
1612
1316
1421
1273
1346
1352
755
811
533
546
553
574
1391
1374
1385
1387
1398
863
1186
932
939
949
1098
636
721
1068
621
1718
1509
1288
1303
1255
1349
1276
1271
706
709
722
725
862
869
651
889
1043
1040
790
1057
1055
1353
1327
1327
658
804
667
805
608
599
593
665
823
529
541
547
552
1357
930
1365
678
667
664
680
547
552
559
566
1404
1405
1368
1424
1657
1046
1050
899
948
960
958
961
1001
970
1082
977
1098
1095
870
1607
1596
848
1723
837
1606
829
1623
687
666
754
708
773
1709
1410
1406
1413
1606
1782
1237
1234
1620
1341
1617
1612
755
619
620
633
578
581
580
577
577
576
576
694
685
699
689
728
741
748
764
492
501
518
514
520
527
542
548
568
576
600
611
618
619
866
977
1213
1852
1802
1480
1795
1657
896
897
897
939
975
784
716
803
357
372
383
392
491
497
508
535
565
740
1000
1042
962
1353
882
975
985
999
1002
1003
1011
1024
731
750
809
789
796
456
480
476
472
489
485
485
664
533
540
546
555
562
568
575
701
593
1434
1434
964
1047
1052
775
559
579
626
655
1119
1125
902
1130
1330
1325
1310
1360
1369
1376
601
606
617
629
638
645
1208
1123
1163
1413
1438
1170
1464
722
829
1357
1354
1347
1344
761
853
642
675
683
698
716
726
745
756
766
784
1281
2192
1292
1572
667
670
679
702
716
723
735
742
1383
1148
884
957
856
457
443
611
609
628
636
650
649
672
701
749
745
761
775
1761
1768
1766
1244
1073
905
916
989
973
995
448
456
465
481
489
507
515
524
531
612
716
797
999
1397
1000
1170
776
691
742
741
731
648
967
948
953
1559
1569
1641
1435
733
769
557
565
628
686
1655
1872
828
1148
831
845
1154
1432
2048
1831
1673
672
687
684
696
703
719
730
740
750
896
905
1435
1445
1755
1780
1751
2011
1998
1953
1785
2111
1799
2070
1796
2068
2077
2190
1349
1570
1582
1387
1371
736
1031
1046
1047
1355
1376
1480
1526
1533
1551
1546
1557
1569
1602
1601
1069
1073
926
955
952
1057
1092
425
434
574
598
608
620
628
653
659
770
946
1397
1448
1665
1391
1124
794
757
769
783
824
866
853
854
891
910
909
1016
1012
426
432
516
523
541
548
554
580
563
603
614
1231
1240
1248
1237
1507
1922
1732
1606
1260
1281
1575
1553
1677
1579
1770
1577
1769
1601
1645
1661
1811
1171
1235
1201
1210
1226
863
899
912
575
582
1783
2011
2020
1422
1452
757
927
771
1177
1033
781
1278
667
1699
1735
782
1659
2042
684
2163
2059
1215
1091
2021
1686
1006
1250
1100
1318
1062
1252
1209
1208
1273
875
475
476
489
501
710
786
789
801
622
729
1535
1537
1539
1525
995
1466
1571
1554
667
696
697
693
743
742
731
767
767
785
784
797
805
813
822
852
1672
1661
1684
1657
1672
1661
1486
988
1672
1440
1632
1496
1705
1503
1638
1386
1639
1662
1668
1517
1647
1404
1663
1546
1539
1720
1234
751
748
734
742
785
1529
1514
1693
596
620
630
635
643
650
659
684
672
679
685
709
702
1582
1631
1615
1313
1370
1531
1709
945
1640
914
881
923
864
863
857
864
859
856
803
1220
1270
1272
1229
1239
1223
1237
1279
1287
1933
1243
1315
1256
1129
1687
857
827
543
532
563
571
547
585
746
606
607
609
837
1050
848
728
723
723
795
785
784
810
770
838
846
858
859
507
1204
627
1279
840
646
635
615
610
609
538
625
606
652
564
572
567
635
565
1276
570
990
728
1324
1333
1223
1372
1198
1365
797
1168
1169
511
536
528
529
558
596
596
586
578
583
588
593
597
604
611
636
646
655
663
672
840
819
1469
1128
886
939
973
571
579
587
603
610
616
623
630
1411
1027
1045
1038
1033
1067
1066
1064
1064
1569
1564
1440
1442
1410
1409
981
1233
1233
848
826
786
552
558
565
579
599
592
603
625
626
626
624
641
653
653
668
679
816
1717
1599
1339
1706
966
847
793
784
796
805
813
825
831
612
1500
1349
1348
1600
1373
1501
1381
1632
1593
1532
1356
1511
1130
937
829
852
859
635
646
668
681
704
808
1731
1423
1779
1432
1587
1793
1410
1651
1312
792
590
601
609
617
627
708
960
978
948
968
984
986
958
969
1001
1751
1350
1142
1289
1704
1320
1150
809
815
893
867
632
656
667
660
683
683
1593
906
762
618
688
638
982
1725
709
698
509
1781
757
708
708
554
709
707
553
706
712
568
744
1318
1207
754
756
1224
585
464
571
591
807
1533
951
1325
941
1113
929
955
970
957
901
978
797
889
902
718
1417
721
1740
1940
719
869
1434
736
731
726
843
834
734
892
749
731
1981
1330
1398
696
632
639
567
579
546
545
542
542
926
1250
1493
921
1238
1544
1310
1097
963
959
959
1118
767
828
1324
1351
999
981
994
757
797
1384
1317
1393
1349
1248
1248
1235
1221
1413
1306
1302
1326
915
913
1288
1271
1315
747
1139
986
1466
840
1407
1570
1569
1385
1391
1426
1146
1369
1593
1604
1611
1378
793
651
575
850
649
647
871
553
867
864
874
838
867
883
739
738
753
731
732
733
731
738
735
713
734
912
914
904
753
749
744
806
795
794
929
876
866
418
582
605
620
630
636
647
654
659
665
445
690
754
1112
1101
1142
1139
1110
920
911
671
571
663
561
668
644
694
645
617
614
722
737
749
1113
1122
1123
1255
1265
854
877
1069
835
821
888
884
922
1132
421
420
415
445
444
457
468
475
482
489
498
499
535
545
943
1200
1192
1112
969
1047
1055
732
741
641
623
637
649
642
626
1199
1191
1203
1002
1089
1212
1219
1056
1058
945
868
1011
983
849
807
1483
1493
1486
1483
1491
1520
562
568
605
605
601
623
641
619
642
674
688
690
691
704
711
718
979
1028
1013
918
1567
986
979
989
1050
938
946
1079
1123
871
1508
796
828
1171
1093
1147
1173
1172
1668
1166
1118
1182
1022
1186
787
688
688
737
1085
1109
1151
1803
1096
1066
1848
1267
1169
1420
1467
1185
852
882
1027
1779
1034
1833
865
1054
785
792
854
863
864
668
752
716
750
773
787
795
811
1422
1864
1151
853
852
859
751
743
742
852
794
1606
1605
1219
1241
840
913
963
940
940
952
1345
1418
1327
1250
1330
1431
1651
1442
1964
2117
1441
1800
693
683
694
695
719
759
759
802
804
803
802
798
798
837
864
855
873
868
887
894
888
913
911
911
928
938
951
963
974
982
989
995
1003
1010
1017
1029
1037
1259
614
611
621
643
651
663
704
730
707
686
731
744
743
777
787
781
776
821
820
821
822
844
855
867
897
919
1033
1505
1145
1430
1470
1489
1528
1507
1507
1573
1484
1528
1496
1526
1057
607
638
537
651
658
674
773
666
1073
1496
1374
1368
1096
1652
1649
1386
1536
1545
1461
1461
959
910
902
968
1697
1713
900
1682
900
924
903
902
903
904
925
953
966
997
1075
1107
1139
1028
1044
975
643
649
982
661
661
1005
1007
1726
1728
1745
1591
1609
1744
1099
1627
1052
1816
952
971
958
992
1049
1048
1916
844
995
978
885
1066
1066
922
1082
1428
1492
1720
1847
795
785
787
1750
790
788
787
803
809
1025
1609
1536
1536
1535
1556
1609
1733
1551
1150
1371
1096
1011
802
1975
2028
1936
1688
1929
2005
1945
1938
1842
1923
775
827
843
840
839
636
618
635
643
657
664
678
688
699
713
727
772
780
797
820
850
858
886
901
1095
937
946
942
944
539
540
581
600
594
601
621
635
648
647
669
666
692
694
880
1269
1405
1363
1440
1372
1077
1281
1024
1165
1100
1055
1172
1070
1186
1037
1072
1044
1192
1192
1064
1120
1075
835
869
1044
653
813
831
685
742
1613
1677
1863
1830
1869
1546
1470
793
821
607
623
630
643
649
654
687
695
1658
1646
1362
1660
1666
1365
1664
1055
1088
1064
1991
1067
1073
1952
1154
1058
1688
1413
1103
2000
2015
1344
1345
533
544
557
575
594
604
617
625
634
659
665
671
677
684
690
699
704
709
716
726
731
737
744
1424
1433
1469
1454
1471
1467
1473
1135
1467
928
869
879
895
533
539
545
553
562
580
588
602
1501
1508
1164
1112
1120
994
1318
1378
1390
1404
815
1402
1438
823
829
836
915
853
923
1069
1070
1079
983
990
1003
838
862
909
689
689
688
681
707
787
787
788
783
776
567
598
574
594
596
611
638
643
649
664
643
659
666
695
701
716
818
889
1425
1424
1408
1274
1275
917
917
917
948
959
958
796
912
927
925
1714
1216
1704
1213
1684
865
1450
1686
1718
851
696
764
809
817
809
819
811
670
676
758
685
1192
1186
1195
1018
1037
1021
1021
771
772
697
666
650
668
713
709
730
724
815
1272
1240
829
746
797
611
611
613
613
615
652
647
647
706
747
733
973
968
1693
1740
1684
1099
1193
1215
1024
785
801
992
705
684
733
652
645
740
718
727
691
684
789
856
795
870
1409
1381
1388
1103
1112
1105
1112
662
683
691
729
730
729
748
749
799
807
799
818
930
1389
1385
1490
752
753
732
2080
1478
1468
1468
1969
1448
2253
1953
2052
2274
1452
2161
1513
2279
2163
1528
1509
2067
2065
1508
1535
1634
790
836
809
801
792
848
816
857
862
952
915
1152
2128
1094
1042
1012
1030
1019
1021
1029
1079
1127
976
1297
1282
1279
1306
1311
1295
1309
1308
2244
1652
1550
1534
1173
658
667
913
919
928
934
1668
1847
1726
1610
1731
855
886
962
651
658
679
709
699
707
739
759
1121
1662
1662
1902
1897
909
888
874
883
957
955
913
1085
1381
1738
1772
1724
1746
1680
1595
1606
1614
1621
1631
1632
1643
1657
1664
1671
1602
1175
1738
1178
585
598
605
615
655
663
678
687
700
708
718
727
756
1125
911
972
1577
1271
1274
728
603
649
649
620
1173
585
753
835
685
666
684
1185
1195
1197
1301
1493
1399
1311
1644
1324
1160
1717
1746
948
1213
557
644
650
660
695
735
863
862
880
855
1715
1883
1833
905
1724
876
917
936
2216
1822
2203
1833
2232
1769
1955
2389
2042
2402
1157
1163
1799
1974
2061
1160
2066
1802
1171
1901
1187
1942
1972
2000
1833
1966
1854
1852
1847
573
551
685
705
703
728
734
744
2347
2122
2335
2278
2125
2353
2517
2281
2379
2534
2395
2542
1816
1937
2525
1830
1184
1133
825
838
836
974
660
467
1576
1584
1607
1799
2084
934
911
918
925
917
972
970
969
969
977
971
1081
1083
875
856
897
869
752
804
896
935
943
917
890
912
911
895
895
893
976
1075
510
551
516
562
570
627
636
625
616
607
1208
1403
1185
1223
1411
1232
1233
1418
1417
1427
1992
2218
1095
918
972
967
1134
1136
861
861
875
563
573
655
696
754
1505
1686
1523
2206
1085
887
1781
1518
1550
1534
1088
1806
1559
1505
1546
1573
1075
1592
1318
1324
1849
1794
1733
1764
1765
1782
1355
1092
2335
2333
2331
718
700
709
722
729
661
679
665
683
709
741
730
730
771
772
771
1658
2244
2536
2273
1664
1675
1739
1690
1692
1704
865
913
927
941
950
964
1057
1516
1530
1530
1887
1873
1871
1884
1869
1909
1917
1932
1941
1932
1897
1782
1774
1736
697
738
747
762
769
779
795
812
820
832
839
847
894
902
911
1007
1007
1024
1024
1037
1077
1078
1079
1155
2558
2133
2150
2161
2863
2023
2770
2867
2033
2026
2058
594
604
614
631
639
648
657
665
677
689
697
705
713
724
740
747
756
763
775
783
792
811
880
881
913
915
916
928
935
942
949
956
963
978
980
1058
1109
1179
1641
1632
1628
1348
1357
1351
1361
1984
436
515
2147
554
563
579
587
596
609
727
965
1296
1310
1321
1327
1334
1344
1345
820
970
1136
1470
1911
1705
1714
1731
1393
1265
1427
1500
959
986
