0.006
0.006
0.006
0.006
0.006
0.006
0.006
0.006
0.006
0.007
0.007
0.007
0.007
0.006
0.006
0.006
0.008
0.007
0.007
0.007
0.006
0.007
0.006
0.006
0.006
0.007
0.007
0.007
0.006
0.006
0.006
0.006
0.008
0.006
0.006
0.006
0.008
0.006
0.007
0.006
0.006
0.006
0.006
0.006
0.621
0.009
0.008
0.008
0.008
0.008
0.009
0.026
0.007
0.007
0.006
0.006
0.008
0.007
0.007
0.006
0.006
0.006
0.007
0.007
0.007
0.531
0.008
0.009
0.007
0.006
0.007
0.006
0.006
0.008
0.007
0.006
0.006
0.006
0.006
0.006
0.006
0.006
0.006
0.006
0.006
0.007
0.007
0.007
0.007
0.006
0.006
0.856
0.009
0.009
0.008
0.008
0.007
0.006
0.006
0.006
0.006
0.006
0.006
0.876
0.008
0.007
0.008
0.006
0.007
0.006
0.007
0.007
0.007
0.008
0.008
0.007
0.007
0.007
0.006
0.007
0.007
0.006
0.561
0.008
0.007
0.007
0.008
0.008
0.008
0.008
0.007
0.008
0.007
0.007
0.006
0.006
0.008
0.007
0.006
0.006
0.006
0.006
0.006
0.006
0.006
0.006
0.006
0.008
0.006
0.009
0.437
0.008
0.007
0.007
0.008
0.007
0.006
0.007
0.136
0.009
0.008
0.008
0.008
0.007
0.007
0.008
0.531
0.009
0.008
0.008
0.006
0.007
0.006
0.007
0.006
0.007
0.006
0.007
0.007
0.945
0.007
0.006
0.006
0.006
0.007
0.006
0.879
0.008
0.007
0.006
0.006
0.779
0.006
0.006
0.006
0.007
0.006
0.798
0.006
0.006
0.007
0.785
0.007
0.006
0.006
0.790
0.008
0.006
0.006
0.006
0.006
0.784
0.009
0.008
0.890
0.008
0.008
0.784
0.008
0.007
0.793
0.006
0.006
0.007
0.006
0.006
0.006
0.784
0.007
0.006
0.006
0.006
0.006
0.785
0.006
0.006
0.006
0.006
0.006
0.007
0.682
0.009
0.006
0.006
0.006
0.006
0.006
0.006
0.006
0.006
0.006
0.006
0.006
0.006
0.006
0.006
0.006
0.006
0.006
0.007
0.006
0.007
0.007
0.007
0.007
0.006
0.006
0.006
0.006
0.006
0.006
0.006
0.006
0.450
0.008
0.008
0.007
0.008
0.007
0.006
0.007
0.006
0.006
0.006
0.007
0.006
0.006
0.007
0.006
0.006
0.006
0.006
0.006
0.006
0.006
0.006
0.006
0.006
0.006
0.006
0.006
0.006
0.006
0.006
0.007
0.006
0.006
0.006
0.007
0.006
0.007
0.006
0.006
0.006
0.006
0.006
0.006
0.006
0.006
0.006
0.823
0.008
0.006
0.006
0.006
0.007
0.006
0.006
0.006
0.758
0.009
0.033
0.008
0.007
0.007
0.858
0.009
0.009
0.008
0.008
0.007
0.008
0.007
0.006
0.006
0.007
0.006
0.007
0.864
0.009
0.008
0.008
0.008
0.008
0.008
0.006
0.006
0.007
0.008
0.006
0.006
0.006
0.006
0.007
0.008
0.652
0.009
0.007
0.007
0.006
0.006
0.007
0.006
0.006
0.008
0.006
0.006
0.006
0.006
0.006
0.006
0.007
0.007
0.007
0.007
0.006
0.006
0.006
0.006
0.006
0.861
0.008
0.007
0.007
0.006
0.006
0.883
0.008
0.007
0.790
0.008
0.007
0.788
0.008
0.007
0.007
0.788
0.006
0.007
0.007
0.007
0.006
0.007
0.006
0.006
0.006
0.007
0.006
0.007
0.008
0.461
0.009
0.008
0.008
0.007
0.008
0.007
0.007
0.007
0.006
0.006
0.007
0.006
0.006
0.006
0.006
0.007
0.008
0.007
0.007
0.006
0.006
0.006
0.006
0.009
0.007
0.006
0.007
0.006
0.006
0.006
0.006
0.531
0.008
0.008
0.008
0.007
0.008
0.133
0.007
0.006
0.007
0.006
0.006
0.006
0.006
0.006
0.540
0.009
0.009
0.008
0.007
0.006
0.865
0.009
0.008
0.008
0.008
0.008
0.008
0.008
0.008
0.008
0.008
0.007
0.007
0.007
0.007
0.006
0.006
0.006
0.006
0.007
0.007
0.006
0.008
0.007
0.006
0.008
0.007
0.006
0.006
0.008
0.336
0.008
0.008
0.008
0.007
0.007
0.007
0.007
0.008
0.123
0.008
0.008
0.008
0.008
0.008
0.008
0.007
0.528
0.008
0.008
0.008
0.008
0.007
0.007
0.007
0.006
0.006
0.008
0.006
0.007
0.006
0.006
0.006
0.006
0.006
0.006
0.006
0.006
0.635
0.009
0.009
0.007
0.007
0.007
0.007
0.007
0.007
0.006
0.006
0.006
0.006
0.006
0.006
0.006
0.006
0.006
0.007
0.006
0.006
0.006
0.006
0.006
0.006
0.008
0.007
0.739
0.008
0.007
0.007
0.007
0.007
0.006
0.006
0.007
0.006
0.006
0.006
0.006
0.006
0.006
0.007
0.007
0.006
0.768
0.008
0.008
0.007
0.008
0.007
0.007
0.008
0.006
0.006
0.006
0.006
0.007
0.006
0.006
0.006
0.006
0.762
0.008
0.008
0.008
0.007
0.007
0.008
0.006
0.006
0.006
0.006
0.006
0.006
0.006
0.007
0.006
0.006
0.006
0.006
0.007
0.007
0.007
0.006
0.006
0.006
0.006
0.006
0.006
0.006
0.006
0.006
0.006
0.006
0.006
0.006
0.006
0.006
0.844
0.007
0.007
0.007
0.007
0.007
0.006
0.008
0.006
0.006
0.006
0.006
0.006
0.006
0.006
0.006
0.007
0.006
0.006
0.006
0.006
0.006
0.451
0.008
0.008
0.007
0.007
0.007
0.007
0.007
0.007
0.007
0.006
0.006
0.006
0.007
0.006
0.006
0.006
0.006
0.006
0.006
0.007
0.006
0.006
0.006
0.868
0.008
0.008
0.008
0.008
0.007
0.007
0.007
0.006
0.006
0.006
0.006
0.006
0.006
0.006
0.006
0.006
0.006
0.006
0.006
0.006
0.006
0.006
0.006
0.006
0.006
0.006
0.006
0.006
0.007
0.007
0.006
0.006
0.006
0.006
0.006
0.428
0.006
0.007
0.006
0.006
0.006
0.006
0.006
0.006
0.006
0.006
0.006
0.240
0.008
0.007
0.007
0.007
0.007
0.006
0.008
0.008
0.006
0.006
0.006
0.006
0.363
0.008
0.008
0.008
0.008
0.871
0.009
0.009
0.014
0.006
0.006
0.006
0.006
0.006
0.006
0.006
0.006
0.007
0.006
0.657
0.008
0.008
0.007
0.007
0.008
0.007
0.007
0.007
0.007
0.007
0.007
0.007
0.006
0.006
0.006
0.006
0.006
0.006
0.007
0.006
0.756
0.008
0.008
0.007
0.007
0.007
0.006
0.006
0.006
0.006
0.006
0.006
0.006
0.006
0.006
0.006
0.006
0.006
0.006
0.006
0.006
0.006
0.007
0.006
0.006
0.006
0.006
0.006
0.006
0.008
0.006
0.006
0.006
0.006
0.006
0.006
0.006
0.006
0.006
0.006
0.006
0.007
0.007
0.006
0.006
0.008
0.337
0.008
0.008
0.008
0.007
0.007
0.007
0.007
0.006
0.115
0.008
0.008
0.006
0.007
0.006
0.006
0.006
0.006
0.006
0.007
0.136
0.007
0.007
0.007
0.006
0.006
0.006
0.006
0.006
0.007
0.006
0.325
0.008
0.008
0.008
0.007
0.007
0.007
0.008
0.008
0.014
0.006
0.007
0.006
0.006
0.006
0.006
0.006
0.006
0.007
0.006
0.006
0.006
0.006
0.006
0.006
0.006
0.006
0.006
0.006
0.123
0.006
0.006
0.006
0.006
0.006
0.006
0.006
0.006
0.007
0.542
0.008
0.008
0.007
0.007
0.007
0.007
0.009
0.007
0.006
0.006
0.006
0.007
0.006
0.006
0.006
0.006
0.007
0.006
0.006
0.006
0.007
0.007
0.007
0.006
0.006
0.006
0.007
0.007
0.006
0.006
0.006
0.007
0.006
0.006
0.529
0.009
0.008
0.008
0.008
0.007
0.007
0.006
0.006
0.006
0.006
0.007
0.007
0.006
0.006
0.006
0.006
0.006
0.006
0.006
0.006
0.006
0.007
0.006
0.006
0.006
0.007
0.006
0.006
0.007
0.007
0.006
0.008
0.007
0.006
0.007
0.006
0.006
0.006
0.006
0.006
0.521
0.008
0.008
0.007
0.007
0.008
0.007
0.129
0.008
0.008
0.008
0.008
0.007
0.007
0.007
0.006
0.006
0.006
0.006
0.006
0.430
0.008
0.008
0.007
0.007
0.007
0.007
0.006
0.008
0.006
0.006
0.006
0.007
0.006
0.007
0.006
0.007
0.006
0.008
0.006
0.006
0.006
0.006
0.006
0.006
0.006
0.007
0.006
0.006
0.007
0.007
0.006
0.006
0.006
0.006
0.006
0.007
0.007
0.006
0.006
0.006
0.006
0.322
0.009
0.008
0.008
0.007
0.007
0.007
0.006
0.008
0.007
0.006
0.006
0.006
0.008
0.006
0.006
0.006
0.007
0.006
0.006
0.006
0.006
0.006
0.112
0.008
0.008
0.008
0.008
0.007
0.007
0.316
0.008
0.008
0.007
0.008
0.007
0.006
0.006
0.006
0.006
0.013
0.006
0.006
0.006
0.006
0.006
0.007
0.007
0.006
0.006
0.006
0.006
0.006
0.006
0.006
0.006
0.006
0.006
0.007
0.006
0.007
0.007
0.006
0.006
0.006
0.006
0.017
0.007
0.006
0.006
0.006
0.007
0.006
0.006
0.006
0.006
0.006
0.006
0.006
0.006
0.316
0.008
0.008
0.007
0.007
0.007
0.008
0.007
0.123
0.008
0.007
0.007
0.007
0.007
0.007
0.546
0.008
0.008
0.008
0.007
0.007
0.007
0.007
0.007
0.007
0.006
0.006
0.006
0.006
0.006
0.006
0.006
0.006
0.007
0.006
0.006
0.007
0.006
0.007
0.006
0.007
0.006
0.007
0.006
0.006
0.007
0.007
0.006
0.007
0.007
0.006
0.006
0.006
0.007
0.006
0.006
0.006
0.006
0.006
0.006
0.320
0.008
0.008
0.008
0.007
0.007
0.006
0.006
0.006
0.006
0.106
0.007
0.006
0.006
0.006
0.006
0.006
0.006
0.006
0.006
0.006
0.006
0.007
0.006
0.007
0.007
0.006
0.006
0.006
0.006
0.006
0.006
0.007
0.006
0.006
0.006
0.015
0.006
0.007
0.007
0.006
0.640
0.008
0.008
0.007
0.007
0.007
0.007
0.034
0.006
0.007
0.006
0.006
0.006
0.007
0.006
0.007
0.006
0.006
0.006
0.006
0.006
0.006
0.876
0.006
0.006
0.006
0.792
0.009
0.008
0.008
0.008
0.007
0.007
0.008
0.007
0.007
0.007
0.008
0.007
0.007
0.007
0.006
0.006
0.006
0.006
0.006
0.006
0.006
0.007
0.006
0.007
0.007
0.006
0.006
0.006
0.006
0.006
0.006
0.006
0.006
0.007
0.006
0.006
0.006
0.223
0.007
0.006
0.006
0.006
0.006
0.006
0.006
0.007
0.006
0.006
0.006
0.221
0.007
0.006
0.007
0.007
0.006
0.006
0.006
0.006
0.006
0.006
0.127
0.006
0.007
0.006
0.006
0.006
0.007
0.006
0.006
0.006
0.006
0.110
0.009
0.007
0.007
0.008
0.007
0.009
0.007
0.007
0.006
0.007
0.007
0.006
0.217
0.008
0.008
0.007
0.007
0.007
0.007
0.008
0.007
0.321
0.008
0.008
0.008
0.008
0.007
0.007
0.008
0.007
0.006
0.006
0.006
0.006
0.006
0.006
0.006
0.006
0.006
0.956
0.007
0.006
0.006
0.006
0.006
0.893
0.008
0.008
0.785
0.008
0.795
0.008
0.685
0.087
0.693
0.008
0.780
0.008
0.793
0.006
0.006
0.797
0.008
0.791
0.006
0.006
0.006
0.793
0.007
0.007
0.006
0.688
0.006
0.090
0.007
0.679
0.006
0.006
0.793
0.006
0.006
0.007
0.670
0.008
0.008
0.007
0.007
0.007
0.007
0.006
0.006
0.007
0.007
0.006
0.006
0.006
0.006
0.006
0.006
0.006
0.006
0.006
0.006
0.007
0.006
0.006
0.007
0.456
0.009
0.007
0.007
0.007
0.008
0.006
0.006
0.036
0.007
0.007
0.007
0.007
0.007
0.006
0.007
0.006
0.006
0.006
0.006
0.006
0.007
0.006
0.006
0.006
0.006
0.006
0.006
0.006
0.006
0.006
0.006
0.006
0.006
0.006
0.006
0.837
0.007
0.007
0.007
0.006
0.006
0.006
0.007
0.006
0.006
0.756
0.007
0.007
0.007
0.007
0.007
0.006
0.006
0.006
0.006
0.006
0.006
0.006
0.006
0.006
0.007
0.006
0.006
0.006
0.007
0.006
0.006
0.006
0.006
0.006
0.006
0.859
0.006
0.006
0.006
0.006
0.006
0.006
0.787
0.007
0.007
0.006
0.006
0.783
0.007
0.007
0.007
0.791
0.007
0.007
0.007
0.006
0.781
0.008
0.007
0.007
0.794
0.007
0.007
0.786
0.007
0.007
0.006
0.778
0.007
0.007
0.007
0.006
0.779
0.006
0.006
0.006
0.006
0.006
0.687
0.008
0.007
0.007
0.008
0.007
0.007
0.007
0.007
0.007
0.006
0.007
0.006
0.006
0.006
0.006
0.006
0.006
0.006
0.006
0.006
0.006
0.006
0.769
0.008
0.007
0.007
0.006
0.006
0.006
0.007
0.007
0.006
0.007
0.006
0.006
0.009
0.006
0.006
0.006
0.006
0.006
0.006
0.006
0.006
0.006
0.006
0.641
0.008
0.008
0.007
0.008
0.007
0.007
0.007
0.007
0.006
0.007
0.006
0.006
0.006
0.007
0.007
0.007
0.006
0.006
0.006
0.006
0.006
0.006
0.006
0.006
0.006
0.007
0.006
0.007
0.006
0.008
0.006
0.006
0.006
0.007
0.006
0.006
0.007
0.006
0.008
0.007
0.006
0.006
0.006
0.309
0.008
0.008
0.007
0.007
0.007
0.006
0.007
0.007
0.006
0.006
0.006
0.006
0.006
0.006
0.006
0.006
0.007
0.006
0.006
0.006
0.006
0.006
0.006
0.007
0.006
0.006
0.007
0.007
0.007
0.007
0.006
0.006
0.006
0.006
0.006
0.006
0.006
0.006
0.006
0.007
0.007
0.006
0.006
0.006
0.007
0.007
0.006
0.006
0.006
0.217
0.007
0.013
0.007
0.006
0.006
0.006
0.006
0.006
0.939
0.007
0.007
0.007
0.006
0.006
0.885
0.007
0.007
0.007
0.007
0.007
0.006
0.007
0.006
0.006
0.007
0.006
0.006
0.008
0.006
0.006
0.006
0.006
0.006
0.007
0.006
0.006
0.006
0.006
0.006
0.006
0.006
0.006
0.006
0.007
0.006
0.006
0.006
0.006
0.006
0.006
0.006
0.007
0.007
0.006
0.006
0.006
0.007
0.007
0.007
0.006
0.006
0.006
0.215
0.008
0.008
0.008
0.007
0.007
0.006
0.006
0.006
0.006
0.324
0.008
0.008
0.007
0.007
0.006
0.006
0.006
0.006
0.310
0.009
0.008
0.007
0.007
0.007
0.007
0.006
0.006
0.006
0.006
0.007
0.006
0.007
0.007
0.007
0.223
0.008
0.007
0.007
0.007
0.007
0.007
0.006
0.431
0.007
0.008
0.006
0.006
0.006
0.006
0.006
0.006
0.006
0.833
0.007
0.006
0.006
0.006
0.006
0.006
0.007
0.762
0.008
0.008
0.007
0.006
0.008
0.007
0.006
0.006
0.006
0.006
0.006
0.008
0.006
0.006
0.006
0.006
0.007
0.007
0.007
0.007
0.007
0.007
0.006
0.006
0.006
0.007
0.006
0.006
0.006
0.006
0.006
0.007
0.007
0.007
0.006
0.006
0.006
0.006
0.006
0.007
0.007
0.006
0.007
0.007
0.006
0.222
0.008
0.008
0.006
0.007
0.007
0.007
0.006
0.006
0.006
0.006
0.006
0.006
0.006
0.006
0.006
0.006
0.212
0.008
0.008
0.008
0.007
0.006
0.006
0.006
0.006
0.006
0.007
0.006
0.006
0.006
0.006
0.006
0.317
0.008
0.008
0.008
0.007
0.007
0.006
0.006
0.006
0.006
0.006
0.006
0.006
0.006
0.006
0.006
0.006
0.208
0.008
0.008
0.007
0.007
0.008
0.007
0.008
0.007
0.007
0.007
0.008
0.008
0.006
0.007
0.006
0.006
0.006
0.006
0.007
0.115
0.008
0.007
0.008
0.007
0.006
0.006
0.006
0.006
0.006
0.006
0.006
0.006
0.006
0.006
0.006
0.006
0.006
0.006
0.006
0.006
0.006
0.006
0.006
0.006
0.006
0.210
0.009
0.007
0.007
0.007
0.006
0.006
0.006
0.006
0.006
0.918
0.008
0.007
0.007
0.007
0.008
0.007
0.008
0.007
0.007
0.007
0.007
0.007
0.006
0.006
0.006
0.006
0.006
0.007
0.006
0.006
0.006
0.006
0.006
0.006
0.006
0.006
0.006
0.006
0.006
0.006
0.006
0.006
0.006
0.006
0.007
0.007
0.006
0.006
0.006
0.007
0.006
0.328
0.008
0.007
0.008
0.006
0.006
0.006
0.006
0.006
0.942
0.007
0.007
0.006
0.006
0.006
0.876
0.008
0.007
0.007
0.007
0.006
0.781
0.007
0.007
0.787
0.007
0.006
0.006
0.006
0.006
0.780
0.007
0.007
0.007
0.007
0.007
0.007
0.007
0.007
0.006
0.008
0.470
0.008
0.008
0.008
0.008
0.007
0.008
0.007
0.008
0.007
0.007
0.006
0.007
0.008
0.006
0.007
0.006
0.006
0.008
0.006
0.006
0.006
0.006
0.006
0.006
0.007
0.006
0.006
0.006
0.006
0.006
0.007
0.006
0.006
0.006
0.006
0.006
0.007
0.007
0.006
0.007
0.006
0.006
0.316
0.008
0.007
0.007
0.006
0.006
0.007
0.007
0.006
0.006
0.215
0.006
0.006
0.006
0.006
0.006
0.006
0.006
0.006
0.006
0.006
0.006
0.006
0.006
0.007
0.006
0.006
0.006
0.006
0.006
0.007
0.006
0.006
0.006
0.006
0.007
0.006
0.006
0.006
0.006
0.007
0.006
0.006
0.006
0.007
0.007
0.006
0.006
0.006
0.006
0.006
0.422
0.008
0.008
0.007
0.007
0.007
0.007
0.008
0.007
0.006
0.006
0.007
0.007
0.007
0.006
0.006
0.007
0.007
0.006
0.006
0.006
0.006
0.006
0.006
0.006
0.010
0.007
0.006
0.006
0.006
0.006
0.006
0.006
0.006
0.007
0.006
0.006
0.007
0.409
0.008
0.007
0.008
0.008
0.007
0.007
0.008
0.007
0.008
0.007
0.007
0.007
0.007
0.007
0.007
0.007
0.006
0.007
0.008
0.007
0.006
0.006
0.006
0.006
0.006
0.006
0.006
0.011
0.006
0.006
0.006
0.006
0.962
0.006
0.006
0.006
0.006
0.006
0.006
0.892
0.008
0.007
0.007
0.006
0.006
0.006
0.006
0.006
0.006
0.006
0.006
0.006
0.006
0.006
0.006
0.006
0.006
0.007
0.006
0.006
0.006
0.006
0.007
0.007
0.006
0.006
0.006
0.006
0.006
0.006
0.006
0.006
0.007
0.006
0.006
0.006
0.006
0.006
0.006
0.006
0.006
0.007
0.006
0.006
0.228
0.008
0.007
0.006
0.006
0.006
0.006
0.006
0.006
0.006
0.342
0.008
0.008
0.008
0.007
0.007
0.007
0.007
0.007
0.006
0.007
0.008
0.216
0.008
0.008
0.007
0.007
0.007
0.007
0.007
0.006
0.007
0.007
0.007
0.006
0.006
0.006
0.006
0.006
0.006
0.006
0.006
0.006
0.006
0.006
0.006
0.006
0.006
0.006
0.114
0.008
0.008
0.007
0.007
0.007
0.007
0.007
0.006
0.006
0.006
0.007
0.006
0.007
0.006
0.006
0.113
0.008
0.008
0.008
0.007
0.007
0.007
0.006
0.007
0.007
0.006
0.007
0.006
0.006
0.006
0.006
0.006
0.006
0.007
0.006
0.006
0.006
0.006
0.006
0.007
0.006
0.006
0.007
0.123
0.008
0.008
0.007
0.008
0.006
0.007
0.007
0.007
0.006
0.205
0.008
0.008
0.007
0.008
0.007
0.007
0.007
0.007
0.007
0.006
0.006
0.006
0.006
0.006
0.006
0.007
0.007
0.006
0.006
0.006
0.006
0.006
0.006
0.006
0.006
0.006
0.006
0.006
0.006
0.006
0.007
0.006
0.006
0.006
0.006
0.006
0.006
0.006
0.006
0.006
0.006
0.006
0.006
0.006
0.006
0.006
0.007
0.006
0.006
0.006
0.006
0.007
0.006
0.006
0.006
0.007
0.007
0.006
0.006
0.121
0.008
0.008
0.008
0.007
0.006
0.006
0.006
0.006
0.006
0.007
0.006
0.006
0.006
0.006
0.007
0.214
0.008
0.008
0.007
0.008
0.007
0.006
0.006
0.322
0.008
0.008
0.007
0.007
0.007
0.006
0.006
0.007
0.006
0.007
0.007
0.006
0.006
0.007
0.006
0.007
0.007
0.008
0.007
0.006
0.006
0.006
0.006
0.006
0.007
0.007
0.007
0.007
0.006
0.006
0.006
0.006
0.006
0.006
0.006
0.006
0.006
0.006
0.006
0.007
0.007
0.006
0.006
0.007
0.006
0.006
0.006
0.006
0.006
0.006
0.006
0.006
0.006
0.006
0.006
0.006
0.006
0.116
0.007
0.008
0.008
0.007
0.006
0.006
0.006
0.006
0.006
0.204
0.008
0.006
0.006
0.006
0.006
0.006
0.006
0.006
0.867
0.008
0.007
0.008
0.007
0.007
0.008
0.007
0.006
0.006
0.006
0.006
0.006
0.006
0.006
0.006
0.006
0.006
0.006
0.006
0.006
0.007
0.006
0.006
0.006
0.006
0.006
0.006
0.006
0.006
0.007
0.006
0.006
0.006
0.006
0.006
0.006
0.007
0.006
0.006
0.006
0.006
0.006
0.008
0.006
0.006
0.007
0.006
0.007
0.007
0.006
0.219
0.008
0.007
0.007
0.006
0.007
0.007
0.007
0.007
0.007
0.007
0.007
0.006
0.006
0.110
0.008
0.007
0.007
0.008
0.007
0.007
0.006
0.007
0.006
0.017
0.006
0.006
0.006
0.006
0.007
0.007
0.008
0.007
0.006
0.006
0.313
0.008
0.008
0.008
0.007
0.007
0.007
0.007
0.007
0.007
0.007
0.008
0.006
0.006
0.006
0.111
0.008
0.007
0.007
0.007
0.007
0.006
0.007
0.006
0.006
0.006
0.006
0.006
0.006
0.006
0.006
0.011
0.006
0.006
0.006
0.006
0.007
0.006
0.315
0.008
0.008
0.007
0.007
0.007
0.006
0.006
0.006
0.006
0.006
0.007
0.006
0.006
0.006
0.006
0.006
0.006
0.006
0.006
0.008
0.007
0.007
0.007
0.007
0.007
0.007
0.006
0.007
0.006
0.006
0.006
0.006
0.006
0.007
0.007
0.007
0.006
0.006
0.006
0.006
0.006
0.007
0.006
0.006
0.006
0.006
0.006
0.006
0.326
0.008
0.008
0.007
0.007
0.007
0.007
0.007
0.024
0.006
0.006
0.006
0.006
0.007
0.007
0.006
0.006
0.006
0.111
0.007
0.007
0.006
0.007
0.006
0.007
0.006
0.006
0.006
0.006
0.320
0.008
0.008
0.007
0.007
0.008
0.007
0.342
0.008
0.008
0.007
0.008
0.007
0.006
0.006
0.006
0.006
0.008
0.008
0.007
0.007
0.007
0.007
0.007
0.007
0.007
0.007
0.006
0.006
0.037
0.008
0.006
0.006
0.006
0.006
0.006
0.006
0.006
0.006
0.006
0.006
0.528
0.008
0.007
0.007
0.007
0.007
0.007
0.007
0.007
0.008
0.007
0.007
0.007
0.006
0.006
0.007
0.006
0.006
0.006
0.006
0.006
0.007
0.006
0.007
0.007
0.006
0.006
0.007
0.006
0.007
0.006
0.007
0.006
0.006
0.006
0.007
0.006
0.006
0.006
0.006
0.006
0.007
0.007
0.007
0.007
0.006
0.006
0.006
0.006
0.007
0.006
0.300
0.008
0.007
0.007
0.007
0.008
0.007
0.007
0.007
0.008
0.007
0.006
0.006
0.007
0.006
0.007
0.008
0.008
0.008
0.007
0.007
0.007
0.006
0.006
0.006
0.006
0.006
0.007
0.006
0.006
0.006
0.006
0.006
0.006
0.006
0.006
0.006
0.006
0.007
0.007
0.006
0.006
0.008
0.006
0.006
0.006
0.321
0.007
0.007
0.007
0.007
0.006
0.006
0.006
0.006
0.006
0.006
0.006
0.006
0.006
0.006
0.006
0.006
0.006
0.007
0.006
0.006
0.006
0.006
0.006
0.006
0.006
0.006
0.006
0.006
0.007
0.006
0.006
0.006
0.006
0.007
0.007
0.006
0.006
0.006
0.006
0.006
0.006
0.408
0.008
0.008
0.008
0.007
0.007
0.007
0.007
0.006
0.006
0.006
0.006
0.007
0.006
0.006
0.006
0.006
0.006
0.006
0.006
0.006
0.006
0.006
0.006
0.006
0.006
0.006
0.006
0.006
0.007
0.006
0.006
0.006
0.006
0.006
0.007
0.007
0.006
0.006
0.006
0.006
0.007
0.006
0.006
0.006
0.006
0.006
0.007
0.006
0.006
0.432
0.008
0.008
0.007
0.007
0.007
0.007
0.232
0.009
0.006
0.006
0.006
0.006
0.006
0.006
0.007
0.007
0.435
0.008
0.008
0.007
0.007
0.007
0.007
0.007
0.007
0.007
0.007
0.134
0.008
0.007
0.008
0.007
0.007
0.007
0.007
0.007
0.007
0.006
0.006
0.006
0.006
0.006
0.006
0.006
0.006
0.006
0.006
0.006
0.006
0.006
0.006
0.006
0.007
0.007
0.006
0.006
0.209
0.008
0.008
0.007
0.007
0.007
0.006
0.006
0.006
0.006
0.006
0.006
0.006
0.006
0.006
0.006
0.126
0.007
0.007
0.006
0.007
0.006
0.006
0.006
0.868
0.008
0.008
0.007
0.007
0.007
0.007
0.006
0.006
0.007
0.007
0.006
0.006
0.006
0.006
0.006
0.006
0.006
0.006
0.006
0.006
0.006
0.006
0.006
0.006
0.007
0.006
0.007
0.006
0.006
0.006
0.006
0.006
0.006
0.006
0.006
0.006
0.006
0.006
0.006
0.006
0.006
0.006
0.006
0.006
0.007
0.007
0.008
0.007
0.007
0.007
0.007
0.006
0.123
0.008
0.007
0.007
0.007
0.007
0.006
0.007
0.006
0.006
0.006
0.112
0.008
0.008
0.007
0.007
0.008
0.008
0.007
0.007
0.202
0.008
0.007
0.006
0.007
0.008
0.007
0.006
0.011
0.006
0.006
0.006
0.006
0.006
0.006
0.341
0.008
0.008
0.008
0.007
0.008
0.007
0.007
0.006
0.006
0.006
0.008
0.007
0.006
0.215
0.007
0.007
0.007
0.006
0.007
0.006
0.006
0.006
0.006
0.006
0.006
0.006
0.006
0.006
0.006
0.006
0.006
0.006
0.006
0.007
0.006
0.006
0.006
0.006
0.006
0.006
0.006
0.006
0.007
0.006
0.006
0.006
0.009
0.006
0.008
0.006
0.007
0.006
0.006
0.006
0.006
0.007
0.007
0.007
0.007
0.007
0.008
0.007
0.006
0.006
0.006
0.006
0.006
0.006
0.006
0.006
0.208
0.009
0.007
0.007
0.008
0.007
0.007
0.006
0.006
0.006
0.006
0.100
0.008
0.008
0.007
0.007
0.007
0.007
0.007
0.007
0.006
0.006
0.006
0.006
0.006
0.006
0.008
0.007
0.006
0.006
0.006
0.008
0.006
0.321
0.008
0.007
0.007
0.006
0.006
0.006
0.006
0.006
0.006
0.006
0.007
0.006
0.006
0.006
0.006
0.006
0.006
0.006
0.104
0.008
0.008
0.008
0.007
0.007
0.006
0.006
0.006
0.006
0.006
0.006
0.006
0.006
0.006
0.006
0.006
0.006
0.006
0.006
0.006
0.006
0.006
0.439
0.008
0.007
0.007
0.007
0.008
0.007
0.007
0.119
0.009
0.008
0.008
0.007
0.007
0.006
0.006
0.006
0.006
0.006
0.006
0.007
0.007
0.006
0.006
0.742
0.009
0.008
0.008
0.006
0.007
0.007
0.007
0.007
0.006
0.006
0.006
0.006
0.006
0.006
0.006
0.006
0.006
0.007
0.006
0.006
0.007
0.006
0.006
0.006
0.006
0.007
0.007
0.007
0.007
0.007
0.007
0.006
0.006
0.006
0.006
0.006
0.006
0.006
0.006
0.006
0.006
0.006
0.006
0.007
0.007
0.006
0.006
0.006
0.007
0.006
0.006
0.216
0.008
0.008
0.007
0.007
0.007
0.007
0.006
0.007
0.007
0.006
0.006
0.006
0.007
0.006
0.006
0.006
0.006
0.006
0.007
0.007
0.007
0.007
0.006
0.006
0.006
0.006
0.007
0.008
0.008
0.007
0.007
0.012
0.007
0.006
0.007
0.007
0.006
0.006
0.006
0.006
0.006
0.006
0.006
0.006
0.006
0.196
0.008
0.007
0.006
0.006
0.006
0.006
0.007
0.006
0.007
0.233
0.008
0.008
0.007
0.007
0.007
0.006
0.006
0.007
0.006
0.006
0.007
0.007
0.006
0.006
0.006
0.006
0.006
0.006
0.007
0.006
0.006
0.006
0.006
0.006
0.006
0.006
0.006
0.006
0.007
0.007
0.008
0.007
0.006
0.006
0.010
0.006
0.006
0.006
0.006
0.006
0.006
0.006
0.006
0.006
0.006
0.006
0.006
0.006
0.006
0.007
0.006
0.006
0.006
0.006
0.006
0.006
0.006
0.202
0.008
0.008
0.007
0.007
0.007
0.006
0.006
0.007
0.006
0.006
0.006
0.006
0.006
0.006
0.006
0.006
0.006
0.006
0.006
0.007
0.006
0.006
0.006
0.006
0.006
0.006
0.006
0.006
0.006
0.006
0.112
0.006
0.006
0.006
0.006
0.006
0.006
0.006
0.006
0.006
0.006
0.006
0.006
0.006
0.006
0.006
0.006
0.006
0.006
0.006
0.006
0.209
0.008
0.007
0.007
0.007
0.007
0.007
0.007
0.007
0.007
0.007
0.006
0.006
0.006
0.006
0.006
0.006
0.006
0.006
0.007
0.008
0.006
0.006
0.006
0.006
0.006
0.007
0.006
0.006
0.006
0.006
0.006
0.006
0.006
0.738
0.008
0.008
0.007
0.008
0.008
0.007
0.008
0.006
0.006
0.007
0.006
0.006
0.006
0.006
0.006
0.006
0.006
0.006
0.006
0.006
0.006
0.006
0.006
0.007
0.007
0.006
0.006
0.006
0.006
0.006
0.007
0.006
0.006
0.006
0.006
0.006
0.006
0.006
0.006
0.007
0.006
0.006
0.006
0.006
0.006
0.007
0.316
0.008
0.015
0.007
0.007
0.007
0.007
0.006
0.006
0.127
0.008
0.007
0.007
0.008
0.008
0.007
0.007
0.007
0.007
0.006
0.006
0.006
0.006
0.006
0.006
0.006
0.006
0.006
0.006
0.006
0.006
0.317
0.008
0.008
0.007
0.007
0.008
0.007
0.007
0.007
0.006
0.006
0.007
0.007
0.006
0.006
0.007
0.007
0.007
0.007
0.006
0.006
0.007
0.007
0.007
0.006
0.006
0.006
0.006
0.006
0.007
0.006
0.006
0.006
0.007
0.006
0.006
0.006
0.006
0.006
0.006
0.007
0.006
0.006
0.007
0.006
0.006
0.006
0.006
0.006
0.006
0.006
0.006
0.006
0.212
0.008
0.008
0.008
0.007
0.007
0.008
0.007
0.007
0.110
0.008
0.008
0.008
0.007
0.006
0.006
0.006
0.006
0.006
0.006
0.006
0.006
0.006
0.006
0.006
0.007
0.007
0.007
0.007
0.006
0.006
0.006
0.006
0.006
0.006
0.006
0.006
0.006
0.006
0.006
0.006
0.006
0.006
0.006
0.006
0.007
0.006
0.006
0.108
0.007
0.007
0.008
0.007
0.007
0.007
0.007
0.121
0.008
0.008
0.007
0.007
0.006
0.006
0.006
0.841
0.008
0.007
0.007
0.007
0.007
0.008
0.007
0.006
0.006
0.006
0.006
0.006
0.006
0.006
0.006
0.006
0.006
0.006
0.006
0.006
0.006
0.006
0.006
0.006
0.006
0.007
0.007
0.632
0.008
0.008
0.008
0.007
0.008
0.006
0.008
0.006
0.006
0.006
0.006
0.006
0.006
0.875
0.007
0.007
0.007
0.007
0.007
0.006
0.006
0.006
0.007
0.006
0.006
0.006
0.006
0.007
0.461
0.008
0.008
0.007
0.008
0.007
0.007
0.007
0.007
0.007
0.006
0.006
0.006
0.006
0.006
0.007
0.006
0.006
0.006
0.006
0.006
0.006
0.006
0.006
0.556
0.008
0.008
0.007
0.007
0.051
0.008
0.008
0.007
0.007
0.007
0.007
0.007
0.007
0.006
0.006
0.006
0.006
0.007
0.006
0.006
0.006
0.006
0.007
0.006
0.006
0.006
0.006
0.006
0.006
0.006
0.006
0.006
0.325
0.008
0.008
0.008
0.007
0.007
0.007
0.007
0.006
0.006
0.006
0.006
0.006
0.006
0.006
0.006
0.006
0.006
0.006
0.006
0.007
0.007
0.006
0.006
0.006
0.006
0.006
0.006
0.006
0.006
0.007
0.006
0.006
0.006
0.006
0.007
0.006
0.006
0.006
0.006
0.007
0.006
0.006
0.006
0.006
0.006
0.006
0.006
0.007
0.326
0.008
0.007
0.007
0.007
0.007
0.006
0.006
0.006
0.006
0.012
0.006
0.006
0.006
0.006
0.007
0.007
0.007
0.006
0.007
0.006
0.006
0.006
0.006
0.006
0.006
0.006
0.006
0.006
0.006
0.006
0.006
0.006
0.006
0.006
0.006
0.006
0.006
0.006
0.006
0.006
0.006
0.006
0.536
0.007
0.007
0.007
0.007
0.006
0.006
0.006
0.007
0.006
0.007
0.006
0.006
0.006
0.006
0.006
0.006
0.006
0.006
0.006
0.006
0.006
0.006
0.006
0.006
0.006
0.006
0.006
0.006
0.006
0.006
0.006
0.006
0.008
0.006
0.006
0.006
0.006
0.006
0.006
0.006
0.006
0.008
0.006
0.006
0.007
0.006
0.006
0.006
0.007
0.006
0.307
0.007
0.007
0.007
0.007
0.007
0.006
0.006
0.006
0.006
0.006
0.006
0.006
0.007
0.006
0.006
0.006
0.006
0.006
0.006
0.008
0.007
0.007
0.007
0.012
0.008
0.007
0.007
0.007
0.006
0.007
0.007
0.006
0.006
0.427
0.008
0.007
0.008
0.007
0.007
0.007
0.006
0.006
0.006
0.007
0.006
0.006
0.006
0.006
0.006
0.910
0.007
0.006
0.007
0.006
0.006
0.006
0.885
0.008
0.007
0.781
0.006
0.006
0.793
0.006
0.006
0.006
0.006
0.689
0.191
0.007
0.686
0.006
0.084
0.006
0.019
0.782
0.007
0.007
0.006
0.682
0.008
0.008
0.008
0.008
0.007
0.006
0.007
0.006
0.006
0.006
0.006
0.007
0.006
0.006
0.006
0.007
0.006
0.006
0.006
0.006
0.006
0.006
0.006
0.006
0.006
0.006
0.006
0.006
0.006
0.007
0.006
0.006
0.006
0.006
0.007
0.007
0.006
0.008
0.006
0.007
0.427
0.008
0.007
0.006
0.007
0.007
0.006
0.006
0.006
0.006
0.006
0.006
0.006
0.006
0.006
0.006
0.006
0.006
0.007
0.007
0.006
0.006
0.006
0.006
0.006
0.006
0.006
0.006
0.006
0.006
0.006
0.006
0.014
0.006
0.006
0.006
0.006
0.006
0.006
0.006
0.006
0.006
0.858
0.007
0.007
0.007
0.007
0.007
0.007
0.007
0.007
0.008
0.007
0.007
0.007
0.007
0.007
0.006
0.006
0.006
0.006
0.006
0.006
0.006
0.006
0.006
0.006
0.006
0.006
0.874
0.007
0.006
0.007
0.006
0.007
0.777
0.008
0.007
0.007
0.006
0.006
0.006
0.006
0.006
0.006
0.006
0.006
0.007
0.006
0.006
0.006
0.006
0.006
0.006
0.006
0.006
0.007
0.006
0.006
0.006
0.006
0.006
0.006
0.006
0.006
0.007
0.006
0.006
0.007
0.007
0.007
0.006
0.006
0.006
0.007
0.006
0.006
0.006
0.007
0.006
0.006
0.006
0.006
0.007
0.318
0.008
0.007
0.007
0.007
0.007
0.006
0.006
0.007
0.007
0.007
0.006
0.007
0.007
0.007
0.007
0.007
0.007
0.006
0.006
0.007
0.006
0.006
0.007
0.007
0.006
0.006
0.007
0.006
0.006
0.006
0.006
0.006
0.006
0.006
0.006
0.006
0.006
0.006
0.006
0.006
0.006
0.916
0.006
0.006
0.006
0.006
0.006
0.006
0.006
0.880
0.008
0.007
0.006
0.006
0.788
0.007
0.007
0.006
0.779
0.007
0.007
0.007
0.007
0.778
0.007
0.006
0.006
0.006
0.881
0.008
0.008
0.008
0.007
0.006
0.007
0.007
0.008
0.007
0.007
0.008
0.007
0.006
0.006
0.007
0.006
0.006
0.006
0.008
0.006
0.006
0.006
0.006
0.007
0.006
0.006
0.006
0.006
0.006
0.007
0.007
0.006
0.006
0.006
0.006
0.006
0.006
0.007
0.006
0.007
0.006
0.006
0.007
0.006
0.006
0.006
0.006
0.217
0.007
0.007
0.007
0.007
0.006
0.007
0.007
0.006
0.006
0.006
0.007
0.006
0.006
0.007
0.008
0.007
0.006
0.006
0.006
0.006
0.006
0.006
0.006
0.012
0.007
0.007
0.006
0.006
0.008
0.006
0.006
0.006
0.006
0.006
0.006
0.006
0.006
0.007
0.006
0.007
0.007
0.006
0.006
0.006
0.006
0.006
0.211
0.008
0.007
0.007
0.007
0.007
0.007
0.007
0.007
0.007
0.007
0.006
0.006
0.006
0.006
0.006
0.007
0.007
0.006
0.006
0.006
0.006
0.007
0.006
0.007
0.007
0.007
0.007
0.007
0.007
0.006
0.007
0.007
0.006
0.006
0.006
0.007
0.006
0.006
0.006
0.006
0.006
0.006
0.006
0.006
0.006
0.007
0.007
0.006
0.006
0.007
0.006
0.006
0.204
0.007
0.006
0.007
0.006
0.006
0.006
0.006
0.006
0.006
0.006
0.006
0.007
0.006
0.006
0.006
0.006
0.006
0.007
0.006
0.007
0.006
0.007
0.006
0.006
0.006
0.007
0.006
0.006
0.008
0.006
0.006
0.006
0.006
0.007
0.006
0.006
0.006
0.006
0.007
0.109
0.008
0.008
0.007
0.007
0.007
0.007
0.006
0.006
0.007
0.198
0.008
0.007
0.006
0.006
0.007
0.007
0.007
0.006
0.006
0.006
0.006
0.006
0.006
0.007
0.007
0.006
0.006
0.006
0.006
0.006
0.006
0.006
0.006
0.007
0.006
0.006
0.006
0.007
0.006
0.006
0.006
0.007
0.007
0.006
0.006
0.006
0.100
0.007
0.007
0.007
0.006
0.010
0.006
0.006
0.006
0.006
0.006
0.006
0.007
0.201
0.006
0.006
0.006
0.007
0.006
0.006
0.006
0.006
0.006
0.952
0.007
0.006
0.006
0.006
0.006
0.880
0.007
0.007
0.007
0.006
0.781
0.007
0.006
0.006
0.006
0.006
0.780
0.007
0.006
0.006
0.006
0.789
0.008
0.008
0.007
0.007
0.007
0.006
0.006
0.007
0.006
0.006
0.007
0.006
0.006
0.006
0.007
0.006
0.006
0.006
0.006
0.007
0.007
0.006
0.006
0.006
0.007
0.006
0.006
0.006
0.008
0.007
0.008
0.007
0.006
0.006
0.006
0.007
0.007
0.007
0.007
0.126
0.008
0.008
0.007
0.008
0.007
0.007
0.007
0.007
0.007
0.007
0.007
0.007
0.009
0.007
0.007
0.007
0.006
0.006
0.006
0.006
0.006
0.006
0.006
0.006
0.006
0.006
0.006
0.006
0.006
0.007
0.007
0.006
0.006
0.006
0.006
0.006
0.006
0.006
0.006
0.007
0.106
0.007
0.008
0.007
0.007
0.008
0.007
0.007
0.007
0.111
0.007
0.007
0.007
0.008
0.007
0.007
0.007
0.007
0.007
0.007
0.007
0.007
0.007
0.006
0.006
0.006
0.006
0.005
0.006
0.006
0.006
0.007
0.006
0.006
0.006
0.006
0.007
0.205
0.007
0.007
0.007
0.007
0.008
0.007
0.007
0.006
0.006
0.006
0.006
0.006
0.006
0.006
0.006
0.006
0.097
0.008
0.008
0.008
0.007
0.007
0.007
0.007
0.007
0.006
0.006
0.006
0.006
0.006
0.006
0.006
0.007
0.006
0.006
0.006
0.007
0.006
0.006
0.006
0.006
0.006
0.007
0.006
0.006
0.006
0.006
0.006
0.006
0.006
0.006
0.007
0.007
0.007
0.006
0.007
0.007
0.007
0.007
0.007
0.007
0.007
0.007
0.007
0.007
0.007
0.006
0.007
0.006
0.006
0.006
0.118
0.006
0.006
0.006
0.006
0.006
0.007
0.006
0.006
0.006
0.006
0.007
0.006
0.006
0.108
0.007
0.008
0.007
0.007
0.006
0.006
0.007
0.006
0.006
0.006
0.006
0.006
0.006
0.006
0.007
0.006
0.006
0.006
0.006
0.006
0.007
0.006
0.006
0.006
0.006
0.006
0.006
0.007
0.006
0.006
0.006
0.006
0.006
0.006
0.006
0.006
0.007
0.006
0.006
0.006
0.006
0.006
0.006
0.006
0.006
0.006
0.006
0.006
0.006
0.006
0.006
0.006
0.006
0.006
0.006
0.006
0.006
0.007
0.520
0.008
0.007
0.007
0.007
0.007
0.007
0.006
0.129
0.008
0.007
0.008
0.007
0.007
0.006
0.006
0.006
0.006
0.006
0.006
0.006
0.007
0.006
0.006
0.006
0.006
0.006
0.006
0.006
0.006
0.006
0.006
0.006
0.006
0.006
0.006
0.006
0.006
0.006
0.006
0.006
0.006
0.006
0.007
0.006
0.006
0.006
0.210
0.007
0.007
0.007
0.006
0.006
0.006
0.007
0.006
0.006
0.007
0.007
0.007
0.006
0.006
0.006
0.006
0.006
0.006
0.006
0.006
0.006
0.006
0.006
0.006
0.006
0.007
0.006
0.006
0.006
0.006
0.006
0.006
0.006
0.006
0.006
0.006
0.006
0.006
0.007
0.006
0.006
0.006
0.006
0.006
0.006
0.007
0.006
0.006
0.006
0.006
0.006
0.006
0.007
0.006
0.006
0.006
0.007
0.006
0.006
0.006
0.006
0.006
0.007
0.007
0.006
0.006
0.006
0.005
0.006
0.006
0.006
0.010
0.006
0.006
0.006
0.007
0.006
0.006
0.006
0.006
0.006
0.006
0.006
0.006
0.006
0.118
0.007
0.006
0.006
0.006
0.006
0.006
0.006
0.006
0.006
0.006
0.006
0.093
0.008
0.007
0.008
0.007
0.007
0.007
0.008
0.007
0.006
0.006
0.006
0.006
0.006
0.006
0.006
0.006
0.006
0.101
0.008
0.007
0.007
0.007
0.007
0.007
0.007
0.007
0.007
0.007
0.007
0.007
0.006
0.006
0.010
0.006
0.006
0.007
0.006
0.006
0.006
0.006
0.006
0.006
0.006
0.006
0.006
0.006
0.006
0.006
0.006
0.006
0.006
0.006
0.113
0.007
0.007
0.007
0.008
0.007
0.007
0.007
0.006
0.006
0.006
0.006
0.006
0.006
0.006
0.006
0.006
0.017
0.006
0.006
0.006
0.007
0.006
0.006
0.006
0.006
0.006
0.006
0.006
0.006
0.325
0.008
0.007
0.007
0.007
0.006
0.007
0.854
0.007
0.007
0.007
0.007
0.006
0.006
0.006
0.006
0.006
0.006
0.007
0.007
0.006
0.006
0.006
0.006
0.006
0.006
0.006
0.007
0.006
0.006
0.006
0.006
0.006
0.006
0.007
0.006
0.006
0.006
0.006
0.006
0.006
0.006
0.006
0.006
0.007
0.007
0.006
0.006
0.006
0.006
0.006
0.323
0.007
0.007
0.007
0.006
0.006
0.006
0.006
0.006
0.006
0.006
0.007
0.006
0.007
0.006
0.007
0.006
0.006
0.006
0.006
0.006
0.006
0.006
0.006
0.006
0.006
0.006
0.006
0.006
0.006
0.006
0.006
0.006
0.006
0.006
0.006
0.006
0.006
0.006
0.005
0.006
0.006
0.006
0.006
0.006
0.006
0.006
0.839
0.007
0.007
0.008
0.007
0.007
0.008
0.007
0.006
0.007
0.006
0.006
0.006
0.006
0.006
0.006
0.006
0.006
0.006
0.006
0.006
0.006
0.542
0.008
0.008
0.007
0.007
0.006
0.006
0.006
0.006
0.006
0.006
0.006
0.006
0.006
0.007
0.006
0.006
0.007
0.007
0.006
0.006
0.006
0.006
0.006
0.006
0.006
0.006
0.006
0.006
0.006
0.007
0.006
0.007
0.005
0.006
0.006
0.006
0.006
0.006
0.006
0.006
0.006
0.006
0.006
0.006
0.006
0.006
0.006
0.006
0.006
0.007
0.006
0.007
0.006
0.006
0.006
0.006
0.006
0.102
0.008
0.007
0.007
0.007
0.007
0.007
0.007
0.006
0.006
0.210
0.008
0.008
0.007
0.007
0.006
0.006
0.006
0.006
0.006
0.006
0.006
0.006
0.006
0.006
0.006
0.006
0.006
0.006
0.006
0.006
0.006
0.006
0.006
0.006
0.006
0.006
0.007
0.006
0.006
0.006
0.006
0.006
0.006
0.105
0.007
0.006
0.006
0.006
0.006
0.006
0.006
0.006
0.006
0.006
0.006
0.006
0.212
0.008
0.007
0.007
0.007
0.007
0.007
0.008
0.007
0.007
0.006
0.006
0.006
0.007
0.007
0.006
0.006
0.006
0.006
0.006
0.858
0.008
0.008
0.007
0.008
0.007
0.007
0.006
0.006
0.006
0.006
0.006
0.006
0.006
0.006
0.006
0.006
0.006
0.006
0.006
0.006
0.006
0.006
0.006
0.006
0.006
0.006
0.006
0.006
0.007
0.006
0.006
0.006
0.006
0.006
0.006
0.006
0.006
0.006
0.006
0.006
0.006
0.006
0.006
0.007
0.006
0.007
0.007
0.006
0.006
0.006
0.006
0.006
0.007
0.006
0.006
0.006
0.006
0.220
0.008
0.007
0.007
0.007
0.007
0.007
0.007
0.006
0.006
0.006
0.007
0.006
0.007
0.006
0.006
0.006
0.010
0.006
0.006
0.006
0.006
0.006
0.006
0.007
0.006
0.006
0.006
0.006
0.006
0.006
0.006
0.006
0.006
0.006
0.006
0.006
0.006
0.007
0.006
0.006
0.006
0.006
0.006
0.007
0.006
0.006
0.006
0.007
0.006
0.007
0.007
0.008
0.007
0.007
0.007
0.196
0.008
0.007
0.007
0.008
0.007
0.007
0.006
0.006
0.006
0.006
0.006
0.006
0.006
0.006
0.006
0.006
0.006
0.006
0.007
0.006
0.006
0.006
0.006
0.006
0.006
0.006
0.006
0.006
0.007
0.006
0.006
0.006
0.006
0.006
0.006
0.006
0.006
0.006
0.006
0.006
0.006
0.006
0.006
0.006
0.006
0.006
0.006
0.006
0.006
0.006
0.006
0.006
0.006
0.007
0.006
0.006
0.006
0.006
0.006
0.006
0.006
0.006
0.006
0.006
0.010
0.219
0.007
0.007
0.007
0.007
0.007
0.006
0.006
0.006
0.006
0.006
0.103
0.007
0.007
0.007
0.007
0.007
0.006
0.006
0.006
0.006
0.006
0.006
0.006
0.006
0.006
0.006
0.006
0.006
0.006
0.006
0.006
0.006
0.006
0.006
0.315
0.008
0.008
0.007
0.007
0.007
0.007
0.007
0.006
0.006
0.006
0.006
0.006
0.006
0.006
0.006
0.007
0.006
0.006
0.006
0.006
0.006
0.006
0.114
0.008
0.008
0.006
0.007
0.007
0.007
0.007
0.007
0.006
0.006
0.007
0.008
0.006
0.312
0.008
0.007
0.007
0.007
0.007
0.007
0.007
0.006
0.006
0.006
0.006
0.005
0.006
0.006
0.006
0.007
0.006
0.006
0.006
0.006
0.006
0.007
0.006
0.007
0.007
0.007
0.007
0.006
0.009
0.008
0.007
0.006
0.008
0.006
0.006
0.006
0.006
0.006
0.006
0.006
0.006
0.006
0.006
0.006
0.007
0.006
0.006
0.006
0.006
0.006
0.006
0.006
0.006
0.006
0.007
0.006
0.006
0.006
0.006
0.006
0.006
0.006
0.006
0.007
0.007
0.006
0.006
0.006
0.006
0.006
0.006
0.006
0.006
0.006
0.006
0.006
0.006
0.006
0.007
0.006
0.006
0.006
0.119
0.007
0.008
0.008
0.008
0.007
0.006
0.007
0.007
0.007
0.213
0.008
0.008
0.007
0.007
0.006
0.007
0.006
0.006
0.006
0.006
0.006
0.006
0.006
0.006
0.007
0.006
0.007
0.006
0.007
0.006
0.006
0.006
0.006
0.006
0.006
0.006
0.006
0.006
0.007
0.006
0.006
0.006
0.006
0.007
0.006
0.006
0.006
0.006
0.006
0.006
0.007
0.006
0.006
0.006
0.007
0.007
0.006
0.006
0.006
0.006
0.007
0.006
0.005
0.006
0.006
0.006
0.006
0.006
0.006
0.006
0.006
0.006
0.006
0.006
0.006
0.006
0.006
0.209
0.007
0.007
0.007
0.007
0.007
0.006
0.006
0.006
0.006
0.006
0.006
0.006
0.006
0.006
0.006
0.006
0.006
0.006
0.006
0.006
0.006
0.006
0.006
0.006
0.006
0.006
0.006
0.007
0.006
0.006
0.006
0.007
0.006
0.006
0.006
0.006
0.006
0.006
0.006
0.006
0.006
0.006
0.006
0.006
0.006
0.006
0.006
0.006
0.006
0.006
0.006
0.006
0.006
0.006
0.006
0.006
0.006
0.006
0.006
0.006
0.006
0.006
0.006
0.015
0.006
0.006
0.006
0.006
0.006
0.006
0.006
0.006
0.006
0.006
0.006
0.006
0.006
0.006
0.007
0.008
0.006
0.006
0.006
0.006
0.006
0.006
0.006
0.006
0.006
0.006
0.006
0.006
0.006
0.006
0.006
0.007
0.008
0.007
0.007
0.007
0.007
0.007
0.006
0.006
0.006
0.101
0.007
0.007
0.007
0.006
0.007
0.008
0.007
0.007
0.006
0.006
0.006
0.006
0.007
0.007
0.006
0.006
0.006
0.006
0.006
0.006
0.006
0.007
0.007
0.007
0.006
0.007
0.006
0.006
0.006
0.006
0.006
0.006
0.007
0.007
0.006
0.006
0.006
0.006
0.006
0.006
0.006
0.006
0.006
0.007
0.216
0.008
0.007
0.008
0.007
0.007
0.007
0.007
0.007
0.007
0.008
0.007
0.007
0.008
0.007
0.204
0.008
0.008
0.007
0.007
0.008
0.007
0.007
0.007
0.007
0.007
0.006
0.006
0.006
0.006
0.006
0.006
0.006
0.006
0.007
0.007
0.006
0.007
0.007
0.007
0.007
0.007
0.006
0.006
0.006
0.006
0.006
0.006
0.006
0.006
0.006
0.006
0.006
0.007
0.006
0.006
0.006
0.006
0.006
0.006
0.006
0.006
0.006
0.006
0.006
0.006
0.006
0.006
0.006
0.006
0.006
0.006
0.007
0.007
0.006
0.007
0.208
0.007
0.007
0.006
0.006
0.006
0.007
0.007
0.008
0.006
0.006
0.006
0.007
0.006
0.007
0.006
0.006
0.006
0.006
0.006
0.006
0.006
0.010
0.006
0.006
0.006
0.006
0.006
0.006
0.006
0.006
0.006
0.006
0.117
0.007
0.006
0.007
0.007
0.006
0.006
0.006
0.006
0.006
0.006
0.006
0.006
0.006
0.007
0.006
0.006
0.006
0.106
0.007
0.007
0.007
0.007
0.007
0.007
0.006
0.006
0.006
0.006
0.113
0.007
0.006
0.006
0.006
0.007
0.006
0.006
0.007
0.007
0.007
0.007
0.008
0.007
0.007
0.006
0.006
0.007
0.006
0.006
0.006
0.006
0.006
0.006
0.006
0.006
0.007
0.007
0.006
0.006
0.006
0.006
0.006
0.006
0.006
0.006
0.006
0.006
0.018
0.006
0.006
0.006
0.006
0.006
0.006
0.006
0.006
0.006
0.006
0.006
0.006
0.007
0.006
0.006
0.006
0.006
0.006
0.006
0.208
0.007
0.007
0.007
0.007
0.007
0.007
0.006
0.006
0.006
0.006
0.006
0.006
0.006
0.005
0.006
0.006
0.006
0.006
0.006
0.006
0.006
0.006
0.006
0.006
0.007
0.006
0.006
0.006
0.006
0.006
0.006
0.007
0.006
0.006
0.006
0.006
0.006
0.006
0.006
0.006
0.006
0.006
0.006
0.007
0.007
0.006
0.006
0.007
0.006
0.006
0.006
0.006
0.006
0.006
0.006
0.007
0.006
0.006
0.006
0.007
0.006
0.006
0.006
0.007
0.006
0.006
0.006
0.006
0.006
0.006
0.016
0.006
0.006
0.006
0.006
0.006
0.006
0.006
0.005
0.006
0.006
0.006
0.006
0.006
0.006
0.006
0.006
0.006
0.006
0.006
0.006
0.006
0.116
0.008
0.007
0.007
0.007
0.007
0.006
0.006
0.006
0.007
0.006
0.105
0.008
0.008
0.007
0.007
0.007
0.007
0.007
0.007
0.007
0.007
0.006
0.006
0.006
0.006
0.006
0.006
0.101
0.008
0.007
0.007
0.007
0.007
0.006
0.006
0.006
0.006
0.006
0.007
0.007
0.006
0.006
0.006
0.006
0.006
0.006
0.006
0.006
0.006
0.006
0.006
0.006
0.006
0.007
0.007
0.006
0.006
0.006
0.007
0.006
0.006
0.006
0.006
0.118
0.007
0.007
0.007
0.006
0.007
0.006
0.007
0.006
0.006
0.006
0.006
0.006
0.006
0.006
0.006
0.006
0.006
0.110
0.008
0.007
0.007
0.007
0.007
0.007
0.007
0.007
0.007
0.006
0.006
0.006
0.006
0.006
0.007
0.006
0.006
0.006
0.006
0.006
0.007
0.007
0.006
0.006
0.006
0.006
0.006
0.006
0.006
0.006
0.006
0.006
0.007
0.007
0.006
0.007
0.006
0.006
0.006
0.007
0.006
0.007
0.006
0.006
0.006
0.006
0.006
0.005
0.006
0.006
0.006
0.006
0.006
0.006
0.006
0.202
0.007
0.007
0.007
0.006
0.007
0.006
0.006
0.006
0.006
0.006
0.006
0.006
0.006
0.006
0.006
0.006
0.007
0.006
0.007
0.006
0.006
0.007
0.006
0.006
0.006
0.006
0.006
0.006
0.006
0.006
0.006
0.006
0.006
0.870
0.007
0.007
0.007
0.006
0.006
0.006
0.006
0.006
0.006
0.006
0.006
0.006
0.006
0.006
0.007
0.006
0.006
0.006
0.006
0.006
0.006
0.006
0.006
0.006
0.006
0.006
0.007
0.006
0.006
0.006
0.006
0.006
0.006
0.006
0.007
0.006
0.006
0.006
0.006
0.006
0.006
0.006
0.006
0.006
0.006
0.006
0.006
0.006
0.006
0.006
0.007
0.006
0.007
0.006
0.006
0.006
0.006
0.006
0.006
0.006
0.006
0.006
0.006
0.006
0.006
0.007
0.006
0.006
0.104
0.006
0.007
0.007
0.007
0.007
0.007
0.007
0.006
0.006
0.006
0.006
0.007
0.007
0.006
0.007
0.007
0.205
0.007
0.007
0.007
0.008
0.007
0.007
0.007
0.007
0.007
0.006
0.006
0.006
0.006
0.006
0.006
0.006
0.006
0.006
0.006
0.006
0.006
0.006
0.006
0.006
0.006
0.006
0.007
0.006
0.007
0.006
0.104
0.008
0.007
0.013
0.006
0.007
0.007
0.006
0.007
0.007
0.006
0.007
0.007
0.006
0.006
0.006
0.199
0.008
0.008
0.007
0.008
0.007
0.007
0.007
0.008
0.007
0.006
0.006
0.006
0.006
0.006
0.006
0.006
0.006
0.006
0.006
0.006
0.006
0.006
0.006
0.006
0.006
0.006
0.006
0.006
0.006
0.007
0.006
0.006
0.007
0.007
0.006
0.006
0.006
0.006
0.006
0.006
0.311
0.008
0.007
0.007
0.007
0.006
0.006
0.006
0.006
0.006
0.006
0.007
0.006
0.006
0.007
0.006
0.006
0.006
0.006
0.006
0.006
0.006
0.006
0.007
0.007
0.007
0.007
0.006
0.007
0.006
0.006
0.006
0.006
0.006
0.006
0.006
0.006
0.006
0.006
0.006
0.006
0.006
0.006
0.007
0.007
0.006
0.006
0.007
0.006
0.006
0.007
0.006
0.006
0.007
0.006
0.006
0.006
0.006
0.006
0.006
0.006
0.006
0.117
0.008
0.008
0.008
0.007
0.007
0.007
0.008
0.007
0.007
0.007
0.006
0.006
0.006
0.006
0.006
0.006
0.006
0.006
0.006
0.006
0.105
0.007
0.007
0.007
0.007
0.006
0.006
0.006
0.006
0.006
0.006
0.006
0.006
0.006
0.006
0.007
0.006
0.006
0.006
0.006
0.006
0.006
0.006
0.006
0.006
0.109
0.007
0.007
0.007
0.007
0.007
0.007
0.007
0.007
0.006
0.006
0.006
0.006
0.006
0.006
0.007
0.006
0.006
0.006
0.006
0.006
0.007
0.006
0.006
0.006
0.007
0.006
0.006
0.006
0.006
0.007
0.007
0.007
0.006
0.006
0.006
0.006
0.007
0.006
0.006
0.006
0.006
0.006
0.006
0.006
0.006
0.006
0.006
0.006
0.007
0.006
0.006
0.007
0.006
0.107
0.007
0.007
0.007
0.006
0.006
0.007
0.006
0.007
0.007
0.007
0.007
0.007
0.006
0.006
0.006
0.006
0.006
0.006
0.006
0.006
0.006
0.006
0.007
0.007
0.007
0.006
0.007
0.007
0.006
0.006
0.007
0.006
0.006
0.006
0.006
0.006
0.006
0.006
0.006
0.006
0.006
0.006
0.006
0.006
0.006
0.006
0.006
0.006
0.006
0.006
0.006
0.006
0.006
0.006
0.006
0.006
0.006
0.202
0.008
0.008
0.007
0.007
0.007
0.007
0.006
0.006
0.006
0.005
0.107
0.006
0.006
0.006
0.006
0.006
0.006
0.006
0.006
0.006
0.006
0.006
0.007
0.006
0.006
0.006
0.006
0.006
0.006
0.006
0.006
0.006
0.006
0.006
0.006
0.006
0.006
0.006
0.006
0.006
0.006
0.006
0.006
0.006
0.006
0.006
0.006
0.006
0.006
0.006
0.006
0.006
0.006
0.006
0.006
0.006
0.006
0.006
0.006
0.006
0.006
0.006
0.007
0.006
0.006
0.006
0.006
0.006
0.006
0.006
0.006
0.006
0.007
0.006
0.006
0.006
0.006
0.006
0.005
0.006
0.006
0.006
0.109
0.007
0.007
0.007
0.007
0.007
0.008
0.007
0.007
0.007
0.007
0.006
0.006
0.007
0.007
0.006
0.006
0.006
0.006
0.007
0.006
0.006
0.103
0.007
0.007
0.007
0.006
0.006
0.006
0.006
0.006
0.006
0.006
0.006
0.006
0.006
0.006
0.006
0.006
0.006
0.006
0.006
0.006
0.007
0.006
0.006
0.006
0.006
0.006
0.006
0.006
0.007
0.006
0.006
0.006
0.102
0.008
0.007
0.007
0.007
0.007
0.006
0.006
0.006
0.006
0.006
0.005
0.006
0.006
0.006
0.006
0.006
0.006
0.006
0.006
0.006
0.006
0.006
0.006
0.006
0.006
0.006
0.006
0.006
0.007
0.006
0.006
0.006
0.006
0.006
0.006
0.006
0.006
0.006
0.006
0.006
0.015
0.006
0.006
0.006
0.006
0.006
0.006
0.007
0.007
0.006
0.006
0.006
0.006
0.006
0.006
0.006
0.006
0.007
0.006
0.006
0.098
0.006
0.006
0.006
0.006
0.006
0.006
0.006
0.006
0.006
0.006
0.214
0.007
0.007
0.007
0.008
0.007
0.006
0.007
0.006
0.006
0.006
0.006
0.006
0.007
0.006
0.006
0.006
0.006
0.006
0.007
0.006
0.006
0.006
0.006
0.007
0.006
0.006
0.006
0.006
0.006
0.006
0.006
0.006
0.006
0.006
0.006
0.006
0.006
0.007
0.006
0.006
0.006
0.006
0.006
0.006
0.006
0.006
0.006
0.006
0.005
0.006
0.006
0.006
0.006
0.006
0.007
0.007
0.008
0.006
0.006
0.006
0.006
0.006
0.006
0.006
0.006
0.006
0.006
0.213
0.008
0.007
0.007
0.007
0.007
0.007
0.007
0.007
0.007
0.006
0.006
0.006
0.006
0.006
0.007
0.006
0.006
0.006
0.006
0.006
0.006
0.006
0.006
0.006
0.006
0.006
0.006
0.006
0.006
0.006
0.006
0.006
0.006
0.006
0.006
0.006
0.006
0.006
0.006
0.006
0.006
0.006
0.006
0.007
0.006
0.007
0.007
0.007
0.006
0.007
0.006
0.006
0.006
0.006
0.006
0.006
0.006
0.006
0.006
0.006
0.006
0.006
0.006
0.099
0.007
0.007
0.007
0.007
0.008
0.008
0.006
0.007
0.006
0.113
0.008
0.007
0.007
0.007
0.007
0.007
0.006
0.006
0.006
0.006
0.007
0.006
0.006
0.006
0.006
0.006
0.007
0.108
0.007
0.007
0.007
0.006
0.007
0.006
0.006
0.006
0.006
0.006
0.006
0.006
0.006
0.006
0.006
0.006
0.006
0.007
0.006
0.006
0.007
0.006
0.007
0.007
0.007
0.006
0.006
0.006
0.006
0.008
0.007
0.006
0.007
0.007
0.006
0.007
0.006
0.006
0.007
0.006
0.006
0.006
0.006
0.006
0.006
0.006
0.006
0.006
0.006
0.006
0.006
0.006
0.006
0.006
0.006
0.006
0.006
0.006
0.006
0.006
0.006
0.006
0.006
0.006
0.006
0.006
0.006
0.007
0.006
0.016
0.006
0.007
0.006
0.006
0.006
0.007
0.006
0.006
0.006
0.006
0.006
0.006
0.211
0.007
0.007
0.008
0.007
0.007
0.006
0.008
0.006
0.006
0.006
0.006
0.006
0.006
0.006
0.006
0.007
0.006
0.006
0.007
0.006
0.006
0.006
0.006
0.006
0.006
0.006
0.006
0.007
0.006
0.006
0.006
0.006
0.006
0.006
0.006
0.006
0.006
0.006
0.006
0.006
0.006
0.006
0.005
0.006
0.006
0.006
0.006
0.006
0.006
0.006
0.006
0.006
0.006
0.006
0.006
0.006
0.006
0.006
0.006
0.006
0.006
0.006
0.006
0.006
0.006
0.006
0.006
0.006
0.006
0.006
0.006
0.006
0.006
0.006
0.117
0.007
0.007
0.008
0.008
0.007
0.007
0.007
0.116
0.008
0.007
0.007
0.007
0.006
0.006
0.007
0.007
0.109
0.008
0.007
0.006
0.006
0.006
0.006
0.006
0.006
0.006
0.006
0.006
0.006
0.006
0.006
0.006
0.007
0.006
0.006
0.006
0.006
0.006
0.007
0.007
0.006
0.006
0.007
0.006
0.006
0.006
0.007
0.006
0.006
0.006
0.006
0.006
0.006
0.007
0.006
0.007
0.006
0.006
0.006
0.006
0.006
0.006
0.008
0.008
0.006
0.007
0.007
0.005
0.006
0.006
0.006
0.006
0.006
0.006
0.007
0.006
0.006
0.006
0.007
0.007
0.006
0.006
0.006
0.006
0.006
0.006
0.006
0.006
0.007
0.006
0.006
0.006
0.006
0.007
0.006
0.006
0.006
0.006
0.006
0.853
0.006
0.007
0.006
0.006
0.006
0.006
0.006
0.773
0.007
0.007
0.007
0.007
0.006
0.006
0.006
0.006
0.006
0.006
0.006
0.006
0.006
0.006
0.006
0.006
0.006
0.006
0.006
0.006
0.006
0.006
0.006
0.007
0.006
0.006
0.006
0.006
0.006
0.006
0.006
0.006
0.006
0.006
0.006
0.006
0.006
0.006
0.006
0.006
0.006
0.006
0.006
0.006
0.006
0.006
0.006
0.006
0.006
0.006
0.006
0.007
0.006
0.006
0.006
0.007
0.008
0.007
0.006
0.006
0.005
0.006
0.006
0.006
0.006
0.007
0.006
0.219
0.007
0.007
0.007
0.007
0.007
0.007
0.007
0.007
0.103
0.008
0.008
0.008
0.007
0.008
0.007
0.007
0.007
0.007
0.007
0.007
0.006
0.006
0.006
0.006
0.006
0.006
0.007
0.006
0.006
0.006
0.006
0.006
0.006
0.006
0.006
0.006
0.006
0.006
0.006
0.006
0.006
0.006
0.006
0.106
0.007
0.007
0.006
0.006
0.006
0.006
0.006
0.006
0.006
0.006
0.006
0.006
0.006
0.006
0.006
0.007
0.006
0.006
0.006
0.006
0.006
0.006
0.006
0.006
0.006
0.006
0.007
0.007
0.007
0.007
0.006
0.006
0.006
0.007
0.007
0.006
0.006
0.006
0.006
0.006
0.006
0.006
0.006
0.006
0.006
0.006
0.006
0.006
0.006
0.006
0.006
0.006
0.006
0.006
0.006
0.006
0.007
0.006
0.117
0.006
0.006
0.006
0.006
0.006
0.006
0.006
0.006
0.006
0.007
0.006
0.006
0.118
0.008
0.008
0.007
0.007
0.006
0.006
0.006
0.006
0.006
0.006
0.006
0.006
0.006
0.007
0.007
0.007
0.007
0.006
0.006
0.006
0.007
0.006
0.006
0.007
0.007
0.006
0.006
0.006
0.006
0.006
0.006
0.006
0.006
0.006
0.006
0.006
0.006
0.006
0.006
0.006
0.006
0.006
0.006
0.006
0.006
0.006
0.006
0.006
0.006
0.006
0.006
0.006
0.006
0.006
0.007
0.006
0.007
0.006
0.006
0.006
0.006
0.006
0.006
0.006
0.094
0.007
0.007
0.006
0.007
0.006
0.006
0.006
0.006
0.006
0.006
0.006
0.111
0.008
0.008
0.008
0.007
0.007
0.007
0.007
0.007
0.006
0.008
0.008
0.008
0.007
0.007
0.007
0.007
0.007
0.007
0.006
0.007
0.006
0.006
0.006
0.005
0.006
0.006
0.006
0.007
0.006
0.006
0.005
0.006
0.006
0.006
0.006
0.007
0.007
0.111
0.008
0.007
0.007
0.007
0.006
0.006
0.007
0.006
0.006
0.006
0.110
0.006
0.006
0.006
0.006
0.006
0.007
0.006
0.006
0.006
0.007
0.006
0.006
0.007
0.007
0.006
0.006
0.006
0.006
0.006
0.006
0.006
0.006
0.006
0.006
0.006
0.006
0.007
0.007
0.007
0.006
0.006
0.006
0.006
0.006
0.006
0.006
0.006
0.006
0.006
0.007
0.006
0.006
0.006
0.006
0.006
0.006
0.006
0.006
0.007
0.006
0.006
0.006
0.006
0.006
0.006
0.006
0.006
0.006
0.007
0.007
0.006
0.006
0.006
0.006
0.006
0.006
0.007
0.007
0.006
0.007
0.007
0.007
0.007
0.006
0.006
0.023
0.006
0.006
0.006
0.006
0.006
0.006
0.006
0.007
0.007
0.006
0.006
0.006
0.006
0.120
0.008
0.007
0.007
0.007
0.007
0.006
0.006
0.006
0.006
0.006
0.006
0.006
0.005
0.006
0.006
0.006
0.006
0.006
0.209
0.008
0.008
0.008
0.007
0.007
0.006
0.006
0.006
0.006
0.006
0.006
0.006
0.006
0.006
0.007
0.006
0.006
0.006
0.006
0.006
0.006
0.006
0.006
0.006
0.006
0.006
0.006
0.006
0.006
0.006
0.006
0.006
0.006
0.006
0.006
0.006
0.005
0.006
0.006
0.006
0.006
0.006
0.006
0.006
0.007
0.006
0.006
0.007
0.007
0.007
0.007
0.007
0.007
0.007
0.006
0.006
0.006
0.006
0.006
0.006
0.006
0.006
0.006
0.006
0.006
0.006
0.006
0.006
0.006
0.006
0.006
0.006
0.006
0.006
0.006
0.006
0.006
0.006
0.006
0.006
0.006
0.006
0.006
0.006
0.006
0.006
0.006
0.006
0.007
0.007
0.006
0.007
0.006
0.006
0.006
0.006
0.006
0.006
0.097
0.008
0.007
0.007
0.007
0.007
0.008
0.006
0.006
0.006
0.006
0.006
0.006
0.006
0.006
0.006
0.007
0.007
0.007
0.007
0.006
0.006
0.006
0.010
0.006
0.007
0.006
0.006
0.006
0.007
0.007
0.006
0.006
0.006
0.006
0.006
0.006
0.006
0.006
0.006
0.113
0.007
0.007
0.007
0.006
0.007
0.007
0.006
0.006
0.007
0.103
0.008
0.007
0.007
0.007
0.007
0.007
0.007
0.006
0.007
0.006
0.006
0.006
0.006
0.006
0.006
0.006
0.006
0.006
0.006
0.006
0.006
0.006
0.006
0.006
0.006
0.007
0.006
0.006
0.006
0.007
0.006
0.006
0.006
0.006
0.006
0.006
0.006
0.006
0.006
0.006
0.007
0.007
0.006
0.006
0.006
0.006
0.006
0.006
0.005
0.006
0.006
0.006
0.006
0.006
0.005
0.006
0.006
0.006
0.006
0.200
0.007
0.007
0.007
0.006
0.007
0.007
0.006
0.006
0.006
0.006
0.006
0.006
0.006
0.006
0.006
0.007
0.006
0.006
0.007
0.007
0.006
0.007
0.006
0.006
0.006
0.006
0.006
0.006
0.006
0.006
0.006
0.006
0.006
0.006
0.007
0.006
0.006
0.006
0.006
0.006
0.006
0.006
0.006
0.006
0.006
0.006
0.006
0.006
0.006
0.006
0.006
0.006
0.006
0.006
0.006
0.006
0.006
0.006
0.006
0.006
0.006
0.006
0.006
0.006
0.106
0.007
0.007
0.007
0.006
0.007
0.007
0.006
0.006
0.006
0.007
0.006
0.006
0.006
0.006
0.006
0.006
0.006
0.006
0.007
0.007
0.006
0.007
0.006
0.006
0.006
0.006
0.006
0.006
0.006
0.006
0.007
0.006
0.007
0.006
0.006
0.006
0.006
0.006
0.006
0.006
0.006
0.006
0.007
0.006
0.006
0.006
0.006
0.006
0.006
0.006
0.007
0.013
0.007
0.007
0.007
0.006
0.006
0.006
0.006
0.006
0.006
0.006
0.119
0.008
0.007
0.008
0.007
0.007
0.007
0.006
0.006
0.007
0.118
0.007
0.007
0.007
0.006
0.007
0.006
0.006
0.006
0.006
0.006
0.006
0.006
0.006
0.006
0.006
0.006
0.006
0.006
0.006
0.006
0.006
0.007
0.007
0.006
0.006
0.104
0.008
0.008
0.007
0.007
0.007
0.007
0.006
0.007
0.010
0.007
0.007
0.007
0.006
0.006
0.006
0.006
0.005
0.006
0.006
0.006
0.006
0.006
0.006
0.006
0.006
0.006
0.007
0.007
0.006
0.006
0.006
0.006
0.006
0.007
0.007
0.006
0.006
0.006
0.007
0.007
0.007
0.007
0.006
0.006
0.006
0.006
0.006
0.006
0.006
0.007
0.006
0.006
0.006
0.006
0.006
0.006
0.006
0.007
0.006
0.105
0.008
0.007
0.007
0.008
0.007
0.007
0.007
0.006
0.006
0.006
0.006
0.006
0.006
0.006
0.006
0.006
0.087
0.009
0.008
0.007
0.007
0.007
0.007
0.006
0.007
0.007
0.007
0.007
0.006
0.006
0.006
0.006
0.007
0.006
0.006
0.006
0.006
0.007
0.006
0.006
0.007
0.007
0.007
0.006
0.006
0.006
0.006
0.006
0.006
0.006
0.006
0.010
0.006
0.007
0.006
0.006
0.006
0.007
0.006
0.006
0.006
0.006
0.007
0.006
0.009
0.006
0.006
0.006
0.007
0.006
0.006
0.006
0.006
0.006
0.006
0.005
0.006
0.006
0.121
0.006
0.007
0.007
0.006
0.006
0.006
0.006
0.006
0.334
0.008
0.007
0.007
0.007
0.007
0.007
0.007
0.325
0.008
0.007
0.007
0.007
0.007
0.006
0.006
0.006
0.006
0.006
0.006
0.006
0.006
0.006
0.006
0.006
0.006
0.007
0.006
0.007
0.006
0.006
0.006
0.006
0.006
0.006
0.006
0.006
0.006
0.007
0.006
0.006
0.006
0.006
0.006
0.006
0.006
0.006
0.006
0.006
0.006
0.007
0.006
0.006
0.006
0.006
0.006
0.006
0.006
0.006
0.006
0.007
0.006
0.006
0.007
0.006
0.006
0.006
0.006
0.006
0.006
0.006
0.006
0.006
0.006
0.006
0.006
0.006
0.006
0.006
0.865
0.008
0.007
0.007
0.011
0.006
0.006
0.006
0.006
0.006
0.006
0.006
0.006
0.006
0.007
0.006
0.006
0.006
0.006
0.451
0.008
0.007
0.007
0.007
0.008
0.007
0.007
0.007
0.007
0.007
0.007
0.007
0.007
0.006
0.006
0.006
0.006
0.006
0.006
0.006
0.006
0.006
0.006
0.006
0.005
0.006
0.006
0.006
0.007
0.005
0.006
0.006
0.006
0.006
0.006
0.007
0.006
0.007
0.006
0.006
0.006
0.006
0.007
0.006
0.006
0.006
0.006
0.006
0.006
0.007
0.007
0.006
0.007
0.318
0.008
0.007
0.007
0.008
0.007
0.007
0.007
0.007
0.007
0.006
0.006
0.007
0.008
0.007
0.007
0.007
0.007
0.007
0.006
0.006
0.006
0.006
0.006
0.007
0.006
0.006
0.006
0.006
0.006
0.006
0.006
0.006
0.006
0.006
0.006
0.006
0.006
0.006
0.005
0.006
0.007
0.007
0.006
0.006
0.006
0.006
0.006
0.006
0.006
0.006
0.006
0.006
0.006
0.006
0.006
0.007
0.006
0.006
0.006
0.007
0.007
0.006
0.006
0.006
0.010
0.006
0.006
0.006
0.006
0.006
0.006
0.006
0.006
0.007
0.006
0.006
0.006
0.006
0.115
0.008
0.008
0.007
0.008
0.007
0.007
0.007
0.007
0.106
0.008
0.007
0.008
0.007
0.007
0.007
0.007
0.007
0.007
0.006
0.006
0.006
0.006
0.006
0.006
0.006
0.006
0.006
0.006
0.006
0.006
0.005
0.006
0.006
0.006
0.006
0.006
0.006
0.006
0.006
0.006
0.006
0.006
0.006
0.006
0.006
0.006
0.006
0.006
0.006
0.007
0.007
0.006
0.006
0.006
0.006
0.006
0.006
0.006
0.006
0.006
0.007
0.006
0.006
0.006
0.006
0.006
0.006
0.007
0.110
0.008
0.007
0.006
0.006
0.007
0.006
0.007
0.006
0.006
0.206
0.007
0.006
0.006
0.006
0.006
0.007
0.007
0.006
0.006
0.006
0.006
0.006
0.006
0.006
0.006
0.006
0.006
0.006
0.006
0.006
0.006
0.007
0.006
0.006
0.006
0.006
0.006
0.006
0.006
0.006
0.006
0.006
0.006
0.007
0.005
0.007
0.007
0.007
0.007
0.007
0.007
0.006
0.006
0.006
0.006
0.006
0.006
0.006
0.006
0.006
0.006
0.006
0.007
0.007
0.006
0.006
0.006
0.006
0.006
0.006
0.107
0.007
0.006
0.007
0.007
0.006
0.007
0.006
0.006
0.006
0.006
0.098
0.007
0.007
0.007
0.007
0.007
0.007
0.006
0.006
0.007
0.006
0.006
0.006
0.006
0.007
0.006
0.006
0.006
0.006
0.007
0.006
0.006
0.006
0.006
0.006
0.006
0.006
0.007
0.006
0.006
0.006
0.006
0.006
0.006
0.006
0.006
0.006
0.006
0.005
0.006
0.007
0.006
0.006
0.006
0.006
0.007
0.006
0.006
0.006
0.007
0.007
0.006
0.006
0.006
0.006
0.006
0.006
0.007
0.006
0.006
0.006
0.006
0.115
0.008
0.007
0.008
0.007
0.007
0.007
0.006
0.006
0.006
0.006
0.200
0.008
0.007
0.007
0.007
0.007
0.007
0.007
0.006
0.006
0.006
0.006
0.006
0.006
0.006
0.006
0.006
0.006
0.006
0.006
0.006
0.006
0.007
0.007
0.007
0.007
0.006
0.007
0.007
0.007
0.006
0.006
0.006
0.006
0.006
0.006
0.006
0.006
0.006
0.006
0.006
0.006
0.006
0.006
0.006
0.006
0.006
0.006
0.007
0.006
0.006
0.006
0.006
0.006
0.006
0.006
0.007
0.006
0.006
0.006
0.007
0.006
0.006
0.006
0.006
0.006
0.006
0.006
0.007
0.006
0.110
0.006
0.006
0.006
0.006
0.006
0.006
0.006
0.006
0.006
0.006
0.006
0.007
0.006
0.006
0.006
0.006
0.006
0.006
0.006
0.006
0.006
0.006
0.006
0.006
0.006
0.006
0.006
0.006
0.007
0.006
0.006
0.006
0.006
0.006
0.006
0.006
0.006
0.007
0.006
0.006
0.006
0.006
0.009
0.007
0.006
0.006
0.109
0.008
0.007
0.007
0.006
0.007
0.007
0.007
0.006
0.007
0.006
0.006
0.006
0.006
0.006
0.006
0.006
0.209
0.008
0.007
0.007
0.007
0.006
0.006
0.006
0.006
0.006
0.006
0.006
0.006
0.006
0.006
0.006
0.006
0.006
0.006
0.006
0.006
0.006
0.006
0.006
0.006
0.006
0.007
0.007
0.006
0.006
0.006
0.006
0.007
0.009
0.007
0.006
0.005
0.006
0.006
0.006
0.007
0.006
0.007
0.006
0.006
0.006
0.006
0.007
0.006
0.006
0.006
0.006
0.006
0.006
0.007
0.006
0.006
0.006
0.006
0.006
0.007
0.007
0.006
0.007
0.007
0.006
0.006
0.006
0.006
0.006
0.118
0.008
0.008
0.007
0.007
0.006
0.006
0.006
0.006
0.006
0.006
0.100
0.008
0.007
0.007
0.007
0.006
0.006
0.006
0.006
0.006
0.006
0.006
0.006
0.006
0.006
0.006
0.006
0.006
0.006
0.007
0.006
0.006
0.006
0.006
0.006
0.006
0.006
0.006
0.006
0.006
0.006
0.006
0.006
0.006
0.006
0.006
0.006
0.006
0.006
0.006
0.006
0.006
0.006
0.006
0.006
0.006
0.006
0.006
0.006
0.097
0.007
0.007
0.007
0.007
0.007
0.007
0.006
0.006
0.007
0.007
0.006
0.006
0.006
0.006
0.006
0.007
0.006
0.006
0.006
0.006
0.006
0.006
0.006
0.006
0.006
0.006
0.006
0.007
0.006
0.006
0.006
0.006
0.006
0.006
0.006
0.006
0.006
0.006
0.005
0.006
0.006
0.006
0.006
0.006
0.006
0.007
0.007
0.006
0.006
0.006
0.006
0.006
0.006
0.006
0.006
0.006
0.006
0.007
0.007
0.006
0.006
0.006
0.006
0.006
0.006
0.006
0.006
0.006
0.006
0.005
0.006
0.006
0.006
0.006
0.219
0.008
0.007
0.007
0.007
0.006
0.007
0.007
0.007
0.107
0.007
0.007
0.006
0.006
0.006
0.006
0.007
0.006
0.007
0.006
0.006
0.006
0.007
0.014
0.006
0.006
0.006
0.007
0.006
0.006
0.006
0.006
0.006
0.006
0.006
0.006
0.006
0.006
0.006
0.006
0.006
0.005
0.006
0.006
0.006
0.006
0.006
0.006
0.006
0.006
0.006
0.006
0.006
0.006
0.007
0.007
0.008
0.006
0.007
0.007
0.007
0.006
0.006
0.007
0.006
0.005
0.006
0.006
0.006
0.006
0.006
0.007
0.006
0.006
0.006
0.006
0.006
0.006
0.006
0.006
0.006
0.007
0.006
0.006
0.006
0.006
0.006
0.007
0.006
0.006
0.006
0.104
0.008
0.008
0.007
0.007
0.007
0.007
0.007
0.006
0.219
0.008
0.007
0.007
0.007
0.008
0.007
0.006
0.006
0.006
0.006
0.006
0.006
0.006
0.006
0.006
0.007
0.006
0.006
0.006
0.006
0.006
0.006
0.006
0.006
0.006
0.006
0.006
0.006
0.006
0.006
0.006
0.006
0.006
0.007
0.007
0.006
0.006
0.006
0.006
0.006
0.006
0.006
0.006
0.006
0.006
0.006
0.006
0.006
0.006
0.006
0.006
0.006
0.007
0.006
0.006
0.006
0.006
0.006
0.006
0.007
0.007
0.007
0.007
0.006
0.006
0.006
0.006
0.006
0.006
0.006
0.006
0.006
0.006
0.006
0.006
0.006
0.006
0.104
0.006
0.006
0.007
0.007
0.006
0.006
0.007
0.006
0.006
0.008
0.007
0.007
0.007
0.007
0.111
0.007
0.007
0.007
0.007
0.007
0.006
0.006
0.006
0.007
0.006
0.006
0.007
0.006
0.006
0.007
0.006
0.006
0.006
0.006
0.006
0.007
0.007
0.006
0.006
0.006
0.006
0.006
0.006
0.007
0.006
0.006
0.006
0.006
0.006
0.006
0.007
0.007
0.006
0.006
0.109
0.008
0.007
0.007
0.007
0.007
0.007
0.006
0.006
0.311
0.008
0.007
0.007
0.007
0.007
0.007
0.007
0.006
0.006
0.006
0.006
0.006
0.006
0.006
0.006
0.006
0.009
0.005
0.006
0.006
0.007
0.006
0.006
0.006
0.006
0.006
0.007
0.006
0.006
0.006
0.006
0.006
0.006
0.006
0.006
0.006
0.006
0.006
0.006
0.006
0.006
0.006
0.006
0.006
0.006
0.006
0.005
0.006
0.006
0.007
0.006
0.006
0.006
0.006
0.006
0.006
0.006
0.325
0.008
0.006
0.006
0.006
0.006
0.006
0.006
0.864
0.006
0.006
0.006
0.006
0.006
0.771
0.006
0.006
0.006
0.006
0.007
0.671
0.007
0.007
0.007
0.007
0.007
0.007
0.006
0.006
0.006
0.006
0.006
0.006
0.006
0.006
0.006
0.006
0.006
0.006
0.006
0.006
0.006
0.006
0.006
0.006
0.006
0.006
0.006
0.006
0.006
0.006
0.006
0.006
0.006
0.006
0.006
0.006
0.006
0.006
0.006
0.006
0.006
0.007
0.006
0.006
0.006
0.006
0.006
0.006
0.006
0.006
0.006
0.006
0.006
0.006
0.006
0.006
0.006
0.006
0.006
0.006
0.007
0.006
0.006
0.006
0.006
0.006
0.006
0.006
0.006
0.006
0.006
0.006
0.006
0.006
0.006
0.005
0.006
0.006
0.005
0.007
0.006
0.006
0.006
0.006
0.006
0.007
0.006
0.006
0.007
0.006
0.006
0.006
0.006
0.006
0.006
0.006
0.006
0.006
0.006
0.006
0.006
0.006
0.006
0.007
0.006
0.006
0.006
0.006
0.006
0.006
0.005
0.006
0.006
0.006
0.006
0.006
0.006
0.006
0.852
0.008
0.007
0.007
0.007
0.007
0.007
0.007
0.007
0.006
0.006
0.006
0.006
0.006
0.007
0.006
0.006
0.007
0.006
0.006
0.006
0.006
0.006
0.007
0.007
0.006
0.008
0.007
0.006
0.006
0.005
0.005
0.006
0.006
0.007
0.006
0.006
0.006
0.331
0.007
0.007
0.006
0.007
0.007
0.007
0.007
0.006
0.006
0.006
0.006
0.006
0.006
0.006
0.007
0.007
0.006
0.006
0.006
0.007
0.006
0.006
0.006
0.006
0.006
0.006
0.006
0.006
0.006
0.005
0.009
0.006
0.006
0.007
0.007
0.006
0.006
0.006
0.006
0.007
0.006
0.006
0.006
0.007
0.006
0.006
0.006
0.006
0.006
0.006
0.212
0.008
0.008
0.007
0.007
0.007
0.006
0.006
0.007
0.006
0.006
0.006
0.006
0.006
0.006
0.005
0.006
0.007
0.006
0.006
0.006
0.006
0.006
0.006
0.006
0.006
0.006
0.006
0.006
0.006
0.006
0.006
0.006
0.006
0.006
0.006
0.006
0.005
0.006
0.007
0.006
0.006
0.006
0.006
0.006
0.006
0.006
0.006
0.006
0.006
0.006
0.005
0.308
0.007
0.008
0.007
0.007
0.007
0.007
0.007
0.006
0.006
0.006
0.006
0.006
0.006
0.006
0.007
0.006
0.006
0.006
0.006
0.006
0.006
0.007
0.006
0.006
0.006
0.006
0.006
0.006
0.006
0.006
0.006
0.006
0.006
0.006
0.007
0.006
0.006
0.006
0.006
0.007
0.006
0.007
0.007
0.006
0.006
0.006
0.006
0.006
0.006
0.006
0.006
0.006
0.006
0.006
0.007
0.006
0.007
0.007
0.006
0.006
0.007
0.006
0.006
0.006
0.007
0.006
0.006
0.006
0.006
0.006
0.006
0.006
0.006
0.006
0.007
0.006
0.006
0.006
0.007
0.007
0.015
0.006
0.006
0.006
0.006
0.008
0.007
0.006
0.006
0.006
0.124
0.008
0.007
0.007
0.007
0.007
0.006
0.006
0.006
0.006
0.006
0.006
0.007
0.007
0.006
0.006
0.006
0.006
0.006
0.006
0.007
0.006
0.006
0.006
0.006
0.006
0.006
0.007
0.007
0.006
0.006
0.006
0.006
0.005
0.006
0.006
0.006
0.006
0.006
0.007
0.007
0.006
0.006
0.008
0.007
0.007
0.006
0.006
0.006
0.006
0.006
0.006
0.007
0.007
0.007
0.006
0.006
0.006
0.006
0.006
0.108
0.007
0.006
0.006
0.006
0.006
0.006
0.006
0.006
0.006
0.006
0.008
0.006
0.006
0.006
0.006
0.006
0.006
0.006
0.006
0.006
0.109
0.007
0.007
0.007
0.007
0.007
0.006
0.006
0.006
0.006
0.007
0.006
0.006
0.006
0.006
0.006
0.006
0.006
0.006
0.005
0.006
0.007
0.006
0.006
0.006
0.006
0.006
0.006
0.007
0.006
0.006
0.006
0.006
0.006
0.006
0.006
0.006
0.006
0.107
0.008
0.008
0.007
0.007
0.007
0.007
0.007
0.006
0.006
0.007
0.006
0.007
0.006
0.006
0.006
0.006
0.006
0.007
0.007
0.006
0.006
0.006
0.006
0.006
0.006
0.006
0.006
0.006
0.006
0.006
0.007
0.006
0.007
0.006
0.006
0.006
0.006
0.426
0.008
0.008
0.007
0.007
0.007
0.007
0.006
0.229
0.007
0.006
0.006
0.006
0.006
0.006
0.006
0.006
0.007
0.006
0.006
0.006
0.007
0.006
0.006
0.007
0.006
0.006
0.006
0.006
0.006
0.006
0.006
0.006
0.006
0.006
0.006
0.007
0.006
0.006
0.006
0.007
0.006
0.006
0.006
