619
1260
635
524
1070
983
409
343
355
363
336
390
540
539
1142
894
913
879
534
545
424
596
960
517
784
420
452
948
546
387
670
600
279
522
375
304
288
264
493
838
271
272
236
436
260
306
279
485
969
1127
550
1592
1249
1279
545
1312
248
260
273
709
261
305
282
254
264
276
728
1040
775
601
294
301
301
403
298
922
293
290
303
421
304
294
989
377
1634
289
300
734
548
321
960
348
331
345
623
327
911
362
704
446
515
1312
1174
442
767
1229
427
651
733
483
455
503
383
878
372
990
390
387
420
436
1596
990
770
1245
757
992
607
856
1054
1310
761
893
1052
975
889
1185
1100
888
720
1064
1600
978
644
667
1236
718
754
659
690
700
710
1218
788
1067
820
1287
984
1339
1678
1018
1253
1312
838
818
1246
1654
1165
1020
1315
1398
1440
1552
1052
1129
968
854
820
803
1431
1671
804
734
721
719
829
1086
1557
990
1128
543
582
729
579
648
1587
1508
1205
642
631
897
900
781
673
853
785
916
667
632
646
620
631
611
1175
1220
1496
1798
1833
835
793
661
636
606
546
681
667
681
1258
875
1834
1790
1929
706
784
686
702
648
643
780
1024
862
748
726
726
721
674
1442
1736
1660
791
740
464
459
461
932
923
2064
822
527
522
517
435
447
424
453
753
977
1734
2125
622
528
421
737
680
2271
372
362
655
805
1451
1833
996
1170
1207
1630
503
461
389
678
686
697
835
1535
761
826
1495
1656
439
457
736
708
2196
2071
1809
592
484
486
723
592
1847
1772
1583
1434
417
403
533
797
701
818
513
665
569
766
900
1400
1266
1820
1282
949
475
487
466
487
690
1320
1095
422
441
563
375
378
422
373
373
760
1236
1248
393
413
224
238
248
256
275
292
368
546
674
373
286
584
592
2118
307
216
289
621
266
341
256
1395
289
305
1432
229
235
288
336
347
360
377
406
1384
992
855
870
879
297
389
384
634
358
285
1155
1345
1321
1334
627
1261
902
1378
1284
1270
193
206
222
238
329
357
384
377
871
1520
123
654
163
178
191
204
256
218
241
280
331
742
178
146
160
188
182
2585
153
176
129
152
166
188
133
141
800
757
677
616
691
719
1479
1481
5449
3319
433
732
834
4319
119
1165
389
357
1346
1198
774
3781
430
2854
447
467
507
515
1162
859
1182
544
781
350
463
236
469
453
466
460
1686
11113
304
616
600
1168
341
329
336
322
5312
386
424
434
378
298
791
1760
323
417
402
2057
401
312
832
276
851
294
338
1198
422
400
366
393
468
454
396
393
462
252
182
163
412
281
672
352
349
341
593
4957
3604
450
412
425
436
422
372
391
415
522
3172
357
598
586
660
1007
6495
681
568
3468
443
921
4170
409
381
322
383
484
742
468
205
1366
4114
539
216
175
224
187
241
4430
540
3874
4150
4307
4628
4666
381
370
233
645
308
269
222
345
3197
1414
260
277
287
447
217
244
3544
355
3640
218
1534
1939
1329
269
342
137
147
162
414
134
3322
7489
1832
8711
2711
1890
539
226
557
537
240
632
275
255
289
247
1265
272
233
905
259
352
946
319
241
244
327
277
281
350
1883
1951
1933
1969
339
352
416
290
308
321
335
393
1086
1595
1612
1227
2205
2213
2352
322
2216
1693
2337
2371
312
505
2267
1084
2001
2376
363
383
394
386
316
401
335
359
387
400
2164
1720
414
468
1375
578
336
335
328
336
952
1302
464
457
454
446
648
1434
2240
1396
2823
2256
1618
500
525
570
1876
1406
2936
2844
6047
1297
5927
2352
1284
619
717
1711
1771
1140
1504
617
630
646
658
629
1524
1277
751
552
549
650
650
916
1151
1861
1151
1499
1562
2729
724
731
674
738
699
698
739
755
909
876
1471
1684
1696
1747
1761
2027
3134
896
925
665
959
824
845
1565
3773
1837
5599
5407
617
724
759
772
940
1027
978
472
691
721
855
811
1070
1155
6398
3619
492
501
6557
393
494
488
490
517
536
563
354
386
412
421
450
810
1352
527
647
703
1268
457
475
506
681
1018
1150
1018
1587
477
439
1471
1172
2058
1068
555
512
614
568
481
446
468
491
767
1493
1518
659
617
581
582
622
925
805
932
8243
7762
1290
2177
5663
957
819
561
648
819
2434
7467
960
1432
734
659
556
643
986
801
967
962
952
951
968
967
7418
1390
521
932
415
655
6171
3964
6113
6131
4465
381
459
500
510
528
536
554
6853
449
391
449
601
601
7049
6383
451
670
773
4677
752
1608
751
337
433
2485
7272
1272
931
1168
1856
606
977
1213
1239
1450
1573
1376
1360
2059
749
1028
548
511
5398
1750
1330
1104
664
1305
1629
1508
5336
1177
525
877
875
1344
1343
4462
789
813
7110
1245
767
4909
5851
7083
5054
4416
7019
7126
623
662
705
723
723
4955
8150
699
1221
1364
729
798
4584
714
708
558
818
1028
6498
7310
635
807
816
815
1416
984
972
1029
5718
862
698
692
690
5095
8238
1401
873
1386
1421
1420
453
560
572
589
607
616
632
1370
1426
1061
795
470
645
585
492
983
1476
5676
5243
6830
593
595
478
603
795
810
812
828
838
847
846
776
865
457
473
497
493
509
531
1652
7978
4805
1446
8777
1550
5554
895
810
737
1616
1563
1577
1543
517
541
557
796
802
915
1656
1634
626
588
577
627
557
806
1243
1455
673
631
618
526
637
852
854
5618
5915
632
5177
536
549
558
567
483
560
561
559
558
540
541
529
850
849
866
1016
1486
1502
1495
9154
777
668
659
693
769
676
1052
1059
942
927
947
5784
1059
1498
5729
1496
8528
3847
6282
4010
5600
890
871
867
820
823
4974
4502
1108
1106
4177
4095
1318
4282
4256
3463
3281
1662
2860
3959
3531
3066
3068
2878
2004
1960
1056
1155
968
1035
1057
969
1724
1108
1214
1763
1389
1790
4267
1408
1026
1035
1138
1323
1321
4488
5161
1048
943
940
708
715
1305
1958
1828
4846
3521
4958
4963
1197
800
1119
581
620
600
588
632
607
1416
1395
946
1237
691
682
697
685
693
1379
4238
2098
3887
1561
2115
1776
854
864
875
882
895
904
853
1302
1286
2978
2990
2132
1269
1266
1315
865
866
865
859
908
1189
5248
5338
4515
770
874
791
816
1138
1105
5407
6143
974
713
838
2192
1054
2188
3306
820
806
1246
655
5819
635
625
4379
1174
933
1057
884
4863
557
1122
1133
598
598
506
608
624
613
659
920
819
3536
3676
4788
655
611
528
1002
668
534
859
5241
5987
870
3723
679
608
769
803
2732
4761
3729
6058
583
580
3806
584
640
578
614
818
1762
2375
776
702
639
661
5508
2222
3288
585
2357
2045
3122
3126
1765
3320
3328
3189
5199
2915
2965
2078
2414
877
1005
863
787
958
880
3242
3216
2721
2269
598
668
726
2293
2010
2307
1857
3255
1880
6266
1098
2057
1227
3068
6739
1694
810
686
698
719
835
826
835
3128
1313
678
677
695
666
628
627
556
555
555
546
3077
1152
1945
1960
1178
1980
704
851
1004
957
1502
1620
1128
2939
778
557
565
582
595
2810
3589
1745
1477
584
556
556
591
591
591
618
2742
3043
3540
3850
1063
567
573
570
590
624
632
666
694
748
927
2540
2707
1541
677
643
642
693
746
2695
1762
2302
3681
2513
2856
2879
2342
2870
745
773
793
800
853
928
1664
1585
2992
2640
2284
1074
1938
1893
3386
2535
3041
1480
2687
1515
2112
1738
1983
2572
687
775
787
801
947
1841
1408
1497
1590
1104
1840
1671
1529
1118
1124
728
770
758
751
758
736
758
797
907
1136
1109
1141
1079
876
1330
1865
1111
1092
741
778
805
747
752
890
857
810
1461
1381
1496
1055
1421
1418
849
789
797
807
819
695
692
718
745
811
820
829
574
596
579
618
735
666
1135
1606
1019
629
668
734
754
763
814
634
669
1262
1187
1197
1201
954
1157
1728
1706
1787
2172
1835
1788
1873
739
816
796
805
815
872
848
874
792
1230
931
1059
1878
1787
1777
1844
1950
1826
2010
1680
2583
826
836
846
818
861
870
877
988
950
1794
943
981
1650
862
900
826
895
910
939
954
1118
1020
1088
1110
2138
860
873
881
998
800
807
803
847
888
931
1135
1028
1119
1011
1116
1149
1052
1209
722
753
771
787
943
1015
1117
1886
1894
648
737
632
741
763
785
1157
1098
1240
2304
713
716
712
862
665
667
680
696
704
732
1005
2385
683
692
704
654
710
683
679
624
640
833
952
1287
2013
1260
1319
1335
1300
1339
1134
1409
915
1139
2415
777
1369
1353
793
858
837
814
824
840
930
1779
1963
1687
917
761
1517
1498
1978
2015
797
2007
1923
2725
1014
1100
955
1560
740
944
724
828
956
1757
1960
1735
1715
1936
1948
1701
2304
2301
700
794
765
2522
1107
1108
935
843
799
842
834
1066
1037
1054
1055
1056
865
819
839
944
2047
1921
1192
1178
1188
1401
2033
595
681
636
785
948
844
972
1001
989
1002
1057
1057
720
1050
872
1095
595
596
683
614
1060
970
725
657
2036
632
649
643
638
850
1028
641
718
1067
1055
651
662
672
1148
1147
1138
937
1245
1837
1158
731
752
768
837
942
952
1560
802
1671
1800
1671
641
719
730
739
835
1500
1850
1489
935
573
572
941
975
975
1045
1598
787
720
1858
1992
1000
1659
683
2131
1902
1674
2023
755
1687
2017
2044
1320
1878
1198
902
915
1731
1862
1296
2039
706
717
736
753
763
805
866
944
957
853
1628
2120
2077
1847
1605
2017
1619
1881
738
759
2090
1644
2199
1041
961
1045
1237
881
1726
1354
1817
1854
2215
734
769
779
800
839
1106
1868
1045
953
2298
1860
1320
767
822
670
667
675
783
796
866
1009
858
765
637
755
655
791
985
1948
1456
1834
698
2414
2159
2385
733
864
1493
2386
651
681
670
1023
752
876
928
721
675
651
669
682
2085
851
887
698
694
704
732
725
665
829
670
652
716
1760
597
608
599
818
922
821
595
615
649
666
877
917
819
1446
685
669
686
1030
697
1981
1928
672
700
568
574
574
628
698
706
2011
532
507
532
523
568
773
531
564
575
646
519
538
749
574
2562
586
579
546
606
634
640
693
508
2775
1724
1655
2827
519
536
2385
659
2156
565
2877
2325
552
2708
1685
1421
514
558
1868
2750
2221
559
546
537
729
2925
566
2507
552
569
2256
609
607
1177
1678
1521
653
580
3089
1428
2019
625
1392
1691
1448
674
656
708
951
791
2604
641
657
2036
702
682
671
893
756
712
702
712
727
705
956
1002
671
3453
725
671
2970
854
697
1397
1089
3504
706
705
2654
2821
2092
1121
1893
2457
1489
653
1743
792
804
667
3602
593
699
601
723
610
704
584
696
647
555
2938
618
2983
592
1427
2070
553
2078
3030
1377
611
2995
630
2950
3115
3213
1463
682
3293
1360
3247
3134
609
587
569
574
572
1985
597
624
608
3414
631
3324
693
1269
754
1621
3335
3835
1736
680
680
2564
718
732
734
747
1654
10476
11028
10277
4687
10614
763
790
784
3149
10921
2894
9084
9971
10155
10149
2218
1962
3150
10018
10178
8424
10016
9758
8444
10234
9616
814
862
874
10242
923
3171
9510
2084
4173
2491
2276
3819
2903
3762
3212
879
972
3818
4118
796
797
817
937
922
916
903
904
857
748
779
835
825
868
919
745
752
763
775
789
643
899
2238
655
824
951
521
549
539
575
574
664
3490
502
572
1983
2231
1988
1117
559
659
917
836
504
478
508
527
526
501
542
784
685
644
516
540
551
504
512
532
504
495
4326
2353
2300
2566
2148
896
1886
4558
4614
595
619
651
651
645
686
1855
2507
1712
2051
3034
1797
787
611
666
663
702
1673
3301
742
684
735
749
701
711
2617
3188
2837
3408
768
735
784
818
830
863
889
1469
940
3053
3008
1028
1409
967
3427
2287
3405
3335
790
770
909
838
752
786
798
3268
3531
873
771
824
832
3544
2711
1128
3376
1148
1816
2648
2136
11888
728
858
887
3339
2391
929
778
1868
750
765
790
2596
3284
2388
3528
862
973
2790
1284
1190
1396
3539
3837
911
896
915
938
3949
939
837
3973
2756
1062
764
762
1105
974
1008
4041
821
804
818
1667
851
894
2506
1620
1776
3253
3413
981
3409
1935
11055
3826
1719
884
925
3357
940
1971
948
1927
3129
900
3010
3268
2106
1052
1095
1059
852
850
870
892
909
1118
1796
885
914
1760
1053
1038
1015
1254
998
2255
938
914
936
1943
3603
888
1865
1006
1370
2474
2664
965
1052
12666
1918
860
870
2032
3863
3332
4675
1856
3959
884
896
1057
1048
812
1905
952
1902
747
759
829
764
964
1019
718
1020
1077
835
973
1019
2042
1684
2483
737
748
803
1723
894
751
742
2258
774
1915
2350
2624
2508
824
1586
693
734
764
872
3766
6007
684
692
688
708
733
797
845
767
653
671
692
671
667
814
704
3987
12002
663
690
2921
4030
1640
1863
608
618
626
635
738
701
2751
4273
608
603
626
626
650
5049
796
676
632
649
584
602
2121
649
589
606
618
2438
3191
630
567
575
723
2477
1984
2712
2093
536
555
571
674
750
2766
541
555
589
575
803
2321
5652
626
652
13611
5082
3632
2971
629
638
661
2758
4066
4467
2178
3013
675
609
609
632
652
660
642
2390
786
591
614
621
681
1866
681
599
620
629
578
626
645
655
572
586
604
634
733
561
569
617
588
647
583
650
697
602
687
612
598
599
612
611
629
3193
3804
694
668
3627
4181
694
684
709
710
3357
1793
688
668
658
1560
1921
635
691
4396
650
647
652
3390
716
659
656
651
628
628
642
667
669
653
1627
654
676
1836
2079
1580
3742
3781
2359
724
1667
14824
14496
15221
2658
3212
2931
2424
2374
2295
4324
2183
806
1747
739
1769
1582
1150
3566
1995
767
1663
3436
3460
660
692
1606
710
1965
1906
813
3832
4708
1658
2027
2910
707
749
697
765
1621
6483
1611
763
825
1741
1573
4582
773
850
875
1449
3968
1527
1945
1900
4887
1863
826
920
3822
2577
917
912
883
857
4358
934
1502
4833
5346
5591
4302
1048
1056
1079
1089
1100
1126
1570
1239
5117
1659
1264
1637
4717
2076
1965
1281
1235
1381
2435
2403
1741
2342
1171
5916
1742
1939
1991
1769
2106
1265
1324
5295
5274
2292
2050
2662
1542
1931
1308
1320
5443
5310
4555
2478
4273
1412
1408
1328
1418
1394
1440
1473
1680
1564
5638
5702
1833
3703
2660
1579
5620
1635
1603
3157
3269
5515
2785
1882
2119
1605
1529
1560
1481
1541
2048
3449
2719
2553
3426
2797
1347
1542
1567
1487
1451
1801
5033
4387
2270
1876
3365
2227
2704
4110
1520
1615
1636
1621
1556
1651
1478
1640
1640
2958
1805
1999
3492
3050
1949
3100
4603
5249
3117
5280
1601
1619
1792
1950
1579
7209
2363
2526
7135
1981
1534
1552
2013
1995
2496
1609
1529
1507
1478
1503
1511
1486
1858
1861
1842
2408
2564
3033
2801
1367
1531
1520
1514
1660
1829
1906
2234
3413
5559
4008
4175
3362
1322
1419
1444
1456
1484
2086
1836
1740
2169
6522
1465
1449
1916
1832
1721
3885
2593
2352
2362
1454
1481
1506
1620
4436
4344
6044
2632
1504
1730
1729
2475
4726
3619
2979
4817
1292
1446
1457
1475
1485
1838
1840
1799
5767
2616
1607
1447
1408
1386
1386
1474
1367
1886
1899
7652
6660
5161
1644
4395
6418
1486
1587
1457
1459
1494
1465
5660
1523
1740
3537
3706
4546
1444
1481
1478
1495
1507
1510
1522
1631
1662
1775
5528
3877
5234
4198
1696
1773
1492
1495
1453
1466
1468
1815
4895
4403
8214
4839
1606
1429
1447
1471
1480
1604
1935
1120
1736
1497
4395
1966
1410
1411
1546
1459
1450
1547
1820
1660
2747
4666
1643
1555
1403
1545
1358
1391
1418
1262
1259
1242
1252
1264
1614
4563
7257
1377
1342
1327
1259
1355
1764
1746
2513
2713
2737
3075
1196
1211
1349
1434
1300
1318
1201
1222
1580
1893
5957
1919
1202
1918
4461
3537
1515
1210
1163
1644
1651
3164
4884
5072
2189
2633
5102
4909
3566
4353
1131
1230
1230
1900
1749
2096
2816
1782
2245
1553
1330
1305
1268
1789
1775
1473
1341
1334
1736
1685
1898
1924
2058
3514
2061
3671
1479
1898
1933
1760
2143
4260
3099
6431
3123
4267
5549
3278
5360
5853
5430
4513
1761
4452
1607
1626
1558
1529
3376
1675
10640
1587
1565
1540
2026
2032
3021
1958
1891
1566
1545
1562
1571
1686
1709
5764
3799
2693
5784
3719
5964
3844
2054
5891
4243
2051
2043
1881
1853
2113
4319
4877
5989
1649
1648
1472
1581
1599
2154
2153
2154
2157
4718
2811
2294
2043
2033
2303
2162
1996
1735
1726
1743
1799
1832
1928
2138
5331
1915
2555
1725
2993
3102
2086
2737
4249
2502
2083
3663
1875
1708
1735
1599
1751
1601
1634
1655
2183
2175
2741
2864
4062
3088
4907
2890
2886
2883
3312
1889
1693
1693
1833
1902
1931
4782
4902
5241
3231
3255
4452
1307
1369
1380
1609
1825
1875
3545
1314
1370
2227
2162
2355
3188
2514
3030
2528
3046
3212
2262
2942
3311
2835
1464
1476
1616
1640
1852
1975
3445
2668
2390
2801
2930
2929
2928
1385
1395
1420
1430
1465
1503
1495
1506
1520
1699
2000
2114
1797
1884
4273
3179
4899
1582
1625
1631
1716
1593
1608
1656
3100
2960
3121
2052
2067
1732
1511
1305
3359
2119
1651
1562
1479
1486
1463
1984
1467
1858
2193
1428
1680
1689
1682
1649
1637
1212
1212
1228
1255
1249
1258
1508
1553
3206
3376
3091
2043
1956
2067
2291
2329
2198
2093
2205
3200
1811
2017
1850
3267
3446
2843
1981
1951
1306
1316
1308
2060
1831
2655
2649
2670
2657
1265
1260
1261
1256
1169
1216
1680
1346
1334
1325
1561
1758
2133
1813
3244
3263
3281
936
1362
959
949
1329
976
1384
1148
1193
1205
1389
1408
1583
1482
1557
1755
2077
1867
2080
1595
1860
2986
2968
2981
2872
1377
2907
945
950
961
1184
1019
1368
1642
964
953
1391
1846
1713
3004
2749
3407
2637
1098
1116
1154
2683
946
912
942
984
958
985
1135
1013
1008
1283
1271
1161
1370
1351
2816
3454
3048
3063
2635
3581
2653
3461
1359
948
962
985
996
1016
1219
821
949
956
986
999
1789
1430
2614
1588
3295
3259
3097
3293
1674
3104
3312
994
1009
784
802
916
928
935
954
963
976
999
1011
1026
1064
1243
1510
1817
1394
1827
1335
2911
3089
3120
3125
2947
2772
1046
872
847
980
988
1047
1074
1088
1331
1127
1278
1316
1725
1723
1724
1734
1664
1478
1431
2822
2611
2590
2583
1474
3721
3765
3759
1448
1385
1236
1221
1221
1038
1183
1208
1939
1685
1692
2115
2694
3272
3267
3657
2654
2695
2710
2719
2901
1706
1771
1737
1758
1130
1157
1310
1317
1340
1347
1371
1400
1409
1626
1672
3994
3812
3979
3983
1741
1690
1732
2979
2975
3919
3668
3908
3668
1340
1299
1311
1344
1357
1325
1383
1597
1617
1908
1682
1566
2565
2553
1596
1599
1601
1619
1109
916
916
1190
1222
895
903
913
924
933
956
953
1184
1264
1245
1287
1286
1269
1249
1828
1845
1562
1525
3895
2399
3907
3892
654
1672
1356
1104
1414
959
1212
1417
2738
1771
1792
1843
1833
2651
1851
1852
1162
903
901
902
891
919
911
906
915
1757
1317
1760
1725
2803
4065
2772
1769
1779
3007
2657
3004
3044
2079
863
1114
1084
882
841
837
845
765
1079
1407
1483
4506
1524
927
2762
2711
2722
2705
4514
2724
2740
1568
770
720
744
716
707
920
850
857
878
857
803
802
945
961
970
1365
1350
2687
4438
2820
668
1409
686
997
1491
763
2601
2910
2798
1491
1521
1331
2567
2616
4891
2626
2583
1232
830
760
769
785
786
818
1671
1334
1889
1205
11811
12022
1547
1431
1486
1347
2426
4160
5215
11433
9334
4317
5720
5397
1890
2746
2716
11699
1484
7176
11919
6232
878
960
971
979
998
1008
1024
1045
1057
1076
1228
1671
1405
1342
11607
9636
11413
2252
4925
5328
7312
5362
7583
6044
11784
12125
8392
4973
9378
2243
2815
4818
10802
9618
9747
9849
10058
4359
2297
1839
10867
8120
9633
9796
2197
2211
8006
11813
8220
8347
11317
2177
11840
3958
7548
1264
1284
1281
1306
1232
1459
1515
4959
2937
2417
3377
2948
2439
4974
1358
1546
1545
1548
1560
2301
2394
4895
1555
2490
5140
5612
4657
5472
3985
4244
5484
5455
4259
1160
1171
1183
1194
1214
1241
1254
1351
1359
1425
1613
1515
1835
1662
2471
1596
5849
4470
8004
1521
1398
1051
1055
1048
1968
1639
1887
1871
1896
1893
1997
1898
1914
1195
1209
1223
1237
1251
1264
1273
1283
1292
1300
1353
1353
1388
1025
1020
1039
1050
1070
1237
1245
1255
1269
1305
1316
1325
1968
1797
1920
1689
2948
3023
2990
6205
5172
5618
3061
1153
1168
1179
1402
1470
1518
8792
3039
4199
2256
2257
1049
1065
1074
1091
1100
1110
1117
1143
1152
1162
1179
1189
1198
1209
1220
1230
1242
1265
1275
1283
1294
1302
1311
1091
1131
1115
958
1150
1136
997
1137
1108
1012
1224
1224
1223
1223
1211
1212
3320
6028
4784
8828
13570
4088
4481
4808
5949
3372
1611
1462
1533
919
931
945
1040
1087
1095
1108
1193
1339
1400
1436
1491
2053
2060
6881
1411
1560
2438
13661
2453
2462
4892
5138
2113
13626
1232
1251
1037
1245
1036
1805
2178
2042
2046
1980
1981
1863
1846
1844
1157
1166
1803
3500
4511
4932
4316
5599
4521
2551
2563
1717
5351
1980
1966
1973
1988
1999
2005
1648
4387
4379
10508
10503
3467
5881
10514
13458
3261
13625
4014
4872
13648
1372
1417
1425
1417
1450
1642
1384
1382
1384
1204
1420
1760
1716
1469
1466
1461
1465
1394
1155
1161
1160
1152
2639
2641
2222
2270
5403
11520
3570
2824
3975
5040
3133
15123
14291
9159
6155
11450
1940
1913
1581
1568
1554
2444
2451
2459
2405
2209
2054
1911
15484
5889
5385
4721
5731
3920
5174
5427
5744
5436
9517
5439
8699
4383
1316
1324
1325
1325
1325
1325
1319
1370
1379
1391
1406
1430
1443
1450
1458
1597
1569
1640
1655
1653
1650
1650
1684
1685
1696
2071
2500
2511
2508
2510
2523
2123
1899
2104
6283
5260
4284
4923
1594
1672
1866
1607
1642
1592
1605
2435
2435
1943
5364
9286
2760
5381
3172
2994
2471
4144
6117
3706
12446
4625
6669
1492
1813
1925
2836
2837
3894
2846
9234
12633
1097
1503
1164
1163
1553
1165
1119
1121
1114
1162
2259
3187
6963
3206
1852
2305
2307
976
994
1007
1022
1058
1073
1083
1323
1339
1405
5337
2429
5766
16529
3757
3675
16836
3754
5373
3745
6230
3376
1672
6305
3842
1490
2543
2555
2287
2551
3983
1189
1200
1221
1308
872
880
914
932
940
951
1069
1136
1156
1544
4094
2154
4152
1131
1414
1474
3780
1442
1437
886
1110
1134
1414
4460
1373
17204
4343
10172
4347
6680
4373
5761
4741
1044
1014
1103
1078
1079
1081
1117
1041
1043
1159
1173
1950
1854
1864
1880
1600
1485
4726
6813
1340
1277
4556
6842
4488
6501
1100
1110
1136
1150
1118
1040
1049
1061
926
1036
1037
1055
2364
2366
1700
4581
18295
5832
7166
7662
5685
5185
11868
5241
7115
4879
5111
6013
4331
7083
5751
7708
1390
1411
1544
1399
1410
1414
1418
1405
1409
2000
2115
2119
1755
5859
5585
5650
5211
5670
7302
5650
3626
5316
5696
5198
16284
1421
1481
1274
6270
1926
1737
1513
1508
1464
7013
5258
4088
5455
1499
1475
6155
5364
4093
7432
5446
5307
4120
4119
5398
4822
2582
5367
9020
5228
5154
14769
4446
5811
2382
3798
4239
2341
5420
2639
3847
5576
5218
2415
5255
4929
5509
8051
5573
5312
2078
2086
1525
1733
1520
1516
1257
1468
1275
1282
1264
1284
1545
1303
1582
1568
1636
1663
1462
1917
5603
5938
4929
6048
5838
5919
1455
1463
1501
1509
1522
1534
1562
1798
1857
1897
5999
1110
1141
1124
1153
1503
1983
3620
3636
2552
3595
3637
6181
3661
3638
2589
4646
3657
3648
2598
3681
4198
3719
6322
3763
3722
1300
1389
1390
1433
1437
1431
1427
1463
1471
1480
1496
1507
1514
1894
1972
2327
3792
3793
2149
1959
6528
6555
4905
6580
3767
6945
6338
10003
6643
1359
1373
1421
1404
1424
1664
1697
1703
1757
1352
1362
1377
1389
1409
7185
14004
4868
4370
5288
1702
1634
1673
1593
1612
1637
1664
1685
1459
1481
1481
1485
1534
1532
1550
1560
1590
1610
1621
1630
1653
1662
1679
1686
1704
1711
1723
1734
1756
1446
1500
1606
2224
2230
3569
8015
8849
7491
7520
5547
7230
7225
7185
5142
7297
4099
7235
5982
1340
1348
1364
1378
1389
1406
1499
1680
1817
1848
1878
1918
1966
1099
1128
1345
1372
1380
2351
2086
7753
4058
9052
1477
1479
1498
1508
1526
1763
1831
2220
1389
1408
1440
1451
1462
1474
1518
1487
2465
2472
2323
6033
6810
6450
7537
8201
7539
5983
19361
3071
8426
8133
5574
5299
8543
4227
6038
5615
4284
8934
5589
1971
1572
1582
1612
1626
1634
1644
1657
1677
1685
1695
1827
1835
1878
1951
1993
3590
4948
5253
6612
5216
4977
5259
5247
6538
8941
5506
8374
6620
5507
6134
4262
9078
6204
10353
6171
1591
1608
1621
1622
1635
1646
1678
1700
1708
1717
1725
1746
1829
1850
1864
1892
1917
2150
2152
2150
2179
2223
2265
7814
5456
5212
7559
2754
2632
2773
5725
5744
9533
4103
8156
6025
6357
2815
3158
11745
7129
6118
3211
4713
3561
6144
4747
3263
3262
4234
5584
3256
3859
4767
5764
6125
3642
3857
5063
6613
5065
2859
3553
3934
4778
5612
4250
4827
2016
2023
2030
2037
2044
2053
2065
2073
2083
2092
2100
2120
2128
2135
2142
2164
2172
2215
2242
2300
2431
2481
2731
5772
3045
2876
4748
6557
4737
6441
7034
6939
6677
6719
6952
6663
6599
6738
6406
2101
2119
2120
2163
2172
2190
2545
2558
2577
2583
2592
2629
2663
1888
2117
2124
2131
2139
2167
2149
2181
2189
2222
3411
4365
4491
3181
3431
6499
7032
7185
4380
4770
5060
4774
5054
7946
6304
6969
3427
6271
4812
2313
2339
2330
2358
2374
2384
2404
2372
2420
2727
2780
2831
3295
1922
2262
2513
2263
2278
2293
2318
2318
2318
2355
2338
2404
2414
3527
2804
3415
3444
3452
3480
3495
3044
5825
5884
4173
4828
3680
3692
4858
5211
5505
3877
5230
6387
2297
2276
2288
2298
2284
2838
2851
2802
2699
2679
2110
2146
2255
2126
2123
1877
2127
1893
2341
2335
2346
2334
2331
2330
1911
3037
3107
5081
5707
5719
2922
3038
2731
4700
4700
4709
6007
5649
5869
4075
3607
2040
2047
2056
2067
2076
2084
2223
2141
2109
2200
2237
2229
2194
2193
2180
2226
2301
2342
2238
2340
2373
2374
2855
2838
2885
2808
2675
2409
2354
2398
2354
3777
2487
3397
3406
5875
5648
1873
2359
2485
2311
2463
2285
2521
1916
2437
1918
1767
1806
1877
1872
1908
1929
3038
3055
2981
2990
3011
3023
4745
2983
3071
3058
3027
3046
3001
1412
1439
1448
1467
1490
1505
1515
1525
1541
1550
1953
2000
2106
2152
3118
3174
3160
3087
1464
1412
1426
1446
1472
1479
1494
1512
1539
2830
2832
2819
3314
3406
3416
5135
2861
6198
2858
2874
4891
3396
2778
2692
2888
1377
1353
1354
1348
1345
1454
1464
1473
1670
1804
1822
1846
1353
1353
1349
1345
2563
1893
2473
2490
2476
2494
2495
2584
3054
3055
2566
5124
2571
6503
3068
4352
2581
2556
2616
2629
2641
2597
2582
3112
3129
2626
2208
4266
1164
1215
1215
1214
1205
1203
1196
1554
1572
1567
1600
1623
1602
1770
2248
2267
2103
2103
2138
2135
2134
2149
2302
2245
2251
2253
2333
4026
6306
4481
2808
6341
4054
2025
3478
2228
2206
2207
1952
1372
1474
1504
1374
1285
1260
1277
1318
1341
1349
1357
1405
1418
1427
1411
2215
2152
2077
2103
2100
3693
1949
2136
6690
6716
6732
6689
1712
1381
1387
1362
1312
1313
1703
1672
1615
1649
1532
1566
1951
1973
1934
1975
1962
1969
1992
2019
2014
2022
2976
3505
4045
1901
6474
6503
6447
6340
1633
1870
1620
1616
1328
1327
1682
1595
1340
1350
1439
1363
1391
2074
2109
2088
2111
3266
7419
7398
2373
3908
7150
2228
2170
3417
1490
1515
1553
1697
1730
1793
1835
6647
6876
7297
2472
2207
2478
2163
2162
2194
2197
2197
2194
2201
2252
3371
7762
3358
3372
3339
3300
3333
3388
3384
6420
2256
2155
3664
3631
7162
1773
1724
1690
1728
1701
1661
1563
1575
2228
2194
2170
2183
2183
2200
8112
7366
7380
3172
3108
7801
3498
3472
3515
5709
5164
3149
5687
3221
5728
1832
1841
1851
1904
1757
1843
1839
1839
1787
2134
4255
4249
5350
4873
4238
3197
2094
2074
1775
1798
1806
1484
1686
1774
2483
2156
2454
4542
3243
4109
2462
2458
2467
2480
2003
3256
4137
3266
1506
1673
1693
1676
1692
1692
2448
2378
2375
2059
2060
2073
3382
2089
2498
3621
3618
3469
3499
2430
2430
2478
2464
2502
2446
2491
4395
4392
1383
1247
1411
1427
1564
1574
1602
1970
2392
2351
2068
6786
11948
5687
7353
10722
3393
10474
2334
11782
3758
3117
3675
3662
3695
2390
2385
3684
1418
1410
1428
1424
1444
1474
1483
1491
1543
1870
5949
6939
7471
8109
7487
7494
7492
5857
10449
2423
2410
2408
6588
6064
7005
7718
7170
6604
7722
2306
3312
4928
3149
3525
3090
4120
6649
3515
3727
2462
2402
3688
3742
2479
2433
2470
2432
2424
3761
2448
2500
3835
4096
3601
5028
3868
10009
6217
6216
5934
5072
6274
5469
6638
6111
6296
8263
6249
2959
3103
2979
1927
1936
1854
1676
1919
1919
3661
2957
3721
3739
2265
2267
4411
3774
3373
3381
3682
2276
2277
3571
3705
3794
3843
4424
4343
3751
3799
3765
3539
3784
3866
3743
1819
1833
1840
1793
1748
1835
1812
2176
2169
4945
4910
5475
4808
1983
1740
1463
1486
1443
1441
1251
1302
1433
1444
2366
2378
3433
2343
1328
1350
5134
3432
5135
3474
1071
1112
972
971
967
969
1076
1020
1021
1021
1021
1019
1158
1125
1149
1163
1162
1188
1203
1218
1228
1238
1257
1382
1402
1476
1484
1250
1709
5318
2035
2038
2289
2289
1233
829
928
886
966
886
897
913
929
945
957
1009
1008
1007
1003
988
1039
1050
1046
1252
1365
2210
2210
5323
5357
5494
5994
5138
984
975
998
1006
1015
1032
1040
1048
1127
1158
1783
1010
1018
1038
1037
1797
1798
4629
5745
1216
1088
1097
1111
1126
1166
999
1062
1071
1094
1101
1110
3775
3059
1956
3743
2744
3379
995
1038
1049
1059
1072
1082
1097
1108
1119
1131
1131
1150
1166
1175
1189
1198
1207
1335
1329
3559
2915
3553
3991
2180
2673
5281
908
922
934
943
957
970
1079
1255
1287
1303
1320
1339
1366
1451
1548
1547
1349
4842
1557
5440
5984
2588
5429
919
987
1364
1357
1307
3588
2991
3566
12336
1046
1022
992
1064
1072
1080
1089
1296
12370
3335
12402
5206
3057
2253
3640
2306
3086
1574
1591
12534
2706
12668
3511
3519
2983
3549
7294
3289
2789
2787
3605
1169
1212
1221
1315
8945
2595
3111
3361
11932
2874
1895
2126
12820
1721
14675
8992
9000
9102
12864
12836
1148
1156
1294
1557
1559
2790
2763
5659
9165
4322
3843
2791
1900
1109
1123
1149
1158
1720
1564
1566
1057
1079
1090
1101
1122
1229
1249
1315
5955
1884
6490
5990
2150
1990
4547
4225
5921
3583
1152
1625
6061
6656
9646
6154
9680
9564
2751
4033
4711
6661
6687
2350
1229
1243
1251
1344
1320
2242
4462
2263
6429
2178
2437
6271
6475
2295
2368
2318
2407
2369
2328
1845
2352
2556
4259
2432
2405
2397
6612
2389
3498
3789
3132
2379
2443
2420
3034
2419
3133
3896
3830
1933
3919
2733
1282
1358
1358
1358
1380
1402
1815
1318
1334
2359
1682
2411
1926
2485
1714
3263
2410
3147
2445
2414
2387
2387
2388
2386
2388
2390
1698
2435
2436
1769
1807
1447
1535
1292
1300
1316
1323
1485
1533
1460
1472
1144
1152
1177
1200
1208
1224
1231
1247
1248
1282
1282
1305
1313
1341
1348
1423
1435
1628
3178
2620
2636
2498
1984
1858
1880
1475
1655
1143
1010
2925
2388
3087
3252
1554
1736
1322
1319
1319
1332
1353
1395
1410
1452
1482
1262
1262
999
1011
1027
1081
1076
1074
1070
1056
1067
1285
1160
1256
1256
1294
788
796
809
878
886
901
932
943
954
970
978
1012
1128
1135
1147
1155
2785
2801
2652
2805
1400
2779
2763
2774
3368
3215
2784
1623
1222
973
847
1232
2064
2066
2733
2081
2750
3628
2904
2258
2266
2780
2874
1022
1134
1281
1302
1562
1609
945
960
958
1107
1103
962
995
1117
1182
1195
1143
876
884
895
919
937
944
957
969
977
986
1000
1012
1036
1031
1041
1059
1059
1237
1470
3636
1963
1536
1566
1721
1543
2764
2617
2770
868
862
881
891
904
912
922
930
939
954
962
971
978
1005
1017
1026
1034
2957
1309
1406
1403
1130
1149
1177
798
798
794
813
897
877
869
855
936
932
931
977
977
1020
1021
1035
1056
1518
1517
2547
2559
2552
2567
2579
2162
2266
1187
1168
1201
1365
869
876
922
890
923
923
1076
3006
2338
3003
1301
1369
1366
4249
1684
754
754
754
850
1097
2320
2000
1411
1108
1004
1131
1795
2446
1633
976
862
874
886
911
785
797
813
830
870
903
1177
1179
1143
1010
4095
3947
785
785
856
4231
1047
887
2021
905
979
914
958
950
937
860
1311
1405
1374
1395
2467
1437
984
977
1041
1041
1040
1039
1039
1076
1092
1187
1364
1263
1195
1202
1198
1920
1920
1990
2095
4638
2146
2195
2149
1119
1127
1136
1144
1160
1167
1183
1194
1220
1255
1786
1874
1799
1747
4579
1142
1190
1190
1208
1207
1229
1243
1274
1340
1870
3970
4494
1131
1185
1242
1311
1124
1132
1146
1158
1733
1699
1205
1223
1138
1137
1155
1166
1196
1232
1239
1117
1140
1198
1337
1471
1370
1350
1357
1341
1358
4699
4559
1410
1418
1977
1197
1254
1531
1172
1236
1161
1295
1178
1251
1555
1478
1470
4813
1724
1406
1495
1522
1752
1165
1157
1164
1325
1166
1232
1232
1208
1220
1209
1461
1287
1398
2792
4604
1493
1509
1131
1196
1278
1432
1295
4482
1443
975
1168
1182
1195
1284
5346
4759
4707
1510
4537
1261
1269
1452
1753
1461
1862
1843
1993
2005
1606
932
941
975
987
1084
1092
1209
905
810
831
823
883
849
943
952
960
1886
1327
1428
1398
1376
1442
794
1437
1369
1434
1379
1843
1843
999
908
1006
972
1082
1220
1199
1216
1304
1216
1236
751
850
785
866
874
896
915
1099
1297
1088
1296
1110
1090
1115
1110
1136
1109
918
860
849
809
1080
1058
1092
1051
1063
1001
1013
5178
2925
1723
748
747
817
922
1118
963
978
978
989
1134
5517
1200
1733
965
801
822
860
850
1008
1613
1537
1248
2045
1546
846
960
1097
1105
802
823
901
795
1053
976
751
795
755
777
775
1013
1015
5966
1357
761
769
785
830
883
1576
1022
1020
1438
1198
1172
1202
1115
1205
850
918
1054
1054
1062
1073
1724
1368
897
912
928
1039
1191
1518
1049
954
962
1026
1013
1527
1352
1467
1571
1631
1631
1463
1646
1285
996
1019
3797
1539
1934
1460
1504
1479
1687
1551
1156
1340
1482
1580
1469
1711
1480
1578
1755
1703
1581
1427
1038
1144
1112
1367
1346
1076
1163
1208
1183
1029
1074
1083
1489
1498
1074
1211
1281
3929
1414
1440
985
998
1012
1035
889
904
911
1491
1173
1177
4187
1199
4072
1294
1124
1011
929
943
921
885
886
1038
4469
1320
1418
1621
1613
1327
1346
1057
973
1007
955
1472
1025
4570
1052
4333
1671
1139
4473
910
923
4618
4598
969
1021
4616
1763
902
911
1051
4732
792
800
816
913
928
938
1740
1086
1084
1099
1425
785
4597
840
956
1349
816
1686
1640
816
833
1892
1365
1420
862
850
888
1550
872
1137
836
845
880
1083
1971
1006
4713
936
1448
868
876
884
864
873
885
892
935
1902
908
4787
5010
907
4749
850
1009
1977
813
909
799
808
1027
1279
812
828
867
1303
1064
858
803
748
797
825
868
877
5258
1113
1743
979
987
1035
1279
923
915
789
739
771
798
1773
1342
857
851
719
732
1492
798
751
940
1454
4932
836
960
987
2611
1851
995
986
1931
5448
1001
1357
1379
1659
1417
1462
2272
1543
1033
5406
5692
1458
1469
1220
983
1002
964
971
986
5553
2652
1063
1563
1276
1083
1290
954
1014
1027
1622
2127
1359
1237
1274
1298
1896
1363
1362
1190
1291
2016
1058
1067
1092
1085
1762
1642
1410
11422
1411
1193
12265
11410
1061
1081
1126
1136
1223
1423
4546
1104
1199
1146
6886
5609
5716
1796
1805
12825
12462
11972
1868
11752
1880
11458
1842
9537
8825
8969
2142
5032
9372
8999
9197
8199
7616
10859
7602
6407
9581
9417
10261
8831
9610
9097
10371
8404
11026
8936
8415
7412
7644
11342
11569
11042
11584
11917
11589
10749
11596
11089
11415
11555
2018
9533
12702
12196
11660
12206
1602
1675
1693
1732
1767
2044
2104
11431
10315
8986
6940
9784
6657
4224
12094
7277
9442
3689
3257
2430
9464
2416
9146
6747
8934
6391
9135
6488
6695
6545
9297
6713
6974
6628
9142
7354
5903
7368
1846
1924
1934
1964
2094
2282
6399
8515
2294
9133
6909
9642
9351
6625
6659
2069
2049
2050
1876
1964
1977
2038
2255
6785
6406
7060
4866
8584
6831
6790
1604
1608
1634
1648
1660
1669
1684
1736
1745
1932
1890
1777
1804
2006
1842
1883
1857
1968
1902
1926
1923
1923
1981
1960
1952
2141
1934
1997
5114
2371
1717
1726
1737
1783
1765
1823
1994
2010
2105
2129
974
1060
1026
1139
1135
1135
1134
1162
1195
1187
1223
1235
1224
1248
1258
1777
1795
1806
1819
1836
1846
1855
1926
2374
7755
2118
1300
1117
1255
1177
1308
1252
1235
1226
1218
1303
1171
1365
1279
1242
1242
1351
1293
1408
1864
2021
3209
13651
14023
1804
1641
2052
2302
2303
2284
2373
1495
1293
1339
1450
1329
1316
1427
1307
1469
1494
1386
1395
1381
1513
1365
1494
2362
1081
1033
1094
1102
1143
1115
1123
1146
1151
1146
1203
1203
1198
1518
1472
1235
1553
1552
1524
10292
2040
2094
998
914
946
1101
1107
1121
1184
1180
1322
1348
8024
7430
1539
1433
1144
897
927
1613
951
998
822
849
874
893
934
966
1445
5462
1474
5685
7736
1422
978
991
994
1575
1583
1467
1467
1590
5702
10877
14805
12610
925
1025
1029
1284
1376
1383
13563
5918
3789
12987
1044
1155
14266
3654
3843
1337
1346
1042
1028
3862
1360
1050
1048
1031
1096
1063
1115
1077
1218
1348
1380
15243
1222
1510
1285
1437
6228
1592
1591
1594
1603
1618
3514
4782
5976
3985
14644
6632
14991
3804
6560
4411
1667
9242
8152
1594
1605
2578
1618
4595
9223
5103
8123
1544
7065
1844
1752
13489
4305
1424
1433
1441
1625
1782
5480
6793
6338
15702
3277
11056
1738
1474
1756
1487
1713
1682
5000
5120
14363
1468
1445
1445
1478
1487
1499
1628
1633
1482
1496
1586
2710
1523
1395
1428
1416
1412
1429
1445
2602
1273
1258
1345
1128
1452
1374
1339
1339
1352
1127
1138
994
1011
1028
1011
1332
1037
1147
814
809
804
796
798
994
821
845
2776
814
827
1114
1117
711
712
728
825
836
852
835
863
2684
600
612
623
631
696
606
633
611
2875
3076
632
627
2913
2760
2633
2968
677
9094
714
14955
10030
5879
701
7517
7638
2881
3632
738
746
759
16095
670
888
842
7753
700
3394
12224
4255
11119
3308
773
783
802
814
5078
868
896
907
759
812
2977
8222
903
5541
3039
935
922
965
974
953
906
907
904
933
911
14718
8293
16854
3649
11060
1011
1011
1023
8246
7768
3871
3728
1083
1194
1146
3893
3643
1192
3698
3783
1222
1209
1228
8815
3343
4636
1256
3564
1244
6157
8020
1253
3578
1262
3924
2994
1283
1283
1274
3792
3825
1298
1809
3658
1311
4174
4550
4684
4120
17887
1454
3799
4332
6362
4380
1271
6948
9944
1457
1265
1278
1466
4225
1298
4090
1296
1283
1283
1298
1312
1269
2317
1297
4605
1327
1303
1299
1202
1273
1205
4837
1367
1231
1237
1334
1375
1383
1421
1436
1231
1262
4446
5011
4962
1306
1318
4339
5052
1364
4434
6422
4715
4686
4501
1375
4893
6844
6734
1266
1317
1274
1315
4380
4443
4805
4522
4531
5174
4806
4529
1330
1362
5104
4611
5419
4826
1156
1150
1124
1059
1263
1484
1405
7878
5130
4939
1237
1272
1286
1298
1324
1421
923
915
969
962
5553
7507
982
1057
1020
7756
4851
1044
1110
10638
1121
1137
1106
1191
5374
4670
6806
4331
5094
5197
4684
4869
1359
906
918
936
969
5857
5082
5440
5390
1427
1228
5093
1043
1043
1076
4288
4280
7367
1105
895
887
887
994
8283
7141
5045
4862
4984
10298
8226
4722
4985
7830
5099
5382
1126
877
899
917
929
939
964
958
5155
8089
1221
1049
849
891
980
5560
11881
4873
8129
5173
4840
1066
1031
1145
1151
3958
4913
10717
800
928
890
8449
3696
12776
4312
5712
920
860
810
831
843
933
857
877
1202
1136
1051
16923
17878
5804
5314
5779
6746
999
1027
903
928
971
8525
5847
5961
1193
1204
961
959
877
966
920
919
900
957
869
1214
1216
8834
11538
8925
3425
1100
3237
8919
3294
1037
1017
6503
1037
1037
1095
3688
9044
3257
3448
1104
1105
1133
1129
1129
1182
3753
5567
4863
4976
3944
6308
3794
5790
1114
1127
1167
1108
1121
1129
1587
1377
6609
13585
6134
3823
9056
6623
6207
1396
1333
1305
3580
6630
6165
4563
5976
13891
6003
8556
1662
1663
4520
5783
2306
4557
3966
3977
5581
4322
4387
3564
1530
1544
1607
1555
1643
1634
1668
1678
4623
5633
5660
7220
6438
6611
9152
5842
4358
6113
3355
4523
5712
6462
6573
10376
11710
4414
4856
5999
4953
5547
4340
4317
4272
3492
7159
1951
4635
6743
8174
4997
4696
4690
4706
4760
3438
4607
4564
6149
4516
1899
1799
1813
1812
1852
1838
1905
1918
1918
1929
2227
4165
7445
2944
2584
4413
5036
3894
1983
2013
2102
2242
2625
2640
5047
4950
4510
4623
4940
3619
4985
6282
2423
4680
4904
4735
5911
7818
2855
1993
2072
2066
2065
2080
2088
2322
2319
2326
7532
4028
5418
4409
2081
2104
2183
4043
4940
5275
5129
7922
5119
5287
4391
5034
4481
1787
1805
1918
1928
1945
1939
1950
1968
2007
2015
2046
2055
2065
2084
2103
2114
2123
2135
2144
2151
2159
2175
2176
2183
2202
2252
2243
2272
2259
2322
2321
2257
1731
1728
1743
1773
1791
1800
1918
1938
1973
2129
2319
2403
2886
2809
5346
2934
2953
5007
5203
2514
2651
2649
2650
2651
2652
2667
2231
1469
1484
1510
1542
1480
1548
1520
1572
1523
1608
1629
1625
1668
1649
1854
1904
1893
1889
1921
1929
3579
5300
10794
3132
3929
3159
5504
2258
2427
2020
2039
1670
2512
3037
5465
5549
5661
4498
6984
3269
8394
2136
2263
2257
2313
2313
2576
2540
2707
2709
2751
1763
1723
2046
2085
1410
1411
1411
1406
1400
1505
1505
1494
1507
1479
1478
1563
1563
1618
1626
1639
1663
1673
1682
1693
1711
1719
1750
1758
1055
1048
1059
1084
1229
1244
1263
1271
1287
1311
1325
