209
203
222
291
255
288
297
280
216
203
198
214
302
276
258
254
201
213
184
185
186
300
269
337
293
214
221
196
226
165
175
206
200
245
308
355
177
198
194
203
435
168
180
189
198
211
291
129
147
171
232
298
149
307
182
143
259
176
154
156
151
258
203
143
182
178
170
244
205
213
196
267
335
309
202
374
233
236
404
256
246
238
273
258
278
354
251
267
283
250
332
317
229
279
289
337
364
297
319
274
256
356
266
300
487
289
315
274
322
437
258
259
384
311
464
223
189
353
246
242
239
247
185
221
494
336
230
190
167
177
360
2042
346
2795
982
2073
4011
266
476
1362
287
197
218
228
176
194
206
218
242
437
195
245
281
203
363
5611
210
198
142
160
160
158
216
218
269
224
223
294
378
208
161
161
182
243
234
177
359
388
168
165
224
161
259
164
176
341
363
231
185
222
197
297
404
177
212
376
308
183
185
336
271
328
322
286
262
272
219
301
336
251
357
372
251
298
324
219
260
294
349
309
230
270
242
289
331
219
380
239
264
205
282
384
336
209
213
214
274
216
277
365
205
353
451
415
185
192
204
198
322
177
191
206
186
193
208
239
253
443
255
194
192
179
173
232
327
404
188
351
207
185
470
487
422
197
273
287
225
244
206
217
203
202
348
162
202
211
296
227
173
201
318
423
180
220
198
179
138
138
158
318
194
309
221
279
212
152
178
197
233
404
174
164
179
164
163
153
303
202
232
206
207
201
256
234
217
228
279
245
230
307
272
497
475
236
163
198
279
324
215
437
202
455
276
295
250
325
308
344
499
342
459
365
423
432
439
432
432
359
521
483
488
502
409
369
473
414
541
500
377
387
396
391
562
482
386
473
477
455
406
459
443
566
427
429
518
395
417
579
496
391
489
549
488
363
544
440
368
552
397
330
330
558
317
560
412
420
341
439
289
310
317
293
577
304
365
470
389
352
350
266
292
288
222
422
273
348
499
295
462
611
316
224
240
329
386
427
226
258
300
319
225
295
248
384
334
226
250
263
234
304
265
230
254
263
249
382
346
275
324
285
272
417
251
249
278
400
291
295
376
378
380
317
333
319
314
314
428
315
381
442
420
445
462
491
507
479
503
466
434
463
524
468
431
534
440
451
446
605
427
466
639
500
435
572
568
435
577
450
433
470
421
417
511
471
481
475
463
443
605
483
445
386
441
507
431
420
344
406
345
413
429
831
419
364
392
401
846
685
909
767
799
445
393
394
425
488
453
490
406
367
348
368
374
337
391
475
514
319
321
321
348
475
340
341
379
569
361
379
457
455
376
385
579
497
456
505
501
411
412
423
480
360
371
381
368
578
445
597
326
590
357
375
342
512
348
328
341
326
428
429
416
560
329
320
291
286
420
413
494
321
392
317
343
343
322
449
373
419
457
325
341
509
413
332
324
367
539
432
345
357
405
349
335
441
346
322
360
383
402
426
318
338
412
430
327
329
330
382
392
432
360
409
367
302
365
410
371
391
321
324
288
280
275
351
427
333
309
298
382
500
312
310
339
309
283
270
544
272
344
339
293
351
407
324
365
376
444
388
342
329
602
348
346
362
396
395
357
371
368
358
353
354
360
524
450
397
464
440
407
390
372
373
351
430
362
381
380
529
384
379
387
384
474
478
426
465
364
361
356
367
434
523
366
336
342
361
350
353
506
609
401
590
378
386
387
411
463
384
368
411
546
436
348
356
336
370
338
337
362
436
342
338
351
435
356
405
464
402
450
353
392
390
389
366
354
354
621
557
470
400
388
385
327
368
364
383
333
420
430
354
507
357
448
347
372
327
372
521
336
386
349
336
344
475
325
339
353
415
373
321
335
488
349
307
368
325
311
312
299
307
302
359
405
333
321
336
321
413
358
616
650
381
359
399
386
377
367
607
591
612
380
566
432
421
394
464
379
477
390
431
446
494
415
423
412
435
416
536
421
421
406
392
412
491
434
443
496
430
425
402
480
401
447
446
389
416
397
474
491
382
383
414
531
430
390
402
411
583
452
504
405
365
361
327
364
550
443
258
280
575
292
282
319
344
357
344
394
364
394
397
416
285
311
301
405
306
330
321
289
305
322
330
286
286
368
328
431
326
301
416
297
312
324
257
360
400
289
300
265
278
290
321
294
292
336
319
316
310
324
339
449
375
341
486
353
385
398
367
507
515
391
430
416
413
547
426
433
440
453
448
426
435
455
433
435
515
540
499
449
583
571
466
491
515
471
534
470
485
513
498
548
629
510
520
514
595
590
479
488
497
572
631
475
488
594
443
470
578
429
422
454
446
538
500
420
437
431
425
391
398
392
364
556
343
363
633
478
436
430
371
375
383
484
363
381
356
422
441
361
315
354
357
356
344
384
267
279
289
352
308
281
277
354
330
495
291
304
285
527
304
286
306
309
295
301
300
434
327
306
314
380
322
345
413
313
325
334
341
326
324
331
328
365
333
317
322
344
314
303
303
495
391
491
334
488
359
338
333
344
339
331
345
337
350
335
464
341
405
415
382
412
401
443
460
403
460
410
433
426
402
450
401
388
411
396
474
481
369
443
388
385
379
376
423
376
348
377
397
370
462
467
375
386
444
389
386
444
380
394
466
457
484
414
386
507
518
404
381
393
406
376
393
406
424
467
414
384
502
405
353
386
335
315
305
311
310
475
462
444
316
315
326
443
351
343
329
331
328
320
349
321
318
350
341
320
338
431
363
394
327
408
374
332
321
373
325
350
407
350
344
391
356
341
350
357
336
470
404
349
390
361
343
341
470
327
340
335
353
340
337
327
338
330
392
400
331
361
414
367
353
355
359
361
381
480
482
351
360
367
375
358
371
406
473
387
425
459
467
393
414
395
463
423
467
524
398
433
432
360
435
355
364
431
408
437
363
364
376
367
525
492
374
398
376
410
392
435
7436
4897
4877
7324
2751
4931
416
422
436
7024
5713
3640
391
472
427
372
480
401
414
380
3105
429
402
453
381
390
401
451
5587
510
388
1256
7849
525
539
375
435
465
330
389
389
528
617
599
501
444
488
593
507
376
439
419
387
437
406
484
396
369
370
404
577
432
412
473
681
421
444
370
575
380
388
361
374
422
412
443
437
446
524
343
360
384
384
379
371
381
405
460
426
469
423
422
309
324
359
367
468
407
400
409
302
298
412
296
332
344
339
352
406
438
622
332
621
289
295
292
292
318
328
339
311
355
686
447
478
316
308
529
337
316
332
571
552
531
604
371
542
333
554
318
422
426
340
364
476
568
352
334
381
409
409
452
344
405
402
385
357
366
419
508
505
475
450
428
478
426
548
531
485
426
517
497
498
519
470
561
469
541
530
542
462
424
433
526
453
465
471
471
551
517
635
493
603
612
549
586
615
643
482
493
573
498
540
608
549
559
588
559
493
513
496
524
534
542
664
584
508
578
703
688
468
532
490
694
482
571
538
545
441
489
506
638
571
557
628
531
370
356
363
636
432
496
492
608
416
532
442
484
499
590
339
362
392
671
590
409
546
454
694
772
432
438
443
398
367
421
358
367
466
444
449
301
338
345
409
374
524
327
352
351
394
513
506
388
422
687
411
410
379
267
354
282
307
378
309
630
349
361
471
375
375
397
403
315
289
303
312
447
351
354
308
506
423
354
339
338
483
330
330
337
333
329
447
507
363
319
326
323
337
343
359
447
326
340
336
345
357
456
406
428
350
410
571
347
529
371
333
315
342
328
347
374
620
489
378
283
259
637
271
385
453
450
334
497
513
512
521
462
487
427
437
383
530
371
404
391
454
397
458
519
492
501
485
528
410
416
652
554
541
482
605
530
429
445
575
458
576
439
441
570
461
469
459
456
533
429
485
474
490
491
549
488
722
466
485
502
567
513
707
489
461
500
497
521
532
587
532
734
637
494
608
659
501
696
493
561
483
460
480
496
496
474
483
530
486
501
674
642
491
512
633
504
615
594
603
616
630
526
549
514
595
548
716
694
514
610
493
498
497
503
586
523
512
654
516
511
512
532
510
635
504
476
485
639
482
653
451
477
761
604
550
753
727
701
776
594
729
814
788
685
641
668
656
616
615
580
617
684
593
657
594
564
573
694
582
605
598
573
577
600
600
563
551
574
560
704
740
581
567
787
610
586
594
640
600
600
597
893
606
596
605
685
682
674
604
592
648
650
621
636
631
841
851
722
617
874
621
611
621
670
727
616
615
652
785
883
639
627
505
686
515
574
639
631
654
871
737
484
938
492
499
506
926
544
545
533
532
546
556
653
461
460
829
901
495
495
755
514
513
525
689
583
515
483
510
483
480
527
579
392
412
435
452
444
463
613
357
352
552
374
577
461
625
418
427
603
631
444
539
456
326
300
385
577
588
412
591
454
533
432
332
314
322
330
341
358
503
374
335
325
336
350
428
450
305
432
403
362
539
318
314
462
377
376
419
420
369
417
360
598
425
505
393
497
423
441
427
470
469
478
478
480
490
486
496
531
513
594
518
525
633
527
524
553
638
574
677
716
683
489
487
485
507
694
699
744
501
609
601
610
576
582
615
598
606
612
624
644
696
525
554
654
627
645
731
560
637
623
741
549
545
570
697
538
536
555
562
537
579
488
533
642
757
512
478
597
515
508
596
730
745
501
618
770
467
464
540
442
471
407
463
512
587
406
760
701
507
428
821
383
771
794
857
383
363
363
469
690
446
954
757
691
380
420
439
425
643
442
551
493
593
387
388
383
543
435
418
427
438
577
393
494
472
501
476
404
412
421
536
551
527
459
477
454
500
431
428
479
396
428
521
541
570
470
420
427
413
565
419
519
420
534
420
431
627
475
425
438
623
588
415
431
445
440
492
457
424
411
421
584
437
418
410
417
467
446
575
564
443
422
439
686
469
423
440
701
483
383
379
396
433
597
426
458
456
407
444
509
580
476
521
413
461
443
437
408
420
464
394
394
791
814
455
440
440
423
431
809
445
420
575
830
423
464
409
402
412
386
522
462
437
391
408
440
431
481
547
426
451
421
547
460
617
433
452
437
720
486
480
465
566
417
627
442
440
480
458
453
479
512
573
534
558
632
580
495
518
507
620
494
504
594
495
748
754
483
515
515
611
530
493
571
679
616
634
660
601
551
678
644
765
693
769
582
544
581
652
565
723
572
572
710
568
594
584
576
602
563
559
775
787
594
728
558
537
649
556
550
718
748
585
771
592
578
635
724
749
697
582
943
625
687
642
589
582
607
578
693
860
925
548
557
567
816
591
506
687
699
535
546
559
644
503
606
559
556
642
475
471
480
687
535
716
686
540
585
600
496
754
513
546
604
1083
438
470
458
528
499
514
552
533
447
475
658
544
533
474
525
2838
679
1014
533
675
465
5261
2108
510
535
409
525
513
463
460
512
933
428
419
541
1125
512
411
441
464
455
569
2609
452
446
1308
2742
502
525
4379
2790
2256
2504
1377
742
765
508
527
486
498
525
2369
633
6044
575
535
2317
527
542
500
795
1531
525
605
456
486
502
523
518
539
4406
663
628
405
524
562
761
625
450
507
483
527
525
643
563
779
511
545
991
571
617
566
667
512
511
819
734
639
496
517
514
1012
789
508
881
501
1086
662
521
667
821
897
468
464
486
549
503
477
510
572
661
699
615
874
978
569
828
542
539
924
708
1082
635
872
770
674
610
611
729
563
549
598
961
996
879
974
1043
1125
896
545
530
541
591
906
628
589
587
719
703
882
972
1023
536
576
599
707
791
653
714
776
799
726
604
594
714
609
811
1018
749
1278
672
1096
1090
623
587
516
537
741
660
1155
948
904
800
570
591
455
526
598
567
756
832
821
786
694
809
524
538
462
484
536
545
631
630
840
965
1090
884
845
933
1163
1133
1399
600
612
627
639
1199
730
1462
1339
1172
1342
639
690
710
653
696
1251
1392
1146
1272
1229
605
658
666
788
844
852
948
1285
894
569
472
599
461
460
523
1274
876
1361
1379
361
503
522
806
692
1178
850
593
1117
956
1170
1268
1160
1116
1005
1255
495
519
532
525
409
443
508
1159
331
443
349
365
377
1559
1681
988
802
936
1165
945
1145
865
608
1059
508
734
526
370
465
635
628
1137
1177
1027
1103
329
446
407
368
366
388
583
1218
1227
1473
1320
1531
1356
1521
1449
1653
1617
1532
1639
536
455
1621
1696
503
556
1731
907
845
1196
1745
1373
416
468
492
483
495
512
523
532
669
697
1170
1361
694
1271
1287
717
1203
327
326
340
396
425
1411
1214
446
484
484
497
508
524
549
548
563
624
648
394
370
386
412
421
570
1338
1461
1342
1284
643
547
1740
352
360
385
403
413
422
1156
698
1341
951
1028
632
705
713
1778
1668
358
374
351
339
334
675
683
539
944
1044
569
522
270
407
415
332
331
327
359
358
534
571
891
483
640
958
965
1008
1076
1980
1709
493
315
363
928
783
363
420
391
375
920
977
636
634
514
660
407
649
658
670
671
712
786
489
380
394
392
1703
1926
579
591
603
592
1985
1820
682
2153
352
362
387
446
444
391
551
551
1581
1947
1593
489
575
574
1129
753
743
779
778
1215
1780
357
357
393
384
365
437
425
408
461
481
446
456
1343
1098
486
494
488
522
542
534
560
560
558
1847
1856
1349
2098
1553
1660
1470
1660
578
584
639
638
504
679
492
365
348
392
392
391
391
432
1014
1000
439
446
453
461
468
480
487
500
508
515
523
608
956
944
944
932
940
998
993
785
788
687
744
315
395
320
321
321
323
972
1027
992
1007
570
554
538
548
596
929
612
898
947
990
480
905
938
562
609
801
511
872
784
907
807
637
844
967
472
496
835
555
1125
848
1135
826
1271
599
624
610
623
632
1042
772
991
783
856
994
1268
1301
666
648
709
1138
957
452
461
468
476
503
491
499
507
516
537
585
596
594
611
604
642
641
628
607
782
411
414
645
543
526
527
278
291
299
308
441
820
727
935
726
1104
386
408
415
422
428
456
441
467
474
491
491
491
511
540
522
569
577
584
562
577
599
577
612
623
647
1137
1462
901
920
916
807
784
897
899
908
808
827
846
966
964
962
839
994
868
375
382
381
396
1026
887
439
453
455
1052
470
1048
468
519
572
460
355
461
799
941
811
416
425
630
437
446
460
458
476
536
1100
522
529
524
1026
1101
1117
771
1121
1146
1152
964
562
481
488
519
1151
978
1289
513
1140
512
546
538
548
515
387
394
411
569
1036
629
1054
449
537
517
515
507
505
504
670
922
1232
1073
1111
623
1250
683
1170
1076
602
583
310
379
357
340
370
351
346
410
343
411
423
431
442
451
474
481
490
497
504
511
518
742
733
740
368
732
403
402
374
302
300
312
384
358
356
355
355
334
433
771
366
365
366
365
364
453
453
452
646
645
479
444
764
765
479
769
393
362
382
400
726
773
502
510
856
512
805
852
406
412
364
347
375
366
415
411
436
801
851
804
802
516
902
932
872
861
423
374
362
370
377
383
338
346
333
418
412
411
418
397
534
1037
508
802
550
480
479
486
402
586
494
502
983
1021
416
417
504
446
368
342
383
426
432
673
626
880
1074
628
626
662
594
590
335
344
352
373
384
393
508
963
671
776
777
443
751
449
764
1217
765
1306
736
363
376
376
404
402
391
445
444
445
447
489
683
1337
1384
1366
421
431
444
475
952
956
1325
963
959
975
1210
1444
1240
1475
1241
1255
429
444
462
500
549
868
911
386
397
451
475
476
899
479
513
983
976
923
704
557
373
380
368
392
404
403
424
441
463
452
331
301
362
281
359
330
386
452
592
981
681
698
986
682
702
720
1003
980
951
967
919
1032
744
1013
978
1013
730
740
487
646
567
666
701
709
790
786
697
769
890
969
1057
1081
689
1073
1084
953
1106
501
506
720
721
413
427
423
429
456
454
453
449
536
593
368
1110
1165
1101
1132
1126
592
594
399
406
345
352
362
1089
897
1109
1126
1093
567
568
503
467
545
509
442
1098
1074
387
442
566
924
924
836
1159
949
1165
417
440
470
508
540
663
718
764
617
553
568
354
368
375
386
874
851
439
445
468
469
468
1237
487
495
505
514
514
533
549
567
1211
1091
814
787
427
462
1058
1141
1126
1112
866
1091
964
1007
683
947
1258
1137
984
629
645
492
500
509
552
393
288
412
361
368
342
383
321
409
433
432
432
431
453
453
496
1041
757
908
499
509
686
506
579
552
942
885
885
380
392
400
513
613
589
617
629
619
707
917
510
398
562
608
615
390
397
405
632
552
589
541
475
535
995
523
969
615
388
389
398
416
416
428
427
481
455
463
469
505
506
493
606
999
905
906
1092
605
611
1170
1169
403
413
428
441
451
464
479
488
496
530
1273
597
599
1201
1221
411
411
439
486
1004
1305
1302
1134
545
568
589
344
362
386
406
437
445
458
466
474
1152
1227
1100
1141
1187
1006
698
689
551
1150
1232
1255
993
1227
1218
646
650
650
431
435
443
465
401
486
565
639
573
523
668
937
760
947
1410
958
981
744
710
754
782
769
512
520
1490
979
986
878
879
579
1353
1357
1352
1339
1364
916
428
462
470
477
492
536
542
537
534
527
562
1024
579
461
460
479
736
658
666
725
724
751
752
766
774
780
342
365
457
467
473
478
489
497
508
523
529
542
554
562
574
583
595
805
1117
1188
1159
1304
957
743
1165
858
1120
870
994
720
733
743
749
461
462
441
481
488
503
617
634
649
682
694
710
1287
1288
1277
1235
1411
1171
1182
1259
429
438
475
489
501
509
1376
1223
882
1155
1226
864
1176
1261
1260
903
1118
722
841
848
878
889
578
641
656
474
1067
1066
495
591
942
787
955
598
1448
1447
563
602
1457
614
585
1494
680
620
688
688
693
603
1285
1285
708
476
450
1134
495
539
931
568
1206
1201
1099
1107
1109
1121
1114
1118
1031
621
622
619
605
407
412
479
470
473
467
458
474
426
559
570
578
589
598
606
614
711
1049
1054
1124
772
780
813
728
737
477
392
414
435
450
450
529
555
564
1254
1251
1252
1253
1167
709
658
637
717
691
643
420
833
1053
1079
881
799
1745
1067
716
810
838
745
851
564
724
1467
1612
762
995
474
488
498
508
538
548
1765
1199
1227
1171
670
1865
1231
1162
1198
675
805
812
819
830
1807
1261
1270
626
1286
1178
1488
569
579
595
604
627
512
512
512
510
542
536
571
557
597
613
628
1075
1280
1229
1607
1004
928
1250
1330
1434
2224
1448
1482
750
1405
1441
726
738
662
1596
1079
1388
1076
1089
990
1101
1623
567
562
572
569
653
636
667
677
390
407
405
402
434
447
454
485
491
547
617
1622
631
1578
422
433
444
464
437
486
467
497
504
561
1640
1658
1665
741
660
745
917
927
765
1533
1720
1752
1167
1064
803
493
506
532
544
553
561
616
638
788
677
708
584
1689
1614
1706
1720
1726
444
458
468
501
503
526
524
524
704
1643
1261
1791
1790
1799
1816
1244
687
730
698
530
532
535
534
584
601
607
688
725
1117
1148
1188
1169
829
727
718
727
734
724
766
753
760
356
443
453
590
650
644
1489
1224
1219
1206
1173
720
1071
711
734
1404
1435
1155
1144
394
393
436
445
464
474
564
794
791
748
775
764
763
763
789
1137
1359
620
688
499
581
772
778
637
638
631
424
471
481
498
543
721
721
1545
1362
1544
1553
1197
649
401
379
417
424
483
491
502
512
519
728
747
588
1166
881
1340
340
420
354
471
1323
444
496
618
540
493
708
587
595
723
597
1066
1067
1194
1175
1173
1174
1208
426
435
1140
1118
1141
579
365
395
407
642
677
677
1100
377
349
366
1098
715
715
407
385
424
644
627
545
1020
1033
458
459
403
433
356
436
342
367
374
391
982
1408
1021
644
1538
1018
1029
545
406
407
418
432
446
1652
594
1527
535
1616
863
641
648
403
456
464
472
614
809
917
462
477
972
641
625
416
377
420
554
399
463
1667
1782
346
356
374
494
474
578
969
1077
307
326
344
362
475
929
1963
1018
931
916
1816
874
519
323
331
339
368
385
394
416
487
497
504
517
309
303
325
366
378
388
443
1034
1684
960
948
587
1778
672
536
1624
1808
1633
888
517
488
336
368
405
403
477
1665
664
1043
980
544
891
1831
1836
797
915
559
844
1738
465
890
1604
904
1934
1983
1615
738
1023
362
370
380
395
415
427
456
464
860
290
299
335
1782
1786
2010
2101
575
433
337
588
589
1184
1927
1257
1927
2039
910
912
471
509
336
347
835
1163
367
277
287
302
299
331
439
450
449
501
513
511
523
1023
424
222
321
442
771
383
488
781
340
374
733
417
433
431
716
724
460
837
294
256
280
278
814
309
325
999
733
346
470
284
293
301
313
628
324
469
466
705
263
272
286
294
302
323
786
940
395
397
266
273
294
760
188
229
240
371
948
946
256
254
292
299
267
347
674
228
214
243
669
458
398
407
303
935
224
216
222
236
388
281
194
236
332
232
215
242
234
250
243
302
629
340
352
351
590
1069
250
239
267
266
278
779
338
351
339
203
247
534
544
317
323
568
590
227
320
524
486
737
723
239
324
364
325
333
304
370
306
246
292
293
354
306
386
501
694
372
647
229
308
316
515
415
369
241
234
258
317
629
696
543
323
331
531
401
644
344
297
265
282
294
290
361
430
260
285
503
522
545
365
339
345
484
248
304
586
597
203
229
518
450
371
465
462
253
314
401
261
291
553
411
250
273
734
509
503
330
663
441
684
530
563
674
716
343
555
247
262
285
412
421
257
271
280
288
298
337
602
281
291
395
404
411
476
402
533
234
290
304
499
317
599
371
560
551
664
345
326
309
285
436
576
382
202
213
222
243
259
560
340
286
290
288
284
526
310
580
255
256
298
431
283
600
224
540
338
306
205
213
239
311
302
259
416
289
306
552
327
580
524
548
527
208
238
230
253
228
284
281
277
306
441
362
408
226
245
240
263
321
497
285
305
209
219
238
259
189
216
285
488
430
289
225
208
193
272
236
444
473
496
541
512
552
197
241
298
227
227
226
249
250
477
339
219
256
312
210
247
233
244
513
416
485
554
487
290
320
234
626
494
606
560
279
255
227
234
344
351
444
331
492
341
382
334
484
391
527
579
658
276
286
301
299
311
657
339
350
608
340
276
294
307
290
317
492
524
366
283
298
290
286
288
307
483
415
611
308
633
550
520
335
260
644
371
461
266
284
394
416
273
471
396
338
411
307
302
337
314
512
579
322
727
583
762
347
740
701
361
694
783
707
583
520
604
269
310
322
277
350
316
366
399
411
265
262
289
335
346
413
431
501
551
489
657
449
541
338
369
768
228
240
266
802
646
526
259
626
454
227
225
257
367
772
702
232
226
290
226
317
326
356
293
240
246
273
613
402
302
605
309
316
443
658
239
239
251
279
212
229
227
245
342
222
228
260
326
348
356
299
337
319
268
242
331
289
283
290
601
565
532
637
595
308
308
272
289
303
258
272
229
618
229
483
436
238
439
262
481
247
260
353
345
214
262
279
253
434
461
304
585
573
236
346
387
398
470
473
209
243
339
233
257
249
245
254
417
375
248
425
317
465
521
277
285
319
325
630
295
292
359
350
462
349
342
642
314
491
446
488
528
536
362
347
302
313
707
534
307
316
583
497
301
323
312
352
489
746
309
309
371
398
301
430
714
475
304
316
336
306
833
564
565
393
330
571
325
340
788
770
352
342
593
417
590
655
385
574
421
368
379
675
350
791
863
378
389
337
383
418
442
768
917
609
609
362
376
400
438
372
453
330
422
386
397
298
321
318
340
356
414
688
328
337
613
630
460
422
846
601
304
648
395
433
295
268
289
318
341
426
428
295
435
756
761
601
611
370
293
281
346
547
303
353
354
741
520
579
612
295
283
323
722
719
261
323
387
352
270
369
510
505
382
372
278
262
278
286
320
318
278
231
250
206
219
314
217
235
281
785
307
223
245
261
401
407
325
249
219
297
841
280
360
556
277
291
311
337
359
424
393
443
539
374
301
375
346
393
387
338
585
354
297
315
322
323
335
353
361
264
289
369
819
723
775
768
410
339
361
417
309
417
431
855
883
598
176
189
202
359
595
296
315
342
177
196
406
303
423
423
225
225
236
398
316
287
240
241
232
239
248
468
254
470
524
229
236
263
428
411
460
237
521
371
268
242
369
325
393
472
288
253
295
258
291
639
276
647
262
224
289
299
339
338
257
218
224
280
240
255
267
509
248
452
492
453
288
253
268
354
414
371
384
477
385
291
278
481
289
391
255
273
436
431
322
274
288
260
274
422
422
282
363
363
402
280
280
379
504
429
252
277
264
257
281
257
311
292
319
272
451
297
348
492
509
583
271
267
262
292
415
333
318
266
278
451
432
269
481
323
364
291
538
416
430
465
306
427
602
307
393
302
285
413
406
403
336
345
357
371
437
374
349
339
311
310
250
393
285
447
276
386
355
411
309
290
302
417
307
343
308
307
460
396
279
302
323
286
321
524
362
366
440
543
302
297
510
286
443
347
483
487
381
274
586
531
524
377
323
337
360
272
279
341
353
560
351
353
352
421
301
341
512
373
395
484
304
329
313
555
313
343
312
337
498
311
298
309
367
350
290
304
614
296
355
316
315
314
539
508
594
443
389
386
348
337
565
583
367
498
480
358
367
358
477
499
339
358
387
329
341
618
599
395
449
425
471
480
406
433
389
525
545
414
628
386
494
669
546
583
373
373
341
481
271
301
438
272
287
286
285
525
427
489
489
419
468
499
447
365
514
588
672
611
700
662
706
414
400
413
430
658
409
462
416
442
560
486
363
482
406
352
709
363
678
529
392
551
594
407
461
449
390
521
440
378
427
396
372
389
573
701
420
440
483
450
303
432
589
287
305
315
323
319
413
319
314
306
323
312
330
236
344
298
547
273
235
238
533
560
401
357
620
319
506
503
512
673
375
318
537
570
395
8800
364
8252
569
8636
8847
8971
9352
9157
8866
8656
7209
558
412
527
423
435
9628
8993
7421
6158
9087
8410
9257
7740
5004
5219
765
1024
7057
9114
8992
9118
9495
7080
8852
9504
9225
8814
7830
5670
5230
4581
9154
8873
9718
7423
7578
7387
9354
7314
576
591
600
654
10792
9008
7250
6602
1166
7268
7161
7052
7209
2749
7176
5770
658
2731
7194
738
10919
804
10171
2017
10911
7660
10956
7673
754
7838
756
712
737
749
766
479
444
496
504
510
517
558
588
576
603
605
646
655
681
707
724
719
744
774
787
380
404
398
425
495
537
952
878
855
7786
551
478
477
469
478
553
545
566
567
585
584
606
866
8749
6702
9129
7918
10414
1457
365
343
393
435
409
453
452
471
471
483
489
496
503
512
518
526
818
9713
674
676
548
564
570
576
583
637
628
8890
10756
9159
808
1002
896
904
636
644
641
659
670
338
379
371
359
367
8037
461
4799
8705
1283
468
9272
9629
644
503
579
515
523
530
538
550
561
568
598
612
611
644
669
683
667
665
766
792
9516
2453
7781
11727
1390
792
742
741
757
431
439
504
7794
1419
1361
1461
1305
438
455
455
454
532
547
547
9838
8333
1375
1465
10949
7926
759
1495
1201
1484
9996
8022
3899
7508
1045
552
553
566
527
514
534
541
531
548
1533
572
497
4473
773
4141
11135
10107
497
472
516
531
976
547
901
8162
571
555
1726
1052
1082
1826
1030
1076
5634
1038
1086
560
572
584
1074
1153
7082
4773
1195
6419
1175
1172
1983
690
701
625
1895
632
605
2008
1283
10242
1340
8535
1212
1081
1330
4528
6641
1246
8568
661
1125
2114
1195
2635
1239
972
774
977
1151
998
789
1308
1372
1269
735
1392
746
1824
1320
7774
1304
1362
1294
1383
2737
1341
1317
734
718
744
750
757
804
811
839
10493
1002
1037
826
745
820
1183
1258
1348
1309
1254
1331
1342
1220
1453
1371
1098
1096
1450
1376
1300
1146
1121
1258
1311
1368
1258
1242
1276
1369
536
550
559
1553
582
589
606
675
685
1146
1154
1150
1187
1517
1558
1320
1456
1607
1196
1016
804
815
813
832
936
884
885
929
948
959
556
565
574
588
600
607
689
857
1251
1553
1591
1868
1594
1536
1555
1590
1587
1446
1541
758
784
510
522
534
542
549
562
581
593
611
622
630
641
649
671
1400
1379
1375
1334
947
1140
729
751
827
509
517
530
529
543
575
592
604
613
1358
624
1021
912
1257
1572
665
686
722
778
509
607
529
529
590
1298
959
1649
622
954
774
540
547
554
568
574
583
592
610
558
556
570
587
588
567
551
560
568
581
782
1751
1306
1338
792
1398
1369
1308
735
544
527
528
547
1794
1807
591
1817
602
610
559
630
608
648
645
656
668
675
700
732
757
1781
1482
1507
1483
1538
556
570
593
605
673
734
761
1445
1961
854
1844
1891
1901
1881
737
670
710
706
1897
707
706
1912
708
2075
1922
813
1984
791
794
813
1760
1746
1271
1814
1798
1810
1274
704
749
767
762
757
756
753
756
812
826
836
846
923
817
765
782
790
797
805
829
725
733
744
743
711
790
807
798
798
941
1134
918
748
761
775
841
864
1301
913
781
770
778
805
811
719
719
737
736
735
761
759
825
772
828
889
914
920
893
951
966
960
975
913
1438
1225
802
798
813
812
847
842
842
872
866
874
919
947
1075
1124
879
885
972
794
714
797
1729
812
844
843
861
917
1376
590
704
617
710
724
737
744
918
643
897
633
1008
896
917
1420
979
979
934
625
625
625
569
1328
828
848
840
1020
1316
677
1877
646
843
774
722
692
696
549
544
798
751
776
748
631
748
721
728
685
678
2018
783
781
769
1401
775
812
1336
1863
814
825
820
748
1975
1890
2384
2084
2132
655
662
687
687
726
724
722
762
681
682
615
618
619
1002
639
638
649
831
829
743
740
577
576
592
652
652
688
657
811
660
688
695
991
668
598
585
626
606
624
615
997
992
1075
1054
1043
554
560
592
651
708
763
555
567
557
719
1113
2289
1069
682
794
682
820
796
644
824
813
603
726
1061
2180
2719
2224
2509
611
659
782
877
750
615
623
741
777
698
911
750
750
751
762
780
1132
1141
643
670
866
874
2394
722
770
775
1005
906
805
1022
1010
558
638
919
644
531
516
915
514
2792
499
2528
622
566
498
681
611
846
656
570
479
499
492
518
547
2310
519
558
674
2625
743
567
2507
558
2494
853
495
507
881
2702
507
862
592
2712
2662
2567
602
897
533
512
524
758
2650
517
792
780
763
491
750
579
605
2913
710
2730
496
2679
782
539
493
629
501
618
506
767
776
767
2782
471
496
491
500
553
2335
757
503
517
821
791
820
505
560
810
609
2741
1294
905
548
559
2838
509
509
522
562
830
3092
814
895
581
589
480
501
527
540
746
568
472
473
835
618
894
2272
2891
792
532
865
585
1711
714
3222
756
3184
526
538
550
540
851
599
871
624
481
520
1596
620
3008
1221
555
484
492
514
531
639
626
1782
2090
3101
2088
3027
817
2314
840
498
511
530
557
588
677
689
3236
437
454
472
508
690
524
533
553
581
600
837
700
909
746
703
407
416
454
563
649
655
683
505
515
526
548
562
595
970
564
564
464
848
837
552
495
481
464
458
556
829
603
989
799
551
477
536
548
475
486
730
464
471
550
566
545
960
792
745
522
524
559
665
501
526
489
484
500
687
506
498
490
498
541
471
427
438
472
486
413
432
442
498
590
433
898
469
573
571
526
532
440
441
477
459
443
567
570
470
672
450
984
930
373
430
473
631
652
525
467
412
485
519
471
925
712
410
452
518
496
462
561
464
687
442
537
1098
489
625
446
465
452
976
473
648
981
962
507
460
466
659
475
478
538
495
512
704
981
480
501
481
518
631
662
498
728
623
515
675
652
1031
1007
537
614
545
532
594
617
596
714
533
837
1175
682
600
654
708
555
563
574
754
1058
631
1344
725
723
879
645
589
589
587
616
982
625
643
851
913
584
737
780
743
617
553
633
655
561
549
557
727
645
647
872
892
803
582
581
572
673
595
529
609
660
668
751
641
843
639
731
711
821
535
542
561
949
653
648
672
843
611
652
668
1015
748
790
627
857
753
918
941
716
660
565
565
582
620
631
974
702
1077
874
940
530
573
895
535
581
606
619
598
621
788
530
546
558
1028
521
763
605
516
522
601
590
819
789
505
527
479
476
660
477
486
581
747
688
455
485
544
453
451
469
565
556
555
503
656
693
451
443
470
690
603
692
690
500
496
399
411
763
653
668
669
423
515
434
410
413
450
417
593
503
411
434
631
407
463
491
711
422
431
441
430
465
774
486
563
557
716
588
483
442
538
678
623
443
450
535
647
415
432
480
437
498
435
427
438
476
441
517
523
455
448
455
471
466
489
441
466
715
577
724
512
463
471
486
700
581
457
466
483
492
521
600
536
508
471
499
650
652
483
500
522
498
716
725
471
488
489
450
475
489
487
493
476
468
493
522
482
494
612
656
804
463
480
626
515
512
751
596
477
647
792
522
499
498
501
518
626
505
508
518
526
504
558
572
526
535
706
653
684
546
544
543
701
597
697
656
563
559
659
688
525
830
536
530
600
517
534
602
610
891
642
543
594
570
614
683
554
580
778
719
608
604
564
571
558
759
613
753
577
601
531
564
578
641
667
675
681
743
599
603
673
756
802
696
574
607
589
626
641
787
585
642
695
727
607
615
533
737
578
585
604
540
718
629
637
758
784
530
580
635
569
796
648
654
734
485
779
741
508
509
523
533
788
620
491
528
508
542
630
849
490
836
560
561
533
531
518
513
488
710
827
518
515
620
495
748
568
526
510
507
523
610
626
525
620
677
703
532
693
683
533
527
544
553
576
637
579
646
812
859
511
530
512
579
630
540
534
599
655
575
490
506
502
700
555
568
501
514
521
562
526
556
621
539
1068
659
572
1073
1070
573
615
731
672
683
762
750
765
689
809
609
967
696
790
894
1141
593
607
635
623
651
659
601
686
592
699
644
636
658
598
729
617
615
554
639
767
700
533
731
493
580
505
707
802
716
588
649
768
551
561
564
569
714
558
574
558
771
566
735
730
803
718
605
576
563
581
607
684
736
876
565
623
612
584
581
614
662
721
571
570
645
776
585
790
611
622
738
625
577
626
633
731
716
723
569
626
584
751
785
580
588
585
650
695
793
606
612
696
636
597
616
612
608
867
647
612
624
739
880
600
622
622
768
896
749
732
641
625
734
658
660
619
682
635
610
734
677
585
585
600
589
654
667
561
632
769
799
569
544
579
577
572
570
563
770
837
594
753
558
561
603
553
796
589
586
561
590
603
562
574
604
576
610
769
692
587
685
546
616
703
627
810
608
601
601
552
532
869
843
555
675
739
595
603
537
658
686
658
672
634
607
648
560
640
609
601
582
572
571
917
929
581
694
604
616
612
785
695
9332
629
648
9350
6446
9195
808
765
7220
6888
7578
711
6458
5037
5044
6769
5370
5115
854
841
782
10801
7535
7831
1480
8125
7246
7881
5578
4524
7728
3579
1500
3901
7784
7829
5072
7336
5439
8815
6563
7350
4036
4055
828
4348
6587
6291
7721
8872
6868
912
7645
9084
890
8951
11112
6653
7670
7671
2116
4257
7856
2567
4406
6381
1682
5947
2182
5789
3718
5939
5600
1677
7853
1022
6745
4260
6965
6798
979
921
944
934
960
989
1813
1097
9201
9718
7215
7893
6814
11109
4392
6807
6767
9227
9178
894
896
895
960
938
974
984
992
1015
1188
1037
1113
5373
6963
11336
11198
7006
1181
1157
1010
847
875
1095
918
928
967
956
806
823
813
843
907
7299
6460
2570
7156
7383
6851
1093
926
2129
1264
6455
893
1248
1275
7124
7549
7201
7242
7443
1416
6864
6862
6951
6945
7473
7120
7569
695
696
744
700
701
766
767
729
792
792
804
1182
1259
886
886
845
837
846
1164
946
1024
949
1003
942
9714
7299
5576
7388
7327
1482
1355
10244
7261
6906
822
813
979
833
859
830
845
876
870
848
874
885
923
652
833
708
886
720
756
756
756
768
779
824
1778
765
716
7249
840
923
1271
6929
879
2994
990
851
967
845
865
974
947
934
906
805
1029
773
941
890
844
1006
1078
1348
1081
785
1010
1127
789
905
806
830
800
800
839
824
844
978
821
1048
865
1052
1135
1042
1058
1029
1094
1132
867
956
707
485
484
829
1537
1751
999
1001
690
1564
1926
646
647
699
906
889
620
923
622
1593
648
664
667
667
664
664
661
1597
708
670
774
718
767
779
980
800
818
813
902
917
945
965
1001
1002
1630
1070
2142
1738
2006
2155
1067
1295
1353
1201
1316
1124
7641
2291
619
1171
736
2063
2238
8015
2320
8278
1085
1079
1100
753
7720
2279
2304
6952
8204
8031
799
807
793
794
1243
1267
1274
808
845
846
7884
1228
1188
1093
2295
1068
826
781
1005
1036
979
1926
1088
1088
1071
2454
2279
1055
1047
1040
8450
1019
1114
1109
2464
2250
2558
1098
1067
1083
1983
2493
2229
2580
978
1396
2478
821
1118
1558
1567
8598
8207
1706
2016
1241
1253
924
970
875
990
980
931
1008
1410
1536
1296
1420
1525
1557
1238
2777
2583
1014
1003
1027
851
1576
1201
1314
1257
1264
1222
1242
1511
851
858
866
822
719
849
917
923
1380
1337
1348
1356
824
912
